#
# A fatal error has been detected by the Java Runtime Environment:
#
#  SIGSEGV (0xb) at pc=0x00007779ece65ade, pid=268313, tid=268358
#
# JRE version: OpenJDK Runtime Environment (17.0.12+7) (build 17.0.12+7-Ubuntu-1ubuntu222.04)
# Java VM: OpenJDK 64-Bit Server VM (17.0.12+7-Ubuntu-1ubuntu222.04, mixed mode, sharing, tiered, compressed oops, compressed class ptrs, g1 gc, linux-amd64)
# Problematic frame:
# C  [libmesibo.so+0x65ade]
#
# Core dump will be written. Default location: Core dumps may be processed with "/usr/share/apport/apport -p%p -s%s -c%c -d%d -P%P -u%u -g%g -- %E" (or dumping to /home/martin/sources/za.co.ntier.twilio/core.268313)
#
# If you would like to submit a bug report, please visit:
#   https://bugs.launchpad.net/ubuntu/+source/openjdk-17
#

---------------  S U M M A R Y ------------

Command Line: -XX:+ShowCodeDetailsInExceptionMessages -agentlib:jdwp=transport=dt_socket,suspend=y,address=localhost:45129 -Djava.library.path=/home/martin/sources/za.co.ntier.twilio/src/za/ntier/mesibo/linux-x86_64 -javaagent:/home/martin/Software/eclipse-jee-2023-12-R-linux-gtk-x86_64/eclipse/configuration/org.eclipse.osgi/428/0/.cp/lib/javaagent-shaded.jar -Dfile.encoding=UTF-8 -Dstdout.encoding=UTF-8 -Dstderr.encoding=UTF-8 za.ntier.mesibo.MesiboExample

Host: Intel(R) Core(TM) i7-8565U CPU @ 1.80GHz, 8 cores, 19G, Ubuntu 22.04.4 LTS
Time: Sun Nov 10 07:16:08 2024 SAST elapsed time: 0.558573 seconds (0d 0h 0m 0s)

---------------  T H R E A D  ---------------

Current thread is native thread

Stack: [0x0000777a17eb8000,0x0000777a17edb000],  sp=0x0000777a17ed9d10,  free space=135k
Native frames: (J=compiled Java code, j=interpreted, Vv=VM code, C=native code)
C  [libmesibo.so+0x65ade]
C  [libmesibo.so+0x6e4df]
C  [libmesibo.so+0xae4e5]
C  [libmesibo.so+0xafae3]
C  [libmesibo.so+0xac515]


siginfo: si_signo: 11 (SIGSEGV), si_code: 1 (SEGV_MAPERR), si_addr: 0x0000000000000000

Registers:
RAX=0x0000000000000000, RBX=0x0000777a17eda640, RCX=0x0000000000000000, RDX=0x0000000000000000
RSP=0x0000777a17ed9d10, RBP=0x0000777a17ed9d30, RSI=0x0000000000000006, RDI=0x0000777a187b00e0
R8 =0x0000000000000000, R9 =0x0000000000000000, R10=0x0000000000000000, R11=0x0000000000000000
R12=0x0000777a17eda640, R13=0x0000000000000002, R14=0x0000777a1ea947d0, R15=0x0000777a1d5fe690
RIP=0x00007779ece65ade, EFLAGS=0x0000000000010293, CSGSFS=0x002b000000000033, ERR=0x0000000000000004
  TRAPNO=0x000000000000000e


Top of Stack: (sp=0x0000777a17ed9d10)
0x0000777a17ed9d10:   0000000000000000 337fa000f26baf00
0x0000777a17ed9d20:   0000000600000000 0000777a187b00e0
0x0000777a17ed9d30:   0000777a17ed9d60 00007779ece6e4df
0x0000777a17ed9d40:   0000000000000000 000077001eae566d
0x0000777a17ed9d50:   0000000600000000 0000777a187c3700
0x0000777a17ed9d60:   0000777a17ed9d90 00007779eceae4e5
0x0000777a17ed9d70:   0000000600000000 0000777a187c3708
0x0000777a17ed9d80:   0000001017ed9d90 0000000000000000
0x0000777a17ed9d90:   0000777a17ed9e20 00007779eceafae3
0x0000777a17ed9da0:   0000000000000000 0000777a187c3708
0x0000777a17ed9db0:   ffffffffffffffff 0000000000000000
0x0000777a17ed9dc0:   0000000000000000 0000000000000000
0x0000777a17ed9dd0:   0000000000000000 0006268814edb9e3
0x0000777a17ed9de0:   0006268814edb9d7 0000000000000000
0x0000777a17ed9df0:   0006268814edb9da 0006268814edb9da
0x0000777a17ed9e00:   0000000000000000 0000777a17eda640
0x0000777a17ed9e10:   0000777a17eda640 0000000000000002
0x0000777a17ed9e20:   0000777a17ed9e50 00007779eceac515
0x0000777a17ed9e30:   0000000000000000 0000777a187c3708
0x0000777a17ed9e40:   0000000000000000 0000777a187c3708
0x0000777a17ed9e50:   0000000000000000 0000777a1ea94ac3
0x0000777a17ed9e60:   0000000000000000 0000777a17eda640
0x0000777a17ed9e70:   0000777a1d5fe530 385652acbd63ff03
0x0000777a17ed9e80:   0000777a17eda640 0000000000000002
0x0000777a17ed9e90:   0000777a1ea947d0 0000777a1d5fe690
0x0000777a17ed9ea0:   d6a27d7781a3ff03 d6a26ffe2ce1ff03
0x0000777a17ed9eb0:   0000000000000000 0000000000000000
0x0000777a17ed9ec0:   0000000000000000 0000000000000000
0x0000777a17ed9ed0:   0000000000000000 337fa0b4f26baf00
0x0000777a17ed9ee0:   0000000000000000 0000777a1d5fe530
0x0000777a17ed9ef0:   0000000000000000 0000777a1eb26850
0x0000777a17ed9f00:   0000000000000000 0000000000000000 

Instructions: (pc=0x00007779ece65ade)
0x00007779ece659de:   89 7d b8 48 89 75 b0 48 89 55 a8 89 4d a4 44 89
0x00007779ece659ee:   45 a0 48 8b 45 b8 48 8b 40 20 48 85 c0 75 07 bb
0x00007779ece659fe:   00 00 00 00 eb 5d 48 8b 45 b0 8b 50 3c 48 8b 4d
0x00007779ece65a0e:   a8 48 8d 45 c0 48 89 ce 48 89 c7 e8 bc 3c 00 00
0x00007779ece65a1e:   8b 45 a4 89 45 c8 8b 45 a0 89 45 cc 48 8b 45 b8
0x00007779ece65a2e:   48 8b 50 20 48 8b 45 b8 48 8b 40 20 48 8b 00 48
0x00007779ece65a3e:   83 c0 28 48 8b 00 48 8d 4d c0 48 89 ce 48 89 d7
0x00007779ece65a4e:   ff d0 bb 00 00 00 00 48 8d 45 c0 48 89 c7 e8 fb
0x00007779ece65a5e:   3c 00 00 89 d8 eb 1a 48 89 c3 48 8d 45 c0 48 89
0x00007779ece65a6e:   c7 e8 e8 3c 00 00 48 89 d8 48 89 c7 e8 c1 d3 ff
0x00007779ece65a7e:   ff 48 83 c4 58 5b 5d c3 55 48 89 e5 48 89 7d f8
0x00007779ece65a8e:   48 89 75 f0 48 89 55 e8 48 89 4d e0 4c 89 45 d8
0x00007779ece65a9e:   b8 00 00 00 00 5d c3 90 55 48 89 e5 48 83 ec 20
0x00007779ece65aae:   48 89 7d f8 89 75 f4 89 55 f0 89 c8 4c 89 45 e0
0x00007779ece65abe:   88 45 ec 83 7d f4 0b 75 07 b8 00 00 00 00 eb 25
0x00007779ece65ace:   48 8b 45 f8 48 8b 50 20 48 8b 45 f8 48 8b 40 20
0x00007779ece65ade:   48 8b 00 48 83 c0 30 48 8b 00 8b 4d f4 89 ce 48
0x00007779ece65aee:   89 d7 ff d0 90 c9 c3 90 55 48 89 e5 48 89 7d f8
0x00007779ece65afe:   89 75 f4 89 55 f0 48 89 4d e8 90 5d c3 90 55 48
0x00007779ece65b0e:   89 e5 48 83 ec 20 48 89 7d f8 48 89 75 f0 89 55
0x00007779ece65b1e:   ec 48 8b 45 f8 48 8b 48 20 48 8b 45 f8 48 8b 40
0x00007779ece65b2e:   20 48 8b 00 48 83 c0 38 48 8b 00 8b 55 ec 48 8b
0x00007779ece65b3e:   75 f0 48 89 cf ff d0 90 c9 c3 55 48 89 e5 48 89
0x00007779ece65b4e:   7d f8 48 89 75 f0 48 89 55 e8 b8 00 00 00 00 5d
0x00007779ece65b5e:   c3 90 55 48 89 e5 48 89 7d f8 89 75 f4 48 89 55
0x00007779ece65b6e:   e8 48 89 4d e0 4c 89 45 d8 44 89 4d f0 b8 00 00
0x00007779ece65b7e:   00 00 5d c3 55 48 89 e5 48 89 7d f8 48 89 75 f0
0x00007779ece65b8e:   b8 00 00 00 00 5d c3 90 55 48 89 e5 48 89 7d f8
0x00007779ece65b9e:   48 89 75 f0 b8 00 00 00 00 5d c3 90 55 48 89 e5
0x00007779ece65bae:   48 89 7d f8 48 89 75 f0 89 55 ec 89 4d e8 b8 00
0x00007779ece65bbe:   00 00 00 5d c3 90 55 48 89 e5 48 89 7d f8 89 75
0x00007779ece65bce:   f4 48 89 55 e8 48 89 4d e0 4c 89 45 d8 b8 00 00 



---------------  P R O C E S S  ---------------

VM state: not at safepoint (normal execution)

VM Mutex/Monitor currently owned by a thread: None

Heap address: 0x00000006c9c00000, size: 4964 MB, Compressed Oops mode: Zero based, Oop shift amount: 3

CDS archive(s) mapped at: [0x0000777997000000-0x0000777997bc4000-0x0000777997bc4000), size 12337152, SharedBaseAddress: 0x0000777997000000, ArchiveRelocationMode: 1.
Compressed class space mapped at: 0x0000777998000000-0x00007779d8000000, reserved size: 1073741824
Narrow klass base: 0x0000777997000000, Narrow klass shift: 0, Narrow klass range: 0x100000000

GC Precious Log:
<Skipped>

Heap:
 garbage-first heap   total 327680K, used 18170K [0x00000006c9c00000, 0x0000000800000000)
  region size 4096K, 3 young (12288K), 1 survivors (4096K)
 Metaspace       used 4216K, committed 4288K, reserved 1114112K
  class space    used 374K, committed 384K, reserved 1048576K

Heap Regions: E=young(eden), S=young(survivor), O=old, HS=humongous(starts), HC=humongous(continues), CS=collection set, F=free, OA=open archive, CA=closed archive, TAMS=top-at-mark-start (previous, next)
|   0|0x00000006c9c00000, 0x00000006c9e90600, 0x00000006ca000000| 64%| O|  |TAMS 0x00000006c9c00000, 0x00000006c9c00000| Untracked 
|   1|0x00000006ca000000, 0x00000006ca000000, 0x00000006ca400000|  0%| F|  |TAMS 0x00000006ca000000, 0x00000006ca000000| Untracked 
|   2|0x00000006ca400000, 0x00000006ca400000, 0x00000006ca800000|  0%| F|  |TAMS 0x00000006ca400000, 0x00000006ca400000| Untracked 
|   3|0x00000006ca800000, 0x00000006ca800000, 0x00000006cac00000|  0%| F|  |TAMS 0x00000006ca800000, 0x00000006ca800000| Untracked 
|   4|0x00000006cac00000, 0x00000006cac00000, 0x00000006cb000000|  0%| F|  |TAMS 0x00000006cac00000, 0x00000006cac00000| Untracked 
|   5|0x00000006cb000000, 0x00000006cb000000, 0x00000006cb400000|  0%| F|  |TAMS 0x00000006cb000000, 0x00000006cb000000| Untracked 
|   6|0x00000006cb400000, 0x00000006cb400000, 0x00000006cb800000|  0%| F|  |TAMS 0x00000006cb400000, 0x00000006cb400000| Untracked 
|   7|0x00000006cb800000, 0x00000006cb800000, 0x00000006cbc00000|  0%| F|  |TAMS 0x00000006cb800000, 0x00000006cb800000| Untracked 
|   8|0x00000006cbc00000, 0x00000006cbc00000, 0x00000006cc000000|  0%| F|  |TAMS 0x00000006cbc00000, 0x00000006cbc00000| Untracked 
|   9|0x00000006cc000000, 0x00000006cc000000, 0x00000006cc400000|  0%| F|  |TAMS 0x00000006cc000000, 0x00000006cc000000| Untracked 
|  10|0x00000006cc400000, 0x00000006cc400000, 0x00000006cc800000|  0%| F|  |TAMS 0x00000006cc400000, 0x00000006cc400000| Untracked 
|  11|0x00000006cc800000, 0x00000006cc800000, 0x00000006ccc00000|  0%| F|  |TAMS 0x00000006cc800000, 0x00000006cc800000| Untracked 
|  12|0x00000006ccc00000, 0x00000006ccc00000, 0x00000006cd000000|  0%| F|  |TAMS 0x00000006ccc00000, 0x00000006ccc00000| Untracked 
|  13|0x00000006cd000000, 0x00000006cd000000, 0x00000006cd400000|  0%| F|  |TAMS 0x00000006cd000000, 0x00000006cd000000| Untracked 
|  14|0x00000006cd400000, 0x00000006cd400000, 0x00000006cd800000|  0%| F|  |TAMS 0x00000006cd400000, 0x00000006cd400000| Untracked 
|  15|0x00000006cd800000, 0x00000006cd800000, 0x00000006cdc00000|  0%| F|  |TAMS 0x00000006cd800000, 0x00000006cd800000| Untracked 
|  16|0x00000006cdc00000, 0x00000006cdc00000, 0x00000006ce000000|  0%| F|  |TAMS 0x00000006cdc00000, 0x00000006cdc00000| Untracked 
|  17|0x00000006ce000000, 0x00000006ce000000, 0x00000006ce400000|  0%| F|  |TAMS 0x00000006ce000000, 0x00000006ce000000| Untracked 
|  18|0x00000006ce400000, 0x00000006ce400000, 0x00000006ce800000|  0%| F|  |TAMS 0x00000006ce400000, 0x00000006ce400000| Untracked 
|  19|0x00000006ce800000, 0x00000006ce800000, 0x00000006cec00000|  0%| F|  |TAMS 0x00000006ce800000, 0x00000006ce800000| Untracked 
|  20|0x00000006cec00000, 0x00000006cec00000, 0x00000006cf000000|  0%| F|  |TAMS 0x00000006cec00000, 0x00000006cec00000| Untracked 
|  21|0x00000006cf000000, 0x00000006cf000000, 0x00000006cf400000|  0%| F|  |TAMS 0x00000006cf000000, 0x00000006cf000000| Untracked 
|  22|0x00000006cf400000, 0x00000006cf400000, 0x00000006cf800000|  0%| F|  |TAMS 0x00000006cf400000, 0x00000006cf400000| Untracked 
|  23|0x00000006cf800000, 0x00000006cf800000, 0x00000006cfc00000|  0%| F|  |TAMS 0x00000006cf800000, 0x00000006cf800000| Untracked 
|  24|0x00000006cfc00000, 0x00000006cfc00000, 0x00000006d0000000|  0%| F|  |TAMS 0x00000006cfc00000, 0x00000006cfc00000| Untracked 
|  25|0x00000006d0000000, 0x00000006d0000000, 0x00000006d0400000|  0%| F|  |TAMS 0x00000006d0000000, 0x00000006d0000000| Untracked 
|  26|0x00000006d0400000, 0x00000006d0400000, 0x00000006d0800000|  0%| F|  |TAMS 0x00000006d0400000, 0x00000006d0400000| Untracked 
|  27|0x00000006d0800000, 0x00000006d0800000, 0x00000006d0c00000|  0%| F|  |TAMS 0x00000006d0800000, 0x00000006d0800000| Untracked 
|  28|0x00000006d0c00000, 0x00000006d0c00000, 0x00000006d1000000|  0%| F|  |TAMS 0x00000006d0c00000, 0x00000006d0c00000| Untracked 
|  29|0x00000006d1000000, 0x00000006d1000000, 0x00000006d1400000|  0%| F|  |TAMS 0x00000006d1000000, 0x00000006d1000000| Untracked 
|  30|0x00000006d1400000, 0x00000006d1400000, 0x00000006d1800000|  0%| F|  |TAMS 0x00000006d1400000, 0x00000006d1400000| Untracked 
|  31|0x00000006d1800000, 0x00000006d1800000, 0x00000006d1c00000|  0%| F|  |TAMS 0x00000006d1800000, 0x00000006d1800000| Untracked 
|  32|0x00000006d1c00000, 0x00000006d1c00000, 0x00000006d2000000|  0%| F|  |TAMS 0x00000006d1c00000, 0x00000006d1c00000| Untracked 
|  33|0x00000006d2000000, 0x00000006d2000000, 0x00000006d2400000|  0%| F|  |TAMS 0x00000006d2000000, 0x00000006d2000000| Untracked 
|  34|0x00000006d2400000, 0x00000006d2400000, 0x00000006d2800000|  0%| F|  |TAMS 0x00000006d2400000, 0x00000006d2400000| Untracked 
|  35|0x00000006d2800000, 0x00000006d2800000, 0x00000006d2c00000|  0%| F|  |TAMS 0x00000006d2800000, 0x00000006d2800000| Untracked 
|  36|0x00000006d2c00000, 0x00000006d2c00000, 0x00000006d3000000|  0%| F|  |TAMS 0x00000006d2c00000, 0x00000006d2c00000| Untracked 
|  37|0x00000006d3000000, 0x00000006d3000000, 0x00000006d3400000|  0%| F|  |TAMS 0x00000006d3000000, 0x00000006d3000000| Untracked 
|  38|0x00000006d3400000, 0x00000006d3400000, 0x00000006d3800000|  0%| F|  |TAMS 0x00000006d3400000, 0x00000006d3400000| Untracked 
|  39|0x00000006d3800000, 0x00000006d3800000, 0x00000006d3c00000|  0%| F|  |TAMS 0x00000006d3800000, 0x00000006d3800000| Untracked 
|  40|0x00000006d3c00000, 0x00000006d3c00000, 0x00000006d4000000|  0%| F|  |TAMS 0x00000006d3c00000, 0x00000006d3c00000| Untracked 
|  41|0x00000006d4000000, 0x00000006d4000000, 0x00000006d4400000|  0%| F|  |TAMS 0x00000006d4000000, 0x00000006d4000000| Untracked 
|  42|0x00000006d4400000, 0x00000006d4400000, 0x00000006d4800000|  0%| F|  |TAMS 0x00000006d4400000, 0x00000006d4400000| Untracked 
|  43|0x00000006d4800000, 0x00000006d4800000, 0x00000006d4c00000|  0%| F|  |TAMS 0x00000006d4800000, 0x00000006d4800000| Untracked 
|  44|0x00000006d4c00000, 0x00000006d4c00000, 0x00000006d5000000|  0%| F|  |TAMS 0x00000006d4c00000, 0x00000006d4c00000| Untracked 
|  45|0x00000006d5000000, 0x00000006d5000000, 0x00000006d5400000|  0%| F|  |TAMS 0x00000006d5000000, 0x00000006d5000000| Untracked 
|  46|0x00000006d5400000, 0x00000006d5400000, 0x00000006d5800000|  0%| F|  |TAMS 0x00000006d5400000, 0x00000006d5400000| Untracked 
|  47|0x00000006d5800000, 0x00000006d5800000, 0x00000006d5c00000|  0%| F|  |TAMS 0x00000006d5800000, 0x00000006d5800000| Untracked 
|  48|0x00000006d5c00000, 0x00000006d5c00000, 0x00000006d6000000|  0%| F|  |TAMS 0x00000006d5c00000, 0x00000006d5c00000| Untracked 
|  49|0x00000006d6000000, 0x00000006d6000000, 0x00000006d6400000|  0%| F|  |TAMS 0x00000006d6000000, 0x00000006d6000000| Untracked 
|  50|0x00000006d6400000, 0x00000006d6400000, 0x00000006d6800000|  0%| F|  |TAMS 0x00000006d6400000, 0x00000006d6400000| Untracked 
|  51|0x00000006d6800000, 0x00000006d6800000, 0x00000006d6c00000|  0%| F|  |TAMS 0x00000006d6800000, 0x00000006d6800000| Untracked 
|  52|0x00000006d6c00000, 0x00000006d6c00000, 0x00000006d7000000|  0%| F|  |TAMS 0x00000006d6c00000, 0x00000006d6c00000| Untracked 
|  53|0x00000006d7000000, 0x00000006d7000000, 0x00000006d7400000|  0%| F|  |TAMS 0x00000006d7000000, 0x00000006d7000000| Untracked 
|  54|0x00000006d7400000, 0x00000006d7400000, 0x00000006d7800000|  0%| F|  |TAMS 0x00000006d7400000, 0x00000006d7400000| Untracked 
|  55|0x00000006d7800000, 0x00000006d7800000, 0x00000006d7c00000|  0%| F|  |TAMS 0x00000006d7800000, 0x00000006d7800000| Untracked 
|  56|0x00000006d7c00000, 0x00000006d7c00000, 0x00000006d8000000|  0%| F|  |TAMS 0x00000006d7c00000, 0x00000006d7c00000| Untracked 
|  57|0x00000006d8000000, 0x00000006d8000000, 0x00000006d8400000|  0%| F|  |TAMS 0x00000006d8000000, 0x00000006d8000000| Untracked 
|  58|0x00000006d8400000, 0x00000006d8400000, 0x00000006d8800000|  0%| F|  |TAMS 0x00000006d8400000, 0x00000006d8400000| Untracked 
|  59|0x00000006d8800000, 0x00000006d8800000, 0x00000006d8c00000|  0%| F|  |TAMS 0x00000006d8800000, 0x00000006d8800000| Untracked 
|  60|0x00000006d8c00000, 0x00000006d8c00000, 0x00000006d9000000|  0%| F|  |TAMS 0x00000006d8c00000, 0x00000006d8c00000| Untracked 
|  61|0x00000006d9000000, 0x00000006d9000000, 0x00000006d9400000|  0%| F|  |TAMS 0x00000006d9000000, 0x00000006d9000000| Untracked 
|  62|0x00000006d9400000, 0x00000006d9400000, 0x00000006d9800000|  0%| F|  |TAMS 0x00000006d9400000, 0x00000006d9400000| Untracked 
|  63|0x00000006d9800000, 0x00000006d9800000, 0x00000006d9c00000|  0%| F|  |TAMS 0x00000006d9800000, 0x00000006d9800000| Untracked 
|  64|0x00000006d9c00000, 0x00000006d9c00000, 0x00000006da000000|  0%| F|  |TAMS 0x00000006d9c00000, 0x00000006d9c00000| Untracked 
|  65|0x00000006da000000, 0x00000006da000000, 0x00000006da400000|  0%| F|  |TAMS 0x00000006da000000, 0x00000006da000000| Untracked 
|  66|0x00000006da400000, 0x00000006da400000, 0x00000006da800000|  0%| F|  |TAMS 0x00000006da400000, 0x00000006da400000| Untracked 
|  67|0x00000006da800000, 0x00000006da800000, 0x00000006dac00000|  0%| F|  |TAMS 0x00000006da800000, 0x00000006da800000| Untracked 
|  68|0x00000006dac00000, 0x00000006dac00000, 0x00000006db000000|  0%| F|  |TAMS 0x00000006dac00000, 0x00000006dac00000| Untracked 
|  69|0x00000006db000000, 0x00000006db000000, 0x00000006db400000|  0%| F|  |TAMS 0x00000006db000000, 0x00000006db000000| Untracked 
|  70|0x00000006db400000, 0x00000006db400000, 0x00000006db800000|  0%| F|  |TAMS 0x00000006db400000, 0x00000006db400000| Untracked 
|  71|0x00000006db800000, 0x00000006db800000, 0x00000006dbc00000|  0%| F|  |TAMS 0x00000006db800000, 0x00000006db800000| Untracked 
|  72|0x00000006dbc00000, 0x00000006dc000000, 0x00000006dc000000|100%| S|CS|TAMS 0x00000006dbc00000, 0x00000006dbc00000| Complete 
|  73|0x00000006dc000000, 0x00000006dc000000, 0x00000006dc400000|  0%| F|  |TAMS 0x00000006dc000000, 0x00000006dc000000| Untracked 
|  74|0x00000006dc400000, 0x00000006dc400000, 0x00000006dc800000|  0%| F|  |TAMS 0x00000006dc400000, 0x00000006dc400000| Untracked 
|  75|0x00000006dc800000, 0x00000006dc800000, 0x00000006dcc00000|  0%| F|  |TAMS 0x00000006dc800000, 0x00000006dc800000| Untracked 
|  76|0x00000006dcc00000, 0x00000006dcf42588, 0x00000006dd000000| 81%| E|  |TAMS 0x00000006dcc00000, 0x00000006dcc00000| Complete 
|  77|0x00000006dd000000, 0x00000006dd400000, 0x00000006dd400000|100%| E|CS|TAMS 0x00000006dd000000, 0x00000006dd000000| Complete 
|1239|0x00000007ff800000, 0x00000007ffb75000, 0x00000007ffc00000| 86%|OA|  |TAMS 0x00000007ff800000, 0x00000007ff800000| Untracked 
|1240|0x00000007ffc00000, 0x00000007ffc77000, 0x0000000800000000| 11%|CA|  |TAMS 0x00000007ffc00000, 0x00000007ffc00000| Untracked 

Card table byte_map: [0x0000777a00000000,0x0000777a009b2000] _byte_map_base: 0x00007779fc9b2000

Marking Bits (Prev, Next): (CMBitMap*) 0x0000777a180915b0, (CMBitMap*) 0x0000777a180915f0
 Prev Bits: [0x00007779fa800000, 0x00007779ff590000)
 Next Bits: [0x00007779f5a00000, 0x00007779fa790000)

Polling page: 0x0000777a1ee31000

Metaspace:

Usage:
  Non-class:      3.75 MB used.
      Class:    374.02 KB used.
       Both:      4.12 MB used.

Virtual space:
  Non-class space:       64.00 MB reserved,       3.81 MB (  6%) committed,  1 nodes.
      Class space:        1.00 GB reserved,     384.00 KB ( <1%) committed,  1 nodes.
             Both:        1.06 GB reserved,       4.19 MB ( <1%) committed. 

Chunk freelists:
   Non-Class:  11.34 MB
       Class:  15.56 MB
        Both:  26.91 MB

MaxMetaspaceSize: unlimited
CompressedClassSpaceSize: 1.00 GB
Initial GC threshold: 21.00 MB
Current GC threshold: 21.00 MB
CDS: on
MetaspaceReclaimPolicy: balanced
 - commit_granule_bytes: 65536.
 - commit_granule_words: 8192.
 - virtual_space_node_default_size: 8388608.
 - enlarge_chunks_in_place: 1.
 - new_chunks_are_fully_committed: 0.
 - uncommit_free_chunks: 1.
 - use_allocation_guard: 0.
 - handle_deallocations: 1.


Internal statistics:

num_allocs_failed_limit: 0.
num_arena_births: 28.
num_arena_deaths: 0.
num_vsnodes_births: 2.
num_vsnodes_deaths: 0.
num_space_committed: 67.
num_space_uncommitted: 0.
num_chunks_returned_to_freelist: 0.
num_chunks_taken_from_freelist: 66.
num_chunk_merges: 0.
num_chunk_splits: 42.
num_chunks_enlarged: 32.
num_inconsistent_stats: 0.

CodeHeap 'non-profiled nmethods': size=120028Kb used=412Kb max_used=412Kb free=119615Kb
 bounds [0x0000777a08ec9000, 0x0000777a09139000, 0x0000777a10400000]
CodeHeap 'profiled nmethods': size=120028Kb used=1936Kb max_used=1936Kb free=118091Kb
 bounds [0x0000777a01400000, 0x0000777a01670000, 0x0000777a08937000]
CodeHeap 'non-nmethods': size=5704Kb used=1187Kb max_used=1238Kb free=4516Kb
 bounds [0x0000777a08937000, 0x0000777a08ba7000, 0x0000777a08ec9000]
 total_blobs=1443 nmethods=1024 adapters=333
 compilation: enabled
              stopped_count=0, restarted_count=0
 full_count=0

Compilation events (20 events):
Event: 0.544 Thread 0x0000777a18154cc0 1015       3       jdk.internal.jimage.ImageStringsReader::hashCode (33 bytes)
Event: 0.545 Thread 0x0000777a18154cc0 nmethod 1015 0x0000777a015e1490 code [0x0000777a015e1640, 0x0000777a015e17b0]
Event: 0.545 Thread 0x0000777a18154cc0 1012       3       java.util.concurrent.ConcurrentHashMap$ValueIterator::next (34 bytes)
Event: 0.545 Thread 0x0000777a18154cc0 nmethod 1012 0x0000777a015e1890 code [0x0000777a015e1a60, 0x0000777a015e1cf0]
Event: 0.545 Thread 0x0000777a18154cc0 1019       3       java.util.Optional::empty (6 bytes)
Event: 0.545 Thread 0x0000777a18154cc0 nmethod 1019 0x0000777a015e1e10 code [0x0000777a015e1fa0, 0x0000777a015e2090]
Event: 0.546 Thread 0x000077793c012480 nmethod 1007 0x0000777a08f2d990 code [0x0000777a08f2db20, 0x0000777a08f2ddf8]
Event: 0.550 Thread 0x0000777a18154cc0 1020       3       java.util.jar.JarFile::getVersionedEntry (133 bytes)
Event: 0.550 Thread 0x000077793c012480 1022       4       org.eclipse.jdt.launching.internal.org.objectweb.asm.ByteVector::putShort (52 bytes)
Event: 0.551 Thread 0x0000777a18154cc0 nmethod 1020 0x0000777a015e2110 code [0x0000777a015e2400, 0x0000777a015e3210]
Event: 0.551 Thread 0x0000777a18154cc0 1021       3       java.util.zip.ZipFile$1::getMetaInfVersions (5 bytes)
Event: 0.551 Thread 0x0000777a18154cc0 nmethod 1021 0x0000777a015e3810 code [0x0000777a015e39e0, 0x0000777a015e3ca0]
Event: 0.551 Thread 0x0000777a18154cc0 1024       3       org.eclipse.jdt.launching.internal.org.objectweb.asm.SymbolTable::addConstantClass (8 bytes)
Event: 0.551 Thread 0x0000777a18154cc0 nmethod 1024 0x0000777a015e3e90 code [0x0000777a015e4040, 0x0000777a015e4180]
Event: 0.551 Thread 0x0000777a18154cc0 1023       1       sun.instrument.TransformerManager::getSnapshotTransformerList (5 bytes)
Event: 0.551 Thread 0x0000777a18154cc0 nmethod 1023 0x0000777a08f2e090 code [0x0000777a08f2e220, 0x0000777a08f2e2f0]
Event: 0.552 Thread 0x000077793c012480 nmethod 1022 0x0000777a08f2e390 code [0x0000777a08f2e520, 0x0000777a08f2e6c8]
Event: 0.557 Thread 0x00007779601ae0e0 nmethod 1016 0x0000777a08f2e810 code [0x0000777a08f2e9e0, 0x0000777a08f2f528]
Event: 0.558 Thread 0x0000777a18154cc0 1025       1       sun.instrument.TransformerManager$TransformerInfo::transformer (5 bytes)
Event: 0.558 Thread 0x0000777a18154cc0 nmethod 1025 0x0000777a08f2fe90 code [0x0000777a08f30020, 0x0000777a08f300f0]

GC Heap History (2 events):
Event: 0.346 GC heap before
{Heap before GC invocations=0 (full 0):
 garbage-first heap   total 327680K, used 20400K [0x00000006c9c00000, 0x0000000800000000)
  region size 4096K, 5 young (20480K), 0 survivors (0K)
 Metaspace       used 2763K, committed 2944K, reserved 1114112K
  class space    used 240K, committed 320K, reserved 1048576K
}
Event: 0.350 GC heap after
{Heap after GC invocations=1 (full 0):
 garbage-first heap   total 327680K, used 10737K [0x00000006c9c00000, 0x0000000800000000)
  region size 4096K, 1 young (4096K), 1 survivors (4096K)
 Metaspace       used 2763K, committed 2944K, reserved 1114112K
  class space    used 240K, committed 320K, reserved 1048576K
}

Dll operation events (9 events):
Event: 0.002 Loaded shared library /usr/lib/jvm/java-17-openjdk-amd64/lib/libjava.so
Event: 0.016 Loaded shared library /usr/lib/jvm/java-17-openjdk-amd64/lib/libjsvml.so
Event: 0.114 Loaded shared library /usr/lib/jvm/java-17-openjdk-amd64/lib/libzip.so
Event: 0.116 Loaded shared library /usr/lib/jvm/java-17-openjdk-amd64/lib/libinstrument.so
Event: 0.118 Loaded shared library /usr/lib/jvm/java-17-openjdk-amd64/lib/libnio.so
Event: 0.120 Loaded shared library /usr/lib/jvm/java-17-openjdk-amd64/lib/libzip.so
Event: 0.193 Loaded shared library /usr/lib/jvm/java-17-openjdk-amd64/lib/libjimage.so
Event: 0.392 Loaded shared library /usr/lib/jvm/java-17-openjdk-amd64/lib/libverify.so
Event: 0.438 Loaded shared library /home/martin/sources/za.co.ntier.twilio/src/za/ntier/mesibo/linux-x86_64/libjniMesiboLibrary.so

Deoptimization events (20 events):
Event: 0.440 Thread 0x0000777a1801ab50 Uncommon trap: trap_request=0xffffff45 fr.pc=0x0000777a08ed193c relative=0x000000000000009c
Event: 0.440 Thread 0x0000777a1801ab50 Uncommon trap: reason=unstable_if action=reinterpret pc=0x0000777a08ed193c method=java.lang.String.hashCode()I @ 42 c2
Event: 0.440 Thread 0x0000777a1801ab50 DEOPT PACKING pc=0x0000777a08ed193c sp=0x0000777a1d5fbdc0
Event: 0.440 Thread 0x0000777a1801ab50 DEOPT UNPACKING pc=0x0000777a0898d699 sp=0x0000777a1d5fbd78 mode 2
Event: 0.523 Thread 0x0000777a1801ab50 Uncommon trap: trap_request=0xffffffde fr.pc=0x0000777a08eff020 relative=0x00000000000019c0
Event: 0.523 Thread 0x0000777a1801ab50 Uncommon trap: reason=class_check action=maybe_recompile pc=0x0000777a08eff020 method=java.util.HashMap.putVal(ILjava/lang/Object;Ljava/lang/Object;ZZ)Ljava/lang/Object; @ 253 c2
Event: 0.523 Thread 0x0000777a1801ab50 DEOPT PACKING pc=0x0000777a08eff020 sp=0x0000777a1d5fd180
Event: 0.523 Thread 0x0000777a1801ab50 DEOPT UNPACKING pc=0x0000777a0898d699 sp=0x0000777a1d5fd128 mode 2
Event: 0.528 Thread 0x0000777a1801ab50 Uncommon trap: trap_request=0xffffffde fr.pc=0x0000777a08eff020 relative=0x00000000000019c0
Event: 0.528 Thread 0x0000777a1801ab50 Uncommon trap: reason=class_check action=maybe_recompile pc=0x0000777a08eff020 method=java.util.HashMap.putVal(ILjava/lang/Object;Ljava/lang/Object;ZZ)Ljava/lang/Object; @ 253 c2
Event: 0.528 Thread 0x0000777a1801ab50 DEOPT PACKING pc=0x0000777a08eff020 sp=0x0000777a1d5fce00
Event: 0.528 Thread 0x0000777a1801ab50 DEOPT UNPACKING pc=0x0000777a0898d699 sp=0x0000777a1d5fcda8 mode 2
Event: 0.535 Thread 0x0000777a1801ab50 Uncommon trap: trap_request=0xffffffde fr.pc=0x0000777a08eff020 relative=0x00000000000019c0
Event: 0.535 Thread 0x0000777a1801ab50 Uncommon trap: reason=class_check action=maybe_recompile pc=0x0000777a08eff020 method=java.util.HashMap.putVal(ILjava/lang/Object;Ljava/lang/Object;ZZ)Ljava/lang/Object; @ 253 c2
Event: 0.535 Thread 0x0000777a1801ab50 DEOPT PACKING pc=0x0000777a08eff020 sp=0x0000777a1d5fce00
Event: 0.535 Thread 0x0000777a1801ab50 DEOPT UNPACKING pc=0x0000777a0898d699 sp=0x0000777a1d5fcda8 mode 2
Event: 0.535 Thread 0x0000777a1801ab50 Uncommon trap: trap_request=0xffffffde fr.pc=0x0000777a08eff020 relative=0x00000000000019c0
Event: 0.535 Thread 0x0000777a1801ab50 Uncommon trap: reason=class_check action=maybe_recompile pc=0x0000777a08eff020 method=java.util.HashMap.putVal(ILjava/lang/Object;Ljava/lang/Object;ZZ)Ljava/lang/Object; @ 253 c2
Event: 0.535 Thread 0x0000777a1801ab50 DEOPT PACKING pc=0x0000777a08eff020 sp=0x0000777a1d5fce00
Event: 0.535 Thread 0x0000777a1801ab50 DEOPT UNPACKING pc=0x0000777a0898d699 sp=0x0000777a1d5fcda8 mode 2

Classes loaded (20 events):
Event: 0.521 Loading class java/lang/reflect/Proxy$ProxyBuilder$1
Event: 0.521 Loading class java/lang/reflect/Proxy$ProxyBuilder$1 done
Event: 0.522 Loading class java/lang/annotation/Target
Event: 0.522 Loading class java/lang/annotation/Target done
Event: 0.526 Loading class java/lang/reflect/UndeclaredThrowableException
Event: 0.526 Loading class java/lang/reflect/UndeclaredThrowableException done
Event: 0.527 Loading class java/lang/Class$AnnotationData
Event: 0.527 Loading class java/lang/Class$AnnotationData done
Event: 0.536 Loading class java/lang/InstantiationException
Event: 0.537 Loading class java/lang/InstantiationException done
Event: 0.538 Loading class java/lang/ProcessEnvironment
Event: 0.538 Loading class java/lang/ProcessEnvironment done
Event: 0.539 Loading class java/lang/ProcessEnvironment$Variable
Event: 0.539 Loading class java/lang/ProcessEnvironment$ExternalData
Event: 0.539 Loading class java/lang/ProcessEnvironment$ExternalData done
Event: 0.539 Loading class java/lang/ProcessEnvironment$Variable done
Event: 0.539 Loading class java/lang/ProcessEnvironment$Value
Event: 0.539 Loading class java/lang/ProcessEnvironment$Value done
Event: 0.539 Loading class java/lang/ProcessEnvironment$StringEnvironment
Event: 0.539 Loading class java/lang/ProcessEnvironment$StringEnvironment done

Classes unloaded (0 events):
No events

Classes redefined (0 events):
No events

Internal exceptions (7 events):
Event: 0.120 Thread 0x0000777a1801ab50 Implicit null exception at 0x0000777a08ed39d5 to 0x0000777a08ed3b40
Event: 0.490 Thread 0x0000777a1801ab50 Exception <a 'java/lang/NoSuchMethodError'{0x00000006dcd86528}: 'int java.lang.invoke.DirectMethodHandle$Holder.invokeStaticInit(java.lang.Object, java.lang.Object, java.lang.Object, java.lang.Object)'> (0x00000006dcd86528) 
thrown [./src/hotspot/share/interpreter/linkResolver.cpp, line 758]
Event: 0.492 Thread 0x0000777a1801ab50 Exception <a 'java/lang/NoSuchMethodError'{0x00000006dcd903a8}: 'java.lang.Object java.lang.invoke.DirectMethodHandle$Holder.invokeInterface(java.lang.Object, java.lang.Object)'> (0x00000006dcd903a8) 
thrown [./src/hotspot/share/interpreter/linkResolver.cpp, line 758]
Event: 0.493 Thread 0x0000777a1801ab50 Exception <a 'java/lang/IncompatibleClassChangeError'{0x00000006dcd938f8}: Found class java.lang.Object, but interface was expected> (0x00000006dcd938f8) 
thrown [./src/hotspot/share/interpreter/linkResolver.cpp, line 826]
Event: 0.494 Thread 0x0000777a1801ab50 Exception <a 'java/lang/NoSuchMethodError'{0x00000006dcd96f40}: 'void java.lang.invoke.DirectMethodHandle$Holder.invokeStatic(java.lang.Object, java.lang.Object)'> (0x00000006dcd96f40) 
thrown [./src/hotspot/share/interpreter/linkResolver.cpp, line 758]
Event: 0.495 Thread 0x0000777a1801ab50 Exception <a 'java/lang/NoSuchMethodError'{0x00000006dcd9a800}: 'void java.lang.invoke.DirectMethodHandle$Holder.invokeStaticInit(java.lang.Object, java.lang.Object)'> (0x00000006dcd9a800) 
thrown [./src/hotspot/share/interpreter/linkResolver.cpp, line 758]
Event: 0.497 Thread 0x0000777a1801ab50 Exception <a 'java/lang/NoSuchMethodError'{0x00000006dcda29c0}: 'int java.lang.invoke.DirectMethodHandle$Holder.invokeStaticInit(java.lang.Object, java.lang.Object)'> (0x00000006dcda29c0) 
thrown [./src/hotspot/share/interpreter/linkResolver.cpp, line 758]

VM Operations (20 events):
Event: 0.059 Executing VM operation: HandshakeAllThreads
Event: 0.059 Executing VM operation: HandshakeAllThreads done
Event: 0.071 Executing VM operation: ChangeBreakpoints
Event: 0.071 Executing VM operation: ChangeBreakpoints done
Event: 0.102 Executing VM operation: ChangeBreakpoints
Event: 0.102 Executing VM operation: ChangeBreakpoints done
Event: 0.168 Executing VM operation: HandshakeAllThreads
Event: 0.168 Executing VM operation: HandshakeAllThreads done
Event: 0.182 Executing VM operation: HandshakeAllThreads
Event: 0.182 Executing VM operation: HandshakeAllThreads done
Event: 0.183 Executing VM operation: HandshakeAllThreads
Event: 0.183 Executing VM operation: HandshakeAllThreads done
Event: 0.343 Executing VM operation: HandshakeAllThreads
Event: 0.343 Executing VM operation: HandshakeAllThreads done
Event: 0.345 Executing VM operation: G1CollectForAllocation
Event: 0.350 Executing VM operation: G1CollectForAllocation done
Event: 0.485 Executing VM operation: HandshakeAllThreads
Event: 0.485 Executing VM operation: HandshakeAllThreads done
Event: 0.506 Executing VM operation: HandshakeAllThreads
Event: 0.506 Executing VM operation: HandshakeAllThreads done

Events (20 events):
Event: 0.022 Thread 0x0000777a1815e130 Thread added: 0x0000777a1815e130
Event: 0.022 Protecting memory [0x00007779f4600000,0x00007779f4604000] with protection modes 0
Event: 0.049 Thread 0x0000777a181718f0 Thread added: 0x0000777a181718f0
Event: 0.049 Protecting memory [0x00007779f4500000,0x00007779f4504000] with protection modes 0
Event: 0.070 Thread 0x0000777a181b8480 Thread added: 0x0000777a181b8480
Event: 0.071 Protecting memory [0x00007779f4400000,0x00007779f4404000] with protection modes 0
Event: 0.071 Thread 0x0000777a181bb530 Thread added: 0x0000777a181bb530
Event: 0.071 Protecting memory [0x00007779f4300000,0x00007779f4304000] with protection modes 0
Event: 0.071 Thread 0x0000777950001120 Thread added: 0x0000777950001120
Event: 0.071 Protecting memory [0x00007779f4200000,0x00007779f4204000] with protection modes 0
Event: 0.266 Thread 0x00007779601ae0e0 Thread added: 0x00007779601ae0e0
Event: 0.266 Protecting memory [0x00007779f4100000,0x00007779f4104000] with protection modes 0
Event: 0.317 Thread 0x000077793c012480 Thread added: 0x000077793c012480
Event: 0.317 Protecting memory [0x00007779f4000000,0x00007779f4004000] with protection modes 0
Event: 0.387 Thread 0x0000777a18772b60 Thread added: 0x0000777a18772b60
Event: 0.387 Protecting memory [0x00007779ed8fa000,0x00007779ed8fe000] with protection modes 0
Event: 0.487 Thread 0x0000777a1879b9d0 Thread added: 0x0000777a1879b9d0
Event: 0.487 Protecting memory [0x00007779ed6f9000,0x00007779ed6fd000] with protection modes 0
Event: 0.558 Thread 0x0000777a1801ab50 Thread exited: 0x0000777a1801ab50
Event: 0.558 Protecting memory [0x0000777a1d500000,0x0000777a1d504000] with protection modes 0


Dynamic libraries:
6c9c00000-6dd400000 rw-p 00000000 00:00 0 
6dd400000-7ff800000 ---p 00000000 00:00 0 
7ff800000-7ffb00000 rw-p 00000000 00:00 0 
7ffb00000-7ffb75000 rw-p 00c73000 08:12 3937446                          /usr/lib/jvm/java-17-openjdk-amd64/lib/server/classes.jsa
7ffb75000-7ffc00000 rw-p 00000000 00:00 0 
7ffc00000-7ffc77000 rw-p 00bfc000 08:12 3937446                          /usr/lib/jvm/java-17-openjdk-amd64/lib/server/classes.jsa
7ffc77000-800000000 rw-p 00000000 00:00 0 
5b2579376000-5b2579377000 r--p 00000000 08:12 3937371                    /usr/lib/jvm/java-17-openjdk-amd64/bin/java
5b2579377000-5b2579378000 r-xp 00001000 08:12 3937371                    /usr/lib/jvm/java-17-openjdk-amd64/bin/java
5b2579378000-5b2579379000 r--p 00002000 08:12 3937371                    /usr/lib/jvm/java-17-openjdk-amd64/bin/java
5b2579379000-5b257937a000 r--p 00002000 08:12 3937371                    /usr/lib/jvm/java-17-openjdk-amd64/bin/java
5b257937a000-5b257937b000 rw-p 00003000 08:12 3937371                    /usr/lib/jvm/java-17-openjdk-amd64/bin/java
5b257a572000-5b257a5bc000 rw-p 00000000 00:00 0                          [heap]
7778fc000000-7778fc021000 rw-p 00000000 00:00 0 
7778fc021000-777900000000 ---p 00000000 00:00 0 
777900000000-777900021000 rw-p 00000000 00:00 0 
777900021000-777904000000 ---p 00000000 00:00 0 
777908000000-777908021000 rw-p 00000000 00:00 0 
777908021000-77790c000000 ---p 00000000 00:00 0 
77790c000000-77790c021000 rw-p 00000000 00:00 0 
77790c021000-777910000000 ---p 00000000 00:00 0 
777914000000-777914021000 rw-p 00000000 00:00 0 
777914021000-777918000000 ---p 00000000 00:00 0 
777918000000-777918021000 rw-p 00000000 00:00 0 
777918021000-77791c000000 ---p 00000000 00:00 0 
777920000000-777920021000 rw-p 00000000 00:00 0 
777920021000-777924000000 ---p 00000000 00:00 0 
777924000000-777924021000 rw-p 00000000 00:00 0 
777924021000-777928000000 ---p 00000000 00:00 0 
77792c000000-77792c021000 rw-p 00000000 00:00 0 
77792c021000-777930000000 ---p 00000000 00:00 0 
777930000000-777930021000 rw-p 00000000 00:00 0 
777930021000-777934000000 ---p 00000000 00:00 0 
777938000000-777938252000 rw-p 00000000 00:00 0 
777938252000-77793c000000 ---p 00000000 00:00 0 
77793c000000-77793c223000 rw-p 00000000 00:00 0 
77793c223000-777940000000 ---p 00000000 00:00 0 
777944000000-777944021000 rw-p 00000000 00:00 0 
777944021000-777948000000 ---p 00000000 00:00 0 
777948000000-777948021000 rw-p 00000000 00:00 0 
777948021000-77794c000000 ---p 00000000 00:00 0 
777950000000-777950021000 rw-p 00000000 00:00 0 
777950021000-777954000000 ---p 00000000 00:00 0 
777954000000-777954021000 rw-p 00000000 00:00 0 
777954021000-777958000000 ---p 00000000 00:00 0 
77795c000000-77795c021000 rw-p 00000000 00:00 0 
77795c021000-777960000000 ---p 00000000 00:00 0 
777960000000-7779602ae000 rw-p 00000000 00:00 0 
7779602ae000-777964000000 ---p 00000000 00:00 0 
777968000000-7779683d5000 rw-p 00000000 00:00 0 
7779683d5000-77796c000000 ---p 00000000 00:00 0 
77796c000000-77796c021000 rw-p 00000000 00:00 0 
77796c021000-777970000000 ---p 00000000 00:00 0 
777974000000-777974021000 rw-p 00000000 00:00 0 
777974021000-777978000000 ---p 00000000 00:00 0 
777978000000-777978021000 rw-p 00000000 00:00 0 
777978021000-77797c000000 ---p 00000000 00:00 0 
777980000000-777980021000 rw-p 00000000 00:00 0 
777980021000-777984000000 ---p 00000000 00:00 0 
777984000000-777984021000 rw-p 00000000 00:00 0 
777984021000-777988000000 ---p 00000000 00:00 0 
77798c000000-77798c021000 rw-p 00000000 00:00 0 
77798c021000-777990000000 ---p 00000000 00:00 0 
777993000000-777993320000 rw-p 00000000 00:00 0 
777993320000-777993400000 ---p 00000000 00:00 0 
777993400000-7779934b0000 rw-p 00000000 00:00 0 
7779934b0000-777997000000 ---p 00000000 00:00 0 
777997000000-777997bc4000 rw-p 00001000 08:12 3937446                    /usr/lib/jvm/java-17-openjdk-amd64/lib/server/classes.jsa
777997bc4000-777998000000 ---p 00000000 00:00 0 
777998000000-777998010000 rw-p 00000000 00:00 0 
777998010000-777998020000 ---p 00000000 00:00 0 
777998020000-777998030000 rw-p 00000000 00:00 0 
777998030000-777998040000 ---p 00000000 00:00 0 
777998040000-777998080000 rw-p 00000000 00:00 0 
777998080000-7779d8000000 ---p 00000000 00:00 0 
7779d8000000-7779d8021000 rw-p 00000000 00:00 0 
7779d8021000-7779dc000000 ---p 00000000 00:00 0 
7779dc000000-7779dc021000 rw-p 00000000 00:00 0 
7779dc021000-7779e0000000 ---p 00000000 00:00 0 
7779e4000000-7779e4021000 rw-p 00000000 00:00 0 
7779e4021000-7779e8000000 ---p 00000000 00:00 0 
7779e8000000-7779e8021000 rw-p 00000000 00:00 0 
7779e8021000-7779ec000000 ---p 00000000 00:00 0 
7779ece00000-7779ed2c8000 r-xp 00000000 08:12 3933257                    /usr/lib/libmesibo.so
7779ed2c8000-7779ed4c8000 ---p 004c8000 08:12 3933257                    /usr/lib/libmesibo.so
7779ed4c8000-7779ed4ff000 r--p 004c8000 08:12 3933257                    /usr/lib/libmesibo.so
7779ed4ff000-7779ed528000 rw-p 004ff000 08:12 3933257                    /usr/lib/libmesibo.so
7779ed528000-7779ed52d000 rw-p 00000000 00:00 0 
7779ed6f9000-7779ed6fd000 ---p 00000000 00:00 0 
7779ed6fd000-7779ed7f9000 rw-p 00000000 00:00 0 
7779ed7f9000-7779ed7fa000 ---p 00000000 00:00 0 
7779ed7fa000-7779ed8fa000 rw-p 00000000 00:00 0 
7779ed8fa000-7779ed8fe000 ---p 00000000 00:00 0 
7779ed8fe000-7779ed9fa000 rw-p 00000000 00:00 0 
7779ed9fa000-7779ed9fb000 ---p 00000000 00:00 0 
7779ed9fb000-7779edafb000 rw-p 00000000 00:00 0 
7779edafb000-7779edafc000 ---p 00000000 00:00 0 
7779edafc000-7779edbfc000 rw-p 00000000 00:00 0 
7779edbfc000-7779edbfd000 ---p 00000000 00:00 0 
7779edbfd000-7779edcfd000 rw-p 00000000 00:00 0 
7779edcfd000-7779edcfe000 ---p 00000000 00:00 0 
7779edcfe000-7779eddfe000 rw-p 00000000 00:00 0 
7779eddfe000-7779eddff000 ---p 00000000 00:00 0 
7779eddff000-7779edeff000 rw-p 00000000 00:00 0 
7779edeff000-7779edf00000 ---p 00000000 00:00 0 
7779edf00000-7779ee000000 rw-p 00000000 00:00 0 
7779ee000000-7779f0000000 rw-p 00000000 00:00 0 
7779f0000000-7779f0021000 rw-p 00000000 00:00 0 
7779f0021000-7779f4000000 ---p 00000000 00:00 0 
7779f4000000-7779f4004000 ---p 00000000 00:00 0 
7779f4004000-7779f4100000 rw-p 00000000 00:00 0 
7779f4100000-7779f4104000 ---p 00000000 00:00 0 
7779f4104000-7779f4200000 rw-p 00000000 00:00 0 
7779f4200000-7779f4204000 ---p 00000000 00:00 0 
7779f4204000-7779f4300000 rw-p 00000000 00:00 0 
7779f4300000-7779f4304000 ---p 00000000 00:00 0 
7779f4304000-7779f4400000 rw-p 00000000 00:00 0 
7779f4400000-7779f4404000 ---p 00000000 00:00 0 
7779f4404000-7779f4500000 rw-p 00000000 00:00 0 
7779f4500000-7779f4504000 ---p 00000000 00:00 0 
7779f4504000-7779f4600000 rw-p 00000000 00:00 0 
7779f4600000-7779f4604000 ---p 00000000 00:00 0 
7779f4604000-7779f4700000 rw-p 00000000 00:00 0 
7779f4700000-7779f4704000 ---p 00000000 00:00 0 
7779f4704000-7779f4800000 rw-p 00000000 00:00 0 
7779f4800000-7779f4804000 ---p 00000000 00:00 0 
7779f4804000-7779f4900000 rw-p 00000000 00:00 0 
7779f4900000-7779f4904000 ---p 00000000 00:00 0 
7779f4904000-7779f4a00000 rw-p 00000000 00:00 0 
7779f4a00000-7779f4a04000 ---p 00000000 00:00 0 
7779f4a04000-7779f4b00000 rw-p 00000000 00:00 0 
7779f4b00000-7779f4b04000 ---p 00000000 00:00 0 
7779f4b04000-7779f4c00000 rw-p 00000000 00:00 0 
7779f4c00000-7779f5173000 r--p 00000000 08:12 3932386                    /usr/lib/locale/locale-archive
7779f51a9000-7779f51ad000 ---p 00000000 00:00 0 
7779f51ad000-7779f52a9000 rw-p 00000000 00:00 0 
7779f52a9000-7779f52ad000 ---p 00000000 00:00 0 
7779f52ad000-7779f53a9000 rw-p 00000000 00:00 0 
7779f53a9000-7779f53aa000 ---p 00000000 00:00 0 
7779f53aa000-7779f54aa000 rw-p 00000000 00:00 0 
7779f54aa000-7779f54af000 r--p 00000000 08:12 3937430                    /usr/lib/jvm/java-17-openjdk-amd64/lib/libjsvml.so
7779f54af000-7779f54f0000 r-xp 00005000 08:12 3937430                    /usr/lib/jvm/java-17-openjdk-amd64/lib/libjsvml.so
7779f54f0000-7779f5579000 r--p 00046000 08:12 3937430                    /usr/lib/jvm/java-17-openjdk-amd64/lib/libjsvml.so
7779f5579000-7779f557a000 r--p 000ce000 08:12 3937430                    /usr/lib/jvm/java-17-openjdk-amd64/lib/libjsvml.so
7779f557a000-7779f557b000 rw-p 000cf000 08:12 3937430                    /usr/lib/jvm/java-17-openjdk-amd64/lib/libjsvml.so
7779f557b000-7779f55fc000 rw-p 00000000 00:00 0 
7779f55fc000-7779f55fd000 ---p 00000000 00:00 0 
7779f55fd000-7779f56fd000 rw-p 00000000 00:00 0 
7779f56fd000-7779f56fe000 ---p 00000000 00:00 0 
7779f56fe000-7779f57fe000 rw-p 00000000 00:00 0 
7779f57fe000-7779f5ee0000 rw-p 00000000 00:00 0 
7779f5ee0000-7779fa770000 ---p 00000000 00:00 0 
7779fa770000-7779fa790000 rw-p 00000000 00:00 0 
7779fa800000-7779face0000 rw-p 00000000 00:00 0 
7779face0000-7779ff570000 ---p 00000000 00:00 0 
7779ff570000-7779ff590000 rw-p 00000000 00:00 0 
7779ff600000-7779ff69c000 rw-p 00000000 00:00 0 
7779ff69c000-7779fffae000 ---p 00000000 00:00 0 
7779fffae000-7779fffb2000 rw-p 00000000 00:00 0 
777a00000000-777a0009c000 rw-p 00000000 00:00 0 
777a0009c000-777a009ae000 ---p 00000000 00:00 0 
777a009ae000-777a009b2000 rw-p 00000000 00:00 0 
777a00a00000-777a00a9c000 rw-p 00000000 00:00 0 
777a00a9c000-777a013ae000 ---p 00000000 00:00 0 
777a013ae000-777a013b2000 rw-p 00000000 00:00 0 
777a01400000-777a01670000 rwxp 00000000 00:00 0 
777a01670000-777a08937000 ---p 00000000 00:00 0 
777a08937000-777a08ba7000 rwxp 00000000 00:00 0 
777a08ba7000-777a08ec9000 ---p 00000000 00:00 0 
777a08ec9000-777a09139000 rwxp 00000000 00:00 0 
777a09139000-777a10400000 ---p 00000000 00:00 0 
777a10400000-777a17e80000 r--s 00000000 08:12 3937445                    /usr/lib/jvm/java-17-openjdk-amd64/lib/modules
777a17eb7000-777a17eb8000 ---p 00000000 00:00 0 
777a17eb8000-777a17edb000 rw-p 00000000 00:00 0 
777a17edb000-777a17edc000 ---p 00000000 00:00 0 
777a17edc000-777a17eff000 rw-p 00000000 00:00 0 
777a17eff000-777a18000000 rw-p 00000000 00:00 0 
777a18000000-777a18837000 rw-p 00000000 00:00 0 
777a18837000-777a1c000000 ---p 00000000 00:00 0 
777a1c01a000-777a1c51f000 rw-p 00000000 00:00 0 
777a1c51f000-777a1c520000 ---p 00000000 00:00 0 
777a1c520000-777a1c620000 rw-p 00000000 00:00 0 
777a1c620000-777a1c621000 ---p 00000000 00:00 0 
777a1c621000-777a1c721000 rw-p 00000000 00:00 0 
777a1c721000-777a1c722000 ---p 00000000 00:00 0 
777a1c722000-777a1c822000 rw-p 00000000 00:00 0 
777a1c822000-777a1d02f000 rw-p 00000000 00:00 0 
777a1d02f000-777a1d115000 ---p 00000000 00:00 0 
777a1d115000-777a1d11a000 rw-p 00000000 00:00 0 
777a1d11a000-777a1d200000 ---p 00000000 00:00 0 
777a1d200000-777a1d29a000 r--p 00000000 08:12 3960894                    /usr/lib/x86_64-linux-gnu/libstdc++.so.6.0.30
777a1d29a000-777a1d3ab000 r-xp 0009a000 08:12 3960894                    /usr/lib/x86_64-linux-gnu/libstdc++.so.6.0.30
777a1d3ab000-777a1d41a000 r--p 001ab000 08:12 3960894                    /usr/lib/x86_64-linux-gnu/libstdc++.so.6.0.30
777a1d41a000-777a1d41b000 ---p 0021a000 08:12 3960894                    /usr/lib/x86_64-linux-gnu/libstdc++.so.6.0.30
777a1d41b000-777a1d426000 r--p 0021a000 08:12 3960894                    /usr/lib/x86_64-linux-gnu/libstdc++.so.6.0.30
777a1d426000-777a1d429000 rw-p 00225000 08:12 3960894                    /usr/lib/x86_64-linux-gnu/libstdc++.so.6.0.30
777a1d429000-777a1d42c000 rw-p 00000000 00:00 0 
777a1d445000-777a1d44c000 r--p 00000000 08:13 17973360                   /home/martin/sources/za.co.ntier.twilio/src/za/ntier/mesibo/linux-x86_64/libjniMesiboLibrary.so
777a1d44c000-777a1d45a000 r-xp 00007000 08:13 17973360                   /home/martin/sources/za.co.ntier.twilio/src/za/ntier/mesibo/linux-x86_64/libjniMesiboLibrary.so
777a1d45a000-777a1d462000 r--p 00015000 08:13 17973360                   /home/martin/sources/za.co.ntier.twilio/src/za/ntier/mesibo/linux-x86_64/libjniMesiboLibrary.so
777a1d462000-777a1d463000 r--p 0001c000 08:13 17973360                   /home/martin/sources/za.co.ntier.twilio/src/za/ntier/mesibo/linux-x86_64/libjniMesiboLibrary.so
777a1d463000-777a1d464000 rw-p 0001d000 08:13 17973360                   /home/martin/sources/za.co.ntier.twilio/src/za/ntier/mesibo/linux-x86_64/libjniMesiboLibrary.so
777a1d464000-777a1d500000 rw-p 00000000 00:00 0 
777a1d500000-777a1d504000 ---p 00000000 00:00 0 
777a1d504000-777a1d600000 rw-p 00000000 00:00 0 
777a1d600000-777a1d851000 r--p 00000000 08:12 3937449                    /usr/lib/jvm/java-17-openjdk-amd64/lib/server/libjvm.so
777a1d851000-777a1e5bb000 r-xp 00251000 08:12 3937449                    /usr/lib/jvm/java-17-openjdk-amd64/lib/server/libjvm.so
777a1e5bb000-777a1e83d000 r--p 00fbb000 08:12 3937449                    /usr/lib/jvm/java-17-openjdk-amd64/lib/server/libjvm.so
777a1e83d000-777a1e83e000 ---p 0123d000 08:12 3937449                    /usr/lib/jvm/java-17-openjdk-amd64/lib/server/libjvm.so
777a1e83e000-777a1e8f6000 r--p 0123d000 08:12 3937449                    /usr/lib/jvm/java-17-openjdk-amd64/lib/server/libjvm.so
777a1e8f6000-777a1e92b000 rw-p 012f5000 08:12 3937449                    /usr/lib/jvm/java-17-openjdk-amd64/lib/server/libjvm.so
777a1e92b000-777a1e985000 rw-p 00000000 00:00 0 
777a1e98d000-777a1e98e000 r--p 00000000 08:12 3934385                    /usr/lib/x86_64-linux-gnu/libpthread.so.0
777a1e98e000-777a1e98f000 r-xp 00001000 08:12 3934385                    /usr/lib/x86_64-linux-gnu/libpthread.so.0
777a1e98f000-777a1e990000 r--p 00002000 08:12 3934385                    /usr/lib/x86_64-linux-gnu/libpthread.so.0
777a1e990000-777a1e991000 r--p 00002000 08:12 3934385                    /usr/lib/x86_64-linux-gnu/libpthread.so.0
777a1e991000-777a1e992000 rw-p 00003000 08:12 3934385                    /usr/lib/x86_64-linux-gnu/libpthread.so.0
777a1e992000-777a1e993000 r--p 00000000 08:12 3934350                    /usr/lib/x86_64-linux-gnu/libdl.so.2
777a1e993000-777a1e994000 r-xp 00001000 08:12 3934350                    /usr/lib/x86_64-linux-gnu/libdl.so.2
777a1e994000-777a1e995000 r--p 00002000 08:12 3934350                    /usr/lib/x86_64-linux-gnu/libdl.so.2
777a1e995000-777a1e996000 r--p 00002000 08:12 3934350                    /usr/lib/x86_64-linux-gnu/libdl.so.2
777a1e996000-777a1e997000 rw-p 00003000 08:12 3934350                    /usr/lib/x86_64-linux-gnu/libdl.so.2
777a1e997000-777a1e99b000 r--p 00000000 08:12 3937436                    /usr/lib/jvm/java-17-openjdk-amd64/lib/libnet.so
777a1e99b000-777a1e9a9000 r-xp 00004000 08:12 3937436                    /usr/lib/jvm/java-17-openjdk-amd64/lib/libnet.so
777a1e9a9000-777a1e9ad000 r--p 00012000 08:12 3937436                    /usr/lib/jvm/java-17-openjdk-amd64/lib/libnet.so
777a1e9ad000-777a1e9ae000 r--p 00015000 08:12 3937436                    /usr/lib/jvm/java-17-openjdk-amd64/lib/libnet.so
777a1e9ae000-777a1e9af000 rw-p 00016000 08:12 3937436                    /usr/lib/jvm/java-17-openjdk-amd64/lib/libnet.so
777a1e9af000-777a1ea00000 rw-p 00000000 00:00 0 
777a1ea00000-777a1ea28000 r--p 00000000 08:12 3934331                    /usr/lib/x86_64-linux-gnu/libc.so.6
777a1ea28000-777a1ebbd000 r-xp 00028000 08:12 3934331                    /usr/lib/x86_64-linux-gnu/libc.so.6
777a1ebbd000-777a1ec15000 r--p 001bd000 08:12 3934331                    /usr/lib/x86_64-linux-gnu/libc.so.6
777a1ec15000-777a1ec16000 ---p 00215000 08:12 3934331                    /usr/lib/x86_64-linux-gnu/libc.so.6
777a1ec16000-777a1ec1a000 r--p 00215000 08:12 3934331                    /usr/lib/x86_64-linux-gnu/libc.so.6
777a1ec1a000-777a1ec1c000 rw-p 00219000 08:12 3934331                    /usr/lib/x86_64-linux-gnu/libc.so.6
777a1ec1c000-777a1ec29000 rw-p 00000000 00:00 0 
777a1ec2d000-777a1ec31000 r--p 00000000 08:12 3937443                    /usr/lib/jvm/java-17-openjdk-amd64/lib/libverify.so
777a1ec31000-777a1ec38000 r-xp 00004000 08:12 3937443                    /usr/lib/jvm/java-17-openjdk-amd64/lib/libverify.so
777a1ec38000-777a1ec3a000 r--p 0000b000 08:12 3937443                    /usr/lib/jvm/java-17-openjdk-amd64/lib/libverify.so
777a1ec3a000-777a1ec3c000 r--p 0000c000 08:12 3937443                    /usr/lib/jvm/java-17-openjdk-amd64/lib/libverify.so
777a1ec3c000-777a1ec3d000 rw-p 0000e000 08:12 3937443                    /usr/lib/jvm/java-17-openjdk-amd64/lib/libverify.so
777a1ec3d000-777a1ec44000 r--p 00000000 08:12 3937437                    /usr/lib/jvm/java-17-openjdk-amd64/lib/libnio.so
777a1ec44000-777a1ec4d000 r-xp 00007000 08:12 3937437                    /usr/lib/jvm/java-17-openjdk-amd64/lib/libnio.so
777a1ec4d000-777a1ec51000 r--p 00010000 08:12 3937437                    /usr/lib/jvm/java-17-openjdk-amd64/lib/libnio.so
777a1ec51000-777a1ec52000 ---p 00014000 08:12 3937437                    /usr/lib/jvm/java-17-openjdk-amd64/lib/libnio.so
777a1ec52000-777a1ec53000 r--p 00014000 08:12 3937437                    /usr/lib/jvm/java-17-openjdk-amd64/lib/libnio.so
777a1ec53000-777a1ec54000 rw-p 00015000 08:12 3937437                    /usr/lib/jvm/java-17-openjdk-amd64/lib/libnio.so
777a1ec54000-777a1ec56000 r--p 00000000 08:12 3937444                    /usr/lib/jvm/java-17-openjdk-amd64/lib/libzip.so
777a1ec56000-777a1ec5b000 r-xp 00002000 08:12 3937444                    /usr/lib/jvm/java-17-openjdk-amd64/lib/libzip.so
777a1ec5b000-777a1ec5d000 r--p 00007000 08:12 3937444                    /usr/lib/jvm/java-17-openjdk-amd64/lib/libzip.so
777a1ec5d000-777a1ec5e000 r--p 00008000 08:12 3937444                    /usr/lib/jvm/java-17-openjdk-amd64/lib/libzip.so
777a1ec5e000-777a1ec5f000 rw-p 00009000 08:12 3937444                    /usr/lib/jvm/java-17-openjdk-amd64/lib/libzip.so
777a1ec5f000-777a1ec60000 r--p 00000000 08:12 3937415                    /usr/lib/jvm/java-17-openjdk-amd64/lib/libdt_socket.so
777a1ec60000-777a1ec63000 r-xp 00001000 08:12 3937415                    /usr/lib/jvm/java-17-openjdk-amd64/lib/libdt_socket.so
777a1ec63000-777a1ec64000 r--p 00004000 08:12 3937415                    /usr/lib/jvm/java-17-openjdk-amd64/lib/libdt_socket.so
777a1ec64000-777a1ec65000 ---p 00005000 08:12 3937415                    /usr/lib/jvm/java-17-openjdk-amd64/lib/libdt_socket.so
777a1ec65000-777a1ec66000 r--p 00005000 08:12 3937415                    /usr/lib/jvm/java-17-openjdk-amd64/lib/libdt_socket.so
777a1ec66000-777a1ec67000 rw-p 00006000 08:12 3937415                    /usr/lib/jvm/java-17-openjdk-amd64/lib/libdt_socket.so
777a1ec67000-777a1ec6e000 r--s 00000000 08:12 3942277                    /usr/lib/x86_64-linux-gnu/gconv/gconv-modules.cache
777a1ec6e000-777a1ec73000 rw-p 00000000 00:00 0 
777a1ec73000-777a1ec7a000 ---p 00000000 00:00 0 
777a1ec7a000-777a1ec7b000 r--p 00000000 08:12 3937418                    /usr/lib/jvm/java-17-openjdk-amd64/lib/libinstrument.so
777a1ec7b000-777a1ec81000 r-xp 00001000 08:12 3937418                    /usr/lib/jvm/java-17-openjdk-amd64/lib/libinstrument.so
777a1ec81000-777a1ec84000 r--p 00007000 08:12 3937418                    /usr/lib/jvm/java-17-openjdk-amd64/lib/libinstrument.so
777a1ec84000-777a1ec85000 r--p 00009000 08:12 3937418                    /usr/lib/jvm/java-17-openjdk-amd64/lib/libinstrument.so
777a1ec85000-777a1ec86000 rw-p 0000a000 08:12 3937418                    /usr/lib/jvm/java-17-openjdk-amd64/lib/libinstrument.so
777a1ec86000-777a1ec92000 r--p 00000000 08:12 3937423                    /usr/lib/jvm/java-17-openjdk-amd64/lib/libjava.so
777a1ec92000-777a1eca5000 r-xp 0000c000 08:12 3937423                    /usr/lib/jvm/java-17-openjdk-amd64/lib/libjava.so
777a1eca5000-777a1ecab000 r--p 0001f000 08:12 3937423                    /usr/lib/jvm/java-17-openjdk-amd64/lib/libjava.so
777a1ecab000-777a1ecac000 r--p 00024000 08:12 3937423                    /usr/lib/jvm/java-17-openjdk-amd64/lib/libjava.so
777a1ecac000-777a1ecad000 rw-p 00025000 08:12 3937423                    /usr/lib/jvm/java-17-openjdk-amd64/lib/libjava.so
777a1ecad000-777a1ecae000 rw-p 00000000 00:00 0 
777a1ecae000-777a1ecb1000 r--p 00000000 08:12 3937425                    /usr/lib/jvm/java-17-openjdk-amd64/lib/libjdwp.so
777a1ecb1000-777a1ecdf000 r-xp 00003000 08:12 3937425                    /usr/lib/jvm/java-17-openjdk-amd64/lib/libjdwp.so
777a1ecdf000-777a1eced000 r--p 00031000 08:12 3937425                    /usr/lib/jvm/java-17-openjdk-amd64/lib/libjdwp.so
777a1eced000-777a1ecee000 ---p 0003f000 08:12 3937425                    /usr/lib/jvm/java-17-openjdk-amd64/lib/libjdwp.so
777a1ecee000-777a1ecef000 r--p 0003f000 08:12 3937425                    /usr/lib/jvm/java-17-openjdk-amd64/lib/libjdwp.so
777a1ecef000-777a1ecf0000 rw-p 00040000 08:12 3937425                    /usr/lib/jvm/java-17-openjdk-amd64/lib/libjdwp.so
777a1ecf0000-777a1ecf1000 rw-p 00000000 00:00 0 
777a1ecf1000-777a1ecf4000 r--p 00000000 08:12 3960106                    /usr/lib/x86_64-linux-gnu/libgcc_s.so.1
777a1ecf4000-777a1ed0b000 r-xp 00003000 08:12 3960106                    /usr/lib/x86_64-linux-gnu/libgcc_s.so.1
777a1ed0b000-777a1ed0f000 r--p 0001a000 08:12 3960106                    /usr/lib/x86_64-linux-gnu/libgcc_s.so.1
777a1ed0f000-777a1ed10000 r--p 0001d000 08:12 3960106                    /usr/lib/x86_64-linux-gnu/libgcc_s.so.1
777a1ed10000-777a1ed11000 rw-p 0001e000 08:12 3960106                    /usr/lib/x86_64-linux-gnu/libgcc_s.so.1
777a1ed11000-777a1ed1f000 r--p 00000000 08:12 3934354                    /usr/lib/x86_64-linux-gnu/libm.so.6
777a1ed1f000-777a1ed9b000 r-xp 0000e000 08:12 3934354                    /usr/lib/x86_64-linux-gnu/libm.so.6
777a1ed9b000-777a1edf6000 r--p 0008a000 08:12 3934354                    /usr/lib/x86_64-linux-gnu/libm.so.6
777a1edf6000-777a1edf7000 r--p 000e4000 08:12 3934354                    /usr/lib/x86_64-linux-gnu/libm.so.6
777a1edf7000-777a1edf8000 rw-p 000e5000 08:12 3934354                    /usr/lib/x86_64-linux-gnu/libm.so.6
777a1edf8000-777a1edfb000 rw-p 00000000 00:00 0 
777a1edfb000-777a1edfd000 r--p 00000000 08:12 3937427                    /usr/lib/jvm/java-17-openjdk-amd64/lib/libjli.so
777a1edfd000-777a1ee07000 r-xp 00002000 08:12 3937427                    /usr/lib/jvm/java-17-openjdk-amd64/lib/libjli.so
777a1ee07000-777a1ee0a000 r--p 0000c000 08:12 3937427                    /usr/lib/jvm/java-17-openjdk-amd64/lib/libjli.so
777a1ee0a000-777a1ee0b000 r--p 0000e000 08:12 3937427                    /usr/lib/jvm/java-17-openjdk-amd64/lib/libjli.so
777a1ee0b000-777a1ee0c000 rw-p 0000f000 08:12 3937427                    /usr/lib/jvm/java-17-openjdk-amd64/lib/libjli.so
777a1ee0c000-777a1ee0e000 r--p 00000000 08:12 3961165                    /usr/lib/x86_64-linux-gnu/libz.so.1.2.11
777a1ee0e000-777a1ee1f000 r-xp 00002000 08:12 3961165                    /usr/lib/x86_64-linux-gnu/libz.so.1.2.11
777a1ee1f000-777a1ee25000 r--p 00013000 08:12 3961165                    /usr/lib/x86_64-linux-gnu/libz.so.1.2.11
777a1ee25000-777a1ee26000 ---p 00019000 08:12 3961165                    /usr/lib/x86_64-linux-gnu/libz.so.1.2.11
777a1ee26000-777a1ee27000 r--p 00019000 08:12 3961165                    /usr/lib/x86_64-linux-gnu/libz.so.1.2.11
777a1ee27000-777a1ee28000 rw-p 0001a000 08:12 3961165                    /usr/lib/x86_64-linux-gnu/libz.so.1.2.11
777a1ee29000-777a1ee31000 rw-s 00000000 08:12 5139758                    /tmp/hsperfdata_martin/268313
777a1ee31000-777a1ee32000 ---p 00000000 00:00 0 
777a1ee32000-777a1ee33000 r--p 00000000 00:00 0 
777a1ee33000-777a1ee35000 r--p 00000000 08:12 3937426                    /usr/lib/jvm/java-17-openjdk-amd64/lib/libjimage.so
777a1ee35000-777a1ee38000 r-xp 00002000 08:12 3937426                    /usr/lib/jvm/java-17-openjdk-amd64/lib/libjimage.so
777a1ee38000-777a1ee39000 r--p 00005000 08:12 3937426                    /usr/lib/jvm/java-17-openjdk-amd64/lib/libjimage.so
777a1ee39000-777a1ee3a000 ---p 00006000 08:12 3937426                    /usr/lib/jvm/java-17-openjdk-amd64/lib/libjimage.so
777a1ee3a000-777a1ee3b000 r--p 00006000 08:12 3937426                    /usr/lib/jvm/java-17-openjdk-amd64/lib/libjimage.so
777a1ee3b000-777a1ee3c000 rw-p 00007000 08:12 3937426                    /usr/lib/jvm/java-17-openjdk-amd64/lib/libjimage.so
777a1ee3c000-777a1ee3e000 rw-p 00000000 00:00 0 
777a1ee3e000-777a1ee40000 r--p 00000000 08:12 3934304                    /usr/lib/x86_64-linux-gnu/ld-linux-x86-64.so.2
777a1ee40000-777a1ee6a000 r-xp 00002000 08:12 3934304                    /usr/lib/x86_64-linux-gnu/ld-linux-x86-64.so.2
777a1ee6a000-777a1ee75000 r--p 0002c000 08:12 3934304                    /usr/lib/x86_64-linux-gnu/ld-linux-x86-64.so.2
777a1ee75000-777a1ee76000 ---p 00000000 00:00 0 
777a1ee76000-777a1ee78000 r--p 00037000 08:12 3934304                    /usr/lib/x86_64-linux-gnu/ld-linux-x86-64.so.2
777a1ee78000-777a1ee7a000 rw-p 00039000 08:12 3934304                    /usr/lib/x86_64-linux-gnu/ld-linux-x86-64.so.2
7ffd42576000-7ffd4259b000 rw-p 00000000 00:00 0                          [stack]
7ffd425eb000-7ffd425ef000 r--p 00000000 00:00 0                          [vvar]
7ffd425ef000-7ffd425f1000 r-xp 00000000 00:00 0                          [vdso]
ffffffffff600000-ffffffffff601000 --xp 00000000 00:00 0                  [vsyscall]


VM Arguments:
jvm_args: -XX:+ShowCodeDetailsInExceptionMessages -agentlib:jdwp=transport=dt_socket,suspend=y,address=localhost:45129 -Djava.library.path=/home/martin/sources/za.co.ntier.twilio/src/za/ntier/mesibo/linux-x86_64 -javaagent:/home/martin/Software/eclipse-jee-2023-12-R-linux-gtk-x86_64/eclipse/configuration/org.eclipse.osgi/428/0/.cp/lib/javaagent-shaded.jar -Dfile.encoding=UTF-8 -Dstdout.encoding=UTF-8 -Dstderr.encoding=UTF-8 
java_command: za.ntier.mesibo.MesiboExample
java_class_path (initial): /home/martin/sources/za.co.ntier.twilio/lib/javacpp.jar:/home/martin/sources/za.co.ntier.twilio/lib/gson.jar:/home/martin/sources/idempiere/.metadata/.plugins/org.eclipse.pde.core/.bundle_pool/plugins/org.osgi.annotation.versioning_1.1.2.202109301733.jar:/home/martin/sources/idempiere/.metadata/.plugins/org.eclipse.pde.core/.bundle_pool/plugins/org.osgi.annotation.bundle_2.0.0.202202082230.jar:/home/martin/sources/idempiere/.metadata/.plugins/org.eclipse.pde.core/.bundle_pool/plugins/org.osgi.service.component.annotations_1.5.1.202212101352.jar:/home/martin/sources/idempiere/.metadata/.plugins/org.eclipse.pde.core/.bundle_pool/plugins/org.osgi.service.metatype.annotations_1.4.1.202109301733.jar:/home/martin/sources/idempiere/.metadata/.plugins/org.eclipse.pde.core/.bundle_pool/plugins/org.eclipse.equinox.app_1.6.200.v20220720-2012.jar:/home/martin/.m2/repository/org/passay/passay/1.6.1/passay-1.6.1.jar:/home/martin/.m2/repository/org/cryptacular/cryptacular/1.2.4/cryptacular-1.2.4.jar:/home/martin/.m2/repository/net/sf/supercsv/super-csv/2.4.0/super-csv-2.4.0.jar:/home/martin/.m2/repository/org/bouncycastle/bcprov-jdk18on/1.72/bcprov-jdk18on-1.72.jar:/home/martin/sources/idempiere/.metadata/.plugins/org.eclipse.pde.core/.bundle_pool/plugins/org.krysalis.barcode4j_2.1.0.jar:/home/martin/.m2/repository/org/codehaus/groovy/groovy/3.0.8/groovy-3.0.8.jar:/home/martin/.m2/repository/org/codehaus/groovy/groovy-console/3.0.8/groovy-console-3.0.8.jar:/home/martin/.m2/repository/org/codehaus/groovy/groovy-datetime/3.0.8/groovy-datetime-3.0.8.jar:/home/martin/.m2/repository/org/codehaus/groovy/groovy-json/3.0.8/groovy-json-3.0.8.jar:/home/martin/.m2/repository/org/codehaus/groovy/groovy-jsr223/3.0.8/groovy-jsr223-3.0.8.jar:/home/martin/.m2/repository/org/codehaus/groovy/groovy-nio/3.0.8/groovy-nio-3.0.8.jar:/home/martin/.m2/repository/org/codehaus/groovy/groovy-sql/3.0.8/groovy-sql-3.0.8.jar:/home/martin/.m2/repository/org/codehaus/groovy/groovy-xm
Launcher Type: SUN_STANDARD

[Global flags]
     intx CICompilerCount                          = 4                                         {product} {ergonomic}
     uint ConcGCThreads                            = 2                                         {product} {ergonomic}
     uint G1ConcRefinementThreads                  = 8                                         {product} {ergonomic}
   size_t G1HeapRegionSize                         = 4194304                                   {product} {ergonomic}
    uintx GCDrainStackTargetSize                   = 64                                        {product} {ergonomic}
   size_t InitialHeapSize                          = 327155712                                 {product} {ergonomic}
   size_t MarkStackSize                            = 4194304                                   {product} {ergonomic}
   size_t MaxHeapSize                              = 5205131264                                {product} {ergonomic}
   size_t MaxNewSize                               = 3120562176                                {product} {ergonomic}
   size_t MinHeapDeltaBytes                        = 4194304                                   {product} {ergonomic}
   size_t MinHeapSize                              = 8388608                                   {product} {ergonomic}
    uintx NonNMethodCodeHeapSize                   = 5839372                                {pd product} {ergonomic}
    uintx NonProfiledCodeHeapSize                  = 122909434                              {pd product} {ergonomic}
    uintx ProfiledCodeHeapSize                     = 122909434                              {pd product} {ergonomic}
    uintx ReservedCodeCacheSize                    = 251658240                              {pd product} {ergonomic}
     bool SegmentedCodeCache                       = true                                      {product} {ergonomic}
     bool ShowCodeDetailsInExceptionMessages       = true                                   {manageable} {command line}
   size_t SoftMaxHeapSize                          = 5205131264                             {manageable} {ergonomic}
     bool UseCompressedClassPointers               = true                           {product lp64_product} {ergonomic}
     bool UseCompressedOops                        = true                           {product lp64_product} {ergonomic}
     bool UseG1GC                                  = true                                      {product} {ergonomic}

Logging:
Log output configuration:
 #0: stdout all=warning uptime,level,tags
 #1: stderr all=off uptime,level,tags

Environment Variables:
JAVA_HOME=/usr/lib/jvm/java-1.17.0-openjdk-amd64
PATH=/home/martin/.local/bin:/opt/maven/bin:/usr/local/sbin:/usr/local/bin:/usr/sbin:/usr/bin:/sbin:/bin:/usr/games:/usr/local/games:/snap/bin:/snap/bin
USERNAME=martin
SHELL=/bin/bash
DISPLAY=:1
LANG=en_ZA.UTF-8
TERM=xterm-256color

Active Locale:
LC_ALL=en_ZA.UTF-8
LC_COLLATE=en_ZA.UTF-8
LC_CTYPE=en_ZA.UTF-8
LC_MESSAGES=en_ZA.UTF-8
LC_MONETARY=en_ZA.UTF-8
LC_NUMERIC=en_ZA.UTF-8
LC_TIME=en_ZA.UTF-8

Signal Handlers:
   SIGSEGV: crash_handler in libjvm.so, mask=11100100010111111101111111111110, flags=SA_RESTART|SA_SIGINFO, unblocked
    SIGBUS: crash_handler in libjvm.so, mask=11100100010111111101111111111110, flags=SA_RESTART|SA_SIGINFO, unblocked
    SIGFPE: crash_handler in libjvm.so, mask=11100100010111111101111111111110, flags=SA_RESTART|SA_SIGINFO, unblocked
   SIGPIPE: 0x00007779eceac51c in libmesibo.so+705820, mask=00000000000000000000000000000000, flags=none, blocked
  *** Handler was modified!
  *** Expected: javaSignalHandler in libjvm.so, mask=11100100110111111111111111111110, flags=SA_RESTART|SA_SIGINFO
   SIGXFSZ: javaSignalHandler in libjvm.so, mask=11100100010111111101111111111110, flags=SA_RESTART|SA_SIGINFO, blocked
    SIGILL: crash_handler in libjvm.so, mask=11100100010111111101111111111110, flags=SA_RESTART|SA_SIGINFO, unblocked
   SIGUSR2: 0x00007779eceac51c in libmesibo.so+705820, mask=00000000000000000000000000000000, flags=none, blocked
  *** Handler was modified!
  *** Expected: SR_handler in libjvm.so, mask=00100000000000000000000000000000, flags=SA_RESTART|SA_SIGINFO
    SIGHUP: UserHandler in libjvm.so, mask=11100100010111111101111111111110, flags=SA_RESTART|SA_SIGINFO, blocked
    SIGINT: UserHandler in libjvm.so, mask=11100100010111111101111111111110, flags=SA_RESTART|SA_SIGINFO, blocked
   SIGTERM: UserHandler in libjvm.so, mask=11100100010111111101111111111110, flags=SA_RESTART|SA_SIGINFO, blocked
   SIGQUIT: UserHandler in libjvm.so, mask=11100100010111111101111111111110, flags=SA_RESTART|SA_SIGINFO, blocked
   SIGTRAP: crash_handler in libjvm.so, mask=11100100010111111101111111111110, flags=SA_RESTART|SA_SIGINFO, unblocked


Periodic native trim disabled


---------------  S Y S T E M  ---------------

OS:
DISTRIB_ID=Ubuntu
DISTRIB_RELEASE=22.04
DISTRIB_CODENAME=jammy
DISTRIB_DESCRIPTION="Ubuntu 22.04.4 LTS"
uname: Linux 6.8.0-48-generic #48~22.04.1-Ubuntu SMP PREEMPT_DYNAMIC Mon Oct  7 11:24:13 UTC 2 x86_64
OS uptime: 1 days 19:42 hours
libc: glibc 2.35 NPTL 2.35 
rlimit (soft/hard): STACK 8192k/infinity , CORE 0k/infinity , NPROC 79103/79103 , NOFILE 1048576/1048576 , AS infinity/infinity , CPU infinity/infinity , DATA infinity/infinity , FSIZE infinity/infinity , MEMLOCK 2541040k/2541040k
load average: 0.56 0.73 0.69

/proc/meminfo:
MemTotal:       20328344 kB
MemFree:          934096 kB
MemAvailable:    7924524 kB
Buffers:          778400 kB
Cached:          7935756 kB
SwapCached:            0 kB
Active:         10253512 kB
Inactive:        6293156 kB
Active(anon):    8461532 kB
Inactive(anon):  1236944 kB
Active(file):    1791980 kB
Inactive(file):  5056212 kB
Unevictable:     1642748 kB
Mlocked:              64 kB
SwapTotal:             0 kB
SwapFree:              0 kB
Zswap:                 0 kB
Zswapped:              0 kB
Dirty:              1144 kB
Writeback:             0 kB
AnonPages:       9475320 kB
Mapped:          1335892 kB
Shmem:           1865936 kB
KReclaimable:     512356 kB
Slab:             838608 kB
SReclaimable:     512356 kB
SUnreclaim:       326252 kB
KernelStack:       33216 kB
PageTables:       106928 kB
SecPageTables:         0 kB
NFS_Unstable:          0 kB
Bounce:                0 kB
WritebackTmp:          0 kB
CommitLimit:    10164172 kB
Committed_AS:   38080996 kB
VmallocTotal:   34359738367 kB
VmallocUsed:      133284 kB
VmallocChunk:          0 kB
Percpu:            12320 kB
HardwareCorrupted:     0 kB
AnonHugePages:         0 kB
ShmemHugePages:  1441792 kB
ShmemPmdMapped:        0 kB
FileHugePages:         0 kB
FilePmdMapped:         0 kB
Unaccepted:            0 kB
HugePages_Total:       0
HugePages_Free:        0
HugePages_Rsvd:        0
HugePages_Surp:        0
Hugepagesize:       2048 kB
Hugetlb:               0 kB
DirectMap4k:      722596 kB
DirectMap2M:    17999872 kB
DirectMap1G:     2097152 kB

/sys/kernel/mm/transparent_hugepage/enabled: always [madvise] never
/sys/kernel/mm/transparent_hugepage/hpage_pmd_size: 2097152
/sys/kernel/mm/transparent_hugepage/defrag (defrag/compaction efforts parameter): always defer defer+madvise [madvise] never

Process Memory:
Virtual Size: 8933964K (peak: 8933964K)
Resident Set Size: 96468K (peak: 96468K) (anon: 71516K, file: 24952K, shmem: 0K)
Swapped out: 0K
C-Heap outstanding allocations: 39054K, retained: 6509K
glibc malloc tunables: (default)

/proc/sys/kernel/threads-max (system-wide limit on the number of threads): 158207
/proc/sys/vm/max_map_count (maximum number of memory map areas a process may have): 65530
/proc/sys/vm/swappiness (control to define how aggressively the kernel swaps out anonymous memory): 60
/proc/sys/kernel/pid_max (system-wide limit on number of process identifiers): 4194304

container (cgroup) information:
container_type: cgroupv2
cpu_cpuset_cpus: not supported
cpu_memory_nodes: not supported
active_processor_count: 8
cpu_quota: not supported
cpu_period: not supported
cpu_shares: not supported
memory_limit_in_bytes: unlimited
memory_and_swap_limit_in_bytes: unlimited
memory_soft_limit_in_bytes: unlimited
memory_usage_in_bytes: 2742748 k
memory_max_usage_in_bytes: not supported
memory_swap_current_in_bytes: unlimited
memory_swap_max_limit_in_bytes: unlimited
maximum number of tasks: 23731
current number of tasks: 186

Steal ticks since vm start: 0
Steal ticks percentage since vm start:  0.000

CPU: total 8 (initial active 8) (4 cores per cpu, 2 threads per core) family 6 model 142 stepping 11 microcode 0xf6, cx8, cmov, fxsr, ht, mmx, 3dnowpref, sse, sse2, sse3, ssse3, sse4.1, sse4.2, popcnt, lzcnt, tsc, tscinvbit, avx, avx2, aes, erms, clmul, bmi1, bmi2, adx, fma, vzeroupper, clflush, clflushopt
CPU Model and flags from /proc/cpuinfo:
model name	: Intel(R) Core(TM) i7-8565U CPU @ 1.80GHz
flags		: fpu vme de pse tsc msr pae mce cx8 apic sep mtrr pge mca cmov pat pse36 clflush dts acpi mmx fxsr sse sse2 ss ht tm pbe syscall nx pdpe1gb rdtscp lm constant_tsc art arch_perfmon pebs bts rep_good nopl xtopology nonstop_tsc cpuid aperfmperf pni pclmulqdq dtes64 monitor ds_cpl vmx est tm2 ssse3 sdbg fma cx16 xtpr pdcm pcid sse4_1 sse4_2 x2apic movbe popcnt tsc_deadline_timer aes xsave avx f16c rdrand lahf_lm abm 3dnowprefetch cpuid_fault epb ssbd ibrs ibpb stibp tpr_shadow flexpriority ept vpid ept_ad fsgsbase tsc_adjust bmi1 avx2 smep bmi2 erms invpcid mpx rdseed adx smap clflushopt intel_pt xsaveopt xsavec xgetbv1 xsaves dtherm ida arat pln pts hwp hwp_notify hwp_act_window hwp_epp vnmi md_clear flush_l1d arch_capabilities

Online cpus: 0-7
Offline cpus: 
BIOS frequency limitation: <Not Available>
Frequency switch latency (ns): 0
Available cpu frequencies: <Not Available>
Current governor: powersave
Core performance/turbo boost: <Not Available>

Memory: 4k page, physical 20328344k(934096k free), swap 0k(0k free)
Page Sizes: 4k

vm_info: OpenJDK 64-Bit Server VM (17.0.12+7-Ubuntu-1ubuntu222.04) for linux-amd64 JRE (17.0.12+7-Ubuntu-1ubuntu222.04), built on Jul 21 2024 21:22:32 by "buildd" with gcc 11.4.0

END.
