#
# A fatal error has been detected by the Java Runtime Environment:
#
#  SIGSEGV (0xb) at pc=0x000076c17a065ade, pid=271921, tid=271977
#
# JRE version: OpenJDK Runtime Environment (17.0.12+7) (build 17.0.12+7-Ubuntu-1ubuntu222.04)
# Java VM: OpenJDK 64-Bit Server VM (17.0.12+7-Ubuntu-1ubuntu222.04, mixed mode, sharing, tiered, compressed oops, compressed class ptrs, g1 gc, linux-amd64)
# Problematic frame:
# C  [libmesibo.so+0x65ade]
#
# Core dump will be written. Default location: Core dumps may be processed with "/usr/share/apport/apport -p%p -s%s -c%c -d%d -P%P -u%u -g%g -- %E" (or dumping to /home/martin/sources/za.co.ntier.twilio/core.271921)
#
# If you would like to submit a bug report, please visit:
#   https://bugs.launchpad.net/ubuntu/+source/openjdk-17
#

---------------  S U M M A R Y ------------

Command Line: -XX:+ShowCodeDetailsInExceptionMessages -agentlib:jdwp=transport=dt_socket,suspend=y,address=localhost:32891 -Djava.library.path=/home/martin/sources/za.co.ntier.twilio/src/za/ntier/mesibo/linux-x86_64 -javaagent:/home/martin/Software/eclipse-jee-2023-12-R-linux-gtk-x86_64/eclipse/configuration/org.eclipse.osgi/428/0/.cp/lib/javaagent-shaded.jar -Dfile.encoding=UTF-8 -Dstdout.encoding=UTF-8 -Dstderr.encoding=UTF-8 za.ntier.mesibo.MesiboExample

Host: Intel(R) Core(TM) i7-8565U CPU @ 1.80GHz, 8 cores, 19G, Ubuntu 22.04.4 LTS
Time: Sun Nov 10 07:52:07 2024 SAST elapsed time: 2.838618 seconds (0d 0h 0m 2s)

---------------  T H R E A D  ---------------

Current thread is native thread

Stack: [0x000076c1a9ddb000,0x000076c1a9dfe000],  sp=0x000076c1a9dfcd10,  free space=135k
Native frames: (J=compiled Java code, j=interpreted, Vv=VM code, C=native code)
C  [libmesibo.so+0x65ade]
C  [libmesibo.so+0x6e4df]
C  [libmesibo.so+0xae4e5]
C  [libmesibo.so+0xafae3]
C  [libmesibo.so+0xac515]


siginfo: si_signo: 11 (SIGSEGV), si_code: 1 (SEGV_MAPERR), si_addr: 0x0000000000000000

Registers:
RAX=0x0000000000000000, RBX=0x000076c1a9dfd640, RCX=0x0000000000000000, RDX=0x0000000000000000
RSP=0x000076c1a9dfcd10, RBP=0x000076c1a9dfcd30, RSI=0x0000000000000006, RDI=0x000076c1a47a03c0
R8 =0x0000000000000000, R9 =0x0000000000000000, R10=0x0000000000000000, R11=0x0000000000000000
R12=0x000076c1a9dfd640, R13=0x0000000000000002, R14=0x000076c1ac0947d0, R15=0x000076c1aabfe6b0
RIP=0x000076c17a065ade, EFLAGS=0x0000000000010293, CSGSFS=0x002b000000000033, ERR=0x0000000000000004
  TRAPNO=0x000000000000000e


Top of Stack: (sp=0x000076c1a9dfcd10)
0x000076c1a9dfcd10:   0000000000000000 9351da00c1e6c100
0x000076c1a9dfcd20:   0000000600000000 000076c1a47a03c0
0x000076c1a9dfcd30:   000076c1a9dfcd60 000076c17a06e4df
0x000076c1a9dfcd40:   0000000000000000 00007600ac0e566d
0x000076c1a9dfcd50:   0000000600000000 000076c1a47b53a0
0x000076c1a9dfcd60:   000076c1a9dfcd90 000076c17a0ae4e5
0x000076c1a9dfcd70:   0000000600000000 000076c1a47b53a8
0x000076c1a9dfcd80:   00000010a9dfcd90 0000000000000000
0x000076c1a9dfcd90:   000076c1a9dfce20 000076c17a0afae3
0x000076c1a9dfcda0:   0000000000000000 000076c1a47b53a8
0x000076c1a9dfcdb0:   ffffffffffffffff 0000000000000000
0x000076c1a9dfcdc0:   0000000000000000 0000000000000000
0x000076c1a9dfcdd0:   0000000000000000 000626889597e800
0x000076c1a9dfcde0:   000626889597e7e2 0000000000000000
0x000076c1a9dfcdf0:   000626889597e7e7 000626889597e7e7
0x000076c1a9dfce00:   0000000000000000 000076c1a9dfd640
0x000076c1a9dfce10:   000076c1a9dfd640 0000000000000002
0x000076c1a9dfce20:   000076c1a9dfce50 000076c17a0ac515
0x000076c1a9dfce30:   0000000000000000 000076c1a47b53a8
0x000076c1a9dfce40:   0000000000000000 000076c1a47b53a8
0x000076c1a9dfce50:   0000000000000000 000076c1ac094ac3
0x000076c1a9dfce60:   0000000000000000 000076c1a9dfd640
0x000076c1a9dfce70:   000076c1aabfe550 c8d63285733835b6
0x000076c1a9dfce80:   000076c1a9dfd640 0000000000000002
0x000076c1a9dfce90:   000076c1ac0947d0 000076c1aabfe6b0
0x000076c1a9dfcea0:   2555613aeff835b6 25556a97e2ba35b6
0x000076c1a9dfceb0:   0000000000000000 0000000000000000
0x000076c1a9dfcec0:   0000000000000000 0000000000000000
0x000076c1a9dfced0:   0000000000000000 9351dabbc1e6c100
0x000076c1a9dfcee0:   0000000000000000 000076c1aabfe550
0x000076c1a9dfcef0:   0000000000000000 000076c1ac126850
0x000076c1a9dfcf00:   0000000000000000 0000000000000000 

Instructions: (pc=0x000076c17a065ade)
0x000076c17a0659de:   89 7d b8 48 89 75 b0 48 89 55 a8 89 4d a4 44 89
0x000076c17a0659ee:   45 a0 48 8b 45 b8 48 8b 40 20 48 85 c0 75 07 bb
0x000076c17a0659fe:   00 00 00 00 eb 5d 48 8b 45 b0 8b 50 3c 48 8b 4d
0x000076c17a065a0e:   a8 48 8d 45 c0 48 89 ce 48 89 c7 e8 bc 3c 00 00
0x000076c17a065a1e:   8b 45 a4 89 45 c8 8b 45 a0 89 45 cc 48 8b 45 b8
0x000076c17a065a2e:   48 8b 50 20 48 8b 45 b8 48 8b 40 20 48 8b 00 48
0x000076c17a065a3e:   83 c0 28 48 8b 00 48 8d 4d c0 48 89 ce 48 89 d7
0x000076c17a065a4e:   ff d0 bb 00 00 00 00 48 8d 45 c0 48 89 c7 e8 fb
0x000076c17a065a5e:   3c 00 00 89 d8 eb 1a 48 89 c3 48 8d 45 c0 48 89
0x000076c17a065a6e:   c7 e8 e8 3c 00 00 48 89 d8 48 89 c7 e8 c1 d3 ff
0x000076c17a065a7e:   ff 48 83 c4 58 5b 5d c3 55 48 89 e5 48 89 7d f8
0x000076c17a065a8e:   48 89 75 f0 48 89 55 e8 48 89 4d e0 4c 89 45 d8
0x000076c17a065a9e:   b8 00 00 00 00 5d c3 90 55 48 89 e5 48 83 ec 20
0x000076c17a065aae:   48 89 7d f8 89 75 f4 89 55 f0 89 c8 4c 89 45 e0
0x000076c17a065abe:   88 45 ec 83 7d f4 0b 75 07 b8 00 00 00 00 eb 25
0x000076c17a065ace:   48 8b 45 f8 48 8b 50 20 48 8b 45 f8 48 8b 40 20
0x000076c17a065ade:   48 8b 00 48 83 c0 30 48 8b 00 8b 4d f4 89 ce 48
0x000076c17a065aee:   89 d7 ff d0 90 c9 c3 90 55 48 89 e5 48 89 7d f8
0x000076c17a065afe:   89 75 f4 89 55 f0 48 89 4d e8 90 5d c3 90 55 48
0x000076c17a065b0e:   89 e5 48 83 ec 20 48 89 7d f8 48 89 75 f0 89 55
0x000076c17a065b1e:   ec 48 8b 45 f8 48 8b 48 20 48 8b 45 f8 48 8b 40
0x000076c17a065b2e:   20 48 8b 00 48 83 c0 38 48 8b 00 8b 55 ec 48 8b
0x000076c17a065b3e:   75 f0 48 89 cf ff d0 90 c9 c3 55 48 89 e5 48 89
0x000076c17a065b4e:   7d f8 48 89 75 f0 48 89 55 e8 b8 00 00 00 00 5d
0x000076c17a065b5e:   c3 90 55 48 89 e5 48 89 7d f8 89 75 f4 48 89 55
0x000076c17a065b6e:   e8 48 89 4d e0 4c 89 45 d8 44 89 4d f0 b8 00 00
0x000076c17a065b7e:   00 00 5d c3 55 48 89 e5 48 89 7d f8 48 89 75 f0
0x000076c17a065b8e:   b8 00 00 00 00 5d c3 90 55 48 89 e5 48 89 7d f8
0x000076c17a065b9e:   48 89 75 f0 b8 00 00 00 00 5d c3 90 55 48 89 e5
0x000076c17a065bae:   48 89 7d f8 48 89 75 f0 89 55 ec 89 4d e8 b8 00
0x000076c17a065bbe:   00 00 00 5d c3 90 55 48 89 e5 48 89 7d f8 89 75
0x000076c17a065bce:   f4 48 89 55 e8 48 89 4d e0 4c 89 45 d8 b8 00 00 



---------------  P R O C E S S  ---------------

VM state: not at safepoint (normal execution)

VM Mutex/Monitor currently owned by a thread: None

Heap address: 0x00000006c9c00000, size: 4964 MB, Compressed Oops mode: Zero based, Oop shift amount: 3

CDS archive(s) mapped at: [0x000076c123000000-0x000076c123bc4000-0x000076c123bc4000), size 12337152, SharedBaseAddress: 0x000076c123000000, ArchiveRelocationMode: 1.
Compressed class space mapped at: 0x000076c124000000-0x000076c164000000, reserved size: 1073741824
Narrow klass base: 0x000076c123000000, Narrow klass shift: 0, Narrow klass range: 0x100000000

GC Precious Log:
<Skipped>

Heap:
 garbage-first heap   total 327680K, used 17878K [0x00000006c9c00000, 0x0000000800000000)
  region size 4096K, 3 young (12288K), 1 survivors (4096K)
 Metaspace       used 4225K, committed 4288K, reserved 1114112K
  class space    used 374K, committed 384K, reserved 1048576K

Heap Regions: E=young(eden), S=young(survivor), O=old, HS=humongous(starts), HC=humongous(continues), CS=collection set, F=free, OA=open archive, CA=closed archive, TAMS=top-at-mark-start (previous, next)
|   0|0x00000006c9c00000, 0x00000006c9e4a800, 0x00000006ca000000| 57%| O|  |TAMS 0x00000006c9c00000, 0x00000006c9c00000| Untracked 
|   1|0x00000006ca000000, 0x00000006ca000000, 0x00000006ca400000|  0%| F|  |TAMS 0x00000006ca000000, 0x00000006ca000000| Untracked 
|   2|0x00000006ca400000, 0x00000006ca400000, 0x00000006ca800000|  0%| F|  |TAMS 0x00000006ca400000, 0x00000006ca400000| Untracked 
|   3|0x00000006ca800000, 0x00000006ca800000, 0x00000006cac00000|  0%| F|  |TAMS 0x00000006ca800000, 0x00000006ca800000| Untracked 
|   4|0x00000006cac00000, 0x00000006cac00000, 0x00000006cb000000|  0%| F|  |TAMS 0x00000006cac00000, 0x00000006cac00000| Untracked 
|   5|0x00000006cb000000, 0x00000006cb000000, 0x00000006cb400000|  0%| F|  |TAMS 0x00000006cb000000, 0x00000006cb000000| Untracked 
|   6|0x00000006cb400000, 0x00000006cb400000, 0x00000006cb800000|  0%| F|  |TAMS 0x00000006cb400000, 0x00000006cb400000| Untracked 
|   7|0x00000006cb800000, 0x00000006cb800000, 0x00000006cbc00000|  0%| F|  |TAMS 0x00000006cb800000, 0x00000006cb800000| Untracked 
|   8|0x00000006cbc00000, 0x00000006cbc00000, 0x00000006cc000000|  0%| F|  |TAMS 0x00000006cbc00000, 0x00000006cbc00000| Untracked 
|   9|0x00000006cc000000, 0x00000006cc000000, 0x00000006cc400000|  0%| F|  |TAMS 0x00000006cc000000, 0x00000006cc000000| Untracked 
|  10|0x00000006cc400000, 0x00000006cc400000, 0x00000006cc800000|  0%| F|  |TAMS 0x00000006cc400000, 0x00000006cc400000| Untracked 
|  11|0x00000006cc800000, 0x00000006cc800000, 0x00000006ccc00000|  0%| F|  |TAMS 0x00000006cc800000, 0x00000006cc800000| Untracked 
|  12|0x00000006ccc00000, 0x00000006ccc00000, 0x00000006cd000000|  0%| F|  |TAMS 0x00000006ccc00000, 0x00000006ccc00000| Untracked 
|  13|0x00000006cd000000, 0x00000006cd000000, 0x00000006cd400000|  0%| F|  |TAMS 0x00000006cd000000, 0x00000006cd000000| Untracked 
|  14|0x00000006cd400000, 0x00000006cd400000, 0x00000006cd800000|  0%| F|  |TAMS 0x00000006cd400000, 0x00000006cd400000| Untracked 
|  15|0x00000006cd800000, 0x00000006cd800000, 0x00000006cdc00000|  0%| F|  |TAMS 0x00000006cd800000, 0x00000006cd800000| Untracked 
|  16|0x00000006cdc00000, 0x00000006cdc00000, 0x00000006ce000000|  0%| F|  |TAMS 0x00000006cdc00000, 0x00000006cdc00000| Untracked 
|  17|0x00000006ce000000, 0x00000006ce000000, 0x00000006ce400000|  0%| F|  |TAMS 0x00000006ce000000, 0x00000006ce000000| Untracked 
|  18|0x00000006ce400000, 0x00000006ce400000, 0x00000006ce800000|  0%| F|  |TAMS 0x00000006ce400000, 0x00000006ce400000| Untracked 
|  19|0x00000006ce800000, 0x00000006ce800000, 0x00000006cec00000|  0%| F|  |TAMS 0x00000006ce800000, 0x00000006ce800000| Untracked 
|  20|0x00000006cec00000, 0x00000006cec00000, 0x00000006cf000000|  0%| F|  |TAMS 0x00000006cec00000, 0x00000006cec00000| Untracked 
|  21|0x00000006cf000000, 0x00000006cf000000, 0x00000006cf400000|  0%| F|  |TAMS 0x00000006cf000000, 0x00000006cf000000| Untracked 
|  22|0x00000006cf400000, 0x00000006cf400000, 0x00000006cf800000|  0%| F|  |TAMS 0x00000006cf400000, 0x00000006cf400000| Untracked 
|  23|0x00000006cf800000, 0x00000006cf800000, 0x00000006cfc00000|  0%| F|  |TAMS 0x00000006cf800000, 0x00000006cf800000| Untracked 
|  24|0x00000006cfc00000, 0x00000006cfc00000, 0x00000006d0000000|  0%| F|  |TAMS 0x00000006cfc00000, 0x00000006cfc00000| Untracked 
|  25|0x00000006d0000000, 0x00000006d0000000, 0x00000006d0400000|  0%| F|  |TAMS 0x00000006d0000000, 0x00000006d0000000| Untracked 
|  26|0x00000006d0400000, 0x00000006d0400000, 0x00000006d0800000|  0%| F|  |TAMS 0x00000006d0400000, 0x00000006d0400000| Untracked 
|  27|0x00000006d0800000, 0x00000006d0800000, 0x00000006d0c00000|  0%| F|  |TAMS 0x00000006d0800000, 0x00000006d0800000| Untracked 
|  28|0x00000006d0c00000, 0x00000006d0c00000, 0x00000006d1000000|  0%| F|  |TAMS 0x00000006d0c00000, 0x00000006d0c00000| Untracked 
|  29|0x00000006d1000000, 0x00000006d1000000, 0x00000006d1400000|  0%| F|  |TAMS 0x00000006d1000000, 0x00000006d1000000| Untracked 
|  30|0x00000006d1400000, 0x00000006d1400000, 0x00000006d1800000|  0%| F|  |TAMS 0x00000006d1400000, 0x00000006d1400000| Untracked 
|  31|0x00000006d1800000, 0x00000006d1800000, 0x00000006d1c00000|  0%| F|  |TAMS 0x00000006d1800000, 0x00000006d1800000| Untracked 
|  32|0x00000006d1c00000, 0x00000006d1c00000, 0x00000006d2000000|  0%| F|  |TAMS 0x00000006d1c00000, 0x00000006d1c00000| Untracked 
|  33|0x00000006d2000000, 0x00000006d2000000, 0x00000006d2400000|  0%| F|  |TAMS 0x00000006d2000000, 0x00000006d2000000| Untracked 
|  34|0x00000006d2400000, 0x00000006d2400000, 0x00000006d2800000|  0%| F|  |TAMS 0x00000006d2400000, 0x00000006d2400000| Untracked 
|  35|0x00000006d2800000, 0x00000006d2800000, 0x00000006d2c00000|  0%| F|  |TAMS 0x00000006d2800000, 0x00000006d2800000| Untracked 
|  36|0x00000006d2c00000, 0x00000006d2c00000, 0x00000006d3000000|  0%| F|  |TAMS 0x00000006d2c00000, 0x00000006d2c00000| Untracked 
|  37|0x00000006d3000000, 0x00000006d3000000, 0x00000006d3400000|  0%| F|  |TAMS 0x00000006d3000000, 0x00000006d3000000| Untracked 
|  38|0x00000006d3400000, 0x00000006d3400000, 0x00000006d3800000|  0%| F|  |TAMS 0x00000006d3400000, 0x00000006d3400000| Untracked 
|  39|0x00000006d3800000, 0x00000006d3800000, 0x00000006d3c00000|  0%| F|  |TAMS 0x00000006d3800000, 0x00000006d3800000| Untracked 
|  40|0x00000006d3c00000, 0x00000006d3c00000, 0x00000006d4000000|  0%| F|  |TAMS 0x00000006d3c00000, 0x00000006d3c00000| Untracked 
|  41|0x00000006d4000000, 0x00000006d4000000, 0x00000006d4400000|  0%| F|  |TAMS 0x00000006d4000000, 0x00000006d4000000| Untracked 
|  42|0x00000006d4400000, 0x00000006d4400000, 0x00000006d4800000|  0%| F|  |TAMS 0x00000006d4400000, 0x00000006d4400000| Untracked 
|  43|0x00000006d4800000, 0x00000006d4800000, 0x00000006d4c00000|  0%| F|  |TAMS 0x00000006d4800000, 0x00000006d4800000| Untracked 
|  44|0x00000006d4c00000, 0x00000006d4c00000, 0x00000006d5000000|  0%| F|  |TAMS 0x00000006d4c00000, 0x00000006d4c00000| Untracked 
|  45|0x00000006d5000000, 0x00000006d5000000, 0x00000006d5400000|  0%| F|  |TAMS 0x00000006d5000000, 0x00000006d5000000| Untracked 
|  46|0x00000006d5400000, 0x00000006d5400000, 0x00000006d5800000|  0%| F|  |TAMS 0x00000006d5400000, 0x00000006d5400000| Untracked 
|  47|0x00000006d5800000, 0x00000006d5800000, 0x00000006d5c00000|  0%| F|  |TAMS 0x00000006d5800000, 0x00000006d5800000| Untracked 
|  48|0x00000006d5c00000, 0x00000006d5c00000, 0x00000006d6000000|  0%| F|  |TAMS 0x00000006d5c00000, 0x00000006d5c00000| Untracked 
|  49|0x00000006d6000000, 0x00000006d6000000, 0x00000006d6400000|  0%| F|  |TAMS 0x00000006d6000000, 0x00000006d6000000| Untracked 
|  50|0x00000006d6400000, 0x00000006d6400000, 0x00000006d6800000|  0%| F|  |TAMS 0x00000006d6400000, 0x00000006d6400000| Untracked 
|  51|0x00000006d6800000, 0x00000006d6800000, 0x00000006d6c00000|  0%| F|  |TAMS 0x00000006d6800000, 0x00000006d6800000| Untracked 
|  52|0x00000006d6c00000, 0x00000006d6c00000, 0x00000006d7000000|  0%| F|  |TAMS 0x00000006d6c00000, 0x00000006d6c00000| Untracked 
|  53|0x00000006d7000000, 0x00000006d7000000, 0x00000006d7400000|  0%| F|  |TAMS 0x00000006d7000000, 0x00000006d7000000| Untracked 
|  54|0x00000006d7400000, 0x00000006d7400000, 0x00000006d7800000|  0%| F|  |TAMS 0x00000006d7400000, 0x00000006d7400000| Untracked 
|  55|0x00000006d7800000, 0x00000006d7800000, 0x00000006d7c00000|  0%| F|  |TAMS 0x00000006d7800000, 0x00000006d7800000| Untracked 
|  56|0x00000006d7c00000, 0x00000006d7c00000, 0x00000006d8000000|  0%| F|  |TAMS 0x00000006d7c00000, 0x00000006d7c00000| Untracked 
|  57|0x00000006d8000000, 0x00000006d8000000, 0x00000006d8400000|  0%| F|  |TAMS 0x00000006d8000000, 0x00000006d8000000| Untracked 
|  58|0x00000006d8400000, 0x00000006d8400000, 0x00000006d8800000|  0%| F|  |TAMS 0x00000006d8400000, 0x00000006d8400000| Untracked 
|  59|0x00000006d8800000, 0x00000006d8800000, 0x00000006d8c00000|  0%| F|  |TAMS 0x00000006d8800000, 0x00000006d8800000| Untracked 
|  60|0x00000006d8c00000, 0x00000006d8c00000, 0x00000006d9000000|  0%| F|  |TAMS 0x00000006d8c00000, 0x00000006d8c00000| Untracked 
|  61|0x00000006d9000000, 0x00000006d9000000, 0x00000006d9400000|  0%| F|  |TAMS 0x00000006d9000000, 0x00000006d9000000| Untracked 
|  62|0x00000006d9400000, 0x00000006d9400000, 0x00000006d9800000|  0%| F|  |TAMS 0x00000006d9400000, 0x00000006d9400000| Untracked 
|  63|0x00000006d9800000, 0x00000006d9800000, 0x00000006d9c00000|  0%| F|  |TAMS 0x00000006d9800000, 0x00000006d9800000| Untracked 
|  64|0x00000006d9c00000, 0x00000006d9c00000, 0x00000006da000000|  0%| F|  |TAMS 0x00000006d9c00000, 0x00000006d9c00000| Untracked 
|  65|0x00000006da000000, 0x00000006da000000, 0x00000006da400000|  0%| F|  |TAMS 0x00000006da000000, 0x00000006da000000| Untracked 
|  66|0x00000006da400000, 0x00000006da400000, 0x00000006da800000|  0%| F|  |TAMS 0x00000006da400000, 0x00000006da400000| Untracked 
|  67|0x00000006da800000, 0x00000006da800000, 0x00000006dac00000|  0%| F|  |TAMS 0x00000006da800000, 0x00000006da800000| Untracked 
|  68|0x00000006dac00000, 0x00000006dac00000, 0x00000006db000000|  0%| F|  |TAMS 0x00000006dac00000, 0x00000006dac00000| Untracked 
|  69|0x00000006db000000, 0x00000006db000000, 0x00000006db400000|  0%| F|  |TAMS 0x00000006db000000, 0x00000006db000000| Untracked 
|  70|0x00000006db400000, 0x00000006db400000, 0x00000006db800000|  0%| F|  |TAMS 0x00000006db400000, 0x00000006db400000| Untracked 
|  71|0x00000006db800000, 0x00000006db800000, 0x00000006dbc00000|  0%| F|  |TAMS 0x00000006db800000, 0x00000006db800000| Untracked 
|  72|0x00000006dbc00000, 0x00000006dc000000, 0x00000006dc000000|100%| S|CS|TAMS 0x00000006dbc00000, 0x00000006dbc00000| Complete 
|  73|0x00000006dc000000, 0x00000006dc000000, 0x00000006dc400000|  0%| F|  |TAMS 0x00000006dc000000, 0x00000006dc000000| Untracked 
|  74|0x00000006dc400000, 0x00000006dc400000, 0x00000006dc800000|  0%| F|  |TAMS 0x00000006dc400000, 0x00000006dc400000| Untracked 
|  75|0x00000006dc800000, 0x00000006dc800000, 0x00000006dcc00000|  0%| F|  |TAMS 0x00000006dc800000, 0x00000006dc800000| Untracked 
|  76|0x00000006dcc00000, 0x00000006dcf3f0a0, 0x00000006dd000000| 81%| E|  |TAMS 0x00000006dcc00000, 0x00000006dcc00000| Complete 
|  77|0x00000006dd000000, 0x00000006dd400000, 0x00000006dd400000|100%| E|  |TAMS 0x00000006dd000000, 0x00000006dd000000| Complete 
|1239|0x00000007ff800000, 0x00000007ffb75000, 0x00000007ffc00000| 86%|OA|  |TAMS 0x00000007ff800000, 0x00000007ff800000| Untracked 
|1240|0x00000007ffc00000, 0x00000007ffc77000, 0x0000000800000000| 11%|CA|  |TAMS 0x00000007ffc00000, 0x00000007ffc00000| Untracked 

Card table byte_map: [0x000076c1a8a00000,0x000076c1a93b2000] _byte_map_base: 0x000076c1a53b2000

Marking Bits (Prev, Next): (CMBitMap*) 0x000076c1a40915b0, (CMBitMap*) 0x000076c1a40915f0
 Prev Bits: [0x000076c187c00000, 0x000076c18c990000)
 Next Bits: [0x000076c182e00000, 0x000076c187b90000)

Polling page: 0x000076c1ac426000

Metaspace:

Usage:
  Non-class:      3.76 MB used.
      Class:    374.02 KB used.
       Both:      4.13 MB used.

Virtual space:
  Non-class space:       64.00 MB reserved,       3.81 MB (  6%) committed,  1 nodes.
      Class space:        1.00 GB reserved,     384.00 KB ( <1%) committed,  1 nodes.
             Both:        1.06 GB reserved,       4.19 MB ( <1%) committed. 

Chunk freelists:
   Non-Class:  11.34 MB
       Class:  15.56 MB
        Both:  26.91 MB

MaxMetaspaceSize: unlimited
CompressedClassSpaceSize: 1.00 GB
Initial GC threshold: 21.00 MB
Current GC threshold: 21.00 MB
CDS: on
MetaspaceReclaimPolicy: balanced
 - commit_granule_bytes: 65536.
 - commit_granule_words: 8192.
 - virtual_space_node_default_size: 8388608.
 - enlarge_chunks_in_place: 1.
 - new_chunks_are_fully_committed: 0.
 - uncommit_free_chunks: 1.
 - use_allocation_guard: 0.
 - handle_deallocations: 1.


Internal statistics:

num_allocs_failed_limit: 0.
num_arena_births: 28.
num_arena_deaths: 0.
num_vsnodes_births: 2.
num_vsnodes_deaths: 0.
num_space_committed: 67.
num_space_uncommitted: 0.
num_chunks_returned_to_freelist: 0.
num_chunks_taken_from_freelist: 64.
num_chunk_merges: 0.
num_chunk_splits: 42.
num_chunks_enlarged: 33.
num_inconsistent_stats: 0.

CodeHeap 'non-profiled nmethods': size=120028Kb used=388Kb max_used=388Kb free=119639Kb
 bounds [0x000076c194ec9000, 0x000076c195139000, 0x000076c19c400000]
CodeHeap 'profiled nmethods': size=120028Kb used=1969Kb max_used=1969Kb free=118058Kb
 bounds [0x000076c18d400000, 0x000076c18d670000, 0x000076c194937000]
CodeHeap 'non-nmethods': size=5704Kb used=1186Kb max_used=1230Kb free=4517Kb
 bounds [0x000076c194937000, 0x000076c194ba7000, 0x000076c194ec9000]
 total_blobs=1452 nmethods=1033 adapters=333
 compilation: enabled
              stopped_count=0, restarted_count=0
 full_count=0

Compilation events (20 events):
Event: 0.636 Thread 0x000076c1a4154cc0 1019       3       java.util.concurrent.ConcurrentHashMap$ValueIterator::next (34 bytes)
Event: 0.636 Thread 0x000076c1a4154cc0 nmethod 1019 0x000076c18d5e5810 code [0x000076c18d5e59e0, 0x000076c18d5e5c70]
Event: 0.636 Thread 0x000076c1a4154cc0 1026       3       java.util.Optional::empty (6 bytes)
Event: 0.636 Thread 0x000076c1a4154cc0 nmethod 1026 0x000076c18d5e5d90 code [0x000076c18d5e5f20, 0x000076c18d5e6010]
Event: 0.638 Thread 0x000076c0ec190c30 nmethod 1014 0x000076c194f27310 code [0x000076c194f274a0, 0x000076c194f277b8]
Event: 0.653 Thread 0x000076c0ec1db930 nmethod 1023 0x000076c194f27a90 code [0x000076c194f27c60, 0x000076c194f287c8]
Event: 0.678 Thread 0x000076c1a4154cc0 1027       3       java.util.jar.JarFile::getVersionedEntry (133 bytes)
Event: 0.679 Thread 0x000076c0ec1db930 1029       4       java.util.Arrays::copyOf (19 bytes)
Event: 0.679 Thread 0x000076c1a4154cc0 nmethod 1027 0x000076c18d5e6090 code [0x000076c18d5e6380, 0x000076c18d5e7190]
Event: 0.679 Thread 0x000076c1a4154cc0 1028       3       java.util.zip.ZipFile$1::getMetaInfVersions (5 bytes)
Event: 0.680 Thread 0x000076c0ec190c30 1031       4       org.eclipse.jdt.launching.internal.org.objectweb.asm.ByteVector::putShort (52 bytes)
Event: 0.680 Thread 0x000076c1a4154cc0 nmethod 1028 0x000076c18d5e7790 code [0x000076c18d5e7960, 0x000076c18d5e7c20]
Event: 0.680 Thread 0x000076c1a4154cc0 1030       3       org.eclipse.jdt.launching.internal.org.objectweb.asm.MethodWriter::putMethodInfo (1274 bytes)
Event: 0.680 Thread 0x000076c0ec1db930 nmethod 1029 0x000076c194f29110 code [0x000076c194f292a0, 0x000076c194f294b8]
Event: 0.681 Thread 0x000076c0ec190c30 nmethod 1031 0x000076c194f29610 code [0x000076c194f297a0, 0x000076c194f29948]
Event: 0.683 Thread 0x000076c1a4154cc0 nmethod 1030 0x000076c18d5e7e10 code [0x000076c18d5e84e0, 0x000076c18d5eada0]
Event: 0.683 Thread 0x000076c1a4154cc0 1033       3       org.eclipse.jdt.launching.internal.org.objectweb.asm.SymbolTable::addConstantClass (8 bytes)
Event: 0.683 Thread 0x000076c1a4154cc0 nmethod 1033 0x000076c18d5ec210 code [0x000076c18d5ec3c0, 0x000076c18d5ec500]
Event: 0.683 Thread 0x000076c1a4154cc0 1032       1       sun.instrument.TransformerManager::getSnapshotTransformerList (5 bytes)
Event: 0.683 Thread 0x000076c1a4154cc0 nmethod 1032 0x000076c194f29a90 code [0x000076c194f29c20, 0x000076c194f29cf0]

GC Heap History (2 events):
Event: 0.458 GC heap before
{Heap before GC invocations=0 (full 0):
 garbage-first heap   total 327680K, used 20400K [0x00000006c9c00000, 0x0000000800000000)
  region size 4096K, 5 young (20480K), 0 survivors (0K)
 Metaspace       used 2787K, committed 2944K, reserved 1114112K
  class space    used 240K, committed 320K, reserved 1048576K
}
Event: 0.462 GC heap after
{Heap after GC invocations=1 (full 0):
 garbage-first heap   total 327680K, used 10458K [0x00000006c9c00000, 0x0000000800000000)
  region size 4096K, 1 young (4096K), 1 survivors (4096K)
 Metaspace       used 2787K, committed 2944K, reserved 1114112K
  class space    used 240K, committed 320K, reserved 1048576K
}

Dll operation events (9 events):
Event: 0.002 Loaded shared library /usr/lib/jvm/java-17-openjdk-amd64/lib/libjava.so
Event: 0.017 Loaded shared library /usr/lib/jvm/java-17-openjdk-amd64/lib/libjsvml.so
Event: 0.117 Loaded shared library /usr/lib/jvm/java-17-openjdk-amd64/lib/libzip.so
Event: 0.119 Loaded shared library /usr/lib/jvm/java-17-openjdk-amd64/lib/libinstrument.so
Event: 0.122 Loaded shared library /usr/lib/jvm/java-17-openjdk-amd64/lib/libnio.so
Event: 0.125 Loaded shared library /usr/lib/jvm/java-17-openjdk-amd64/lib/libzip.so
Event: 0.226 Loaded shared library /usr/lib/jvm/java-17-openjdk-amd64/lib/libjimage.so
Event: 0.506 Loaded shared library /usr/lib/jvm/java-17-openjdk-amd64/lib/libverify.so
Event: 0.543 Loaded shared library /home/martin/sources/za.co.ntier.twilio/src/za/ntier/mesibo/linux-x86_64/libjniMesiboLibrary.so

Deoptimization events (20 events):
Event: 0.410 Thread 0x000076c1a401ab50 DEOPT PACKING pc=0x000076c18d4ebd9b sp=0x000076c1aabfaf40
Event: 0.410 Thread 0x000076c1a401ab50 DEOPT UNPACKING pc=0x000076c19498de2f sp=0x000076c1aabfa3f0 mode 0
Event: 0.453 Thread 0x000076c1a401ab50 DEOPT PACKING pc=0x000076c18d5360b4 sp=0x000076c1aabfbfd0
Event: 0.453 Thread 0x000076c1a401ab50 DEOPT UNPACKING pc=0x000076c19498de2f sp=0x000076c1aabfb4c0 mode 1
Event: 0.479 Thread 0x000076c1a401ab50 DEOPT PACKING pc=0x000076c18d4e9116 sp=0x000076c1aabfdcd0
Event: 0.479 Thread 0x000076c1a401ab50 DEOPT UNPACKING pc=0x000076c19498de2f sp=0x000076c1aabfd160 mode 0
Event: 0.495 Thread 0x000076c1a401ab50 DEOPT PACKING pc=0x000076c18d403df8 sp=0x000076c1aabf9140
Event: 0.495 Thread 0x000076c1a401ab50 DEOPT UNPACKING pc=0x000076c19498de2f sp=0x000076c1aabf85e8 mode 0
Event: 0.542 Thread 0x000076c1a401ab50 Uncommon trap: trap_request=0xffffff6e fr.pc=0x000076c194f140a8 relative=0x0000000000000488
Event: 0.542 Thread 0x000076c1a401ab50 Uncommon trap: reason=loop_limit_check action=maybe_recompile pc=0x000076c194f140a8 method=java.lang.StringLatin1.indexOf([BI[BII)I @ 37 c2
Event: 0.542 Thread 0x000076c1a401ab50 DEOPT PACKING pc=0x000076c194f140a8 sp=0x000076c1aabfe430
Event: 0.542 Thread 0x000076c1a401ab50 DEOPT UNPACKING pc=0x000076c19498d699 sp=0x000076c1aabfe3b0 mode 2
Event: 0.545 Thread 0x000076c1a401ab50 Uncommon trap: trap_request=0xffffff45 fr.pc=0x000076c194ed1f3c relative=0x000000000000009c
Event: 0.545 Thread 0x000076c1a401ab50 Uncommon trap: reason=unstable_if action=reinterpret pc=0x000076c194ed1f3c method=java.lang.String.hashCode()I @ 42 c2
Event: 0.545 Thread 0x000076c1a401ab50 DEOPT PACKING pc=0x000076c194ed1f3c sp=0x000076c1aabfbde0
Event: 0.545 Thread 0x000076c1a401ab50 DEOPT UNPACKING pc=0x000076c19498d699 sp=0x000076c1aabfbd98 mode 2
Event: 0.615 Thread 0x000076c1a401ab50 Uncommon trap: trap_request=0xffffff45 fr.pc=0x000076c194f0ebbc relative=0x000000000000187c
Event: 0.615 Thread 0x000076c1a401ab50 Uncommon trap: reason=unstable_if action=reinterpret pc=0x000076c194f0ebbc method=java.util.LinkedHashMap.afterNodeInsertion(Z)V @ 1 c2
Event: 0.615 Thread 0x000076c1a401ab50 DEOPT PACKING pc=0x000076c194f0ebbc sp=0x000076c1aabfd0b0
Event: 0.615 Thread 0x000076c1a401ab50 DEOPT UNPACKING pc=0x000076c19498d699 sp=0x000076c1aabfd040 mode 2

Classes loaded (20 events):
Event: 0.615 Loading class java/lang/reflect/Proxy$ProxyBuilder$1
Event: 0.615 Loading class java/lang/reflect/Proxy$ProxyBuilder$1 done
Event: 0.615 Loading class java/lang/annotation/Target
Event: 0.615 Loading class java/lang/annotation/Target done
Event: 0.619 Loading class java/lang/reflect/UndeclaredThrowableException
Event: 0.619 Loading class java/lang/reflect/UndeclaredThrowableException done
Event: 0.619 Loading class java/lang/Class$AnnotationData
Event: 0.619 Loading class java/lang/Class$AnnotationData done
Event: 0.629 Loading class java/lang/InstantiationException
Event: 0.629 Loading class java/lang/InstantiationException done
Event: 0.630 Loading class java/lang/ProcessEnvironment
Event: 0.630 Loading class java/lang/ProcessEnvironment done
Event: 0.631 Loading class java/lang/ProcessEnvironment$Variable
Event: 0.631 Loading class java/lang/ProcessEnvironment$ExternalData
Event: 0.631 Loading class java/lang/ProcessEnvironment$ExternalData done
Event: 0.631 Loading class java/lang/ProcessEnvironment$Variable done
Event: 0.631 Loading class java/lang/ProcessEnvironment$Value
Event: 0.631 Loading class java/lang/ProcessEnvironment$Value done
Event: 0.631 Loading class java/lang/ProcessEnvironment$StringEnvironment
Event: 0.631 Loading class java/lang/ProcessEnvironment$StringEnvironment done

Classes unloaded (0 events):
No events

Classes redefined (0 events):
No events

Internal exceptions (7 events):
Event: 0.125 Thread 0x000076c1a401ab50 Implicit null exception at 0x000076c194ed4a55 to 0x000076c194ed4bc0
Event: 0.588 Thread 0x000076c1a401ab50 Exception <a 'java/lang/NoSuchMethodError'{0x00000006dcd83040}: 'int java.lang.invoke.DirectMethodHandle$Holder.invokeStaticInit(java.lang.Object, java.lang.Object, java.lang.Object, java.lang.Object)'> (0x00000006dcd83040) 
thrown [./src/hotspot/share/interpreter/linkResolver.cpp, line 758]
Event: 0.591 Thread 0x000076c1a401ab50 Exception <a 'java/lang/NoSuchMethodError'{0x00000006dcd8cec0}: 'java.lang.Object java.lang.invoke.DirectMethodHandle$Holder.invokeInterface(java.lang.Object, java.lang.Object)'> (0x00000006dcd8cec0) 
thrown [./src/hotspot/share/interpreter/linkResolver.cpp, line 758]
Event: 0.591 Thread 0x000076c1a401ab50 Exception <a 'java/lang/IncompatibleClassChangeError'{0x00000006dcd90410}: Found class java.lang.Object, but interface was expected> (0x00000006dcd90410) 
thrown [./src/hotspot/share/interpreter/linkResolver.cpp, line 826]
Event: 0.592 Thread 0x000076c1a401ab50 Exception <a 'java/lang/NoSuchMethodError'{0x00000006dcd93a58}: 'void java.lang.invoke.DirectMethodHandle$Holder.invokeStatic(java.lang.Object, java.lang.Object)'> (0x00000006dcd93a58) 
thrown [./src/hotspot/share/interpreter/linkResolver.cpp, line 758]
Event: 0.593 Thread 0x000076c1a401ab50 Exception <a 'java/lang/NoSuchMethodError'{0x00000006dcd970c8}: 'void java.lang.invoke.DirectMethodHandle$Holder.invokeStaticInit(java.lang.Object, java.lang.Object)'> (0x00000006dcd970c8) 
thrown [./src/hotspot/share/interpreter/linkResolver.cpp, line 758]
Event: 0.594 Thread 0x000076c1a401ab50 Exception <a 'java/lang/NoSuchMethodError'{0x00000006dcd9f6d0}: 'int java.lang.invoke.DirectMethodHandle$Holder.invokeStaticInit(java.lang.Object, java.lang.Object)'> (0x00000006dcd9f6d0) 
thrown [./src/hotspot/share/interpreter/linkResolver.cpp, line 758]

VM Operations (20 events):
Event: 0.074 Executing VM operation: ChangeBreakpoints
Event: 0.074 Executing VM operation: ChangeBreakpoints done
Event: 0.101 Executing VM operation: ChangeBreakpoints
Event: 0.101 Executing VM operation: ChangeBreakpoints done
Event: 0.186 Executing VM operation: HandshakeAllThreads
Event: 0.186 Executing VM operation: HandshakeAllThreads done
Event: 0.209 Executing VM operation: HandshakeAllThreads
Event: 0.209 Executing VM operation: HandshakeAllThreads done
Event: 0.209 Executing VM operation: HandshakeAllThreads
Event: 0.209 Executing VM operation: HandshakeAllThreads done
Event: 0.452 Executing VM operation: HandshakeAllThreads
Event: 0.452 Executing VM operation: HandshakeAllThreads done
Event: 0.456 Executing VM operation: G1CollectForAllocation
Event: 0.462 Executing VM operation: G1CollectForAllocation done
Event: 0.537 Executing VM operation: ChangeBreakpoints
Event: 0.537 Executing VM operation: ChangeBreakpoints done
Event: 0.602 Executing VM operation: HandshakeAllThreads
Event: 0.602 Executing VM operation: HandshakeAllThreads done
Event: 1.602 Executing VM operation: Cleanup
Event: 1.602 Executing VM operation: Cleanup done

Events (20 events):
Event: 0.023 Thread 0x000076c1a4154cc0 Thread added: 0x000076c1a4154cc0
Event: 0.023 Protecting memory [0x000076c18022b000,0x000076c18022f000] with protection modes 0
Event: 0.023 Thread 0x000076c1a415e130 Thread added: 0x000076c1a415e130
Event: 0.023 Protecting memory [0x000076c18012b000,0x000076c18012f000] with protection modes 0
Event: 0.049 Thread 0x000076c1a41699f0 Thread added: 0x000076c1a41699f0
Event: 0.049 Protecting memory [0x000076c18002b000,0x000076c18002f000] with protection modes 0
Event: 0.073 Thread 0x000076c1a41b03e0 Thread added: 0x000076c1a41b03e0
Event: 0.073 Protecting memory [0x000076c17b900000,0x000076c17b904000] with protection modes 0
Event: 0.073 Thread 0x000076c1a41b3490 Thread added: 0x000076c1a41b3490
Event: 0.073 Protecting memory [0x000076c17b800000,0x000076c17b804000] with protection modes 0
Event: 0.074 Thread 0x000076c0dc001120 Thread added: 0x000076c0dc001120
Event: 0.074 Protecting memory [0x000076c17b700000,0x000076c17b704000] with protection modes 0
Event: 0.350 Thread 0x000076c0ec190c30 Thread added: 0x000076c0ec190c30
Event: 0.350 Protecting memory [0x000076c17b600000,0x000076c17b604000] with protection modes 0
Event: 0.423 Thread 0x000076c0ec1db930 Thread added: 0x000076c0ec1db930
Event: 0.423 Protecting memory [0x000076c17b500000,0x000076c17b504000] with protection modes 0
Event: 0.502 Thread 0x000076c1a470a680 Thread added: 0x000076c1a470a680
Event: 0.502 Protecting memory [0x000076c17adfa000,0x000076c17adfe000] with protection modes 0
Event: 0.585 Thread 0x000076c1a478ba20 Thread added: 0x000076c1a478ba20
Event: 0.585 Protecting memory [0x000076c17ab00000,0x000076c17ab04000] with protection modes 0


Dynamic libraries:
6c9c00000-6dd400000 rw-p 00000000 00:00 0 
6dd400000-7ff800000 ---p 00000000 00:00 0 
7ff800000-7ffb00000 rw-p 00000000 00:00 0 
7ffb00000-7ffb75000 rw-p 00c73000 08:12 3937446                          /usr/lib/jvm/java-17-openjdk-amd64/lib/server/classes.jsa
7ffb75000-7ffc00000 rw-p 00000000 00:00 0 
7ffc00000-7ffc77000 rw-p 00bfc000 08:12 3937446                          /usr/lib/jvm/java-17-openjdk-amd64/lib/server/classes.jsa
7ffc77000-800000000 rw-p 00000000 00:00 0 
5b4c43f84000-5b4c43f85000 r--p 00000000 08:12 3937371                    /usr/lib/jvm/java-17-openjdk-amd64/bin/java
5b4c43f85000-5b4c43f86000 r-xp 00001000 08:12 3937371                    /usr/lib/jvm/java-17-openjdk-amd64/bin/java
5b4c43f86000-5b4c43f87000 r--p 00002000 08:12 3937371                    /usr/lib/jvm/java-17-openjdk-amd64/bin/java
5b4c43f87000-5b4c43f88000 r--p 00002000 08:12 3937371                    /usr/lib/jvm/java-17-openjdk-amd64/bin/java
5b4c43f88000-5b4c43f89000 rw-p 00003000 08:12 3937371                    /usr/lib/jvm/java-17-openjdk-amd64/bin/java
5b4c43fbb000-5b4c44005000 rw-p 00000000 00:00 0                          [heap]
76c088000000-76c088021000 rw-p 00000000 00:00 0 
76c088021000-76c08c000000 ---p 00000000 00:00 0 
76c08c000000-76c08c021000 rw-p 00000000 00:00 0 
76c08c021000-76c090000000 ---p 00000000 00:00 0 
76c094000000-76c094021000 rw-p 00000000 00:00 0 
76c094021000-76c098000000 ---p 00000000 00:00 0 
76c098000000-76c098021000 rw-p 00000000 00:00 0 
76c098021000-76c09c000000 ---p 00000000 00:00 0 
76c0a0000000-76c0a0021000 rw-p 00000000 00:00 0 
76c0a0021000-76c0a4000000 ---p 00000000 00:00 0 
76c0a4000000-76c0a4021000 rw-p 00000000 00:00 0 
76c0a4021000-76c0a8000000 ---p 00000000 00:00 0 
76c0ac000000-76c0ac021000 rw-p 00000000 00:00 0 
76c0ac021000-76c0b0000000 ---p 00000000 00:00 0 
76c0b0000000-76c0b0021000 rw-p 00000000 00:00 0 
76c0b0021000-76c0b4000000 ---p 00000000 00:00 0 
76c0b8000000-76c0b8021000 rw-p 00000000 00:00 0 
76c0b8021000-76c0bc000000 ---p 00000000 00:00 0 
76c0bc000000-76c0bc021000 rw-p 00000000 00:00 0 
76c0bc021000-76c0c0000000 ---p 00000000 00:00 0 
76c0c4000000-76c0c4295000 rw-p 00000000 00:00 0 
76c0c4295000-76c0c8000000 ---p 00000000 00:00 0 
76c0c8000000-76c0c8596000 rw-p 00000000 00:00 0 
76c0c8596000-76c0cc000000 ---p 00000000 00:00 0 
76c0d0000000-76c0d0021000 rw-p 00000000 00:00 0 
76c0d0021000-76c0d4000000 ---p 00000000 00:00 0 
76c0d4000000-76c0d4021000 rw-p 00000000 00:00 0 
76c0d4021000-76c0d8000000 ---p 00000000 00:00 0 
76c0dc000000-76c0dc021000 rw-p 00000000 00:00 0 
76c0dc021000-76c0e0000000 ---p 00000000 00:00 0 
76c0e0000000-76c0e0021000 rw-p 00000000 00:00 0 
76c0e0021000-76c0e4000000 ---p 00000000 00:00 0 
76c0e8000000-76c0e8021000 rw-p 00000000 00:00 0 
76c0e8021000-76c0ec000000 ---p 00000000 00:00 0 
76c0ec000000-76c0ec498000 rw-p 00000000 00:00 0 
76c0ec498000-76c0f0000000 ---p 00000000 00:00 0 
76c0f4000000-76c0f4483000 rw-p 00000000 00:00 0 
76c0f4483000-76c0f8000000 ---p 00000000 00:00 0 
76c0f8000000-76c0f8021000 rw-p 00000000 00:00 0 
76c0f8021000-76c0fc000000 ---p 00000000 00:00 0 
76c100000000-76c100021000 rw-p 00000000 00:00 0 
76c100021000-76c104000000 ---p 00000000 00:00 0 
76c104000000-76c104021000 rw-p 00000000 00:00 0 
76c104021000-76c108000000 ---p 00000000 00:00 0 
76c10c000000-76c10c021000 rw-p 00000000 00:00 0 
76c10c021000-76c110000000 ---p 00000000 00:00 0 
76c110000000-76c110021000 rw-p 00000000 00:00 0 
76c110021000-76c114000000 ---p 00000000 00:00 0 
76c118000000-76c118021000 rw-p 00000000 00:00 0 
76c118021000-76c11c000000 ---p 00000000 00:00 0 
76c11f000000-76c11f320000 rw-p 00000000 00:00 0 
76c11f320000-76c11f400000 ---p 00000000 00:00 0 
76c11f400000-76c11f4b0000 rw-p 00000000 00:00 0 
76c11f4b0000-76c123000000 ---p 00000000 00:00 0 
76c123000000-76c123bc4000 rw-p 00001000 08:12 3937446                    /usr/lib/jvm/java-17-openjdk-amd64/lib/server/classes.jsa
76c123bc4000-76c124000000 ---p 00000000 00:00 0 
76c124000000-76c124010000 rw-p 00000000 00:00 0 
76c124010000-76c124020000 ---p 00000000 00:00 0 
76c124020000-76c124030000 rw-p 00000000 00:00 0 
76c124030000-76c124040000 ---p 00000000 00:00 0 
76c124040000-76c124080000 rw-p 00000000 00:00 0 
76c124080000-76c164000000 ---p 00000000 00:00 0 
76c164000000-76c164021000 rw-p 00000000 00:00 0 
76c164021000-76c168000000 ---p 00000000 00:00 0 
76c168000000-76c168021000 rw-p 00000000 00:00 0 
76c168021000-76c16c000000 ---p 00000000 00:00 0 
76c170000000-76c170021000 rw-p 00000000 00:00 0 
76c170021000-76c174000000 ---p 00000000 00:00 0 
76c174000000-76c174021000 rw-p 00000000 00:00 0 
76c174021000-76c178000000 ---p 00000000 00:00 0 
76c17a000000-76c17a4c8000 r-xp 00000000 08:12 3933257                    /usr/lib/libmesibo.so
76c17a4c8000-76c17a6c8000 ---p 004c8000 08:12 3933257                    /usr/lib/libmesibo.so
76c17a6c8000-76c17a6ff000 r--p 004c8000 08:12 3933257                    /usr/lib/libmesibo.so
76c17a6ff000-76c17a728000 rw-p 004ff000 08:12 3933257                    /usr/lib/libmesibo.so
76c17a728000-76c17a72d000 rw-p 00000000 00:00 0 
76c17ab00000-76c17ab04000 ---p 00000000 00:00 0 
76c17ab04000-76c17ac00000 rw-p 00000000 00:00 0 
76c17acf9000-76c17acfa000 ---p 00000000 00:00 0 
76c17acfa000-76c17adfa000 rw-p 00000000 00:00 0 
76c17adfa000-76c17adfe000 ---p 00000000 00:00 0 
76c17adfe000-76c17aefa000 rw-p 00000000 00:00 0 
76c17aefa000-76c17aefb000 ---p 00000000 00:00 0 
76c17aefb000-76c17affb000 rw-p 00000000 00:00 0 
76c17affb000-76c17affc000 ---p 00000000 00:00 0 
76c17affc000-76c17b0fc000 rw-p 00000000 00:00 0 
76c17b0fc000-76c17b0fd000 ---p 00000000 00:00 0 
76c17b0fd000-76c17b1fd000 rw-p 00000000 00:00 0 
76c17b1fd000-76c17b1fe000 ---p 00000000 00:00 0 
76c17b1fe000-76c17b2fe000 rw-p 00000000 00:00 0 
76c17b2fe000-76c17b2ff000 ---p 00000000 00:00 0 
76c17b2ff000-76c17b3ff000 rw-p 00000000 00:00 0 
76c17b3ff000-76c17b400000 ---p 00000000 00:00 0 
76c17b400000-76c17b500000 rw-p 00000000 00:00 0 
76c17b500000-76c17b504000 ---p 00000000 00:00 0 
76c17b504000-76c17b600000 rw-p 00000000 00:00 0 
76c17b600000-76c17b604000 ---p 00000000 00:00 0 
76c17b604000-76c17b700000 rw-p 00000000 00:00 0 
76c17b700000-76c17b704000 ---p 00000000 00:00 0 
76c17b704000-76c17b800000 rw-p 00000000 00:00 0 
76c17b800000-76c17b804000 ---p 00000000 00:00 0 
76c17b804000-76c17b900000 rw-p 00000000 00:00 0 
76c17b900000-76c17b904000 ---p 00000000 00:00 0 
76c17b904000-76c17ba00000 rw-p 00000000 00:00 0 
76c17ba00000-76c17bf73000 r--p 00000000 08:12 3932386                    /usr/lib/locale/locale-archive
76c17c000000-76c17c021000 rw-p 00000000 00:00 0 
76c17c021000-76c180000000 ---p 00000000 00:00 0 
76c18002b000-76c18002f000 ---p 00000000 00:00 0 
76c18002f000-76c18012b000 rw-p 00000000 00:00 0 
76c18012b000-76c18012f000 ---p 00000000 00:00 0 
76c18012f000-76c18022b000 rw-p 00000000 00:00 0 
76c18022b000-76c18022f000 ---p 00000000 00:00 0 
76c18022f000-76c18032b000 rw-p 00000000 00:00 0 
76c18032b000-76c18032f000 ---p 00000000 00:00 0 
76c18032f000-76c18042b000 rw-p 00000000 00:00 0 
76c18042b000-76c18042f000 ---p 00000000 00:00 0 
76c18042f000-76c18052b000 rw-p 00000000 00:00 0 
76c18052b000-76c18052f000 ---p 00000000 00:00 0 
76c18052f000-76c18062b000 rw-p 00000000 00:00 0 
76c18062b000-76c18062f000 ---p 00000000 00:00 0 
76c18062f000-76c18072b000 rw-p 00000000 00:00 0 
76c18072b000-76c18072f000 ---p 00000000 00:00 0 
76c18072f000-76c18082b000 rw-p 00000000 00:00 0 
76c18082b000-76c18082f000 ---p 00000000 00:00 0 
76c18082f000-76c18092b000 rw-p 00000000 00:00 0 
76c18092b000-76c18092c000 ---p 00000000 00:00 0 
76c18092c000-76c180a2c000 rw-p 00000000 00:00 0 
76c180a2c000-76c180a31000 r--p 00000000 08:12 3937430                    /usr/lib/jvm/java-17-openjdk-amd64/lib/libjsvml.so
76c180a31000-76c180a72000 r-xp 00005000 08:12 3937430                    /usr/lib/jvm/java-17-openjdk-amd64/lib/libjsvml.so
76c180a72000-76c180afb000 r--p 00046000 08:12 3937430                    /usr/lib/jvm/java-17-openjdk-amd64/lib/libjsvml.so
76c180afb000-76c180afc000 r--p 000ce000 08:12 3937430                    /usr/lib/jvm/java-17-openjdk-amd64/lib/libjsvml.so
76c180afc000-76c180afd000 rw-p 000cf000 08:12 3937430                    /usr/lib/jvm/java-17-openjdk-amd64/lib/libjsvml.so
76c180afd000-76c180afe000 ---p 00000000 00:00 0 
76c180afe000-76c180bfe000 rw-p 00000000 00:00 0 
76c180bfe000-76c180bff000 ---p 00000000 00:00 0 
76c180bff000-76c180cff000 rw-p 00000000 00:00 0 
76c180cff000-76c1832e0000 rw-p 00000000 00:00 0 
76c1832e0000-76c187b70000 ---p 00000000 00:00 0 
76c187b70000-76c187b90000 rw-p 00000000 00:00 0 
76c187c00000-76c1880e0000 rw-p 00000000 00:00 0 
76c1880e0000-76c18c970000 ---p 00000000 00:00 0 
76c18c970000-76c18c990000 rw-p 00000000 00:00 0 
76c18ca00000-76c18ca9c000 rw-p 00000000 00:00 0 
76c18ca9c000-76c18d3ae000 ---p 00000000 00:00 0 
76c18d3ae000-76c18d3b2000 rw-p 00000000 00:00 0 
76c18d400000-76c18d670000 rwxp 00000000 00:00 0 
76c18d670000-76c194937000 ---p 00000000 00:00 0 
76c194937000-76c194ba7000 rwxp 00000000 00:00 0 
76c194ba7000-76c194ec9000 ---p 00000000 00:00 0 
76c194ec9000-76c195139000 rwxp 00000000 00:00 0 
76c195139000-76c19c400000 ---p 00000000 00:00 0 
76c19c400000-76c1a3e80000 r--s 00000000 08:12 3937445                    /usr/lib/jvm/java-17-openjdk-amd64/lib/modules
76c1a3eff000-76c1a4000000 rw-p 00000000 00:00 0 
76c1a4000000-76c1a4816000 rw-p 00000000 00:00 0 
76c1a4816000-76c1a8000000 ---p 00000000 00:00 0 
76c1a8076000-76c1a86fd000 rw-p 00000000 00:00 0 
76c1a86fd000-76c1a86fe000 ---p 00000000 00:00 0 
76c1a86fe000-76c1a87fe000 rw-p 00000000 00:00 0 
76c1a87fe000-76c1a87ff000 ---p 00000000 00:00 0 
76c1a87ff000-76c1a88ff000 rw-p 00000000 00:00 0 
76c1a88ff000-76c1a8900000 ---p 00000000 00:00 0 
76c1a8900000-76c1a8a00000 rw-p 00000000 00:00 0 
76c1a8a00000-76c1a8a9c000 rw-p 00000000 00:00 0 
76c1a8a9c000-76c1a93ae000 ---p 00000000 00:00 0 
76c1a93ae000-76c1a93b2000 rw-p 00000000 00:00 0 
76c1a9400000-76c1a949c000 rw-p 00000000 00:00 0 
76c1a949c000-76c1a9dae000 ---p 00000000 00:00 0 
76c1a9dae000-76c1a9db2000 rw-p 00000000 00:00 0 
76c1a9dda000-76c1a9ddb000 ---p 00000000 00:00 0 
76c1a9ddb000-76c1a9dfe000 rw-p 00000000 00:00 0 
76c1a9dfe000-76c1a9dff000 ---p 00000000 00:00 0 
76c1a9dff000-76c1a9e22000 rw-p 00000000 00:00 0 
76c1a9e22000-76c1aa62f000 rw-p 00000000 00:00 0 
76c1aa62f000-76c1aa715000 ---p 00000000 00:00 0 
76c1aa715000-76c1aa71a000 rw-p 00000000 00:00 0 
76c1aa71a000-76c1aa800000 ---p 00000000 00:00 0 
76c1aa800000-76c1aa89a000 r--p 00000000 08:12 3960894                    /usr/lib/x86_64-linux-gnu/libstdc++.so.6.0.30
76c1aa89a000-76c1aa9ab000 r-xp 0009a000 08:12 3960894                    /usr/lib/x86_64-linux-gnu/libstdc++.so.6.0.30
76c1aa9ab000-76c1aaa1a000 r--p 001ab000 08:12 3960894                    /usr/lib/x86_64-linux-gnu/libstdc++.so.6.0.30
76c1aaa1a000-76c1aaa1b000 ---p 0021a000 08:12 3960894                    /usr/lib/x86_64-linux-gnu/libstdc++.so.6.0.30
76c1aaa1b000-76c1aaa26000 r--p 0021a000 08:12 3960894                    /usr/lib/x86_64-linux-gnu/libstdc++.so.6.0.30
76c1aaa26000-76c1aaa29000 rw-p 00225000 08:12 3960894                    /usr/lib/x86_64-linux-gnu/libstdc++.so.6.0.30
76c1aaa29000-76c1aaa2c000 rw-p 00000000 00:00 0 
76c1aaa2c000-76c1aaa2d000 r--p 00000000 08:12 3934385                    /usr/lib/x86_64-linux-gnu/libpthread.so.0
76c1aaa2d000-76c1aaa2e000 r-xp 00001000 08:12 3934385                    /usr/lib/x86_64-linux-gnu/libpthread.so.0
76c1aaa2e000-76c1aaa2f000 r--p 00002000 08:12 3934385                    /usr/lib/x86_64-linux-gnu/libpthread.so.0
76c1aaa2f000-76c1aaa30000 r--p 00002000 08:12 3934385                    /usr/lib/x86_64-linux-gnu/libpthread.so.0
76c1aaa30000-76c1aaa31000 rw-p 00003000 08:12 3934385                    /usr/lib/x86_64-linux-gnu/libpthread.so.0
76c1aaa45000-76c1aaa4c000 r--p 00000000 08:13 17973360                   /home/martin/sources/za.co.ntier.twilio/src/za/ntier/mesibo/linux-x86_64/libjniMesiboLibrary.so
76c1aaa4c000-76c1aaa5a000 r-xp 00007000 08:13 17973360                   /home/martin/sources/za.co.ntier.twilio/src/za/ntier/mesibo/linux-x86_64/libjniMesiboLibrary.so
76c1aaa5a000-76c1aaa62000 r--p 00015000 08:13 17973360                   /home/martin/sources/za.co.ntier.twilio/src/za/ntier/mesibo/linux-x86_64/libjniMesiboLibrary.so
76c1aaa62000-76c1aaa63000 r--p 0001c000 08:13 17973360                   /home/martin/sources/za.co.ntier.twilio/src/za/ntier/mesibo/linux-x86_64/libjniMesiboLibrary.so
76c1aaa63000-76c1aaa64000 rw-p 0001d000 08:13 17973360                   /home/martin/sources/za.co.ntier.twilio/src/za/ntier/mesibo/linux-x86_64/libjniMesiboLibrary.so
76c1aaa64000-76c1aab00000 rw-p 00000000 00:00 0 
76c1aab00000-76c1aab04000 ---p 00000000 00:00 0 
76c1aab04000-76c1aac00000 rw-p 00000000 00:00 0 
76c1aac00000-76c1aae51000 r--p 00000000 08:12 3937449                    /usr/lib/jvm/java-17-openjdk-amd64/lib/server/libjvm.so
76c1aae51000-76c1abbbb000 r-xp 00251000 08:12 3937449                    /usr/lib/jvm/java-17-openjdk-amd64/lib/server/libjvm.so
76c1abbbb000-76c1abe3d000 r--p 00fbb000 08:12 3937449                    /usr/lib/jvm/java-17-openjdk-amd64/lib/server/libjvm.so
76c1abe3d000-76c1abe3e000 ---p 0123d000 08:12 3937449                    /usr/lib/jvm/java-17-openjdk-amd64/lib/server/libjvm.so
76c1abe3e000-76c1abef6000 r--p 0123d000 08:12 3937449                    /usr/lib/jvm/java-17-openjdk-amd64/lib/server/libjvm.so
76c1abef6000-76c1abf2b000 rw-p 012f5000 08:12 3937449                    /usr/lib/jvm/java-17-openjdk-amd64/lib/server/libjvm.so
76c1abf2b000-76c1abf85000 rw-p 00000000 00:00 0 
76c1abf87000-76c1abf8b000 r--p 00000000 08:12 3937443                    /usr/lib/jvm/java-17-openjdk-amd64/lib/libverify.so
76c1abf8b000-76c1abf92000 r-xp 00004000 08:12 3937443                    /usr/lib/jvm/java-17-openjdk-amd64/lib/libverify.so
76c1abf92000-76c1abf94000 r--p 0000b000 08:12 3937443                    /usr/lib/jvm/java-17-openjdk-amd64/lib/libverify.so
76c1abf94000-76c1abf96000 r--p 0000c000 08:12 3937443                    /usr/lib/jvm/java-17-openjdk-amd64/lib/libverify.so
76c1abf96000-76c1abf97000 rw-p 0000e000 08:12 3937443                    /usr/lib/jvm/java-17-openjdk-amd64/lib/libverify.so
76c1abf97000-76c1abf9b000 r--p 00000000 08:12 3937436                    /usr/lib/jvm/java-17-openjdk-amd64/lib/libnet.so
76c1abf9b000-76c1abfa9000 r-xp 00004000 08:12 3937436                    /usr/lib/jvm/java-17-openjdk-amd64/lib/libnet.so
76c1abfa9000-76c1abfad000 r--p 00012000 08:12 3937436                    /usr/lib/jvm/java-17-openjdk-amd64/lib/libnet.so
76c1abfad000-76c1abfae000 r--p 00015000 08:12 3937436                    /usr/lib/jvm/java-17-openjdk-amd64/lib/libnet.so
76c1abfae000-76c1abfaf000 rw-p 00016000 08:12 3937436                    /usr/lib/jvm/java-17-openjdk-amd64/lib/libnet.so
76c1abfaf000-76c1ac000000 rw-p 00000000 00:00 0 
76c1ac000000-76c1ac028000 r--p 00000000 08:12 3934331                    /usr/lib/x86_64-linux-gnu/libc.so.6
76c1ac028000-76c1ac1bd000 r-xp 00028000 08:12 3934331                    /usr/lib/x86_64-linux-gnu/libc.so.6
76c1ac1bd000-76c1ac215000 r--p 001bd000 08:12 3934331                    /usr/lib/x86_64-linux-gnu/libc.so.6
76c1ac215000-76c1ac216000 ---p 00215000 08:12 3934331                    /usr/lib/x86_64-linux-gnu/libc.so.6
76c1ac216000-76c1ac21a000 r--p 00215000 08:12 3934331                    /usr/lib/x86_64-linux-gnu/libc.so.6
76c1ac21a000-76c1ac21c000 rw-p 00219000 08:12 3934331                    /usr/lib/x86_64-linux-gnu/libc.so.6
76c1ac21c000-76c1ac229000 rw-p 00000000 00:00 0 
76c1ac22d000-76c1ac22e000 r--p 00000000 08:12 3934350                    /usr/lib/x86_64-linux-gnu/libdl.so.2
76c1ac22e000-76c1ac22f000 r-xp 00001000 08:12 3934350                    /usr/lib/x86_64-linux-gnu/libdl.so.2
76c1ac22f000-76c1ac230000 r--p 00002000 08:12 3934350                    /usr/lib/x86_64-linux-gnu/libdl.so.2
76c1ac230000-76c1ac231000 r--p 00002000 08:12 3934350                    /usr/lib/x86_64-linux-gnu/libdl.so.2
76c1ac231000-76c1ac232000 rw-p 00003000 08:12 3934350                    /usr/lib/x86_64-linux-gnu/libdl.so.2
76c1ac232000-76c1ac239000 r--p 00000000 08:12 3937437                    /usr/lib/jvm/java-17-openjdk-amd64/lib/libnio.so
76c1ac239000-76c1ac242000 r-xp 00007000 08:12 3937437                    /usr/lib/jvm/java-17-openjdk-amd64/lib/libnio.so
76c1ac242000-76c1ac246000 r--p 00010000 08:12 3937437                    /usr/lib/jvm/java-17-openjdk-amd64/lib/libnio.so
76c1ac246000-76c1ac247000 ---p 00014000 08:12 3937437                    /usr/lib/jvm/java-17-openjdk-amd64/lib/libnio.so
76c1ac247000-76c1ac248000 r--p 00014000 08:12 3937437                    /usr/lib/jvm/java-17-openjdk-amd64/lib/libnio.so
76c1ac248000-76c1ac249000 rw-p 00015000 08:12 3937437                    /usr/lib/jvm/java-17-openjdk-amd64/lib/libnio.so
76c1ac249000-76c1ac24b000 r--p 00000000 08:12 3937444                    /usr/lib/jvm/java-17-openjdk-amd64/lib/libzip.so
76c1ac24b000-76c1ac250000 r-xp 00002000 08:12 3937444                    /usr/lib/jvm/java-17-openjdk-amd64/lib/libzip.so
76c1ac250000-76c1ac252000 r--p 00007000 08:12 3937444                    /usr/lib/jvm/java-17-openjdk-amd64/lib/libzip.so
76c1ac252000-76c1ac253000 r--p 00008000 08:12 3937444                    /usr/lib/jvm/java-17-openjdk-amd64/lib/libzip.so
76c1ac253000-76c1ac254000 rw-p 00009000 08:12 3937444                    /usr/lib/jvm/java-17-openjdk-amd64/lib/libzip.so
76c1ac254000-76c1ac255000 r--p 00000000 08:12 3937415                    /usr/lib/jvm/java-17-openjdk-amd64/lib/libdt_socket.so
76c1ac255000-76c1ac258000 r-xp 00001000 08:12 3937415                    /usr/lib/jvm/java-17-openjdk-amd64/lib/libdt_socket.so
76c1ac258000-76c1ac259000 r--p 00004000 08:12 3937415                    /usr/lib/jvm/java-17-openjdk-amd64/lib/libdt_socket.so
76c1ac259000-76c1ac25a000 ---p 00005000 08:12 3937415                    /usr/lib/jvm/java-17-openjdk-amd64/lib/libdt_socket.so
76c1ac25a000-76c1ac25b000 r--p 00005000 08:12 3937415                    /usr/lib/jvm/java-17-openjdk-amd64/lib/libdt_socket.so
76c1ac25b000-76c1ac25c000 rw-p 00006000 08:12 3937415                    /usr/lib/jvm/java-17-openjdk-amd64/lib/libdt_socket.so
76c1ac25c000-76c1ac263000 r--s 00000000 08:12 3942277                    /usr/lib/x86_64-linux-gnu/gconv/gconv-modules.cache
76c1ac263000-76c1ac268000 rw-p 00000000 00:00 0 
76c1ac268000-76c1ac26f000 ---p 00000000 00:00 0 
76c1ac26f000-76c1ac270000 r--p 00000000 08:12 3937418                    /usr/lib/jvm/java-17-openjdk-amd64/lib/libinstrument.so
76c1ac270000-76c1ac276000 r-xp 00001000 08:12 3937418                    /usr/lib/jvm/java-17-openjdk-amd64/lib/libinstrument.so
76c1ac276000-76c1ac279000 r--p 00007000 08:12 3937418                    /usr/lib/jvm/java-17-openjdk-amd64/lib/libinstrument.so
76c1ac279000-76c1ac27a000 r--p 00009000 08:12 3937418                    /usr/lib/jvm/java-17-openjdk-amd64/lib/libinstrument.so
76c1ac27a000-76c1ac27b000 rw-p 0000a000 08:12 3937418                    /usr/lib/jvm/java-17-openjdk-amd64/lib/libinstrument.so
76c1ac27b000-76c1ac287000 r--p 00000000 08:12 3937423                    /usr/lib/jvm/java-17-openjdk-amd64/lib/libjava.so
76c1ac287000-76c1ac29a000 r-xp 0000c000 08:12 3937423                    /usr/lib/jvm/java-17-openjdk-amd64/lib/libjava.so
76c1ac29a000-76c1ac2a0000 r--p 0001f000 08:12 3937423                    /usr/lib/jvm/java-17-openjdk-amd64/lib/libjava.so
76c1ac2a0000-76c1ac2a1000 r--p 00024000 08:12 3937423                    /usr/lib/jvm/java-17-openjdk-amd64/lib/libjava.so
76c1ac2a1000-76c1ac2a2000 rw-p 00025000 08:12 3937423                    /usr/lib/jvm/java-17-openjdk-amd64/lib/libjava.so
76c1ac2a2000-76c1ac2a3000 rw-p 00000000 00:00 0 
76c1ac2a3000-76c1ac2a6000 r--p 00000000 08:12 3937425                    /usr/lib/jvm/java-17-openjdk-amd64/lib/libjdwp.so
76c1ac2a6000-76c1ac2d4000 r-xp 00003000 08:12 3937425                    /usr/lib/jvm/java-17-openjdk-amd64/lib/libjdwp.so
76c1ac2d4000-76c1ac2e2000 r--p 00031000 08:12 3937425                    /usr/lib/jvm/java-17-openjdk-amd64/lib/libjdwp.so
76c1ac2e2000-76c1ac2e3000 ---p 0003f000 08:12 3937425                    /usr/lib/jvm/java-17-openjdk-amd64/lib/libjdwp.so
76c1ac2e3000-76c1ac2e4000 r--p 0003f000 08:12 3937425                    /usr/lib/jvm/java-17-openjdk-amd64/lib/libjdwp.so
76c1ac2e4000-76c1ac2e5000 rw-p 00040000 08:12 3937425                    /usr/lib/jvm/java-17-openjdk-amd64/lib/libjdwp.so
76c1ac2e5000-76c1ac2e6000 rw-p 00000000 00:00 0 
76c1ac2e6000-76c1ac2e9000 r--p 00000000 08:12 3960106                    /usr/lib/x86_64-linux-gnu/libgcc_s.so.1
76c1ac2e9000-76c1ac300000 r-xp 00003000 08:12 3960106                    /usr/lib/x86_64-linux-gnu/libgcc_s.so.1
76c1ac300000-76c1ac304000 r--p 0001a000 08:12 3960106                    /usr/lib/x86_64-linux-gnu/libgcc_s.so.1
76c1ac304000-76c1ac305000 r--p 0001d000 08:12 3960106                    /usr/lib/x86_64-linux-gnu/libgcc_s.so.1
76c1ac305000-76c1ac306000 rw-p 0001e000 08:12 3960106                    /usr/lib/x86_64-linux-gnu/libgcc_s.so.1
76c1ac306000-76c1ac314000 r--p 00000000 08:12 3934354                    /usr/lib/x86_64-linux-gnu/libm.so.6
76c1ac314000-76c1ac390000 r-xp 0000e000 08:12 3934354                    /usr/lib/x86_64-linux-gnu/libm.so.6
76c1ac390000-76c1ac3eb000 r--p 0008a000 08:12 3934354                    /usr/lib/x86_64-linux-gnu/libm.so.6
76c1ac3eb000-76c1ac3ec000 r--p 000e4000 08:12 3934354                    /usr/lib/x86_64-linux-gnu/libm.so.6
76c1ac3ec000-76c1ac3ed000 rw-p 000e5000 08:12 3934354                    /usr/lib/x86_64-linux-gnu/libm.so.6
76c1ac3ed000-76c1ac3f0000 rw-p 00000000 00:00 0 
76c1ac3f0000-76c1ac3f2000 r--p 00000000 08:12 3937427                    /usr/lib/jvm/java-17-openjdk-amd64/lib/libjli.so
76c1ac3f2000-76c1ac3fc000 r-xp 00002000 08:12 3937427                    /usr/lib/jvm/java-17-openjdk-amd64/lib/libjli.so
76c1ac3fc000-76c1ac3ff000 r--p 0000c000 08:12 3937427                    /usr/lib/jvm/java-17-openjdk-amd64/lib/libjli.so
76c1ac3ff000-76c1ac400000 r--p 0000e000 08:12 3937427                    /usr/lib/jvm/java-17-openjdk-amd64/lib/libjli.so
76c1ac400000-76c1ac401000 rw-p 0000f000 08:12 3937427                    /usr/lib/jvm/java-17-openjdk-amd64/lib/libjli.so
76c1ac401000-76c1ac403000 r--p 00000000 08:12 3961165                    /usr/lib/x86_64-linux-gnu/libz.so.1.2.11
76c1ac403000-76c1ac414000 r-xp 00002000 08:12 3961165                    /usr/lib/x86_64-linux-gnu/libz.so.1.2.11
76c1ac414000-76c1ac41a000 r--p 00013000 08:12 3961165                    /usr/lib/x86_64-linux-gnu/libz.so.1.2.11
76c1ac41a000-76c1ac41b000 ---p 00019000 08:12 3961165                    /usr/lib/x86_64-linux-gnu/libz.so.1.2.11
76c1ac41b000-76c1ac41c000 r--p 00019000 08:12 3961165                    /usr/lib/x86_64-linux-gnu/libz.so.1.2.11
76c1ac41c000-76c1ac41d000 rw-p 0001a000 08:12 3961165                    /usr/lib/x86_64-linux-gnu/libz.so.1.2.11
76c1ac41e000-76c1ac426000 rw-s 00000000 08:12 5139758                    /tmp/hsperfdata_martin/271921
76c1ac426000-76c1ac427000 ---p 00000000 00:00 0 
76c1ac427000-76c1ac428000 r--p 00000000 00:00 0 
76c1ac428000-76c1ac42a000 r--p 00000000 08:12 3937426                    /usr/lib/jvm/java-17-openjdk-amd64/lib/libjimage.so
76c1ac42a000-76c1ac42d000 r-xp 00002000 08:12 3937426                    /usr/lib/jvm/java-17-openjdk-amd64/lib/libjimage.so
76c1ac42d000-76c1ac42e000 r--p 00005000 08:12 3937426                    /usr/lib/jvm/java-17-openjdk-amd64/lib/libjimage.so
76c1ac42e000-76c1ac42f000 ---p 00006000 08:12 3937426                    /usr/lib/jvm/java-17-openjdk-amd64/lib/libjimage.so
76c1ac42f000-76c1ac430000 r--p 00006000 08:12 3937426                    /usr/lib/jvm/java-17-openjdk-amd64/lib/libjimage.so
76c1ac430000-76c1ac431000 rw-p 00007000 08:12 3937426                    /usr/lib/jvm/java-17-openjdk-amd64/lib/libjimage.so
76c1ac431000-76c1ac433000 rw-p 00000000 00:00 0 
76c1ac433000-76c1ac435000 r--p 00000000 08:12 3934304                    /usr/lib/x86_64-linux-gnu/ld-linux-x86-64.so.2
76c1ac435000-76c1ac45f000 r-xp 00002000 08:12 3934304                    /usr/lib/x86_64-linux-gnu/ld-linux-x86-64.so.2
76c1ac45f000-76c1ac46a000 r--p 0002c000 08:12 3934304                    /usr/lib/x86_64-linux-gnu/ld-linux-x86-64.so.2
76c1ac46a000-76c1ac46b000 ---p 00000000 00:00 0 
76c1ac46b000-76c1ac46d000 r--p 00037000 08:12 3934304                    /usr/lib/x86_64-linux-gnu/ld-linux-x86-64.so.2
76c1ac46d000-76c1ac46f000 rw-p 00039000 08:12 3934304                    /usr/lib/x86_64-linux-gnu/ld-linux-x86-64.so.2
7ffea3fb9000-7ffea3fde000 rw-p 00000000 00:00 0                          [stack]
7ffea3fe2000-7ffea3fe6000 r--p 00000000 00:00 0                          [vvar]
7ffea3fe6000-7ffea3fe8000 r-xp 00000000 00:00 0                          [vdso]
ffffffffff600000-ffffffffff601000 --xp 00000000 00:00 0                  [vsyscall]


VM Arguments:
jvm_args: -XX:+ShowCodeDetailsInExceptionMessages -agentlib:jdwp=transport=dt_socket,suspend=y,address=localhost:32891 -Djava.library.path=/home/martin/sources/za.co.ntier.twilio/src/za/ntier/mesibo/linux-x86_64 -javaagent:/home/martin/Software/eclipse-jee-2023-12-R-linux-gtk-x86_64/eclipse/configuration/org.eclipse.osgi/428/0/.cp/lib/javaagent-shaded.jar -Dfile.encoding=UTF-8 -Dstdout.encoding=UTF-8 -Dstderr.encoding=UTF-8 
java_command: za.ntier.mesibo.MesiboExample
java_class_path (initial): /home/martin/sources/za.co.ntier.twilio/lib/javacpp.jar:/home/martin/sources/za.co.ntier.twilio/lib/gson.jar:/home/martin/sources/idempiere/.metadata/.plugins/org.eclipse.pde.core/.bundle_pool/plugins/org.osgi.annotation.versioning_1.1.2.202109301733.jar:/home/martin/sources/idempiere/.metadata/.plugins/org.eclipse.pde.core/.bundle_pool/plugins/org.osgi.annotation.bundle_2.0.0.202202082230.jar:/home/martin/sources/idempiere/.metadata/.plugins/org.eclipse.pde.core/.bundle_pool/plugins/org.osgi.service.component.annotations_1.5.1.202212101352.jar:/home/martin/sources/idempiere/.metadata/.plugins/org.eclipse.pde.core/.bundle_pool/plugins/org.osgi.service.metatype.annotations_1.4.1.202109301733.jar:/home/martin/sources/idempiere/.metadata/.plugins/org.eclipse.pde.core/.bundle_pool/plugins/org.eclipse.equinox.app_1.6.200.v20220720-2012.jar:/home/martin/.m2/repository/org/passay/passay/1.6.1/passay-1.6.1.jar:/home/martin/.m2/repository/org/cryptacular/cryptacular/1.2.4/cryptacular-1.2.4.jar:/home/martin/.m2/repository/net/sf/supercsv/super-csv/2.4.0/super-csv-2.4.0.jar:/home/martin/.m2/repository/org/bouncycastle/bcprov-jdk18on/1.72/bcprov-jdk18on-1.72.jar:/home/martin/sources/idempiere/.metadata/.plugins/org.eclipse.pde.core/.bundle_pool/plugins/org.krysalis.barcode4j_2.1.0.jar:/home/martin/.m2/repository/org/codehaus/groovy/groovy/3.0.8/groovy-3.0.8.jar:/home/martin/.m2/repository/org/codehaus/groovy/groovy-console/3.0.8/groovy-console-3.0.8.jar:/home/martin/.m2/repository/org/codehaus/groovy/groovy-datetime/3.0.8/groovy-datetime-3.0.8.jar:/home/martin/.m2/repository/org/codehaus/groovy/groovy-json/3.0.8/groovy-json-3.0.8.jar:/home/martin/.m2/repository/org/codehaus/groovy/groovy-jsr223/3.0.8/groovy-jsr223-3.0.8.jar:/home/martin/.m2/repository/org/codehaus/groovy/groovy-nio/3.0.8/groovy-nio-3.0.8.jar:/home/martin/.m2/repository/org/codehaus/groovy/groovy-sql/3.0.8/groovy-sql-3.0.8.jar:/home/martin/.m2/repository/org/codehaus/groovy/groovy-xm
Launcher Type: SUN_STANDARD

[Global flags]
     intx CICompilerCount                          = 4                                         {product} {ergonomic}
     uint ConcGCThreads                            = 2                                         {product} {ergonomic}
     uint G1ConcRefinementThreads                  = 8                                         {product} {ergonomic}
   size_t G1HeapRegionSize                         = 4194304                                   {product} {ergonomic}
    uintx GCDrainStackTargetSize                   = 64                                        {product} {ergonomic}
   size_t InitialHeapSize                          = 327155712                                 {product} {ergonomic}
   size_t MarkStackSize                            = 4194304                                   {product} {ergonomic}
   size_t MaxHeapSize                              = 5205131264                                {product} {ergonomic}
   size_t MaxNewSize                               = 3120562176                                {product} {ergonomic}
   size_t MinHeapDeltaBytes                        = 4194304                                   {product} {ergonomic}
   size_t MinHeapSize                              = 8388608                                   {product} {ergonomic}
    uintx NonNMethodCodeHeapSize                   = 5839372                                {pd product} {ergonomic}
    uintx NonProfiledCodeHeapSize                  = 122909434                              {pd product} {ergonomic}
    uintx ProfiledCodeHeapSize                     = 122909434                              {pd product} {ergonomic}
    uintx ReservedCodeCacheSize                    = 251658240                              {pd product} {ergonomic}
     bool SegmentedCodeCache                       = true                                      {product} {ergonomic}
     bool ShowCodeDetailsInExceptionMessages       = true                                   {manageable} {command line}
   size_t SoftMaxHeapSize                          = 5205131264                             {manageable} {ergonomic}
     bool UseCompressedClassPointers               = true                           {product lp64_product} {ergonomic}
     bool UseCompressedOops                        = true                           {product lp64_product} {ergonomic}
     bool UseG1GC                                  = true                                      {product} {ergonomic}

Logging:
Log output configuration:
 #0: stdout all=warning uptime,level,tags
 #1: stderr all=off uptime,level,tags

Environment Variables:
JAVA_HOME=/usr/lib/jvm/java-1.17.0-openjdk-amd64
PATH=/home/martin/.local/bin:/opt/maven/bin:/usr/local/sbin:/usr/local/bin:/usr/sbin:/usr/bin:/sbin:/bin:/usr/games:/usr/local/games:/snap/bin:/snap/bin
USERNAME=martin
SHELL=/bin/bash
DISPLAY=:1
LANG=en_ZA.UTF-8
TERM=xterm-256color

Active Locale:
LC_ALL=en_ZA.UTF-8
LC_COLLATE=en_ZA.UTF-8
LC_CTYPE=en_ZA.UTF-8
LC_MESSAGES=en_ZA.UTF-8
LC_MONETARY=en_ZA.UTF-8
LC_NUMERIC=en_ZA.UTF-8
LC_TIME=en_ZA.UTF-8

Signal Handlers:
   SIGSEGV: crash_handler in libjvm.so, mask=11100100010111111101111111111110, flags=SA_RESTART|SA_SIGINFO, unblocked
    SIGBUS: crash_handler in libjvm.so, mask=11100100010111111101111111111110, flags=SA_RESTART|SA_SIGINFO, unblocked
    SIGFPE: crash_handler in libjvm.so, mask=11100100010111111101111111111110, flags=SA_RESTART|SA_SIGINFO, unblocked
   SIGPIPE: 0x000076c17a0ac51c in libmesibo.so+705820, mask=00000000000000000000000000000000, flags=none, blocked
  *** Handler was modified!
  *** Expected: javaSignalHandler in libjvm.so, mask=11100100110111111111111111111110, flags=SA_RESTART|SA_SIGINFO
   SIGXFSZ: javaSignalHandler in libjvm.so, mask=11100100010111111101111111111110, flags=SA_RESTART|SA_SIGINFO, blocked
    SIGILL: crash_handler in libjvm.so, mask=11100100010111111101111111111110, flags=SA_RESTART|SA_SIGINFO, unblocked
   SIGUSR2: 0x000076c17a0ac51c in libmesibo.so+705820, mask=00000000000000000000000000000000, flags=none, blocked
  *** Handler was modified!
  *** Expected: SR_handler in libjvm.so, mask=00100000000000000000000000000000, flags=SA_RESTART|SA_SIGINFO
    SIGHUP: UserHandler in libjvm.so, mask=11100100010111111101111111111110, flags=SA_RESTART|SA_SIGINFO, blocked
    SIGINT: UserHandler in libjvm.so, mask=11100100010111111101111111111110, flags=SA_RESTART|SA_SIGINFO, blocked
   SIGTERM: UserHandler in libjvm.so, mask=11100100010111111101111111111110, flags=SA_RESTART|SA_SIGINFO, blocked
   SIGQUIT: UserHandler in libjvm.so, mask=11100100010111111101111111111110, flags=SA_RESTART|SA_SIGINFO, blocked
   SIGTRAP: crash_handler in libjvm.so, mask=11100100010111111101111111111110, flags=SA_RESTART|SA_SIGINFO, unblocked


Periodic native trim disabled


---------------  S Y S T E M  ---------------

OS:
DISTRIB_ID=Ubuntu
DISTRIB_RELEASE=22.04
DISTRIB_CODENAME=jammy
DISTRIB_DESCRIPTION="Ubuntu 22.04.4 LTS"
uname: Linux 6.8.0-48-generic #48~22.04.1-Ubuntu SMP PREEMPT_DYNAMIC Mon Oct  7 11:24:13 UTC 2 x86_64
OS uptime: 1 days 20:18 hours
libc: glibc 2.35 NPTL 2.35 
rlimit (soft/hard): STACK 8192k/infinity , CORE 0k/infinity , NPROC 79103/79103 , NOFILE 1048576/1048576 , AS infinity/infinity , CPU infinity/infinity , DATA infinity/infinity , FSIZE infinity/infinity , MEMLOCK 2541040k/2541040k
load average: 2.88 2.66 2.71

/proc/meminfo:
MemTotal:       20328344 kB
MemFree:         1114024 kB
MemAvailable:    6340596 kB
Buffers:          578068 kB
Cached:          6473260 kB
SwapCached:            0 kB
Active:         12178488 kB
Inactive:        4150668 kB
Active(anon):    9859740 kB
Inactive(anon):  1352148 kB
Active(file):    2318748 kB
Inactive(file):  2798520 kB
Unevictable:     1700768 kB
Mlocked:              80 kB
SwapTotal:             0 kB
SwapFree:              0 kB
Zswap:                 0 kB
Zswapped:              0 kB
Dirty:              1412 kB
Writeback:             0 kB
AnonPages:      10978772 kB
Mapped:          1280796 kB
Shmem:           1934040 kB
KReclaimable:     479424 kB
Slab:             812336 kB
SReclaimable:     479424 kB
SUnreclaim:       332912 kB
KernelStack:       34288 kB
PageTables:       119008 kB
SecPageTables:         0 kB
NFS_Unstable:          0 kB
Bounce:                0 kB
WritebackTmp:          0 kB
CommitLimit:    10164172 kB
Committed_AS:   43282552 kB
VmallocTotal:   34359738367 kB
VmallocUsed:      134284 kB
VmallocChunk:          0 kB
Percpu:            12320 kB
HardwareCorrupted:     0 kB
AnonHugePages:         0 kB
ShmemHugePages:  1460224 kB
ShmemPmdMapped:        0 kB
FileHugePages:         0 kB
FilePmdMapped:         0 kB
Unaccepted:            0 kB
HugePages_Total:       0
HugePages_Free:        0
HugePages_Rsvd:        0
HugePages_Surp:        0
Hugepagesize:       2048 kB
Hugetlb:               0 kB
DirectMap4k:      722596 kB
DirectMap2M:    17999872 kB
DirectMap1G:     2097152 kB

/sys/kernel/mm/transparent_hugepage/enabled: always [madvise] never
/sys/kernel/mm/transparent_hugepage/hpage_pmd_size: 2097152
/sys/kernel/mm/transparent_hugepage/defrag (defrag/compaction efforts parameter): always defer defer+madvise [madvise] never

Process Memory:
Virtual Size: 8933964K (peak: 8933964K)
Resident Set Size: 101828K (peak: 101828K) (anon: 76464K, file: 25364K, shmem: 0K)
Swapped out: 0K
C-Heap outstanding allocations: 43109K, retained: 8150K
glibc malloc tunables: (default)

/proc/sys/kernel/threads-max (system-wide limit on the number of threads): 158207
/proc/sys/vm/max_map_count (maximum number of memory map areas a process may have): 65530
/proc/sys/vm/swappiness (control to define how aggressively the kernel swaps out anonymous memory): 60
/proc/sys/kernel/pid_max (system-wide limit on number of process identifiers): 4194304

container (cgroup) information:
container_type: cgroupv2
cpu_cpuset_cpus: not supported
cpu_memory_nodes: not supported
active_processor_count: 8
cpu_quota: not supported
cpu_period: not supported
cpu_shares: not supported
memory_limit_in_bytes: unlimited
memory_and_swap_limit_in_bytes: unlimited
memory_soft_limit_in_bytes: unlimited
memory_usage_in_bytes: 2782052 k
memory_max_usage_in_bytes: not supported
memory_swap_current_in_bytes: unlimited
memory_swap_max_limit_in_bytes: unlimited
maximum number of tasks: 23731
current number of tasks: 208

Steal ticks since vm start: 0
Steal ticks percentage since vm start:  0.000

CPU: total 8 (initial active 8) (4 cores per cpu, 2 threads per core) family 6 model 142 stepping 11 microcode 0xf6, cx8, cmov, fxsr, ht, mmx, 3dnowpref, sse, sse2, sse3, ssse3, sse4.1, sse4.2, popcnt, lzcnt, tsc, tscinvbit, avx, avx2, aes, erms, clmul, bmi1, bmi2, adx, fma, vzeroupper, clflush, clflushopt
CPU Model and flags from /proc/cpuinfo:
model name	: Intel(R) Core(TM) i7-8565U CPU @ 1.80GHz
flags		: fpu vme de pse tsc msr pae mce cx8 apic sep mtrr pge mca cmov pat pse36 clflush dts acpi mmx fxsr sse sse2 ss ht tm pbe syscall nx pdpe1gb rdtscp lm constant_tsc art arch_perfmon pebs bts rep_good nopl xtopology nonstop_tsc cpuid aperfmperf pni pclmulqdq dtes64 monitor ds_cpl vmx est tm2 ssse3 sdbg fma cx16 xtpr pdcm pcid sse4_1 sse4_2 x2apic movbe popcnt tsc_deadline_timer aes xsave avx f16c rdrand lahf_lm abm 3dnowprefetch cpuid_fault epb ssbd ibrs ibpb stibp tpr_shadow flexpriority ept vpid ept_ad fsgsbase tsc_adjust bmi1 avx2 smep bmi2 erms invpcid mpx rdseed adx smap clflushopt intel_pt xsaveopt xsavec xgetbv1 xsaves dtherm ida arat pln pts hwp hwp_notify hwp_act_window hwp_epp vnmi md_clear flush_l1d arch_capabilities

Online cpus: 0-7
Offline cpus: 
BIOS frequency limitation: <Not Available>
Frequency switch latency (ns): 0
Available cpu frequencies: <Not Available>
Current governor: powersave
Core performance/turbo boost: <Not Available>

Memory: 4k page, physical 20328344k(1114024k free), swap 0k(0k free)
Page Sizes: 4k

vm_info: OpenJDK 64-Bit Server VM (17.0.12+7-Ubuntu-1ubuntu222.04) for linux-amd64 JRE (17.0.12+7-Ubuntu-1ubuntu222.04), built on Jul 21 2024 21:22:32 by "buildd" with gcc 11.4.0

END.
