#
# A fatal error has been detected by the Java Runtime Environment:
#
#  SIGSEGV (0xb) at pc=0x000079e2ba665ade, pid=272672, tid=272718
#
# JRE version: OpenJDK Runtime Environment (17.0.12+7) (build 17.0.12+7-Ubuntu-1ubuntu222.04)
# Java VM: OpenJDK 64-Bit Server VM (17.0.12+7-Ubuntu-1ubuntu222.04, mixed mode, sharing, tiered, compressed oops, compressed class ptrs, g1 gc, linux-amd64)
# Problematic frame:
# C  [libmesibo.so+0x65ade]
#
# Core dump will be written. Default location: Core dumps may be processed with "/usr/share/apport/apport -p%p -s%s -c%c -d%d -P%P -u%u -g%g -- %E" (or dumping to /home/martin/sources/za.co.ntier.twilio/core.272672)
#
# If you would like to submit a bug report, please visit:
#   https://bugs.launchpad.net/ubuntu/+source/openjdk-17
#

---------------  S U M M A R Y ------------

Command Line: -XX:+ShowCodeDetailsInExceptionMessages -agentlib:jdwp=transport=dt_socket,suspend=y,address=localhost:35743 -Djava.library.path=/home/martin/sources/za.co.ntier.twilio/src/za/ntier/mesibo/linux-x86_64 -javaagent:/home/martin/Software/eclipse-jee-2023-12-R-linux-gtk-x86_64/eclipse/configuration/org.eclipse.osgi/428/0/.cp/lib/javaagent-shaded.jar -Dfile.encoding=UTF-8 -Dstdout.encoding=UTF-8 -Dstderr.encoding=UTF-8 za.ntier.mesibo.MesiboExample

Host: Intel(R) Core(TM) i7-8565U CPU @ 1.80GHz, 8 cores, 19G, Ubuntu 22.04.4 LTS
Time: Sun Nov 10 08:01:02 2024 SAST elapsed time: 5.221760 seconds (0d 0h 0m 5s)

---------------  T H R E A D  ---------------

Current thread is native thread

Stack: [0x000079e2e3eb8000,0x000079e2e3edb000],  sp=0x000079e2e3ed9d10,  free space=135k
Native frames: (J=compiled Java code, j=interpreted, Vv=VM code, C=native code)
C  [libmesibo.so+0x65ade]
C  [libmesibo.so+0x6e4df]
C  [libmesibo.so+0xae4e5]
C  [libmesibo.so+0xafae3]
C  [libmesibo.so+0xac515]


siginfo: si_signo: 11 (SIGSEGV), si_code: 1 (SEGV_MAPERR), si_addr: 0x0000000000000000

Registers:
RAX=0x0000000000000000, RBX=0x000079e2e3eda640, RCX=0x0000000000000000, RDX=0x0000000000000000
RSP=0x000079e2e3ed9d10, RBP=0x000079e2e3ed9d30, RSI=0x0000000000000006, RDI=0x000079e2e47849a0
R8 =0x0000000000000000, R9 =0x0000000000000000, R10=0x0000000000000000, R11=0x0000000000000000
R12=0x000079e2e3eda640, R13=0x0000000000000002, R14=0x000079e2ec2947d0, R15=0x000079e2ea9fe6b0
RIP=0x000079e2ba665ade, EFLAGS=0x0000000000010293, CSGSFS=0x002b000000000033, ERR=0x0000000000000004
  TRAPNO=0x000000000000000e


Top of Stack: (sp=0x000079e2e3ed9d10)
0x000079e2e3ed9d10:   0000000000000000 b475880006c59800
0x000079e2e3ed9d20:   0000000600000000 000079e2e47849a0
0x000079e2e3ed9d30:   000079e2e3ed9d60 000079e2ba66e4df
0x000079e2e3ed9d40:   0000000000000000 00007900ec2e566d
0x000079e2e3ed9d50:   0000000600000000 000079e2e479d170
0x000079e2e3ed9d60:   000079e2e3ed9d90 000079e2ba6ae4e5
0x000079e2e3ed9d70:   0000000600000000 000079e2e479d178
0x000079e2e3ed9d80:   00000010e3ed9d90 0000000000000000
0x000079e2e3ed9d90:   000079e2e3ed9e20 000079e2ba6afae3
0x000079e2e3ed9da0:   0000000000000000 000079e2e479d178
0x000079e2e3ed9db0:   ffffffffffffffff 0000000000000000
0x000079e2e3ed9dc0:   0000000000000000 0000000000000000
0x000079e2e3ed9dd0:   0000000000000000 00062688b57d8d2e
0x000079e2e3ed9de0:   00062688b57d8cf6 0000000000000000
0x000079e2e3ed9df0:   00062688b57d8cff 00062688b57d8cff
0x000079e2e3ed9e00:   0000000000000000 000079e2e3eda640
0x000079e2e3ed9e10:   000079e2e3eda640 0000000000000002
0x000079e2e3ed9e20:   000079e2e3ed9e50 000079e2ba6ac515
0x000079e2e3ed9e30:   0000000000000000 000079e2e479d178
0x000079e2e3ed9e40:   0000000000000000 000079e2e479d178
0x000079e2e3ed9e50:   0000000000000000 000079e2ec294ac3
0x000079e2e3ed9e60:   0000000000000000 000079e2e3eda640
0x000079e2e3ed9e70:   000079e2ea9fe550 02b5446a8954b7b0
0x000079e2e3ed9e80:   000079e2e3eda640 0000000000000002
0x000079e2e3ed9e90:   000079e2ec2947d0 000079e2ea9fe6b0
0x000079e2e3ed9ea0:   f17083b1b594b7b0 f1709c3818d6b7b0
0x000079e2e3ed9eb0:   0000000000000000 0000000000000000
0x000079e2e3ed9ec0:   0000000000000000 0000000000000000
0x000079e2e3ed9ed0:   0000000000000000 b475887a06c59800
0x000079e2e3ed9ee0:   0000000000000000 000079e2ea9fe550
0x000079e2e3ed9ef0:   0000000000000000 000079e2ec326850
0x000079e2e3ed9f00:   0000000000000000 0000000000000000 

Instructions: (pc=0x000079e2ba665ade)
0x000079e2ba6659de:   89 7d b8 48 89 75 b0 48 89 55 a8 89 4d a4 44 89
0x000079e2ba6659ee:   45 a0 48 8b 45 b8 48 8b 40 20 48 85 c0 75 07 bb
0x000079e2ba6659fe:   00 00 00 00 eb 5d 48 8b 45 b0 8b 50 3c 48 8b 4d
0x000079e2ba665a0e:   a8 48 8d 45 c0 48 89 ce 48 89 c7 e8 bc 3c 00 00
0x000079e2ba665a1e:   8b 45 a4 89 45 c8 8b 45 a0 89 45 cc 48 8b 45 b8
0x000079e2ba665a2e:   48 8b 50 20 48 8b 45 b8 48 8b 40 20 48 8b 00 48
0x000079e2ba665a3e:   83 c0 28 48 8b 00 48 8d 4d c0 48 89 ce 48 89 d7
0x000079e2ba665a4e:   ff d0 bb 00 00 00 00 48 8d 45 c0 48 89 c7 e8 fb
0x000079e2ba665a5e:   3c 00 00 89 d8 eb 1a 48 89 c3 48 8d 45 c0 48 89
0x000079e2ba665a6e:   c7 e8 e8 3c 00 00 48 89 d8 48 89 c7 e8 c1 d3 ff
0x000079e2ba665a7e:   ff 48 83 c4 58 5b 5d c3 55 48 89 e5 48 89 7d f8
0x000079e2ba665a8e:   48 89 75 f0 48 89 55 e8 48 89 4d e0 4c 89 45 d8
0x000079e2ba665a9e:   b8 00 00 00 00 5d c3 90 55 48 89 e5 48 83 ec 20
0x000079e2ba665aae:   48 89 7d f8 89 75 f4 89 55 f0 89 c8 4c 89 45 e0
0x000079e2ba665abe:   88 45 ec 83 7d f4 0b 75 07 b8 00 00 00 00 eb 25
0x000079e2ba665ace:   48 8b 45 f8 48 8b 50 20 48 8b 45 f8 48 8b 40 20
0x000079e2ba665ade:   48 8b 00 48 83 c0 30 48 8b 00 8b 4d f4 89 ce 48
0x000079e2ba665aee:   89 d7 ff d0 90 c9 c3 90 55 48 89 e5 48 89 7d f8
0x000079e2ba665afe:   89 75 f4 89 55 f0 48 89 4d e8 90 5d c3 90 55 48
0x000079e2ba665b0e:   89 e5 48 83 ec 20 48 89 7d f8 48 89 75 f0 89 55
0x000079e2ba665b1e:   ec 48 8b 45 f8 48 8b 48 20 48 8b 45 f8 48 8b 40
0x000079e2ba665b2e:   20 48 8b 00 48 83 c0 38 48 8b 00 8b 55 ec 48 8b
0x000079e2ba665b3e:   75 f0 48 89 cf ff d0 90 c9 c3 55 48 89 e5 48 89
0x000079e2ba665b4e:   7d f8 48 89 75 f0 48 89 55 e8 b8 00 00 00 00 5d
0x000079e2ba665b5e:   c3 90 55 48 89 e5 48 89 7d f8 89 75 f4 48 89 55
0x000079e2ba665b6e:   e8 48 89 4d e0 4c 89 45 d8 44 89 4d f0 b8 00 00
0x000079e2ba665b7e:   00 00 5d c3 55 48 89 e5 48 89 7d f8 48 89 75 f0
0x000079e2ba665b8e:   b8 00 00 00 00 5d c3 90 55 48 89 e5 48 89 7d f8
0x000079e2ba665b9e:   48 89 75 f0 b8 00 00 00 00 5d c3 90 55 48 89 e5
0x000079e2ba665bae:   48 89 7d f8 48 89 75 f0 89 55 ec 89 4d e8 b8 00
0x000079e2ba665bbe:   00 00 00 5d c3 90 55 48 89 e5 48 89 7d f8 89 75
0x000079e2ba665bce:   f4 48 89 55 e8 48 89 4d e0 4c 89 45 d8 b8 00 00 



---------------  P R O C E S S  ---------------

VM state: not at safepoint (normal execution)

VM Mutex/Monitor currently owned by a thread: None

Heap address: 0x00000006c9c00000, size: 4964 MB, Compressed Oops mode: Zero based, Oop shift amount: 3

CDS archive(s) mapped at: [0x000079e263000000-0x000079e263bc4000-0x000079e263bc4000), size 12337152, SharedBaseAddress: 0x000079e263000000, ArchiveRelocationMode: 1.
Compressed class space mapped at: 0x000079e264000000-0x000079e2a4000000, reserved size: 1073741824
Narrow klass base: 0x000079e263000000, Narrow klass shift: 0, Narrow klass range: 0x100000000

GC Precious Log:
<Skipped>

Heap:
 garbage-first heap   total 327680K, used 17772K [0x00000006c9c00000, 0x0000000800000000)
  region size 4096K, 3 young (12288K), 1 survivors (4096K)
 Metaspace       used 4215K, committed 4288K, reserved 1114112K
  class space    used 374K, committed 384K, reserved 1048576K

Heap Regions: E=young(eden), S=young(survivor), O=old, HS=humongous(starts), HC=humongous(continues), CS=collection set, F=free, OA=open archive, CA=closed archive, TAMS=top-at-mark-start (previous, next)
|   0|0x00000006c9c00000, 0x00000006c9e30400, 0x00000006ca000000| 54%| O|  |TAMS 0x00000006c9c00000, 0x00000006c9c00000| Untracked 
|   1|0x00000006ca000000, 0x00000006ca000000, 0x00000006ca400000|  0%| F|  |TAMS 0x00000006ca000000, 0x00000006ca000000| Untracked 
|   2|0x00000006ca400000, 0x00000006ca400000, 0x00000006ca800000|  0%| F|  |TAMS 0x00000006ca400000, 0x00000006ca400000| Untracked 
|   3|0x00000006ca800000, 0x00000006ca800000, 0x00000006cac00000|  0%| F|  |TAMS 0x00000006ca800000, 0x00000006ca800000| Untracked 
|   4|0x00000006cac00000, 0x00000006cac00000, 0x00000006cb000000|  0%| F|  |TAMS 0x00000006cac00000, 0x00000006cac00000| Untracked 
|   5|0x00000006cb000000, 0x00000006cb000000, 0x00000006cb400000|  0%| F|  |TAMS 0x00000006cb000000, 0x00000006cb000000| Untracked 
|   6|0x00000006cb400000, 0x00000006cb400000, 0x00000006cb800000|  0%| F|  |TAMS 0x00000006cb400000, 0x00000006cb400000| Untracked 
|   7|0x00000006cb800000, 0x00000006cb800000, 0x00000006cbc00000|  0%| F|  |TAMS 0x00000006cb800000, 0x00000006cb800000| Untracked 
|   8|0x00000006cbc00000, 0x00000006cbc00000, 0x00000006cc000000|  0%| F|  |TAMS 0x00000006cbc00000, 0x00000006cbc00000| Untracked 
|   9|0x00000006cc000000, 0x00000006cc000000, 0x00000006cc400000|  0%| F|  |TAMS 0x00000006cc000000, 0x00000006cc000000| Untracked 
|  10|0x00000006cc400000, 0x00000006cc400000, 0x00000006cc800000|  0%| F|  |TAMS 0x00000006cc400000, 0x00000006cc400000| Untracked 
|  11|0x00000006cc800000, 0x00000006cc800000, 0x00000006ccc00000|  0%| F|  |TAMS 0x00000006cc800000, 0x00000006cc800000| Untracked 
|  12|0x00000006ccc00000, 0x00000006ccc00000, 0x00000006cd000000|  0%| F|  |TAMS 0x00000006ccc00000, 0x00000006ccc00000| Untracked 
|  13|0x00000006cd000000, 0x00000006cd000000, 0x00000006cd400000|  0%| F|  |TAMS 0x00000006cd000000, 0x00000006cd000000| Untracked 
|  14|0x00000006cd400000, 0x00000006cd400000, 0x00000006cd800000|  0%| F|  |TAMS 0x00000006cd400000, 0x00000006cd400000| Untracked 
|  15|0x00000006cd800000, 0x00000006cd800000, 0x00000006cdc00000|  0%| F|  |TAMS 0x00000006cd800000, 0x00000006cd800000| Untracked 
|  16|0x00000006cdc00000, 0x00000006cdc00000, 0x00000006ce000000|  0%| F|  |TAMS 0x00000006cdc00000, 0x00000006cdc00000| Untracked 
|  17|0x00000006ce000000, 0x00000006ce000000, 0x00000006ce400000|  0%| F|  |TAMS 0x00000006ce000000, 0x00000006ce000000| Untracked 
|  18|0x00000006ce400000, 0x00000006ce400000, 0x00000006ce800000|  0%| F|  |TAMS 0x00000006ce400000, 0x00000006ce400000| Untracked 
|  19|0x00000006ce800000, 0x00000006ce800000, 0x00000006cec00000|  0%| F|  |TAMS 0x00000006ce800000, 0x00000006ce800000| Untracked 
|  20|0x00000006cec00000, 0x00000006cec00000, 0x00000006cf000000|  0%| F|  |TAMS 0x00000006cec00000, 0x00000006cec00000| Untracked 
|  21|0x00000006cf000000, 0x00000006cf000000, 0x00000006cf400000|  0%| F|  |TAMS 0x00000006cf000000, 0x00000006cf000000| Untracked 
|  22|0x00000006cf400000, 0x00000006cf400000, 0x00000006cf800000|  0%| F|  |TAMS 0x00000006cf400000, 0x00000006cf400000| Untracked 
|  23|0x00000006cf800000, 0x00000006cf800000, 0x00000006cfc00000|  0%| F|  |TAMS 0x00000006cf800000, 0x00000006cf800000| Untracked 
|  24|0x00000006cfc00000, 0x00000006cfc00000, 0x00000006d0000000|  0%| F|  |TAMS 0x00000006cfc00000, 0x00000006cfc00000| Untracked 
|  25|0x00000006d0000000, 0x00000006d0000000, 0x00000006d0400000|  0%| F|  |TAMS 0x00000006d0000000, 0x00000006d0000000| Untracked 
|  26|0x00000006d0400000, 0x00000006d0400000, 0x00000006d0800000|  0%| F|  |TAMS 0x00000006d0400000, 0x00000006d0400000| Untracked 
|  27|0x00000006d0800000, 0x00000006d0800000, 0x00000006d0c00000|  0%| F|  |TAMS 0x00000006d0800000, 0x00000006d0800000| Untracked 
|  28|0x00000006d0c00000, 0x00000006d0c00000, 0x00000006d1000000|  0%| F|  |TAMS 0x00000006d0c00000, 0x00000006d0c00000| Untracked 
|  29|0x00000006d1000000, 0x00000006d1000000, 0x00000006d1400000|  0%| F|  |TAMS 0x00000006d1000000, 0x00000006d1000000| Untracked 
|  30|0x00000006d1400000, 0x00000006d1400000, 0x00000006d1800000|  0%| F|  |TAMS 0x00000006d1400000, 0x00000006d1400000| Untracked 
|  31|0x00000006d1800000, 0x00000006d1800000, 0x00000006d1c00000|  0%| F|  |TAMS 0x00000006d1800000, 0x00000006d1800000| Untracked 
|  32|0x00000006d1c00000, 0x00000006d1c00000, 0x00000006d2000000|  0%| F|  |TAMS 0x00000006d1c00000, 0x00000006d1c00000| Untracked 
|  33|0x00000006d2000000, 0x00000006d2000000, 0x00000006d2400000|  0%| F|  |TAMS 0x00000006d2000000, 0x00000006d2000000| Untracked 
|  34|0x00000006d2400000, 0x00000006d2400000, 0x00000006d2800000|  0%| F|  |TAMS 0x00000006d2400000, 0x00000006d2400000| Untracked 
|  35|0x00000006d2800000, 0x00000006d2800000, 0x00000006d2c00000|  0%| F|  |TAMS 0x00000006d2800000, 0x00000006d2800000| Untracked 
|  36|0x00000006d2c00000, 0x00000006d2c00000, 0x00000006d3000000|  0%| F|  |TAMS 0x00000006d2c00000, 0x00000006d2c00000| Untracked 
|  37|0x00000006d3000000, 0x00000006d3000000, 0x00000006d3400000|  0%| F|  |TAMS 0x00000006d3000000, 0x00000006d3000000| Untracked 
|  38|0x00000006d3400000, 0x00000006d3400000, 0x00000006d3800000|  0%| F|  |TAMS 0x00000006d3400000, 0x00000006d3400000| Untracked 
|  39|0x00000006d3800000, 0x00000006d3800000, 0x00000006d3c00000|  0%| F|  |TAMS 0x00000006d3800000, 0x00000006d3800000| Untracked 
|  40|0x00000006d3c00000, 0x00000006d3c00000, 0x00000006d4000000|  0%| F|  |TAMS 0x00000006d3c00000, 0x00000006d3c00000| Untracked 
|  41|0x00000006d4000000, 0x00000006d4000000, 0x00000006d4400000|  0%| F|  |TAMS 0x00000006d4000000, 0x00000006d4000000| Untracked 
|  42|0x00000006d4400000, 0x00000006d4400000, 0x00000006d4800000|  0%| F|  |TAMS 0x00000006d4400000, 0x00000006d4400000| Untracked 
|  43|0x00000006d4800000, 0x00000006d4800000, 0x00000006d4c00000|  0%| F|  |TAMS 0x00000006d4800000, 0x00000006d4800000| Untracked 
|  44|0x00000006d4c00000, 0x00000006d4c00000, 0x00000006d5000000|  0%| F|  |TAMS 0x00000006d4c00000, 0x00000006d4c00000| Untracked 
|  45|0x00000006d5000000, 0x00000006d5000000, 0x00000006d5400000|  0%| F|  |TAMS 0x00000006d5000000, 0x00000006d5000000| Untracked 
|  46|0x00000006d5400000, 0x00000006d5400000, 0x00000006d5800000|  0%| F|  |TAMS 0x00000006d5400000, 0x00000006d5400000| Untracked 
|  47|0x00000006d5800000, 0x00000006d5800000, 0x00000006d5c00000|  0%| F|  |TAMS 0x00000006d5800000, 0x00000006d5800000| Untracked 
|  48|0x00000006d5c00000, 0x00000006d5c00000, 0x00000006d6000000|  0%| F|  |TAMS 0x00000006d5c00000, 0x00000006d5c00000| Untracked 
|  49|0x00000006d6000000, 0x00000006d6000000, 0x00000006d6400000|  0%| F|  |TAMS 0x00000006d6000000, 0x00000006d6000000| Untracked 
|  50|0x00000006d6400000, 0x00000006d6400000, 0x00000006d6800000|  0%| F|  |TAMS 0x00000006d6400000, 0x00000006d6400000| Untracked 
|  51|0x00000006d6800000, 0x00000006d6800000, 0x00000006d6c00000|  0%| F|  |TAMS 0x00000006d6800000, 0x00000006d6800000| Untracked 
|  52|0x00000006d6c00000, 0x00000006d6c00000, 0x00000006d7000000|  0%| F|  |TAMS 0x00000006d6c00000, 0x00000006d6c00000| Untracked 
|  53|0x00000006d7000000, 0x00000006d7000000, 0x00000006d7400000|  0%| F|  |TAMS 0x00000006d7000000, 0x00000006d7000000| Untracked 
|  54|0x00000006d7400000, 0x00000006d7400000, 0x00000006d7800000|  0%| F|  |TAMS 0x00000006d7400000, 0x00000006d7400000| Untracked 
|  55|0x00000006d7800000, 0x00000006d7800000, 0x00000006d7c00000|  0%| F|  |TAMS 0x00000006d7800000, 0x00000006d7800000| Untracked 
|  56|0x00000006d7c00000, 0x00000006d7c00000, 0x00000006d8000000|  0%| F|  |TAMS 0x00000006d7c00000, 0x00000006d7c00000| Untracked 
|  57|0x00000006d8000000, 0x00000006d8000000, 0x00000006d8400000|  0%| F|  |TAMS 0x00000006d8000000, 0x00000006d8000000| Untracked 
|  58|0x00000006d8400000, 0x00000006d8400000, 0x00000006d8800000|  0%| F|  |TAMS 0x00000006d8400000, 0x00000006d8400000| Untracked 
|  59|0x00000006d8800000, 0x00000006d8800000, 0x00000006d8c00000|  0%| F|  |TAMS 0x00000006d8800000, 0x00000006d8800000| Untracked 
|  60|0x00000006d8c00000, 0x00000006d8c00000, 0x00000006d9000000|  0%| F|  |TAMS 0x00000006d8c00000, 0x00000006d8c00000| Untracked 
|  61|0x00000006d9000000, 0x00000006d9000000, 0x00000006d9400000|  0%| F|  |TAMS 0x00000006d9000000, 0x00000006d9000000| Untracked 
|  62|0x00000006d9400000, 0x00000006d9400000, 0x00000006d9800000|  0%| F|  |TAMS 0x00000006d9400000, 0x00000006d9400000| Untracked 
|  63|0x00000006d9800000, 0x00000006d9800000, 0x00000006d9c00000|  0%| F|  |TAMS 0x00000006d9800000, 0x00000006d9800000| Untracked 
|  64|0x00000006d9c00000, 0x00000006d9c00000, 0x00000006da000000|  0%| F|  |TAMS 0x00000006d9c00000, 0x00000006d9c00000| Untracked 
|  65|0x00000006da000000, 0x00000006da000000, 0x00000006da400000|  0%| F|  |TAMS 0x00000006da000000, 0x00000006da000000| Untracked 
|  66|0x00000006da400000, 0x00000006da400000, 0x00000006da800000|  0%| F|  |TAMS 0x00000006da400000, 0x00000006da400000| Untracked 
|  67|0x00000006da800000, 0x00000006da800000, 0x00000006dac00000|  0%| F|  |TAMS 0x00000006da800000, 0x00000006da800000| Untracked 
|  68|0x00000006dac00000, 0x00000006dac00000, 0x00000006db000000|  0%| F|  |TAMS 0x00000006dac00000, 0x00000006dac00000| Untracked 
|  69|0x00000006db000000, 0x00000006db000000, 0x00000006db400000|  0%| F|  |TAMS 0x00000006db000000, 0x00000006db000000| Untracked 
|  70|0x00000006db400000, 0x00000006db400000, 0x00000006db800000|  0%| F|  |TAMS 0x00000006db400000, 0x00000006db400000| Untracked 
|  71|0x00000006db800000, 0x00000006db800000, 0x00000006dbc00000|  0%| F|  |TAMS 0x00000006db800000, 0x00000006db800000| Untracked 
|  72|0x00000006dbc00000, 0x00000006dc000000, 0x00000006dc000000|100%| S|CS|TAMS 0x00000006dbc00000, 0x00000006dbc00000| Complete 
|  73|0x00000006dc000000, 0x00000006dc000000, 0x00000006dc400000|  0%| F|  |TAMS 0x00000006dc000000, 0x00000006dc000000| Untracked 
|  74|0x00000006dc400000, 0x00000006dc400000, 0x00000006dc800000|  0%| F|  |TAMS 0x00000006dc400000, 0x00000006dc400000| Untracked 
|  75|0x00000006dc800000, 0x00000006dc800000, 0x00000006dcc00000|  0%| F|  |TAMS 0x00000006dc800000, 0x00000006dc800000| Untracked 
|  76|0x00000006dcc00000, 0x00000006dcf3ee70, 0x00000006dd000000| 81%| E|  |TAMS 0x00000006dcc00000, 0x00000006dcc00000| Complete 
|  77|0x00000006dd000000, 0x00000006dd400000, 0x00000006dd400000|100%| E|CS|TAMS 0x00000006dd000000, 0x00000006dd000000| Complete 
|1239|0x00000007ff800000, 0x00000007ffb75000, 0x00000007ffc00000| 86%|OA|  |TAMS 0x00000007ff800000, 0x00000007ff800000| Untracked 
|1240|0x00000007ffc00000, 0x00000007ffc77000, 0x0000000800000000| 11%|CA|  |TAMS 0x00000007ffc00000, 0x00000007ffc00000| Untracked 

Card table byte_map: [0x000079e2e8c00000,0x000079e2e95b2000] _byte_map_base: 0x000079e2e55b2000

Marking Bits (Prev, Next): (CMBitMap*) 0x000079e2e40915b0, (CMBitMap*) 0x000079e2e40915f0
 Prev Bits: [0x000079e2c8600000, 0x000079e2cd390000)
 Next Bits: [0x000079e2c3800000, 0x000079e2c8590000)

Polling page: 0x000079e2ec4a7000

Metaspace:

Usage:
  Non-class:      3.75 MB used.
      Class:    374.03 KB used.
       Both:      4.12 MB used.

Virtual space:
  Non-class space:       64.00 MB reserved,       3.81 MB (  6%) committed,  1 nodes.
      Class space:        1.00 GB reserved,     384.00 KB ( <1%) committed,  1 nodes.
             Both:        1.06 GB reserved,       4.19 MB ( <1%) committed. 

Chunk freelists:
   Non-Class:  11.34 MB
       Class:  15.56 MB
        Both:  26.91 MB

MaxMetaspaceSize: unlimited
CompressedClassSpaceSize: 1.00 GB
Initial GC threshold: 21.00 MB
Current GC threshold: 21.00 MB
CDS: on
MetaspaceReclaimPolicy: balanced
 - commit_granule_bytes: 65536.
 - commit_granule_words: 8192.
 - virtual_space_node_default_size: 8388608.
 - enlarge_chunks_in_place: 1.
 - new_chunks_are_fully_committed: 0.
 - uncommit_free_chunks: 1.
 - use_allocation_guard: 0.
 - handle_deallocations: 1.


Internal statistics:

num_allocs_failed_limit: 0.
num_arena_births: 28.
num_arena_deaths: 0.
num_vsnodes_births: 2.
num_vsnodes_deaths: 0.
num_space_committed: 67.
num_space_uncommitted: 0.
num_chunks_returned_to_freelist: 0.
num_chunks_taken_from_freelist: 65.
num_chunk_merges: 0.
num_chunk_splits: 41.
num_chunks_enlarged: 32.
num_inconsistent_stats: 0.

CodeHeap 'non-profiled nmethods': size=120028Kb used=299Kb max_used=299Kb free=119728Kb
 bounds [0x000079e2d4ec9000, 0x000079e2d5139000, 0x000079e2dc400000]
CodeHeap 'profiled nmethods': size=120028Kb used=1771Kb max_used=1771Kb free=118257Kb
 bounds [0x000079e2cd400000, 0x000079e2cd670000, 0x000079e2d4937000]
CodeHeap 'non-nmethods': size=5704Kb used=1186Kb max_used=1248Kb free=4517Kb
 bounds [0x000079e2d4937000, 0x000079e2d4ba7000, 0x000079e2d4ec9000]
 total_blobs=1408 nmethods=989 adapters=333
 compilation: enabled
              stopped_count=0, restarted_count=0
 full_count=0

Compilation events (20 events):
Event: 0.514 Thread 0x000079e22c3b0f80 nmethod 571 0x000079e2d4f0f110 code [0x000079e2d4f0f2a0, 0x000079e2d4f0f478]
Event: 0.514 Thread 0x000079e22c3b0f80  684   !   4       java.lang.String::<init> (840 bytes)
Event: 0.516 Thread 0x000079e2e4153660 

Event: 0.516 Thread 0x000079e2e4153660  707       4       java.util.HashMap::put (13 bytes)
Event: 0.533 Thread 0x000079e2e4153660 nmethod 707 0x000079e2d4f0f590 code [0x000079e2d4f0f7a0, 0x000079e2d4f10760]
Event: 0.533 Thread 0x000079e2e4153660  562       4       sun.nio.fs.UnixPath::checkNotNul (16 bytes)
Event: 0.533 Thread 0x000079e2e4153660 nmethod 562 0x000079e2d4f10f90 code [0x000079e2d4f11100, 0x000079e2d4f11178]
Event: 0.533 Thread 0x000079e2e4153660  922       4       java.nio.DirectByteBuffer::ix (10 bytes)
Event: 0.534 Thread 0x000079e2e4153660 nmethod 922 0x000079e2d4f11290 code [0x000079e2d4f11400, 0x000079e2d4f11478]
Event: 0.534 Thread 0x000079e2e4153660  758       4       sun.security.provider.SHA5::lf_ch (13 bytes)
Event: 0.534 Thread 0x000079e2e4153660 nmethod 758 0x000079e2d4f11590 code [0x000079e2d4f11700, 0x000079e2d4f11778]
Event: 0.534 Thread 0x000079e2e4153660  759       4       sun.security.provider.SHA5::lf_maj (14 bytes)
Event: 0.534 Thread 0x000079e2e4153660 nmethod 759 0x000079e2d4f11890 code [0x000079e2d4f11a00, 0x000079e2d4f11a78]
Event: 0.534 Thread 0x000079e2e4153660  784       4       java.lang.String::toString (2 bytes)
Event: 0.534 Thread 0x000079e2e4153660 nmethod 784 0x000079e2d4f11b90 code [0x000079e2d4f11d00, 0x000079e2d4f11d78]
Event: 0.534 Thread 0x000079e2e4153660  829       4       org.eclipse.jdt.launching.internal.org.objectweb.asm.ClassReader::readUnsignedShort (26 bytes)
Event: 0.535 Thread 0x000079e2e4153660 nmethod 829 0x000079e2d4f11e90 code [0x000079e2d4f12020, 0x000079e2d4f12118]
Event: 0.535 Thread 0x000079e2e4153660  856       4       org.eclipse.jdt.launching.internal.org.objectweb.asm.ClassReader::getItem (7 bytes)
Event: 0.536 Thread 0x000079e2e4153660 nmethod 856 0x000079e2d4f12210 code [0x000079e2d4f123a0, 0x000079e2d4f12458]
Event: 0.538 Thread 0x000079e22c3b0f80 nmethod 684 0x000079e2d4f12510 code [0x000079e2d4f126e0, 0x000079e2d4f13628]

GC Heap History (2 events):
Event: 0.359 GC heap before
{Heap before GC invocations=0 (full 0):
 garbage-first heap   total 327680K, used 20400K [0x00000006c9c00000, 0x0000000800000000)
  region size 4096K, 5 young (20480K), 0 survivors (0K)
 Metaspace       used 2772K, committed 2944K, reserved 1114112K
  class space    used 240K, committed 320K, reserved 1048576K
}
Event: 0.361 GC heap after
{Heap after GC invocations=1 (full 0):
 garbage-first heap   total 327680K, used 10353K [0x00000006c9c00000, 0x0000000800000000)
  region size 4096K, 1 young (4096K), 1 survivors (4096K)
 Metaspace       used 2772K, committed 2944K, reserved 1114112K
  class space    used 240K, committed 320K, reserved 1048576K
}

Dll operation events (9 events):
Event: 0.002 Loaded shared library /usr/lib/jvm/java-17-openjdk-amd64/lib/libjava.so
Event: 0.016 Loaded shared library /usr/lib/jvm/java-17-openjdk-amd64/lib/libjsvml.so
Event: 0.117 Loaded shared library /usr/lib/jvm/java-17-openjdk-amd64/lib/libzip.so
Event: 0.118 Loaded shared library /usr/lib/jvm/java-17-openjdk-amd64/lib/libinstrument.so
Event: 0.121 Loaded shared library /usr/lib/jvm/java-17-openjdk-amd64/lib/libnio.so
Event: 0.125 Loaded shared library /usr/lib/jvm/java-17-openjdk-amd64/lib/libzip.so
Event: 0.204 Loaded shared library /usr/lib/jvm/java-17-openjdk-amd64/lib/libjimage.so
Event: 0.388 Loaded shared library /usr/lib/jvm/java-17-openjdk-amd64/lib/libverify.so
Event: 0.413 Loaded shared library /home/martin/sources/za.co.ntier.twilio/src/za/ntier/mesibo/linux-x86_64/libjniMesiboLibrary.so

Deoptimization events (20 events):
Event: 0.356 Thread 0x000079e2e401ab50 DEOPT PACKING pc=0x000079e2cd52f6b4 sp=0x000079e2ea9fbfd0
Event: 0.356 Thread 0x000079e2e401ab50 DEOPT UNPACKING pc=0x000079e2d498de2f sp=0x000079e2ea9fb4c0 mode 1
Event: 0.370 Thread 0x000079e2e401ab50 DEOPT PACKING pc=0x000079e2cd4f0b1b sp=0x000079e2ea9fcef0
Event: 0.370 Thread 0x000079e2e401ab50 DEOPT UNPACKING pc=0x000079e2d498de2f sp=0x000079e2ea9fc3a0 mode 0
Event: 0.372 Thread 0x000079e2e401ab50 DEOPT PACKING pc=0x000079e2cd4e6a16 sp=0x000079e2ea9fdcd0
Event: 0.372 Thread 0x000079e2e401ab50 DEOPT UNPACKING pc=0x000079e2d498de2f sp=0x000079e2ea9fd160 mode 0
Event: 0.374 Thread 0x000079e2e401ab50 DEOPT PACKING pc=0x000079e2cd4b176d sp=0x000079e2ea9fd1e0
Event: 0.374 Thread 0x000079e2e401ab50 DEOPT UNPACKING pc=0x000079e2d498de2f sp=0x000079e2ea9fc690 mode 0
Event: 0.376 Thread 0x000079e2e401ab50 DEOPT PACKING pc=0x000079e2cd4f0b1b sp=0x000079e2ea9fd140
Event: 0.376 Thread 0x000079e2e401ab50 DEOPT UNPACKING pc=0x000079e2d498de2f sp=0x000079e2ea9fc5f0 mode 0
Event: 0.377 Thread 0x000079e2e401ab50 DEOPT PACKING pc=0x000079e2cd4cd9ce sp=0x000079e2ea9fd380
Event: 0.377 Thread 0x000079e2e401ab50 DEOPT UNPACKING pc=0x000079e2d498de2f sp=0x000079e2ea9fc820 mode 0
Event: 0.377 Thread 0x000079e2e401ab50 DEOPT PACKING pc=0x000079e2cd4f0b1b sp=0x000079e2ea9fd430
Event: 0.377 Thread 0x000079e2e401ab50 DEOPT UNPACKING pc=0x000079e2d498de2f sp=0x000079e2ea9fc8e0 mode 0
Event: 0.414 Thread 0x000079e2e401ab50 Uncommon trap: trap_request=0xffffff45 fr.pc=0x000079e2d4ed1f3c relative=0x000000000000009c
Event: 0.414 Thread 0x000079e2e401ab50 Uncommon trap: reason=unstable_if action=reinterpret pc=0x000079e2d4ed1f3c method=java.lang.String.hashCode()I @ 42 c2
Event: 0.414 Thread 0x000079e2e401ab50 DEOPT PACKING pc=0x000079e2d4ed1f3c sp=0x000079e2ea9fbde0
Event: 0.414 Thread 0x000079e2e401ab50 DEOPT UNPACKING pc=0x000079e2d498d699 sp=0x000079e2ea9fbd98 mode 2
Event: 0.438 Thread 0x000079e2e401ab50 DEOPT PACKING pc=0x000079e2cd56760b sp=0x000079e2ea9fb870
Event: 0.438 Thread 0x000079e2e401ab50 DEOPT UNPACKING pc=0x000079e2d498de2f sp=0x000079e2ea9fad30 mode 0

Classes loaded (20 events):
Event: 0.474 Loading class java/lang/reflect/Proxy$ProxyBuilder$1
Event: 0.474 Loading class java/lang/reflect/Proxy$ProxyBuilder$1 done
Event: 0.474 Loading class java/lang/annotation/Target
Event: 0.474 Loading class java/lang/annotation/Target done
Event: 0.477 Loading class java/lang/reflect/UndeclaredThrowableException
Event: 0.477 Loading class java/lang/reflect/UndeclaredThrowableException done
Event: 0.477 Loading class java/lang/Class$AnnotationData
Event: 0.477 Loading class java/lang/Class$AnnotationData done
Event: 0.485 Loading class java/lang/InstantiationException
Event: 0.485 Loading class java/lang/InstantiationException done
Event: 0.486 Loading class java/lang/ProcessEnvironment
Event: 0.487 Loading class java/lang/ProcessEnvironment done
Event: 0.487 Loading class java/lang/ProcessEnvironment$Variable
Event: 0.487 Loading class java/lang/ProcessEnvironment$ExternalData
Event: 0.487 Loading class java/lang/ProcessEnvironment$ExternalData done
Event: 0.487 Loading class java/lang/ProcessEnvironment$Variable done
Event: 0.487 Loading class java/lang/ProcessEnvironment$Value
Event: 0.487 Loading class java/lang/ProcessEnvironment$Value done
Event: 0.487 Loading class java/lang/ProcessEnvironment$StringEnvironment
Event: 0.487 Loading class java/lang/ProcessEnvironment$StringEnvironment done

Classes unloaded (0 events):
No events

Classes redefined (0 events):
No events

Internal exceptions (7 events):
Event: 0.125 Thread 0x000079e2e401ab50 Implicit null exception at 0x000079e2d4ed48d5 to 0x000079e2d4ed4a40
Event: 0.448 Thread 0x000079e2e401ab50 Exception <a 'java/lang/NoSuchMethodError'{0x00000006dcd855c8}: 'int java.lang.invoke.DirectMethodHandle$Holder.invokeStaticInit(java.lang.Object, java.lang.Object, java.lang.Object, java.lang.Object)'> (0x00000006dcd855c8) 
thrown [./src/hotspot/share/interpreter/linkResolver.cpp, line 758]
Event: 0.450 Thread 0x000079e2e401ab50 Exception <a 'java/lang/NoSuchMethodError'{0x00000006dcd8f448}: 'java.lang.Object java.lang.invoke.DirectMethodHandle$Holder.invokeInterface(java.lang.Object, java.lang.Object)'> (0x00000006dcd8f448) 
thrown [./src/hotspot/share/interpreter/linkResolver.cpp, line 758]
Event: 0.450 Thread 0x000079e2e401ab50 Exception <a 'java/lang/IncompatibleClassChangeError'{0x00000006dcd92998}: Found class java.lang.Object, but interface was expected> (0x00000006dcd92998) 
thrown [./src/hotspot/share/interpreter/linkResolver.cpp, line 826]
Event: 0.451 Thread 0x000079e2e401ab50 Exception <a 'java/lang/NoSuchMethodError'{0x00000006dcd96220}: 'void java.lang.invoke.DirectMethodHandle$Holder.invokeStatic(java.lang.Object, java.lang.Object)'> (0x00000006dcd96220) 
thrown [./src/hotspot/share/interpreter/linkResolver.cpp, line 758]
Event: 0.451 Thread 0x000079e2e401ab50 Exception <a 'java/lang/NoSuchMethodError'{0x00000006dcd99890}: 'void java.lang.invoke.DirectMethodHandle$Holder.invokeStaticInit(java.lang.Object, java.lang.Object)'> (0x00000006dcd99890) 
thrown [./src/hotspot/share/interpreter/linkResolver.cpp, line 758]
Event: 0.452 Thread 0x000079e2e401ab50 Exception <a 'java/lang/NoSuchMethodError'{0x00000006dcda19f0}: 'int java.lang.invoke.DirectMethodHandle$Holder.invokeStaticInit(java.lang.Object, java.lang.Object)'> (0x00000006dcda19f0) 
thrown [./src/hotspot/share/interpreter/linkResolver.cpp, line 758]

VM Operations (20 events):
Event: 0.062 Executing VM operation: ChangeBreakpoints
Event: 0.062 Executing VM operation: ChangeBreakpoints done
Event: 0.102 Executing VM operation: ChangeBreakpoints
Event: 0.102 Executing VM operation: ChangeBreakpoints done
Event: 0.174 Executing VM operation: HandshakeAllThreads
Event: 0.174 Executing VM operation: HandshakeAllThreads done
Event: 0.193 Executing VM operation: HandshakeAllThreads
Event: 0.193 Executing VM operation: HandshakeAllThreads done
Event: 0.193 Executing VM operation: HandshakeAllThreads
Event: 0.193 Executing VM operation: HandshakeAllThreads done
Event: 0.356 Executing VM operation: HandshakeAllThreads
Event: 0.356 Executing VM operation: HandshakeAllThreads done
Event: 0.358 Executing VM operation: G1CollectForAllocation
Event: 0.361 Executing VM operation: G1CollectForAllocation done
Event: 0.409 Executing VM operation: ChangeBreakpoints
Event: 0.409 Executing VM operation: ChangeBreakpoints done
Event: 0.459 Executing VM operation: HandshakeAllThreads
Event: 0.459 Executing VM operation: HandshakeAllThreads done
Event: 1.459 Executing VM operation: Cleanup
Event: 1.459 Executing VM operation: Cleanup done

Events (20 events):
Event: 0.020 Thread 0x000079e2e4153660 Thread added: 0x000079e2e4153660
Event: 0.020 Protecting memory [0x000079e2bbf00000,0x000079e2bbf04000] with protection modes 0
Event: 0.020 Thread 0x000079e2e4154ba0 Thread added: 0x000079e2e4154ba0
Event: 0.020 Protecting memory [0x000079e2bbe00000,0x000079e2bbe04000] with protection modes 0
Event: 0.020 Thread 0x000079e2e415e010 Thread added: 0x000079e2e415e010
Event: 0.020 Protecting memory [0x000079e2bbd00000,0x000079e2bbd04000] with protection modes 0
Event: 0.038 Thread 0x000079e2e41697b0 Thread added: 0x000079e2e41697b0
Event: 0.038 Protecting memory [0x000079e2bbc00000,0x000079e2bbc04000] with protection modes 0
Event: 0.061 Thread 0x000079e2e41b0660 Thread added: 0x000079e2e41b0660
Event: 0.062 Protecting memory [0x000079e2bbb00000,0x000079e2bbb04000] with protection modes 0
Event: 0.062 Thread 0x000079e2e41b3710 Thread added: 0x000079e2e41b3710
Event: 0.062 Protecting memory [0x000079e2bba00000,0x000079e2bba04000] with protection modes 0
Event: 0.062 Thread 0x000079e21c001120 Thread added: 0x000079e21c001120
Event: 0.062 Protecting memory [0x000079e2bb900000,0x000079e2bb904000] with protection modes 0
Event: 0.385 Thread 0x000079e2e4711b90 Thread added: 0x000079e2e4711b90
Event: 0.385 Protecting memory [0x000079e2bb1fa000,0x000079e2bb1fe000] with protection modes 0
Event: 0.446 Thread 0x000079e2e4724990 Thread added: 0x000079e2e4724990
Event: 0.446 Protecting memory [0x000079e2baff9000,0x000079e2baffd000] with protection modes 0
Event: 0.454 Thread 0x000079e22c3b0f80 Thread added: 0x000079e22c3b0f80
Event: 0.454 Protecting memory [0x000079e2baef9000,0x000079e2baefd000] with protection modes 0


Dynamic libraries:
6c9c00000-6dd400000 rw-p 00000000 00:00 0 
6dd400000-7ff800000 ---p 00000000 00:00 0 
7ff800000-7ffb00000 rw-p 00000000 00:00 0 
7ffb00000-7ffb75000 rw-p 00c73000 08:12 3937446                          /usr/lib/jvm/java-17-openjdk-amd64/lib/server/classes.jsa
7ffb75000-7ffc00000 rw-p 00000000 00:00 0 
7ffc00000-7ffc77000 rw-p 00bfc000 08:12 3937446                          /usr/lib/jvm/java-17-openjdk-amd64/lib/server/classes.jsa
7ffc77000-800000000 rw-p 00000000 00:00 0 
5e3e7cce7000-5e3e7cce8000 r--p 00000000 08:12 3937371                    /usr/lib/jvm/java-17-openjdk-amd64/bin/java
5e3e7cce8000-5e3e7cce9000 r-xp 00001000 08:12 3937371                    /usr/lib/jvm/java-17-openjdk-amd64/bin/java
5e3e7cce9000-5e3e7ccea000 r--p 00002000 08:12 3937371                    /usr/lib/jvm/java-17-openjdk-amd64/bin/java
5e3e7ccea000-5e3e7cceb000 r--p 00002000 08:12 3937371                    /usr/lib/jvm/java-17-openjdk-amd64/bin/java
5e3e7cceb000-5e3e7ccec000 rw-p 00003000 08:12 3937371                    /usr/lib/jvm/java-17-openjdk-amd64/bin/java
5e3e7d33d000-5e3e7d387000 rw-p 00000000 00:00 0                          [heap]
79e1cc000000-79e1cc021000 rw-p 00000000 00:00 0 
79e1cc021000-79e1d0000000 ---p 00000000 00:00 0 
79e1d4000000-79e1d4198000 rw-p 00000000 00:00 0 
79e1d4198000-79e1d8000000 ---p 00000000 00:00 0 
79e1d8000000-79e1d8021000 rw-p 00000000 00:00 0 
79e1d8021000-79e1dc000000 ---p 00000000 00:00 0 
79e1e0000000-79e1e0021000 rw-p 00000000 00:00 0 
79e1e0021000-79e1e4000000 ---p 00000000 00:00 0 
79e1e4000000-79e1e4021000 rw-p 00000000 00:00 0 
79e1e4021000-79e1e8000000 ---p 00000000 00:00 0 
79e1ec000000-79e1ec021000 rw-p 00000000 00:00 0 
79e1ec021000-79e1f0000000 ---p 00000000 00:00 0 
79e1f0000000-79e1f0021000 rw-p 00000000 00:00 0 
79e1f0021000-79e1f4000000 ---p 00000000 00:00 0 
79e1f8000000-79e1f8021000 rw-p 00000000 00:00 0 
79e1f8021000-79e1fc000000 ---p 00000000 00:00 0 
79e1fc000000-79e1fc021000 rw-p 00000000 00:00 0 
79e1fc021000-79e200000000 ---p 00000000 00:00 0 
79e204000000-79e204021000 rw-p 00000000 00:00 0 
79e204021000-79e208000000 ---p 00000000 00:00 0 
79e208000000-79e208021000 rw-p 00000000 00:00 0 
79e208021000-79e20c000000 ---p 00000000 00:00 0 
79e210000000-79e210021000 rw-p 00000000 00:00 0 
79e210021000-79e214000000 ---p 00000000 00:00 0 
79e214000000-79e214021000 rw-p 00000000 00:00 0 
79e214021000-79e218000000 ---p 00000000 00:00 0 
79e21c000000-79e21c021000 rw-p 00000000 00:00 0 
79e21c021000-79e220000000 ---p 00000000 00:00 0 
79e220000000-79e220021000 rw-p 00000000 00:00 0 
79e220021000-79e224000000 ---p 00000000 00:00 0 
79e228000000-79e228021000 rw-p 00000000 00:00 0 
79e228021000-79e22c000000 ---p 00000000 00:00 0 
79e22c000000-79e22c42a000 rw-p 00000000 00:00 0 
79e22c42a000-79e230000000 ---p 00000000 00:00 0 
79e234000000-79e2348a1000 rw-p 00000000 00:00 0 
79e2348a1000-79e238000000 ---p 00000000 00:00 0 
79e238000000-79e238021000 rw-p 00000000 00:00 0 
79e238021000-79e23c000000 ---p 00000000 00:00 0 
79e240000000-79e240021000 rw-p 00000000 00:00 0 
79e240021000-79e244000000 ---p 00000000 00:00 0 
79e244000000-79e244021000 rw-p 00000000 00:00 0 
79e244021000-79e248000000 ---p 00000000 00:00 0 
79e24c000000-79e24c021000 rw-p 00000000 00:00 0 
79e24c021000-79e250000000 ---p 00000000 00:00 0 
79e250000000-79e250021000 rw-p 00000000 00:00 0 
79e250021000-79e254000000 ---p 00000000 00:00 0 
79e258000000-79e258021000 rw-p 00000000 00:00 0 
79e258021000-79e25c000000 ---p 00000000 00:00 0 
79e25f000000-79e25f320000 rw-p 00000000 00:00 0 
79e25f320000-79e25f400000 ---p 00000000 00:00 0 
79e25f400000-79e25f4b0000 rw-p 00000000 00:00 0 
79e25f4b0000-79e263000000 ---p 00000000 00:00 0 
79e263000000-79e263bc4000 rw-p 00001000 08:12 3937446                    /usr/lib/jvm/java-17-openjdk-amd64/lib/server/classes.jsa
79e263bc4000-79e264000000 ---p 00000000 00:00 0 
79e264000000-79e264010000 rw-p 00000000 00:00 0 
79e264010000-79e264020000 ---p 00000000 00:00 0 
79e264020000-79e264030000 rw-p 00000000 00:00 0 
79e264030000-79e264040000 ---p 00000000 00:00 0 
79e264040000-79e264080000 rw-p 00000000 00:00 0 
79e264080000-79e2a4000000 ---p 00000000 00:00 0 
79e2a4000000-79e2a4021000 rw-p 00000000 00:00 0 
79e2a4021000-79e2a8000000 ---p 00000000 00:00 0 
79e2a8000000-79e2a8021000 rw-p 00000000 00:00 0 
79e2a8021000-79e2ac000000 ---p 00000000 00:00 0 
79e2b0000000-79e2b0021000 rw-p 00000000 00:00 0 
79e2b0021000-79e2b4000000 ---p 00000000 00:00 0 
79e2b4000000-79e2b4021000 rw-p 00000000 00:00 0 
79e2b4021000-79e2b8000000 ---p 00000000 00:00 0 
79e2ba600000-79e2baac8000 r-xp 00000000 08:12 3933257                    /usr/lib/libmesibo.so
79e2baac8000-79e2bacc8000 ---p 004c8000 08:12 3933257                    /usr/lib/libmesibo.so
79e2bacc8000-79e2bacff000 r--p 004c8000 08:12 3933257                    /usr/lib/libmesibo.so
79e2bacff000-79e2bad28000 rw-p 004ff000 08:12 3933257                    /usr/lib/libmesibo.so
79e2bad28000-79e2bad2d000 rw-p 00000000 00:00 0 
79e2baef9000-79e2baefd000 ---p 00000000 00:00 0 
79e2baefd000-79e2baff9000 rw-p 00000000 00:00 0 
79e2baff9000-79e2baffd000 ---p 00000000 00:00 0 
79e2baffd000-79e2bb0f9000 rw-p 00000000 00:00 0 
79e2bb0f9000-79e2bb0fa000 ---p 00000000 00:00 0 
79e2bb0fa000-79e2bb1fa000 rw-p 00000000 00:00 0 
79e2bb1fa000-79e2bb1fe000 ---p 00000000 00:00 0 
79e2bb1fe000-79e2bb2fa000 rw-p 00000000 00:00 0 
79e2bb2fa000-79e2bb2fb000 ---p 00000000 00:00 0 
79e2bb2fb000-79e2bb3fb000 rw-p 00000000 00:00 0 
79e2bb3fb000-79e2bb3fc000 ---p 00000000 00:00 0 
79e2bb3fc000-79e2bb4fc000 rw-p 00000000 00:00 0 
79e2bb4fc000-79e2bb4fd000 ---p 00000000 00:00 0 
79e2bb4fd000-79e2bb5fd000 rw-p 00000000 00:00 0 
79e2bb5fd000-79e2bb5fe000 ---p 00000000 00:00 0 
79e2bb5fe000-79e2bb6fe000 rw-p 00000000 00:00 0 
79e2bb6fe000-79e2bb6ff000 ---p 00000000 00:00 0 
79e2bb6ff000-79e2bb7ff000 rw-p 00000000 00:00 0 
79e2bb7ff000-79e2bb800000 ---p 00000000 00:00 0 
79e2bb800000-79e2bb900000 rw-p 00000000 00:00 0 
79e2bb900000-79e2bb904000 ---p 00000000 00:00 0 
79e2bb904000-79e2bba00000 rw-p 00000000 00:00 0 
79e2bba00000-79e2bba04000 ---p 00000000 00:00 0 
79e2bba04000-79e2bbb00000 rw-p 00000000 00:00 0 
79e2bbb00000-79e2bbb04000 ---p 00000000 00:00 0 
79e2bbb04000-79e2bbc00000 rw-p 00000000 00:00 0 
79e2bbc00000-79e2bbc04000 ---p 00000000 00:00 0 
79e2bbc04000-79e2bbd00000 rw-p 00000000 00:00 0 
79e2bbd00000-79e2bbd04000 ---p 00000000 00:00 0 
79e2bbd04000-79e2bbe00000 rw-p 00000000 00:00 0 
79e2bbe00000-79e2bbe04000 ---p 00000000 00:00 0 
79e2bbe04000-79e2bbf00000 rw-p 00000000 00:00 0 
79e2bbf00000-79e2bbf04000 ---p 00000000 00:00 0 
79e2bbf04000-79e2bc000000 rw-p 00000000 00:00 0 
79e2bc000000-79e2bc021000 rw-p 00000000 00:00 0 
79e2bc021000-79e2c0000000 ---p 00000000 00:00 0 
79e2c0000000-79e2c0004000 ---p 00000000 00:00 0 
79e2c0004000-79e2c0100000 rw-p 00000000 00:00 0 
79e2c0100000-79e2c0104000 ---p 00000000 00:00 0 
79e2c0104000-79e2c0200000 rw-p 00000000 00:00 0 
79e2c0200000-79e2c0773000 r--p 00000000 08:12 3932386                    /usr/lib/locale/locale-archive
79e2c07f5000-79e2c07f9000 ---p 00000000 00:00 0 
79e2c07f9000-79e2c08f5000 rw-p 00000000 00:00 0 
79e2c08f5000-79e2c08f9000 ---p 00000000 00:00 0 
79e2c08f9000-79e2c09f5000 rw-p 00000000 00:00 0 
79e2c09f5000-79e2c09f9000 ---p 00000000 00:00 0 
79e2c09f9000-79e2c0af5000 rw-p 00000000 00:00 0 
79e2c0af5000-79e2c0af6000 ---p 00000000 00:00 0 
79e2c0af6000-79e2c0bf6000 rw-p 00000000 00:00 0 
79e2c0bf6000-79e2c0bf7000 ---p 00000000 00:00 0 
79e2c0bf7000-79e2c0cf7000 rw-p 00000000 00:00 0 
79e2c0cf7000-79e2c0cf8000 ---p 00000000 00:00 0 
79e2c0cf8000-79e2c0df8000 rw-p 00000000 00:00 0 
79e2c0df8000-79e2c3600000 rw-p 00000000 00:00 0 
79e2c362e000-79e2c3633000 r--p 00000000 08:12 3937430                    /usr/lib/jvm/java-17-openjdk-amd64/lib/libjsvml.so
79e2c3633000-79e2c3674000 r-xp 00005000 08:12 3937430                    /usr/lib/jvm/java-17-openjdk-amd64/lib/libjsvml.so
79e2c3674000-79e2c36fd000 r--p 00046000 08:12 3937430                    /usr/lib/jvm/java-17-openjdk-amd64/lib/libjsvml.so
79e2c36fd000-79e2c36fe000 r--p 000ce000 08:12 3937430                    /usr/lib/jvm/java-17-openjdk-amd64/lib/libjsvml.so
79e2c36fe000-79e2c36ff000 rw-p 000cf000 08:12 3937430                    /usr/lib/jvm/java-17-openjdk-amd64/lib/libjsvml.so
79e2c36ff000-79e2c3700000 ---p 00000000 00:00 0 
79e2c3700000-79e2c3800000 rw-p 00000000 00:00 0 
79e2c3800000-79e2c3ce0000 rw-p 00000000 00:00 0 
79e2c3ce0000-79e2c8570000 ---p 00000000 00:00 0 
79e2c8570000-79e2c8590000 rw-p 00000000 00:00 0 
79e2c8600000-79e2c8ae0000 rw-p 00000000 00:00 0 
79e2c8ae0000-79e2cd370000 ---p 00000000 00:00 0 
79e2cd370000-79e2cd390000 rw-p 00000000 00:00 0 
79e2cd400000-79e2cd670000 rwxp 00000000 00:00 0 
79e2cd670000-79e2d4937000 ---p 00000000 00:00 0 
79e2d4937000-79e2d4ba7000 rwxp 00000000 00:00 0 
79e2d4ba7000-79e2d4ec9000 ---p 00000000 00:00 0 
79e2d4ec9000-79e2d5139000 rwxp 00000000 00:00 0 
79e2d5139000-79e2dc400000 ---p 00000000 00:00 0 
79e2dc400000-79e2e3e80000 r--s 00000000 08:12 3937445                    /usr/lib/jvm/java-17-openjdk-amd64/lib/modules
79e2e3eb7000-79e2e3eb8000 ---p 00000000 00:00 0 
79e2e3eb8000-79e2e3edb000 rw-p 00000000 00:00 0 
79e2e3edb000-79e2e3edc000 ---p 00000000 00:00 0 
79e2e3edc000-79e2e3eff000 rw-p 00000000 00:00 0 
79e2e3eff000-79e2e3f00000 ---p 00000000 00:00 0 
79e2e3f00000-79e2e4000000 rw-p 00000000 00:00 0 
79e2e4000000-79e2e4816000 rw-p 00000000 00:00 0 
79e2e4816000-79e2e8000000 ---p 00000000 00:00 0 
79e2e8004000-79e2e800b000 r--p 00000000 08:13 17973360                   /home/martin/sources/za.co.ntier.twilio/src/za/ntier/mesibo/linux-x86_64/libjniMesiboLibrary.so
79e2e800b000-79e2e8019000 r-xp 00007000 08:13 17973360                   /home/martin/sources/za.co.ntier.twilio/src/za/ntier/mesibo/linux-x86_64/libjniMesiboLibrary.so
79e2e8019000-79e2e8021000 r--p 00015000 08:13 17973360                   /home/martin/sources/za.co.ntier.twilio/src/za/ntier/mesibo/linux-x86_64/libjniMesiboLibrary.so
79e2e8021000-79e2e8022000 r--p 0001c000 08:13 17973360                   /home/martin/sources/za.co.ntier.twilio/src/za/ntier/mesibo/linux-x86_64/libjniMesiboLibrary.so
79e2e8022000-79e2e8023000 rw-p 0001d000 08:13 17973360                   /home/martin/sources/za.co.ntier.twilio/src/za/ntier/mesibo/linux-x86_64/libjniMesiboLibrary.so
79e2e8023000-79e2e80ff000 rw-p 00000000 00:00 0 
79e2e80ff000-79e2e8100000 ---p 00000000 00:00 0 
79e2e8100000-79e2e8200000 rw-p 00000000 00:00 0 
79e2e8200000-79e2e829c000 rw-p 00000000 00:00 0 
79e2e829c000-79e2e8bae000 ---p 00000000 00:00 0 
79e2e8bae000-79e2e8bb2000 rw-p 00000000 00:00 0 
79e2e8bbf000-79e2e8c9c000 rw-p 00000000 00:00 0 
79e2e8c9c000-79e2e95ae000 ---p 00000000 00:00 0 
79e2e95ae000-79e2e95b2000 rw-p 00000000 00:00 0 
79e2e95b6000-79e2e95ba000 r--p 00000000 08:12 3937443                    /usr/lib/jvm/java-17-openjdk-amd64/lib/libverify.so
79e2e95ba000-79e2e95c1000 r-xp 00004000 08:12 3937443                    /usr/lib/jvm/java-17-openjdk-amd64/lib/libverify.so
79e2e95c1000-79e2e95c3000 r--p 0000b000 08:12 3937443                    /usr/lib/jvm/java-17-openjdk-amd64/lib/libverify.so
79e2e95c3000-79e2e95c5000 r--p 0000c000 08:12 3937443                    /usr/lib/jvm/java-17-openjdk-amd64/lib/libverify.so
79e2e95c5000-79e2e95c6000 rw-p 0000e000 08:12 3937443                    /usr/lib/jvm/java-17-openjdk-amd64/lib/libverify.so
79e2e95c6000-79e2e95ca000 r--p 00000000 08:12 3937436                    /usr/lib/jvm/java-17-openjdk-amd64/lib/libnet.so
79e2e95ca000-79e2e95d8000 r-xp 00004000 08:12 3937436                    /usr/lib/jvm/java-17-openjdk-amd64/lib/libnet.so
79e2e95d8000-79e2e95dc000 r--p 00012000 08:12 3937436                    /usr/lib/jvm/java-17-openjdk-amd64/lib/libnet.so
79e2e95dc000-79e2e95dd000 r--p 00015000 08:12 3937436                    /usr/lib/jvm/java-17-openjdk-amd64/lib/libnet.so
79e2e95dd000-79e2e95de000 rw-p 00016000 08:12 3937436                    /usr/lib/jvm/java-17-openjdk-amd64/lib/libnet.so
79e2e95de000-79e2e95e5000 r--p 00000000 08:12 3937437                    /usr/lib/jvm/java-17-openjdk-amd64/lib/libnio.so
79e2e95e5000-79e2e95ee000 r-xp 00007000 08:12 3937437                    /usr/lib/jvm/java-17-openjdk-amd64/lib/libnio.so
79e2e95ee000-79e2e95f2000 r--p 00010000 08:12 3937437                    /usr/lib/jvm/java-17-openjdk-amd64/lib/libnio.so
79e2e95f2000-79e2e95f3000 ---p 00014000 08:12 3937437                    /usr/lib/jvm/java-17-openjdk-amd64/lib/libnio.so
79e2e95f3000-79e2e95f4000 r--p 00014000 08:12 3937437                    /usr/lib/jvm/java-17-openjdk-amd64/lib/libnio.so
79e2e95f4000-79e2e95f5000 rw-p 00015000 08:12 3937437                    /usr/lib/jvm/java-17-openjdk-amd64/lib/libnio.so
79e2e95f5000-79e2e95f7000 r--p 00000000 08:12 3937444                    /usr/lib/jvm/java-17-openjdk-amd64/lib/libzip.so
79e2e95f7000-79e2e95fc000 r-xp 00002000 08:12 3937444                    /usr/lib/jvm/java-17-openjdk-amd64/lib/libzip.so
79e2e95fc000-79e2e95fe000 r--p 00007000 08:12 3937444                    /usr/lib/jvm/java-17-openjdk-amd64/lib/libzip.so
79e2e95fe000-79e2e95ff000 r--p 00008000 08:12 3937444                    /usr/lib/jvm/java-17-openjdk-amd64/lib/libzip.so
79e2e95ff000-79e2e9600000 rw-p 00009000 08:12 3937444                    /usr/lib/jvm/java-17-openjdk-amd64/lib/libzip.so
79e2e9600000-79e2e969c000 rw-p 00000000 00:00 0 
79e2e969c000-79e2e9fae000 ---p 00000000 00:00 0 
79e2e9fae000-79e2e9fb2000 rw-p 00000000 00:00 0 
79e2e9fbc000-79e2ea81a000 rw-p 00000000 00:00 0 
79e2ea81a000-79e2ea900000 ---p 00000000 00:00 0 
79e2ea900000-79e2ea904000 ---p 00000000 00:00 0 
79e2ea904000-79e2eaa00000 rw-p 00000000 00:00 0 
79e2eaa00000-79e2eaa9a000 r--p 00000000 08:12 3960894                    /usr/lib/x86_64-linux-gnu/libstdc++.so.6.0.30
79e2eaa9a000-79e2eabab000 r-xp 0009a000 08:12 3960894                    /usr/lib/x86_64-linux-gnu/libstdc++.so.6.0.30
79e2eabab000-79e2eac1a000 r--p 001ab000 08:12 3960894                    /usr/lib/x86_64-linux-gnu/libstdc++.so.6.0.30
79e2eac1a000-79e2eac1b000 ---p 0021a000 08:12 3960894                    /usr/lib/x86_64-linux-gnu/libstdc++.so.6.0.30
79e2eac1b000-79e2eac26000 r--p 0021a000 08:12 3960894                    /usr/lib/x86_64-linux-gnu/libstdc++.so.6.0.30
79e2eac26000-79e2eac29000 rw-p 00225000 08:12 3960894                    /usr/lib/x86_64-linux-gnu/libstdc++.so.6.0.30
79e2eac29000-79e2eac2c000 rw-p 00000000 00:00 0 
79e2eac2e000-79e2eac33000 rw-p 00000000 00:00 0 
79e2eac33000-79e2ead19000 ---p 00000000 00:00 0 
79e2ead19000-79e2ead27000 r--p 00000000 08:12 3934354                    /usr/lib/x86_64-linux-gnu/libm.so.6
79e2ead27000-79e2eada3000 r-xp 0000e000 08:12 3934354                    /usr/lib/x86_64-linux-gnu/libm.so.6
79e2eada3000-79e2eadfe000 r--p 0008a000 08:12 3934354                    /usr/lib/x86_64-linux-gnu/libm.so.6
79e2eadfe000-79e2eadff000 r--p 000e4000 08:12 3934354                    /usr/lib/x86_64-linux-gnu/libm.so.6
79e2eadff000-79e2eae00000 rw-p 000e5000 08:12 3934354                    /usr/lib/x86_64-linux-gnu/libm.so.6
79e2eae00000-79e2eb051000 r--p 00000000 08:12 3937449                    /usr/lib/jvm/java-17-openjdk-amd64/lib/server/libjvm.so
79e2eb051000-79e2ebdbb000 r-xp 00251000 08:12 3937449                    /usr/lib/jvm/java-17-openjdk-amd64/lib/server/libjvm.so
79e2ebdbb000-79e2ec03d000 r--p 00fbb000 08:12 3937449                    /usr/lib/jvm/java-17-openjdk-amd64/lib/server/libjvm.so
79e2ec03d000-79e2ec03e000 ---p 0123d000 08:12 3937449                    /usr/lib/jvm/java-17-openjdk-amd64/lib/server/libjvm.so
79e2ec03e000-79e2ec0f6000 r--p 0123d000 08:12 3937449                    /usr/lib/jvm/java-17-openjdk-amd64/lib/server/libjvm.so
79e2ec0f6000-79e2ec12b000 rw-p 012f5000 08:12 3937449                    /usr/lib/jvm/java-17-openjdk-amd64/lib/server/libjvm.so
79e2ec12b000-79e2ec185000 rw-p 00000000 00:00 0 
79e2ec188000-79e2ec189000 r--p 00000000 08:12 3934385                    /usr/lib/x86_64-linux-gnu/libpthread.so.0
79e2ec189000-79e2ec18a000 r-xp 00001000 08:12 3934385                    /usr/lib/x86_64-linux-gnu/libpthread.so.0
79e2ec18a000-79e2ec18b000 r--p 00002000 08:12 3934385                    /usr/lib/x86_64-linux-gnu/libpthread.so.0
79e2ec18b000-79e2ec18c000 r--p 00002000 08:12 3934385                    /usr/lib/x86_64-linux-gnu/libpthread.so.0
79e2ec18c000-79e2ec18d000 rw-p 00003000 08:12 3934385                    /usr/lib/x86_64-linux-gnu/libpthread.so.0
79e2ec18d000-79e2ec18e000 r--p 00000000 08:12 3937415                    /usr/lib/jvm/java-17-openjdk-amd64/lib/libdt_socket.so
79e2ec18e000-79e2ec191000 r-xp 00001000 08:12 3937415                    /usr/lib/jvm/java-17-openjdk-amd64/lib/libdt_socket.so
79e2ec191000-79e2ec192000 r--p 00004000 08:12 3937415                    /usr/lib/jvm/java-17-openjdk-amd64/lib/libdt_socket.so
79e2ec192000-79e2ec193000 ---p 00005000 08:12 3937415                    /usr/lib/jvm/java-17-openjdk-amd64/lib/libdt_socket.so
79e2ec193000-79e2ec194000 r--p 00005000 08:12 3937415                    /usr/lib/jvm/java-17-openjdk-amd64/lib/libdt_socket.so
79e2ec194000-79e2ec195000 rw-p 00006000 08:12 3937415                    /usr/lib/jvm/java-17-openjdk-amd64/lib/libdt_socket.so
79e2ec195000-79e2ec1a1000 r--p 00000000 08:12 3937423                    /usr/lib/jvm/java-17-openjdk-amd64/lib/libjava.so
79e2ec1a1000-79e2ec1b4000 r-xp 0000c000 08:12 3937423                    /usr/lib/jvm/java-17-openjdk-amd64/lib/libjava.so
79e2ec1b4000-79e2ec1ba000 r--p 0001f000 08:12 3937423                    /usr/lib/jvm/java-17-openjdk-amd64/lib/libjava.so
79e2ec1ba000-79e2ec1bb000 r--p 00024000 08:12 3937423                    /usr/lib/jvm/java-17-openjdk-amd64/lib/libjava.so
79e2ec1bb000-79e2ec1bc000 rw-p 00025000 08:12 3937423                    /usr/lib/jvm/java-17-openjdk-amd64/lib/libjava.so
79e2ec1bc000-79e2ec1bd000 rw-p 00000000 00:00 0 
79e2ec1bd000-79e2ec1c0000 r--p 00000000 08:12 3937425                    /usr/lib/jvm/java-17-openjdk-amd64/lib/libjdwp.so
79e2ec1c0000-79e2ec1ee000 r-xp 00003000 08:12 3937425                    /usr/lib/jvm/java-17-openjdk-amd64/lib/libjdwp.so
79e2ec1ee000-79e2ec1fc000 r--p 00031000 08:12 3937425                    /usr/lib/jvm/java-17-openjdk-amd64/lib/libjdwp.so
79e2ec1fc000-79e2ec1fd000 ---p 0003f000 08:12 3937425                    /usr/lib/jvm/java-17-openjdk-amd64/lib/libjdwp.so
79e2ec1fd000-79e2ec1fe000 r--p 0003f000 08:12 3937425                    /usr/lib/jvm/java-17-openjdk-amd64/lib/libjdwp.so
79e2ec1fe000-79e2ec1ff000 rw-p 00040000 08:12 3937425                    /usr/lib/jvm/java-17-openjdk-amd64/lib/libjdwp.so
79e2ec1ff000-79e2ec200000 rw-p 00000000 00:00 0 
79e2ec200000-79e2ec228000 r--p 00000000 08:12 3934331                    /usr/lib/x86_64-linux-gnu/libc.so.6
79e2ec228000-79e2ec3bd000 r-xp 00028000 08:12 3934331                    /usr/lib/x86_64-linux-gnu/libc.so.6
79e2ec3bd000-79e2ec415000 r--p 001bd000 08:12 3934331                    /usr/lib/x86_64-linux-gnu/libc.so.6
79e2ec415000-79e2ec416000 ---p 00215000 08:12 3934331                    /usr/lib/x86_64-linux-gnu/libc.so.6
79e2ec416000-79e2ec41a000 r--p 00215000 08:12 3934331                    /usr/lib/x86_64-linux-gnu/libc.so.6
79e2ec41a000-79e2ec41c000 rw-p 00219000 08:12 3934331                    /usr/lib/x86_64-linux-gnu/libc.so.6
79e2ec41c000-79e2ec429000 rw-p 00000000 00:00 0 
79e2ec42a000-79e2ec42b000 r--p 00000000 08:12 3934350                    /usr/lib/x86_64-linux-gnu/libdl.so.2
79e2ec42b000-79e2ec42c000 r-xp 00001000 08:12 3934350                    /usr/lib/x86_64-linux-gnu/libdl.so.2
79e2ec42c000-79e2ec42d000 r--p 00002000 08:12 3934350                    /usr/lib/x86_64-linux-gnu/libdl.so.2
79e2ec42d000-79e2ec42e000 r--p 00002000 08:12 3934350                    /usr/lib/x86_64-linux-gnu/libdl.so.2
79e2ec42e000-79e2ec42f000 rw-p 00003000 08:12 3934350                    /usr/lib/x86_64-linux-gnu/libdl.so.2
79e2ec42f000-79e2ec436000 r--s 00000000 08:12 3942277                    /usr/lib/x86_64-linux-gnu/gconv/gconv-modules.cache
79e2ec436000-79e2ec43b000 rw-p 00000000 00:00 0 
79e2ec43b000-79e2ec442000 ---p 00000000 00:00 0 
79e2ec442000-79e2ec443000 r--p 00000000 08:12 3937418                    /usr/lib/jvm/java-17-openjdk-amd64/lib/libinstrument.so
79e2ec443000-79e2ec449000 r-xp 00001000 08:12 3937418                    /usr/lib/jvm/java-17-openjdk-amd64/lib/libinstrument.so
79e2ec449000-79e2ec44c000 r--p 00007000 08:12 3937418                    /usr/lib/jvm/java-17-openjdk-amd64/lib/libinstrument.so
79e2ec44c000-79e2ec44d000 r--p 00009000 08:12 3937418                    /usr/lib/jvm/java-17-openjdk-amd64/lib/libinstrument.so
79e2ec44d000-79e2ec44e000 rw-p 0000a000 08:12 3937418                    /usr/lib/jvm/java-17-openjdk-amd64/lib/libinstrument.so
79e2ec44e000-79e2ec451000 r--p 00000000 08:12 3960106                    /usr/lib/x86_64-linux-gnu/libgcc_s.so.1
79e2ec451000-79e2ec468000 r-xp 00003000 08:12 3960106                    /usr/lib/x86_64-linux-gnu/libgcc_s.so.1
79e2ec468000-79e2ec46c000 r--p 0001a000 08:12 3960106                    /usr/lib/x86_64-linux-gnu/libgcc_s.so.1
79e2ec46c000-79e2ec46d000 r--p 0001d000 08:12 3960106                    /usr/lib/x86_64-linux-gnu/libgcc_s.so.1
79e2ec46d000-79e2ec46e000 rw-p 0001e000 08:12 3960106                    /usr/lib/x86_64-linux-gnu/libgcc_s.so.1
79e2ec46e000-79e2ec471000 rw-p 00000000 00:00 0 
79e2ec471000-79e2ec473000 r--p 00000000 08:12 3937427                    /usr/lib/jvm/java-17-openjdk-amd64/lib/libjli.so
79e2ec473000-79e2ec47d000 r-xp 00002000 08:12 3937427                    /usr/lib/jvm/java-17-openjdk-amd64/lib/libjli.so
79e2ec47d000-79e2ec480000 r--p 0000c000 08:12 3937427                    /usr/lib/jvm/java-17-openjdk-amd64/lib/libjli.so
79e2ec480000-79e2ec481000 r--p 0000e000 08:12 3937427                    /usr/lib/jvm/java-17-openjdk-amd64/lib/libjli.so
79e2ec481000-79e2ec482000 rw-p 0000f000 08:12 3937427                    /usr/lib/jvm/java-17-openjdk-amd64/lib/libjli.so
79e2ec482000-79e2ec484000 r--p 00000000 08:12 3961165                    /usr/lib/x86_64-linux-gnu/libz.so.1.2.11
79e2ec484000-79e2ec495000 r-xp 00002000 08:12 3961165                    /usr/lib/x86_64-linux-gnu/libz.so.1.2.11
79e2ec495000-79e2ec49b000 r--p 00013000 08:12 3961165                    /usr/lib/x86_64-linux-gnu/libz.so.1.2.11
79e2ec49b000-79e2ec49c000 ---p 00019000 08:12 3961165                    /usr/lib/x86_64-linux-gnu/libz.so.1.2.11
79e2ec49c000-79e2ec49d000 r--p 00019000 08:12 3961165                    /usr/lib/x86_64-linux-gnu/libz.so.1.2.11
79e2ec49d000-79e2ec49e000 rw-p 0001a000 08:12 3961165                    /usr/lib/x86_64-linux-gnu/libz.so.1.2.11
79e2ec49f000-79e2ec4a7000 rw-s 00000000 08:12 5139758                    /tmp/hsperfdata_martin/272672
79e2ec4a7000-79e2ec4a8000 ---p 00000000 00:00 0 
79e2ec4a8000-79e2ec4a9000 r--p 00000000 00:00 0 
79e2ec4a9000-79e2ec4ab000 r--p 00000000 08:12 3937426                    /usr/lib/jvm/java-17-openjdk-amd64/lib/libjimage.so
79e2ec4ab000-79e2ec4ae000 r-xp 00002000 08:12 3937426                    /usr/lib/jvm/java-17-openjdk-amd64/lib/libjimage.so
79e2ec4ae000-79e2ec4af000 r--p 00005000 08:12 3937426                    /usr/lib/jvm/java-17-openjdk-amd64/lib/libjimage.so
79e2ec4af000-79e2ec4b0000 ---p 00006000 08:12 3937426                    /usr/lib/jvm/java-17-openjdk-amd64/lib/libjimage.so
79e2ec4b0000-79e2ec4b1000 r--p 00006000 08:12 3937426                    /usr/lib/jvm/java-17-openjdk-amd64/lib/libjimage.so
79e2ec4b1000-79e2ec4b2000 rw-p 00007000 08:12 3937426                    /usr/lib/jvm/java-17-openjdk-amd64/lib/libjimage.so
79e2ec4b2000-79e2ec4b4000 rw-p 00000000 00:00 0 
79e2ec4b4000-79e2ec4b6000 r--p 00000000 08:12 3934304                    /usr/lib/x86_64-linux-gnu/ld-linux-x86-64.so.2
79e2ec4b6000-79e2ec4e0000 r-xp 00002000 08:12 3934304                    /usr/lib/x86_64-linux-gnu/ld-linux-x86-64.so.2
79e2ec4e0000-79e2ec4eb000 r--p 0002c000 08:12 3934304                    /usr/lib/x86_64-linux-gnu/ld-linux-x86-64.so.2
79e2ec4eb000-79e2ec4ec000 ---p 00000000 00:00 0 
79e2ec4ec000-79e2ec4ee000 r--p 00037000 08:12 3934304                    /usr/lib/x86_64-linux-gnu/ld-linux-x86-64.so.2
79e2ec4ee000-79e2ec4f0000 rw-p 00039000 08:12 3934304                    /usr/lib/x86_64-linux-gnu/ld-linux-x86-64.so.2
7fff2b836000-7fff2b85b000 rw-p 00000000 00:00 0                          [stack]
7fff2b877000-7fff2b87b000 r--p 00000000 00:00 0                          [vvar]
7fff2b87b000-7fff2b87d000 r-xp 00000000 00:00 0                          [vdso]
ffffffffff600000-ffffffffff601000 --xp 00000000 00:00 0                  [vsyscall]


VM Arguments:
jvm_args: -XX:+ShowCodeDetailsInExceptionMessages -agentlib:jdwp=transport=dt_socket,suspend=y,address=localhost:35743 -Djava.library.path=/home/martin/sources/za.co.ntier.twilio/src/za/ntier/mesibo/linux-x86_64 -javaagent:/home/martin/Software/eclipse-jee-2023-12-R-linux-gtk-x86_64/eclipse/configuration/org.eclipse.osgi/428/0/.cp/lib/javaagent-shaded.jar -Dfile.encoding=UTF-8 -Dstdout.encoding=UTF-8 -Dstderr.encoding=UTF-8 
java_command: za.ntier.mesibo.MesiboExample
java_class_path (initial): /home/martin/sources/za.co.ntier.twilio/lib/javacpp.jar:/home/martin/sources/za.co.ntier.twilio/lib/gson.jar:/home/martin/sources/idempiere/.metadata/.plugins/org.eclipse.pde.core/.bundle_pool/plugins/org.osgi.annotation.versioning_1.1.2.202109301733.jar:/home/martin/sources/idempiere/.metadata/.plugins/org.eclipse.pde.core/.bundle_pool/plugins/org.osgi.annotation.bundle_2.0.0.202202082230.jar:/home/martin/sources/idempiere/.metadata/.plugins/org.eclipse.pde.core/.bundle_pool/plugins/org.osgi.service.component.annotations_1.5.1.202212101352.jar:/home/martin/sources/idempiere/.metadata/.plugins/org.eclipse.pde.core/.bundle_pool/plugins/org.osgi.service.metatype.annotations_1.4.1.202109301733.jar:/home/martin/sources/idempiere/.metadata/.plugins/org.eclipse.pde.core/.bundle_pool/plugins/org.eclipse.equinox.app_1.6.200.v20220720-2012.jar:/home/martin/.m2/repository/org/passay/passay/1.6.1/passay-1.6.1.jar:/home/martin/.m2/repository/org/cryptacular/cryptacular/1.2.4/cryptacular-1.2.4.jar:/home/martin/.m2/repository/net/sf/supercsv/super-csv/2.4.0/super-csv-2.4.0.jar:/home/martin/.m2/repository/org/bouncycastle/bcprov-jdk18on/1.72/bcprov-jdk18on-1.72.jar:/home/martin/sources/idempiere/.metadata/.plugins/org.eclipse.pde.core/.bundle_pool/plugins/org.krysalis.barcode4j_2.1.0.jar:/home/martin/.m2/repository/org/codehaus/groovy/groovy/3.0.8/groovy-3.0.8.jar:/home/martin/.m2/repository/org/codehaus/groovy/groovy-console/3.0.8/groovy-console-3.0.8.jar:/home/martin/.m2/repository/org/codehaus/groovy/groovy-datetime/3.0.8/groovy-datetime-3.0.8.jar:/home/martin/.m2/repository/org/codehaus/groovy/groovy-json/3.0.8/groovy-json-3.0.8.jar:/home/martin/.m2/repository/org/codehaus/groovy/groovy-jsr223/3.0.8/groovy-jsr223-3.0.8.jar:/home/martin/.m2/repository/org/codehaus/groovy/groovy-nio/3.0.8/groovy-nio-3.0.8.jar:/home/martin/.m2/repository/org/codehaus/groovy/groovy-sql/3.0.8/groovy-sql-3.0.8.jar:/home/martin/.m2/repository/org/codehaus/groovy/groovy-xm
Launcher Type: SUN_STANDARD

[Global flags]
     intx CICompilerCount                          = 4                                         {product} {ergonomic}
     uint ConcGCThreads                            = 2                                         {product} {ergonomic}
     uint G1ConcRefinementThreads                  = 8                                         {product} {ergonomic}
   size_t G1HeapRegionSize                         = 4194304                                   {product} {ergonomic}
    uintx GCDrainStackTargetSize                   = 64                                        {product} {ergonomic}
   size_t InitialHeapSize                          = 327155712                                 {product} {ergonomic}
   size_t MarkStackSize                            = 4194304                                   {product} {ergonomic}
   size_t MaxHeapSize                              = 5205131264                                {product} {ergonomic}
   size_t MaxNewSize                               = 3120562176                                {product} {ergonomic}
   size_t MinHeapDeltaBytes                        = 4194304                                   {product} {ergonomic}
   size_t MinHeapSize                              = 8388608                                   {product} {ergonomic}
    uintx NonNMethodCodeHeapSize                   = 5839372                                {pd product} {ergonomic}
    uintx NonProfiledCodeHeapSize                  = 122909434                              {pd product} {ergonomic}
    uintx ProfiledCodeHeapSize                     = 122909434                              {pd product} {ergonomic}
    uintx ReservedCodeCacheSize                    = 251658240                              {pd product} {ergonomic}
     bool SegmentedCodeCache                       = true                                      {product} {ergonomic}
     bool ShowCodeDetailsInExceptionMessages       = true                                   {manageable} {command line}
   size_t SoftMaxHeapSize                          = 5205131264                             {manageable} {ergonomic}
     bool UseCompressedClassPointers               = true                           {product lp64_product} {ergonomic}
     bool UseCompressedOops                        = true                           {product lp64_product} {ergonomic}
     bool UseG1GC                                  = true                                      {product} {ergonomic}

Logging:
Log output configuration:
 #0: stdout all=warning uptime,level,tags
 #1: stderr all=off uptime,level,tags

Environment Variables:
JAVA_HOME=/usr/lib/jvm/java-1.17.0-openjdk-amd64
PATH=/home/martin/.local/bin:/opt/maven/bin:/usr/local/sbin:/usr/local/bin:/usr/sbin:/usr/bin:/sbin:/bin:/usr/games:/usr/local/games:/snap/bin:/snap/bin
USERNAME=martin
SHELL=/bin/bash
DISPLAY=:1
LANG=en_ZA.UTF-8
TERM=xterm-256color

Active Locale:
LC_ALL=en_ZA.UTF-8
LC_COLLATE=en_ZA.UTF-8
LC_CTYPE=en_ZA.UTF-8
LC_MESSAGES=en_ZA.UTF-8
LC_MONETARY=en_ZA.UTF-8
LC_NUMERIC=en_ZA.UTF-8
LC_TIME=en_ZA.UTF-8

Signal Handlers:
   SIGSEGV: crash_handler in libjvm.so, mask=11100100010111111101111111111110, flags=SA_RESTART|SA_SIGINFO, unblocked
    SIGBUS: crash_handler in libjvm.so, mask=11100100010111111101111111111110, flags=SA_RESTART|SA_SIGINFO, unblocked
    SIGFPE: crash_handler in libjvm.so, mask=11100100010111111101111111111110, flags=SA_RESTART|SA_SIGINFO, unblocked
   SIGPIPE: 0x000079e2ba6ac51c in libmesibo.so+705820, mask=00000000000000000000000000000000, flags=none, blocked
  *** Handler was modified!
  *** Expected: javaSignalHandler in libjvm.so, mask=11100100110111111111111111111110, flags=SA_RESTART|SA_SIGINFO
   SIGXFSZ: javaSignalHandler in libjvm.so, mask=11100100010111111101111111111110, flags=SA_RESTART|SA_SIGINFO, blocked
    SIGILL: crash_handler in libjvm.so, mask=11100100010111111101111111111110, flags=SA_RESTART|SA_SIGINFO, unblocked
   SIGUSR2: 0x000079e2ba6ac51c in libmesibo.so+705820, mask=00000000000000000000000000000000, flags=none, blocked
  *** Handler was modified!
  *** Expected: SR_handler in libjvm.so, mask=00100000000000000000000000000000, flags=SA_RESTART|SA_SIGINFO
    SIGHUP: UserHandler in libjvm.so, mask=11100100010111111101111111111110, flags=SA_RESTART|SA_SIGINFO, blocked
    SIGINT: UserHandler in libjvm.so, mask=11100100010111111101111111111110, flags=SA_RESTART|SA_SIGINFO, blocked
   SIGTERM: UserHandler in libjvm.so, mask=11100100010111111101111111111110, flags=SA_RESTART|SA_SIGINFO, blocked
   SIGQUIT: UserHandler in libjvm.so, mask=11100100010111111101111111111110, flags=SA_RESTART|SA_SIGINFO, blocked
   SIGTRAP: crash_handler in libjvm.so, mask=11100100010111111101111111111110, flags=SA_RESTART|SA_SIGINFO, unblocked


Periodic native trim disabled


---------------  S Y S T E M  ---------------

OS:
DISTRIB_ID=Ubuntu
DISTRIB_RELEASE=22.04
DISTRIB_CODENAME=jammy
DISTRIB_DESCRIPTION="Ubuntu 22.04.4 LTS"
uname: Linux 6.8.0-48-generic #48~22.04.1-Ubuntu SMP PREEMPT_DYNAMIC Mon Oct  7 11:24:13 UTC 2 x86_64
OS uptime: 1 days 20:27 hours
libc: glibc 2.35 NPTL 2.35 
rlimit (soft/hard): STACK 8192k/infinity , CORE 0k/infinity , NPROC 79103/79103 , NOFILE 1048576/1048576 , AS infinity/infinity , CPU infinity/infinity , DATA infinity/infinity , FSIZE infinity/infinity , MEMLOCK 2541040k/2541040k
load average: 3.27 2.99 2.84

/proc/meminfo:
MemTotal:       20328344 kB
MemFree:          418908 kB
MemAvailable:    5673644 kB
Buffers:          548972 kB
Cached:          6491256 kB
SwapCached:            0 kB
Active:         12735768 kB
Inactive:        4323932 kB
Active(anon):   10504760 kB
Inactive(anon):  1407588 kB
Active(file):    2231008 kB
Inactive(file):  2916344 kB
Unevictable:     1652496 kB
Mlocked:              80 kB
SwapTotal:             0 kB
SwapFree:              0 kB
Zswap:                 0 kB
Zswapped:              0 kB
Dirty:              1436 kB
Writeback:             0 kB
AnonPages:      11671992 kB
Mapped:          1411456 kB
Shmem:           1892876 kB
KReclaimable:     477504 kB
Slab:             810292 kB
SReclaimable:     477504 kB
SUnreclaim:       332788 kB
KernelStack:       34752 kB
PageTables:       121136 kB
SecPageTables:         0 kB
NFS_Unstable:          0 kB
Bounce:                0 kB
WritebackTmp:          0 kB
CommitLimit:    10164172 kB
Committed_AS:   43887460 kB
VmallocTotal:   34359738367 kB
VmallocUsed:      134724 kB
VmallocChunk:          0 kB
Percpu:            12320 kB
HardwareCorrupted:     0 kB
AnonHugePages:         0 kB
ShmemHugePages:  1439744 kB
ShmemPmdMapped:        0 kB
FileHugePages:         0 kB
FilePmdMapped:         0 kB
Unaccepted:            0 kB
HugePages_Total:       0
HugePages_Free:        0
HugePages_Rsvd:        0
HugePages_Surp:        0
Hugepagesize:       2048 kB
Hugetlb:               0 kB
DirectMap4k:      722596 kB
DirectMap2M:    17999872 kB
DirectMap1G:     2097152 kB

/sys/kernel/mm/transparent_hugepage/enabled: always [madvise] never
/sys/kernel/mm/transparent_hugepage/hpage_pmd_size: 2097152
/sys/kernel/mm/transparent_hugepage/defrag (defrag/compaction efforts parameter): always defer defer+madvise [madvise] never

Process Memory:
Virtual Size: 8867404K (peak: 8929888K)
Resident Set Size: 98892K (peak: 98892K) (anon: 73228K, file: 25664K, shmem: 0K)
Swapped out: 0K
C-Heap outstanding allocations: 41349K, retained: 6954K
glibc malloc tunables: (default)

/proc/sys/kernel/threads-max (system-wide limit on the number of threads): 158207
/proc/sys/vm/max_map_count (maximum number of memory map areas a process may have): 65530
/proc/sys/vm/swappiness (control to define how aggressively the kernel swaps out anonymous memory): 60
/proc/sys/kernel/pid_max (system-wide limit on number of process identifiers): 4194304

container (cgroup) information:
container_type: cgroupv2
cpu_cpuset_cpus: not supported
cpu_memory_nodes: not supported
active_processor_count: 8
cpu_quota: not supported
cpu_period: not supported
cpu_shares: not supported
memory_limit_in_bytes: unlimited
memory_and_swap_limit_in_bytes: unlimited
memory_soft_limit_in_bytes: unlimited
memory_usage_in_bytes: 3650592 k
memory_max_usage_in_bytes: not supported
memory_swap_current_in_bytes: unlimited
memory_swap_max_limit_in_bytes: unlimited
maximum number of tasks: 23731
current number of tasks: 209

Steal ticks since vm start: 0
Steal ticks percentage since vm start:  0.000

CPU: total 8 (initial active 8) (4 cores per cpu, 2 threads per core) family 6 model 142 stepping 11 microcode 0xf6, cx8, cmov, fxsr, ht, mmx, 3dnowpref, sse, sse2, sse3, ssse3, sse4.1, sse4.2, popcnt, lzcnt, tsc, tscinvbit, avx, avx2, aes, erms, clmul, bmi1, bmi2, adx, fma, vzeroupper, clflush, clflushopt
CPU Model and flags from /proc/cpuinfo:
model name	: Intel(R) Core(TM) i7-8565U CPU @ 1.80GHz
flags		: fpu vme de pse tsc msr pae mce cx8 apic sep mtrr pge mca cmov pat pse36 clflush dts acpi mmx fxsr sse sse2 ss ht tm pbe syscall nx pdpe1gb rdtscp lm constant_tsc art arch_perfmon pebs bts rep_good nopl xtopology nonstop_tsc cpuid aperfmperf pni pclmulqdq dtes64 monitor ds_cpl vmx est tm2 ssse3 sdbg fma cx16 xtpr pdcm pcid sse4_1 sse4_2 x2apic movbe popcnt tsc_deadline_timer aes xsave avx f16c rdrand lahf_lm abm 3dnowprefetch cpuid_fault epb ssbd ibrs ibpb stibp tpr_shadow flexpriority ept vpid ept_ad fsgsbase tsc_adjust bmi1 avx2 smep bmi2 erms invpcid mpx rdseed adx smap clflushopt intel_pt xsaveopt xsavec xgetbv1 xsaves dtherm ida arat pln pts hwp hwp_notify hwp_act_window hwp_epp vnmi md_clear flush_l1d arch_capabilities

Online cpus: 0-7
Offline cpus: 
BIOS frequency limitation: <Not Available>
Frequency switch latency (ns): 0
Available cpu frequencies: <Not Available>
Current governor: powersave
Core performance/turbo boost: <Not Available>

Memory: 4k page, physical 20328344k(418908k free), swap 0k(0k free)
Page Sizes: 4k

vm_info: OpenJDK 64-Bit Server VM (17.0.12+7-Ubuntu-1ubuntu222.04) for linux-amd64 JRE (17.0.12+7-Ubuntu-1ubuntu222.04), built on Jul 21 2024 21:22:32 by "buildd" with gcc 11.4.0

END.
