#
# A fatal error has been detected by the Java Runtime Environment:
#
#  SIGSEGV (0xb) at pc=0x0000793d69c65ade, pid=299783, tid=299833
#
# JRE version: OpenJDK Runtime Environment (17.0.12+7) (build 17.0.12+7-Ubuntu-1ubuntu222.04)
# Java VM: OpenJDK 64-Bit Server VM (17.0.12+7-Ubuntu-1ubuntu222.04, mixed mode, sharing, tiered, compressed oops, compressed class ptrs, g1 gc, linux-amd64)
# Problematic frame:
# C  [libmesibo.so+0x65ade]
#
# Core dump will be written. Default location: Core dumps may be processed with "/usr/share/apport/apport -p%p -s%s -c%c -d%d -P%P -u%u -g%g -- %E" (or dumping to /home/martin/sources/za.co.ntier.twilio/core.299783)
#
# If you would like to submit a bug report, please visit:
#   https://bugs.launchpad.net/ubuntu/+source/openjdk-17
#

---------------  S U M M A R Y ------------

Command Line: -XX:+ShowCodeDetailsInExceptionMessages -agentlib:jdwp=transport=dt_socket,suspend=y,address=localhost:35021 -Djava.library.path=/home/martin/sources/za.co.ntier.twilio/src/za/ntier/mesibo/linux-x86_64 -javaagent:/home/martin/Software/eclipse-jee-2023-12-R-linux-gtk-x86_64/eclipse/configuration/org.eclipse.osgi/428/0/.cp/lib/javaagent-shaded.jar -Dfile.encoding=UTF-8 -Dstdout.encoding=UTF-8 -Dstderr.encoding=UTF-8 za.ntier.mesibo.MesiboExample

Host: Intel(R) Core(TM) i7-8565U CPU @ 1.80GHz, 8 cores, 19G, Ubuntu 22.04.4 LTS
Time: Sun Nov 10 12:15:23 2024 SAST elapsed time: 2.929318 seconds (0d 0h 0m 2s)

---------------  T H R E A D  ---------------

Current thread is native thread

Stack: [0x0000793d98db9000,0x0000793d98ddc000],  sp=0x0000793d98ddad10,  free space=135k
Native frames: (J=compiled Java code, j=interpreted, Vv=VM code, C=native code)
C  [libmesibo.so+0x65ade]
C  [libmesibo.so+0x6e4df]
C  [libmesibo.so+0xae4e5]
C  [libmesibo.so+0xafae3]
C  [libmesibo.so+0xac515]


siginfo: si_signo: 11 (SIGSEGV), si_code: 1 (SEGV_MAPERR), si_addr: 0x0000000000000000

Registers:
RAX=0x0000000000000000, RBX=0x0000793d98ddb640, RCX=0x0000000000000000, RDX=0x0000000000000000
RSP=0x0000793d98ddad10, RBP=0x0000793d98ddad30, RSI=0x0000000000000006, RDI=0x0000793d947e0770
R8 =0x0000000000000000, R9 =0x0000000000000000, R10=0x0000000000000000, R11=0x0000000000000000
R12=0x0000793d98ddb640, R13=0x0000000000000002, R14=0x0000793d9ba947d0, R15=0x0000793d9a5fe6b0
RIP=0x0000793d69c65ade, EFLAGS=0x0000000000010293, CSGSFS=0x002b000000000033, ERR=0x0000000000000004
  TRAPNO=0x000000000000000e


Top of Stack: (sp=0x0000793d98ddad10)
0x0000793d98ddad10:   0000000000000000 f90232006c782500
0x0000793d98ddad20:   0000000600000000 0000793d947e0770
0x0000793d98ddad30:   0000793d98ddad60 0000793d69c6e4df
0x0000793d98ddad40:   0000000000000000 000079009bae566d
0x0000793d98ddad50:   0000000600000000 0000793d947f1260
0x0000793d98ddad60:   0000793d98ddad90 0000793d69cae4e5
0x0000793d98ddad70:   0000000600000000 0000793d947f1268
0x0000793d98ddad80:   0000001098ddad90 0000000000000000
0x0000793d98ddad90:   0000793d98ddae20 0000793d69cafae3
0x0000793d98ddada0:   0000000000000000 0000793d947f1268
0x0000793d98ddadb0:   ffffffffffffffff 0000000000000000
0x0000793d98ddadc0:   0000000000000000 0000000000000000
0x0000793d98ddadd0:   0000000000000000 0006268c43168d41
0x0000793d98ddade0:   0006268c43168d28 0000000000000000
0x0000793d98ddadf0:   0006268c43168d2c 0006268c43168d2c
0x0000793d98ddae00:   0000000000000000 0000793d98ddb640
0x0000793d98ddae10:   0000793d98ddb640 0000000000000002
0x0000793d98ddae20:   0000793d98ddae50 0000793d69cac515
0x0000793d98ddae30:   0000000000000000 0000793d947f1268
0x0000793d98ddae40:   0000000000000000 0000793d947f1268
0x0000793d98ddae50:   0000000000000000 0000793d9ba94ac3
0x0000793d98ddae60:   0000000000000000 0000793d98ddb640
0x0000793d98ddae70:   0000793d9a5fe550 0b1f1556034981bd
0x0000793d98ddae80:   0000793d98ddb640 0000000000000002
0x0000793d98ddae90:   0000793d9ba947d0 0000793d9a5fe6b0
0x0000793d98ddaea0:   f96424ed5f8981bd f964220492cb81bd
0x0000793d98ddaeb0:   0000000000000000 0000000000000000
0x0000793d98ddaec0:   0000000000000000 0000000000000000
0x0000793d98ddaed0:   0000000000000000 f90232016c782500
0x0000793d98ddaee0:   0000000000000000 0000793d9a5fe550
0x0000793d98ddaef0:   0000000000000000 0000793d9bb26850
0x0000793d98ddaf00:   0000000000000000 0000000000000000 

Instructions: (pc=0x0000793d69c65ade)
0x0000793d69c659de:   89 7d b8 48 89 75 b0 48 89 55 a8 89 4d a4 44 89
0x0000793d69c659ee:   45 a0 48 8b 45 b8 48 8b 40 20 48 85 c0 75 07 bb
0x0000793d69c659fe:   00 00 00 00 eb 5d 48 8b 45 b0 8b 50 3c 48 8b 4d
0x0000793d69c65a0e:   a8 48 8d 45 c0 48 89 ce 48 89 c7 e8 bc 3c 00 00
0x0000793d69c65a1e:   8b 45 a4 89 45 c8 8b 45 a0 89 45 cc 48 8b 45 b8
0x0000793d69c65a2e:   48 8b 50 20 48 8b 45 b8 48 8b 40 20 48 8b 00 48
0x0000793d69c65a3e:   83 c0 28 48 8b 00 48 8d 4d c0 48 89 ce 48 89 d7
0x0000793d69c65a4e:   ff d0 bb 00 00 00 00 48 8d 45 c0 48 89 c7 e8 fb
0x0000793d69c65a5e:   3c 00 00 89 d8 eb 1a 48 89 c3 48 8d 45 c0 48 89
0x0000793d69c65a6e:   c7 e8 e8 3c 00 00 48 89 d8 48 89 c7 e8 c1 d3 ff
0x0000793d69c65a7e:   ff 48 83 c4 58 5b 5d c3 55 48 89 e5 48 89 7d f8
0x0000793d69c65a8e:   48 89 75 f0 48 89 55 e8 48 89 4d e0 4c 89 45 d8
0x0000793d69c65a9e:   b8 00 00 00 00 5d c3 90 55 48 89 e5 48 83 ec 20
0x0000793d69c65aae:   48 89 7d f8 89 75 f4 89 55 f0 89 c8 4c 89 45 e0
0x0000793d69c65abe:   88 45 ec 83 7d f4 0b 75 07 b8 00 00 00 00 eb 25
0x0000793d69c65ace:   48 8b 45 f8 48 8b 50 20 48 8b 45 f8 48 8b 40 20
0x0000793d69c65ade:   48 8b 00 48 83 c0 30 48 8b 00 8b 4d f4 89 ce 48
0x0000793d69c65aee:   89 d7 ff d0 90 c9 c3 90 55 48 89 e5 48 89 7d f8
0x0000793d69c65afe:   89 75 f4 89 55 f0 48 89 4d e8 90 5d c3 90 55 48
0x0000793d69c65b0e:   89 e5 48 83 ec 20 48 89 7d f8 48 89 75 f0 89 55
0x0000793d69c65b1e:   ec 48 8b 45 f8 48 8b 48 20 48 8b 45 f8 48 8b 40
0x0000793d69c65b2e:   20 48 8b 00 48 83 c0 38 48 8b 00 8b 55 ec 48 8b
0x0000793d69c65b3e:   75 f0 48 89 cf ff d0 90 c9 c3 55 48 89 e5 48 89
0x0000793d69c65b4e:   7d f8 48 89 75 f0 48 89 55 e8 b8 00 00 00 00 5d
0x0000793d69c65b5e:   c3 90 55 48 89 e5 48 89 7d f8 89 75 f4 48 89 55
0x0000793d69c65b6e:   e8 48 89 4d e0 4c 89 45 d8 44 89 4d f0 b8 00 00
0x0000793d69c65b7e:   00 00 5d c3 55 48 89 e5 48 89 7d f8 48 89 75 f0
0x0000793d69c65b8e:   b8 00 00 00 00 5d c3 90 55 48 89 e5 48 89 7d f8
0x0000793d69c65b9e:   48 89 75 f0 b8 00 00 00 00 5d c3 90 55 48 89 e5
0x0000793d69c65bae:   48 89 7d f8 48 89 75 f0 89 55 ec 89 4d e8 b8 00
0x0000793d69c65bbe:   00 00 00 5d c3 90 55 48 89 e5 48 89 7d f8 89 75
0x0000793d69c65bce:   f4 48 89 55 e8 48 89 4d e0 4c 89 45 d8 b8 00 00 



---------------  P R O C E S S  ---------------

VM state: not at safepoint (normal execution)

VM Mutex/Monitor currently owned by a thread: None

Heap address: 0x00000006c9c00000, size: 4964 MB, Compressed Oops mode: Zero based, Oop shift amount: 3

CDS archive(s) mapped at: [0x0000793d13000000-0x0000793d13bc4000-0x0000793d13bc4000), size 12337152, SharedBaseAddress: 0x0000793d13000000, ArchiveRelocationMode: 1.
Compressed class space mapped at: 0x0000793d14000000-0x0000793d54000000, reserved size: 1073741824
Narrow klass base: 0x0000793d13000000, Narrow klass shift: 0, Narrow klass range: 0x100000000

GC Precious Log:
<Skipped>

Heap:
 garbage-first heap   total 327680K, used 17922K [0x00000006c9c00000, 0x0000000800000000)
  region size 4096K, 3 young (12288K), 1 survivors (4096K)
 Metaspace       used 4212K, committed 4288K, reserved 1114112K
  class space    used 374K, committed 384K, reserved 1048576K

Heap Regions: E=young(eden), S=young(survivor), O=old, HS=humongous(starts), HC=humongous(continues), CS=collection set, F=free, OA=open archive, CA=closed archive, TAMS=top-at-mark-start (previous, next)
|   0|0x00000006c9c00000, 0x00000006c9e5a200, 0x00000006ca000000| 58%| O|  |TAMS 0x00000006c9c00000, 0x00000006c9c00000| Untracked 
|   1|0x00000006ca000000, 0x00000006ca000000, 0x00000006ca400000|  0%| F|  |TAMS 0x00000006ca000000, 0x00000006ca000000| Untracked 
|   2|0x00000006ca400000, 0x00000006ca400000, 0x00000006ca800000|  0%| F|  |TAMS 0x00000006ca400000, 0x00000006ca400000| Untracked 
|   3|0x00000006ca800000, 0x00000006ca800000, 0x00000006cac00000|  0%| F|  |TAMS 0x00000006ca800000, 0x00000006ca800000| Untracked 
|   4|0x00000006cac00000, 0x00000006cac00000, 0x00000006cb000000|  0%| F|  |TAMS 0x00000006cac00000, 0x00000006cac00000| Untracked 
|   5|0x00000006cb000000, 0x00000006cb000000, 0x00000006cb400000|  0%| F|  |TAMS 0x00000006cb000000, 0x00000006cb000000| Untracked 
|   6|0x00000006cb400000, 0x00000006cb400000, 0x00000006cb800000|  0%| F|  |TAMS 0x00000006cb400000, 0x00000006cb400000| Untracked 
|   7|0x00000006cb800000, 0x00000006cb800000, 0x00000006cbc00000|  0%| F|  |TAMS 0x00000006cb800000, 0x00000006cb800000| Untracked 
|   8|0x00000006cbc00000, 0x00000006cbc00000, 0x00000006cc000000|  0%| F|  |TAMS 0x00000006cbc00000, 0x00000006cbc00000| Untracked 
|   9|0x00000006cc000000, 0x00000006cc000000, 0x00000006cc400000|  0%| F|  |TAMS 0x00000006cc000000, 0x00000006cc000000| Untracked 
|  10|0x00000006cc400000, 0x00000006cc400000, 0x00000006cc800000|  0%| F|  |TAMS 0x00000006cc400000, 0x00000006cc400000| Untracked 
|  11|0x00000006cc800000, 0x00000006cc800000, 0x00000006ccc00000|  0%| F|  |TAMS 0x00000006cc800000, 0x00000006cc800000| Untracked 
|  12|0x00000006ccc00000, 0x00000006ccc00000, 0x00000006cd000000|  0%| F|  |TAMS 0x00000006ccc00000, 0x00000006ccc00000| Untracked 
|  13|0x00000006cd000000, 0x00000006cd000000, 0x00000006cd400000|  0%| F|  |TAMS 0x00000006cd000000, 0x00000006cd000000| Untracked 
|  14|0x00000006cd400000, 0x00000006cd400000, 0x00000006cd800000|  0%| F|  |TAMS 0x00000006cd400000, 0x00000006cd400000| Untracked 
|  15|0x00000006cd800000, 0x00000006cd800000, 0x00000006cdc00000|  0%| F|  |TAMS 0x00000006cd800000, 0x00000006cd800000| Untracked 
|  16|0x00000006cdc00000, 0x00000006cdc00000, 0x00000006ce000000|  0%| F|  |TAMS 0x00000006cdc00000, 0x00000006cdc00000| Untracked 
|  17|0x00000006ce000000, 0x00000006ce000000, 0x00000006ce400000|  0%| F|  |TAMS 0x00000006ce000000, 0x00000006ce000000| Untracked 
|  18|0x00000006ce400000, 0x00000006ce400000, 0x00000006ce800000|  0%| F|  |TAMS 0x00000006ce400000, 0x00000006ce400000| Untracked 
|  19|0x00000006ce800000, 0x00000006ce800000, 0x00000006cec00000|  0%| F|  |TAMS 0x00000006ce800000, 0x00000006ce800000| Untracked 
|  20|0x00000006cec00000, 0x00000006cec00000, 0x00000006cf000000|  0%| F|  |TAMS 0x00000006cec00000, 0x00000006cec00000| Untracked 
|  21|0x00000006cf000000, 0x00000006cf000000, 0x00000006cf400000|  0%| F|  |TAMS 0x00000006cf000000, 0x00000006cf000000| Untracked 
|  22|0x00000006cf400000, 0x00000006cf400000, 0x00000006cf800000|  0%| F|  |TAMS 0x00000006cf400000, 0x00000006cf400000| Untracked 
|  23|0x00000006cf800000, 0x00000006cf800000, 0x00000006cfc00000|  0%| F|  |TAMS 0x00000006cf800000, 0x00000006cf800000| Untracked 
|  24|0x00000006cfc00000, 0x00000006cfc00000, 0x00000006d0000000|  0%| F|  |TAMS 0x00000006cfc00000, 0x00000006cfc00000| Untracked 
|  25|0x00000006d0000000, 0x00000006d0000000, 0x00000006d0400000|  0%| F|  |TAMS 0x00000006d0000000, 0x00000006d0000000| Untracked 
|  26|0x00000006d0400000, 0x00000006d0400000, 0x00000006d0800000|  0%| F|  |TAMS 0x00000006d0400000, 0x00000006d0400000| Untracked 
|  27|0x00000006d0800000, 0x00000006d0800000, 0x00000006d0c00000|  0%| F|  |TAMS 0x00000006d0800000, 0x00000006d0800000| Untracked 
|  28|0x00000006d0c00000, 0x00000006d0c00000, 0x00000006d1000000|  0%| F|  |TAMS 0x00000006d0c00000, 0x00000006d0c00000| Untracked 
|  29|0x00000006d1000000, 0x00000006d1000000, 0x00000006d1400000|  0%| F|  |TAMS 0x00000006d1000000, 0x00000006d1000000| Untracked 
|  30|0x00000006d1400000, 0x00000006d1400000, 0x00000006d1800000|  0%| F|  |TAMS 0x00000006d1400000, 0x00000006d1400000| Untracked 
|  31|0x00000006d1800000, 0x00000006d1800000, 0x00000006d1c00000|  0%| F|  |TAMS 0x00000006d1800000, 0x00000006d1800000| Untracked 
|  32|0x00000006d1c00000, 0x00000006d1c00000, 0x00000006d2000000|  0%| F|  |TAMS 0x00000006d1c00000, 0x00000006d1c00000| Untracked 
|  33|0x00000006d2000000, 0x00000006d2000000, 0x00000006d2400000|  0%| F|  |TAMS 0x00000006d2000000, 0x00000006d2000000| Untracked 
|  34|0x00000006d2400000, 0x00000006d2400000, 0x00000006d2800000|  0%| F|  |TAMS 0x00000006d2400000, 0x00000006d2400000| Untracked 
|  35|0x00000006d2800000, 0x00000006d2800000, 0x00000006d2c00000|  0%| F|  |TAMS 0x00000006d2800000, 0x00000006d2800000| Untracked 
|  36|0x00000006d2c00000, 0x00000006d2c00000, 0x00000006d3000000|  0%| F|  |TAMS 0x00000006d2c00000, 0x00000006d2c00000| Untracked 
|  37|0x00000006d3000000, 0x00000006d3000000, 0x00000006d3400000|  0%| F|  |TAMS 0x00000006d3000000, 0x00000006d3000000| Untracked 
|  38|0x00000006d3400000, 0x00000006d3400000, 0x00000006d3800000|  0%| F|  |TAMS 0x00000006d3400000, 0x00000006d3400000| Untracked 
|  39|0x00000006d3800000, 0x00000006d3800000, 0x00000006d3c00000|  0%| F|  |TAMS 0x00000006d3800000, 0x00000006d3800000| Untracked 
|  40|0x00000006d3c00000, 0x00000006d3c00000, 0x00000006d4000000|  0%| F|  |TAMS 0x00000006d3c00000, 0x00000006d3c00000| Untracked 
|  41|0x00000006d4000000, 0x00000006d4000000, 0x00000006d4400000|  0%| F|  |TAMS 0x00000006d4000000, 0x00000006d4000000| Untracked 
|  42|0x00000006d4400000, 0x00000006d4400000, 0x00000006d4800000|  0%| F|  |TAMS 0x00000006d4400000, 0x00000006d4400000| Untracked 
|  43|0x00000006d4800000, 0x00000006d4800000, 0x00000006d4c00000|  0%| F|  |TAMS 0x00000006d4800000, 0x00000006d4800000| Untracked 
|  44|0x00000006d4c00000, 0x00000006d4c00000, 0x00000006d5000000|  0%| F|  |TAMS 0x00000006d4c00000, 0x00000006d4c00000| Untracked 
|  45|0x00000006d5000000, 0x00000006d5000000, 0x00000006d5400000|  0%| F|  |TAMS 0x00000006d5000000, 0x00000006d5000000| Untracked 
|  46|0x00000006d5400000, 0x00000006d5400000, 0x00000006d5800000|  0%| F|  |TAMS 0x00000006d5400000, 0x00000006d5400000| Untracked 
|  47|0x00000006d5800000, 0x00000006d5800000, 0x00000006d5c00000|  0%| F|  |TAMS 0x00000006d5800000, 0x00000006d5800000| Untracked 
|  48|0x00000006d5c00000, 0x00000006d5c00000, 0x00000006d6000000|  0%| F|  |TAMS 0x00000006d5c00000, 0x00000006d5c00000| Untracked 
|  49|0x00000006d6000000, 0x00000006d6000000, 0x00000006d6400000|  0%| F|  |TAMS 0x00000006d6000000, 0x00000006d6000000| Untracked 
|  50|0x00000006d6400000, 0x00000006d6400000, 0x00000006d6800000|  0%| F|  |TAMS 0x00000006d6400000, 0x00000006d6400000| Untracked 
|  51|0x00000006d6800000, 0x00000006d6800000, 0x00000006d6c00000|  0%| F|  |TAMS 0x00000006d6800000, 0x00000006d6800000| Untracked 
|  52|0x00000006d6c00000, 0x00000006d6c00000, 0x00000006d7000000|  0%| F|  |TAMS 0x00000006d6c00000, 0x00000006d6c00000| Untracked 
|  53|0x00000006d7000000, 0x00000006d7000000, 0x00000006d7400000|  0%| F|  |TAMS 0x00000006d7000000, 0x00000006d7000000| Untracked 
|  54|0x00000006d7400000, 0x00000006d7400000, 0x00000006d7800000|  0%| F|  |TAMS 0x00000006d7400000, 0x00000006d7400000| Untracked 
|  55|0x00000006d7800000, 0x00000006d7800000, 0x00000006d7c00000|  0%| F|  |TAMS 0x00000006d7800000, 0x00000006d7800000| Untracked 
|  56|0x00000006d7c00000, 0x00000006d7c00000, 0x00000006d8000000|  0%| F|  |TAMS 0x00000006d7c00000, 0x00000006d7c00000| Untracked 
|  57|0x00000006d8000000, 0x00000006d8000000, 0x00000006d8400000|  0%| F|  |TAMS 0x00000006d8000000, 0x00000006d8000000| Untracked 
|  58|0x00000006d8400000, 0x00000006d8400000, 0x00000006d8800000|  0%| F|  |TAMS 0x00000006d8400000, 0x00000006d8400000| Untracked 
|  59|0x00000006d8800000, 0x00000006d8800000, 0x00000006d8c00000|  0%| F|  |TAMS 0x00000006d8800000, 0x00000006d8800000| Untracked 
|  60|0x00000006d8c00000, 0x00000006d8c00000, 0x00000006d9000000|  0%| F|  |TAMS 0x00000006d8c00000, 0x00000006d8c00000| Untracked 
|  61|0x00000006d9000000, 0x00000006d9000000, 0x00000006d9400000|  0%| F|  |TAMS 0x00000006d9000000, 0x00000006d9000000| Untracked 
|  62|0x00000006d9400000, 0x00000006d9400000, 0x00000006d9800000|  0%| F|  |TAMS 0x00000006d9400000, 0x00000006d9400000| Untracked 
|  63|0x00000006d9800000, 0x00000006d9800000, 0x00000006d9c00000|  0%| F|  |TAMS 0x00000006d9800000, 0x00000006d9800000| Untracked 
|  64|0x00000006d9c00000, 0x00000006d9c00000, 0x00000006da000000|  0%| F|  |TAMS 0x00000006d9c00000, 0x00000006d9c00000| Untracked 
|  65|0x00000006da000000, 0x00000006da000000, 0x00000006da400000|  0%| F|  |TAMS 0x00000006da000000, 0x00000006da000000| Untracked 
|  66|0x00000006da400000, 0x00000006da400000, 0x00000006da800000|  0%| F|  |TAMS 0x00000006da400000, 0x00000006da400000| Untracked 
|  67|0x00000006da800000, 0x00000006da800000, 0x00000006dac00000|  0%| F|  |TAMS 0x00000006da800000, 0x00000006da800000| Untracked 
|  68|0x00000006dac00000, 0x00000006dac00000, 0x00000006db000000|  0%| F|  |TAMS 0x00000006dac00000, 0x00000006dac00000| Untracked 
|  69|0x00000006db000000, 0x00000006db000000, 0x00000006db400000|  0%| F|  |TAMS 0x00000006db000000, 0x00000006db000000| Untracked 
|  70|0x00000006db400000, 0x00000006db400000, 0x00000006db800000|  0%| F|  |TAMS 0x00000006db400000, 0x00000006db400000| Untracked 
|  71|0x00000006db800000, 0x00000006db800000, 0x00000006dbc00000|  0%| F|  |TAMS 0x00000006db800000, 0x00000006db800000| Untracked 
|  72|0x00000006dbc00000, 0x00000006dc000000, 0x00000006dc000000|100%| S|CS|TAMS 0x00000006dbc00000, 0x00000006dbc00000| Complete 
|  73|0x00000006dc000000, 0x00000006dc000000, 0x00000006dc400000|  0%| F|  |TAMS 0x00000006dc000000, 0x00000006dc000000| Untracked 
|  74|0x00000006dc400000, 0x00000006dc400000, 0x00000006dc800000|  0%| F|  |TAMS 0x00000006dc400000, 0x00000006dc400000| Untracked 
|  75|0x00000006dc800000, 0x00000006dc800000, 0x00000006dcc00000|  0%| F|  |TAMS 0x00000006dc800000, 0x00000006dc800000| Untracked 
|  76|0x00000006dcc00000, 0x00000006dcf3a768, 0x00000006dd000000| 80%| E|  |TAMS 0x00000006dcc00000, 0x00000006dcc00000| Complete 
|  77|0x00000006dd000000, 0x00000006dd400000, 0x00000006dd400000|100%| E|CS|TAMS 0x00000006dd000000, 0x00000006dd000000| Complete 
|1239|0x00000007ff800000, 0x00000007ffb75000, 0x00000007ffc00000| 86%|OA|  |TAMS 0x00000007ff800000, 0x00000007ff800000| Untracked 
|1240|0x00000007ffc00000, 0x00000007ffc77000, 0x0000000800000000| 11%|CA|  |TAMS 0x00000007ffc00000, 0x00000007ffc00000| Untracked 

Card table byte_map: [0x0000793d98400000,0x0000793d98db2000] _byte_map_base: 0x0000793d94db2000

Marking Bits (Prev, Next): (CMBitMap*) 0x0000793d940915b0, (CMBitMap*) 0x0000793d940915f0
 Prev Bits: [0x0000793d77c00000, 0x0000793d7c990000)
 Next Bits: [0x0000793d72e00000, 0x0000793d77b90000)

Polling page: 0x0000793d9bd6c000

Metaspace:

Usage:
  Non-class:      3.75 MB used.
      Class:    374.02 KB used.
       Both:      4.11 MB used.

Virtual space:
  Non-class space:       64.00 MB reserved,       3.81 MB (  6%) committed,  1 nodes.
      Class space:        1.00 GB reserved,     384.00 KB ( <1%) committed,  1 nodes.
             Both:        1.06 GB reserved,       4.19 MB ( <1%) committed. 

Chunk freelists:
   Non-Class:  11.34 MB
       Class:  15.56 MB
        Both:  26.91 MB

MaxMetaspaceSize: unlimited
CompressedClassSpaceSize: 1.00 GB
Initial GC threshold: 21.00 MB
Current GC threshold: 21.00 MB
CDS: on
MetaspaceReclaimPolicy: balanced
 - commit_granule_bytes: 65536.
 - commit_granule_words: 8192.
 - virtual_space_node_default_size: 8388608.
 - enlarge_chunks_in_place: 1.
 - new_chunks_are_fully_committed: 0.
 - uncommit_free_chunks: 1.
 - use_allocation_guard: 0.
 - handle_deallocations: 1.


Internal statistics:

num_allocs_failed_limit: 0.
num_arena_births: 28.
num_arena_deaths: 0.
num_vsnodes_births: 2.
num_vsnodes_deaths: 0.
num_space_committed: 67.
num_space_uncommitted: 0.
num_chunks_returned_to_freelist: 0.
num_chunks_taken_from_freelist: 65.
num_chunk_merges: 0.
num_chunk_splits: 43.
num_chunks_enlarged: 32.
num_inconsistent_stats: 0.

CodeHeap 'non-profiled nmethods': size=120028Kb used=380Kb max_used=380Kb free=119647Kb
 bounds [0x0000793d84ec9000, 0x0000793d85139000, 0x0000793d8c400000]
CodeHeap 'profiled nmethods': size=120028Kb used=1881Kb max_used=1881Kb free=118146Kb
 bounds [0x0000793d7d400000, 0x0000793d7d670000, 0x0000793d84937000]
CodeHeap 'non-nmethods': size=5704Kb used=1186Kb max_used=1244Kb free=4517Kb
 bounds [0x0000793d84937000, 0x0000793d84ba7000, 0x0000793d84ec9000]
 total_blobs=1438 nmethods=1019 adapters=333
 compilation: enabled
              stopped_count=0, restarted_count=0
 full_count=0

Compilation events (20 events):
Event: 0.594 Thread 0x0000793d94154ba0 nmethod 1004 0x0000793d7d5cde90 code [0x0000793d7d5ce040, 0x0000793d7d5ce210]
Event: 0.596 Thread 0x0000793ce4086840 nmethod 999 0x0000793d84f25990 code [0x0000793d84f25b20, 0x0000793d84f25df8]
Event: 0.597 Thread 0x0000793d94154ba0 1012       3       java.util.zip.ZipFile$1::getMetaInfVersions (5 bytes)
Event: 0.597 Thread 0x0000793d94154ba0 nmethod 1012 0x0000793d7d5ce310 code [0x0000793d7d5ce4e0, 0x0000793d7d5ce7a0]
Event: 0.598 Thread 0x0000793d94154ba0 1013       3       org.eclipse.jdt.launching.internal.org.objectweb.asm.MethodWriter::computeMethodInfoSize (571 bytes)
Event: 0.598 Thread 0x0000793ce4086840 1017       4       org.eclipse.jdt.launching.internal.org.objectweb.asm.ByteVector::putShort (52 bytes)
Event: 0.599 Thread 0x0000793d94154ba0 nmethod 1013 0x0000793d7d5ce990 code [0x0000793d7d5cecc0, 0x0000793d7d5cfce0]
Event: 0.599 Thread 0x0000793d94154ba0 1016       3       java.util.jar.JarFile::getVersionedEntry (133 bytes)
Event: 0.600 Thread 0x0000793cdc16fd40 

Event: 0.600 Thread 0x0000793ce4086840 nmethod 1017 0x0000793d84f26090 code [0x0000793d84f26220, 0x0000793d84f263c8]
Event: 0.601 Thread 0x0000793d94154ba0 nmethod 1016 0x0000793d7d5d0490 code [0x0000793d7d5d0780, 0x0000793d7d5d1590]
Event: 0.601 Thread 0x0000793d94154ba0 1015       3       org.eclipse.jdt.launching.internal.org.objectweb.asm.MethodWriter::putMethodInfo (1274 bytes)
Event: 0.604 Thread 0x0000793d94154ba0 nmethod 1015 0x0000793d7d5d1b90 code [0x0000793d7d5d2260, 0x0000793d7d5d4b20]
Event: 0.604 Thread 0x0000793d94154ba0 1014       3       org.eclipse.jdt.launching.internal.org.objectweb.asm.MethodWriter::hasFrames (13 bytes)
Event: 0.604 Thread 0x0000793d94154ba0 nmethod 1014 0x0000793d7d5d5f90 code [0x0000793d7d5d6120, 0x0000793d7d5d6290]
Event: 0.604 Thread 0x0000793d94154ba0 1019       3       org.eclipse.jdt.launching.internal.org.objectweb.asm.SymbolTable::addConstantClass (8 bytes)
Event: 0.605 Thread 0x0000793d94154ba0 nmethod 1019 0x0000793d7d5d6310 code [0x0000793d7d5d64c0, 0x0000793d7d5d6600]
Event: 0.605 Thread 0x0000793d94154ba0 1018       1       sun.instrument.TransformerManager::getSnapshotTransformerList (5 bytes)
Event: 0.605 Thread 0x0000793d94154ba0 nmethod 1018 0x0000793d84f26510 code [0x0000793d84f266a0, 0x0000793d84f26770]
Event: 0.606 Thread 0x0000793d94153660 nmethod 1009 0x0000793d84f26810 code [0x0000793d84f269e0, 0x0000793d84f27548]

GC Heap History (2 events):
Event: 0.428 GC heap before
{Heap before GC invocations=0 (full 0):
 garbage-first heap   total 327680K, used 20400K [0x00000006c9c00000, 0x0000000800000000)
  region size 4096K, 5 young (20480K), 0 survivors (0K)
 Metaspace       used 2763K, committed 2944K, reserved 1114112K
  class space    used 240K, committed 320K, reserved 1048576K
}
Event: 0.433 GC heap after
{Heap after GC invocations=1 (full 0):
 garbage-first heap   total 327680K, used 10520K [0x00000006c9c00000, 0x0000000800000000)
  region size 4096K, 1 young (4096K), 1 survivors (4096K)
 Metaspace       used 2763K, committed 2944K, reserved 1114112K
  class space    used 240K, committed 320K, reserved 1048576K
}

Dll operation events (9 events):
Event: 0.002 Loaded shared library /usr/lib/jvm/java-17-openjdk-amd64/lib/libjava.so
Event: 0.017 Loaded shared library /usr/lib/jvm/java-17-openjdk-amd64/lib/libjsvml.so
Event: 0.116 Loaded shared library /usr/lib/jvm/java-17-openjdk-amd64/lib/libzip.so
Event: 0.118 Loaded shared library /usr/lib/jvm/java-17-openjdk-amd64/lib/libinstrument.so
Event: 0.121 Loaded shared library /usr/lib/jvm/java-17-openjdk-amd64/lib/libnio.so
Event: 0.124 Loaded shared library /usr/lib/jvm/java-17-openjdk-amd64/lib/libzip.so
Event: 0.213 Loaded shared library /usr/lib/jvm/java-17-openjdk-amd64/lib/libjimage.so
Event: 0.469 Loaded shared library /usr/lib/jvm/java-17-openjdk-amd64/lib/libverify.so
Event: 0.503 Loaded shared library /home/martin/sources/za.co.ntier.twilio/src/za/ntier/mesibo/linux-x86_64/libjniMesiboLibrary.so

Deoptimization events (20 events):
Event: 0.424 Thread 0x0000793d9401ab50 DEOPT PACKING pc=0x0000793d7d523834 sp=0x0000793d9a5fbfd0
Event: 0.424 Thread 0x0000793d9401ab50 DEOPT UNPACKING pc=0x0000793d8498de2f sp=0x0000793d9a5fb4c0 mode 1
Event: 0.447 Thread 0x0000793d9401ab50 DEOPT PACKING pc=0x0000793d7d4da116 sp=0x0000793d9a5fdcd0
Event: 0.447 Thread 0x0000793d9401ab50 DEOPT UNPACKING pc=0x0000793d8498de2f sp=0x0000793d9a5fd160 mode 0
Event: 0.476 Thread 0x0000793d9401ab50 DEOPT PACKING pc=0x0000793d7d403df8 sp=0x0000793d9a5f8540
Event: 0.476 Thread 0x0000793d9401ab50 DEOPT UNPACKING pc=0x0000793d8498de2f sp=0x0000793d9a5f79c0 mode 0
Event: 0.482 Thread 0x0000793d9401ab50 DEOPT PACKING pc=0x0000793d7d403df8 sp=0x0000793d9a5f86b0
Event: 0.482 Thread 0x0000793d9401ab50 DEOPT UNPACKING pc=0x0000793d8498de2f sp=0x0000793d9a5f7b30 mode 0
Event: 0.502 Thread 0x0000793d9401ab50 Uncommon trap: trap_request=0xffffff6e fr.pc=0x0000793d84f14010 relative=0x0000000000000470
Event: 0.502 Thread 0x0000793d9401ab50 Uncommon trap: reason=loop_limit_check action=maybe_recompile pc=0x0000793d84f14010 method=java.lang.StringLatin1.indexOf([BI[BII)I @ 37 c2
Event: 0.502 Thread 0x0000793d9401ab50 DEOPT PACKING pc=0x0000793d84f14010 sp=0x0000793d9a5fe430
Event: 0.502 Thread 0x0000793d9401ab50 DEOPT UNPACKING pc=0x0000793d8498d699 sp=0x0000793d9a5fe3b0 mode 2
Event: 0.504 Thread 0x0000793d9401ab50 Uncommon trap: trap_request=0xffffff45 fr.pc=0x0000793d84ed1c3c relative=0x000000000000009c
Event: 0.504 Thread 0x0000793d9401ab50 Uncommon trap: reason=unstable_if action=reinterpret pc=0x0000793d84ed1c3c method=java.lang.String.hashCode()I @ 42 c2
Event: 0.504 Thread 0x0000793d9401ab50 DEOPT PACKING pc=0x0000793d84ed1c3c sp=0x0000793d9a5fbde0
Event: 0.504 Thread 0x0000793d9401ab50 DEOPT UNPACKING pc=0x0000793d8498d699 sp=0x0000793d9a5fbd98 mode 2
Event: 0.574 Thread 0x0000793d9401ab50 Uncommon trap: trap_request=0xffffff45 fr.pc=0x0000793d84f0d9bc relative=0x000000000000187c
Event: 0.574 Thread 0x0000793d9401ab50 Uncommon trap: reason=unstable_if action=reinterpret pc=0x0000793d84f0d9bc method=java.util.LinkedHashMap.afterNodeInsertion(Z)V @ 1 c2
Event: 0.574 Thread 0x0000793d9401ab50 DEOPT PACKING pc=0x0000793d84f0d9bc sp=0x0000793d9a5fd0b0
Event: 0.574 Thread 0x0000793d9401ab50 DEOPT UNPACKING pc=0x0000793d8498d699 sp=0x0000793d9a5fd040 mode 2

Classes loaded (20 events):
Event: 0.574 Loading class java/lang/reflect/Proxy$ProxyBuilder$1
Event: 0.574 Loading class java/lang/reflect/Proxy$ProxyBuilder$1 done
Event: 0.574 Loading class java/lang/annotation/Target
Event: 0.574 Loading class java/lang/annotation/Target done
Event: 0.577 Loading class java/lang/reflect/UndeclaredThrowableException
Event: 0.577 Loading class java/lang/reflect/UndeclaredThrowableException done
Event: 0.577 Loading class java/lang/Class$AnnotationData
Event: 0.577 Loading class java/lang/Class$AnnotationData done
Event: 0.585 Loading class java/lang/InstantiationException
Event: 0.586 Loading class java/lang/InstantiationException done
Event: 0.587 Loading class java/lang/ProcessEnvironment
Event: 0.587 Loading class java/lang/ProcessEnvironment done
Event: 0.587 Loading class java/lang/ProcessEnvironment$Variable
Event: 0.587 Loading class java/lang/ProcessEnvironment$ExternalData
Event: 0.587 Loading class java/lang/ProcessEnvironment$ExternalData done
Event: 0.587 Loading class java/lang/ProcessEnvironment$Variable done
Event: 0.587 Loading class java/lang/ProcessEnvironment$Value
Event: 0.587 Loading class java/lang/ProcessEnvironment$Value done
Event: 0.587 Loading class java/lang/ProcessEnvironment$StringEnvironment
Event: 0.587 Loading class java/lang/ProcessEnvironment$StringEnvironment done

Classes unloaded (0 events):
No events

Classes redefined (0 events):
No events

Internal exceptions (7 events):
Event: 0.123 Thread 0x0000793d9401ab50 Implicit null exception at 0x0000793d84ed42d5 to 0x0000793d84ed4440
Event: 0.546 Thread 0x0000793d9401ab50 Exception <a 'java/lang/NoSuchMethodError'{0x00000006dcd833b8}: 'int java.lang.invoke.DirectMethodHandle$Holder.invokeStaticInit(java.lang.Object, java.lang.Object, java.lang.Object, java.lang.Object)'> (0x00000006dcd833b8) 
thrown [./src/hotspot/share/interpreter/linkResolver.cpp, line 758]
Event: 0.548 Thread 0x0000793d9401ab50 Exception <a 'java/lang/NoSuchMethodError'{0x00000006dcd8d238}: 'java.lang.Object java.lang.invoke.DirectMethodHandle$Holder.invokeInterface(java.lang.Object, java.lang.Object)'> (0x00000006dcd8d238) 
thrown [./src/hotspot/share/interpreter/linkResolver.cpp, line 758]
Event: 0.549 Thread 0x0000793d9401ab50 Exception <a 'java/lang/IncompatibleClassChangeError'{0x00000006dcd90788}: Found class java.lang.Object, but interface was expected> (0x00000006dcd90788) 
thrown [./src/hotspot/share/interpreter/linkResolver.cpp, line 826]
Event: 0.550 Thread 0x0000793d9401ab50 Exception <a 'java/lang/NoSuchMethodError'{0x00000006dcd93dd0}: 'void java.lang.invoke.DirectMethodHandle$Holder.invokeStatic(java.lang.Object, java.lang.Object)'> (0x00000006dcd93dd0) 
thrown [./src/hotspot/share/interpreter/linkResolver.cpp, line 758]
Event: 0.551 Thread 0x0000793d9401ab50 Exception <a 'java/lang/NoSuchMethodError'{0x00000006dcd97850}: 'void java.lang.invoke.DirectMethodHandle$Holder.invokeStaticInit(java.lang.Object, java.lang.Object)'> (0x00000006dcd97850) 
thrown [./src/hotspot/share/interpreter/linkResolver.cpp, line 758]
Event: 0.552 Thread 0x0000793d9401ab50 Exception <a 'java/lang/NoSuchMethodError'{0x00000006dcd9f9d0}: 'int java.lang.invoke.DirectMethodHandle$Holder.invokeStaticInit(java.lang.Object, java.lang.Object)'> (0x00000006dcd9f9d0) 
thrown [./src/hotspot/share/interpreter/linkResolver.cpp, line 758]

VM Operations (20 events):
Event: 0.071 Executing VM operation: ChangeBreakpoints
Event: 0.071 Executing VM operation: ChangeBreakpoints done
Event: 0.101 Executing VM operation: ChangeBreakpoints
Event: 0.101 Executing VM operation: ChangeBreakpoints done
Event: 0.176 Executing VM operation: HandshakeAllThreads
Event: 0.176 Executing VM operation: HandshakeAllThreads done
Event: 0.198 Executing VM operation: HandshakeAllThreads
Event: 0.198 Executing VM operation: HandshakeAllThreads done
Event: 0.198 Executing VM operation: HandshakeAllThreads
Event: 0.198 Executing VM operation: HandshakeAllThreads done
Event: 0.423 Executing VM operation: HandshakeAllThreads
Event: 0.423 Executing VM operation: HandshakeAllThreads done
Event: 0.427 Executing VM operation: G1CollectForAllocation
Event: 0.433 Executing VM operation: G1CollectForAllocation done
Event: 0.497 Executing VM operation: ChangeBreakpoints
Event: 0.498 Executing VM operation: ChangeBreakpoints done
Event: 0.561 Executing VM operation: HandshakeAllThreads
Event: 0.561 Executing VM operation: HandshakeAllThreads done
Event: 1.561 Executing VM operation: Cleanup
Event: 1.561 Executing VM operation: Cleanup done

Events (20 events):
Event: 0.022 Thread 0x0000793d94154ba0 Thread added: 0x0000793d94154ba0
Event: 0.022 Protecting memory [0x0000793d6b600000,0x0000793d6b604000] with protection modes 0
Event: 0.022 Thread 0x0000793d9415e010 Thread added: 0x0000793d9415e010
Event: 0.022 Protecting memory [0x0000793d6b500000,0x0000793d6b504000] with protection modes 0
Event: 0.046 Thread 0x0000793d94171710 Thread added: 0x0000793d94171710
Event: 0.046 Protecting memory [0x0000793d6b400000,0x0000793d6b404000] with protection modes 0
Event: 0.070 Thread 0x0000793d941b85f0 Thread added: 0x0000793d941b85f0
Event: 0.071 Protecting memory [0x0000793d6b300000,0x0000793d6b304000] with protection modes 0
Event: 0.071 Thread 0x0000793d941bb6a0 Thread added: 0x0000793d941bb6a0
Event: 0.071 Protecting memory [0x0000793d6b200000,0x0000793d6b204000] with protection modes 0
Event: 0.071 Thread 0x0000793ccc001120 Thread added: 0x0000793ccc001120
Event: 0.071 Protecting memory [0x0000793d6b100000,0x0000793d6b104000] with protection modes 0
Event: 0.172 Thread 0x0000793ce4086840 Thread added: 0x0000793ce4086840
Event: 0.172 Protecting memory [0x0000793d6b000000,0x0000793d6b004000] with protection modes 0
Event: 0.397 Thread 0x0000793cdc16fd40 Thread added: 0x0000793cdc16fd40
Event: 0.398 Protecting memory [0x0000793d6af00000,0x0000793d6af04000] with protection modes 0
Event: 0.466 Thread 0x0000793d9471ac00 Thread added: 0x0000793d9471ac00
Event: 0.466 Protecting memory [0x0000793d6a7fa000,0x0000793d6a7fe000] with protection modes 0
Event: 0.543 Thread 0x0000793d94741c50 Thread added: 0x0000793d94741c50
Event: 0.543 Protecting memory [0x0000793d6a500000,0x0000793d6a504000] with protection modes 0


Dynamic libraries:
6c9c00000-6dd400000 rw-p 00000000 00:00 0 
6dd400000-7ff800000 ---p 00000000 00:00 0 
7ff800000-7ffb00000 rw-p 00000000 00:00 0 
7ffb00000-7ffb75000 rw-p 00c73000 08:12 3937446                          /usr/lib/jvm/java-17-openjdk-amd64/lib/server/classes.jsa
7ffb75000-7ffc00000 rw-p 00000000 00:00 0 
7ffc00000-7ffc77000 rw-p 00bfc000 08:12 3937446                          /usr/lib/jvm/java-17-openjdk-amd64/lib/server/classes.jsa
7ffc77000-800000000 rw-p 00000000 00:00 0 
5c5c59128000-5c5c59129000 r--p 00000000 08:12 3937371                    /usr/lib/jvm/java-17-openjdk-amd64/bin/java
5c5c59129000-5c5c5912a000 r-xp 00001000 08:12 3937371                    /usr/lib/jvm/java-17-openjdk-amd64/bin/java
5c5c5912a000-5c5c5912b000 r--p 00002000 08:12 3937371                    /usr/lib/jvm/java-17-openjdk-amd64/bin/java
5c5c5912b000-5c5c5912c000 r--p 00002000 08:12 3937371                    /usr/lib/jvm/java-17-openjdk-amd64/bin/java
5c5c5912c000-5c5c5912d000 rw-p 00003000 08:12 3937371                    /usr/lib/jvm/java-17-openjdk-amd64/bin/java
5c5c5a5e4000-5c5c5a62e000 rw-p 00000000 00:00 0                          [heap]
793c78000000-793c78021000 rw-p 00000000 00:00 0 
793c78021000-793c7c000000 ---p 00000000 00:00 0 
793c7c000000-793c7c021000 rw-p 00000000 00:00 0 
793c7c021000-793c80000000 ---p 00000000 00:00 0 
793c84000000-793c84021000 rw-p 00000000 00:00 0 
793c84021000-793c88000000 ---p 00000000 00:00 0 
793c88000000-793c88021000 rw-p 00000000 00:00 0 
793c88021000-793c8c000000 ---p 00000000 00:00 0 
793c90000000-793c90021000 rw-p 00000000 00:00 0 
793c90021000-793c94000000 ---p 00000000 00:00 0 
793c94000000-793c94021000 rw-p 00000000 00:00 0 
793c94021000-793c98000000 ---p 00000000 00:00 0 
793c9c000000-793c9c021000 rw-p 00000000 00:00 0 
793c9c021000-793ca0000000 ---p 00000000 00:00 0 
793ca0000000-793ca0021000 rw-p 00000000 00:00 0 
793ca0021000-793ca4000000 ---p 00000000 00:00 0 
793ca8000000-793ca8021000 rw-p 00000000 00:00 0 
793ca8021000-793cac000000 ---p 00000000 00:00 0 
793cac000000-793cac021000 rw-p 00000000 00:00 0 
793cac021000-793cb0000000 ---p 00000000 00:00 0 
793cb4000000-793cb45cf000 rw-p 00000000 00:00 0 
793cb45cf000-793cb8000000 ---p 00000000 00:00 0 
793cb8000000-793cb83fe000 rw-p 00000000 00:00 0 
793cb83fe000-793cbc000000 ---p 00000000 00:00 0 
793cc0000000-793cc0021000 rw-p 00000000 00:00 0 
793cc0021000-793cc4000000 ---p 00000000 00:00 0 
793cc4000000-793cc4021000 rw-p 00000000 00:00 0 
793cc4021000-793cc8000000 ---p 00000000 00:00 0 
793ccc000000-793ccc021000 rw-p 00000000 00:00 0 
793ccc021000-793cd0000000 ---p 00000000 00:00 0 
793cd0000000-793cd0021000 rw-p 00000000 00:00 0 
793cd0021000-793cd4000000 ---p 00000000 00:00 0 
793cd8000000-793cd8021000 rw-p 00000000 00:00 0 
793cd8021000-793cdc000000 ---p 00000000 00:00 0 
793cdc000000-793cdc3fc000 rw-p 00000000 00:00 0 
793cdc3fc000-793ce0000000 ---p 00000000 00:00 0 
793ce4000000-793ce4499000 rw-p 00000000 00:00 0 
793ce4499000-793ce8000000 ---p 00000000 00:00 0 
793ce8000000-793ce8021000 rw-p 00000000 00:00 0 
793ce8021000-793cec000000 ---p 00000000 00:00 0 
793cf0000000-793cf0021000 rw-p 00000000 00:00 0 
793cf0021000-793cf4000000 ---p 00000000 00:00 0 
793cf4000000-793cf4021000 rw-p 00000000 00:00 0 
793cf4021000-793cf8000000 ---p 00000000 00:00 0 
793cfc000000-793cfc021000 rw-p 00000000 00:00 0 
793cfc021000-793d00000000 ---p 00000000 00:00 0 
793d00000000-793d00021000 rw-p 00000000 00:00 0 
793d00021000-793d04000000 ---p 00000000 00:00 0 
793d08000000-793d08021000 rw-p 00000000 00:00 0 
793d08021000-793d0c000000 ---p 00000000 00:00 0 
793d0f000000-793d0f320000 rw-p 00000000 00:00 0 
793d0f320000-793d0f400000 ---p 00000000 00:00 0 
793d0f400000-793d0f4b0000 rw-p 00000000 00:00 0 
793d0f4b0000-793d13000000 ---p 00000000 00:00 0 
793d13000000-793d13bc4000 rw-p 00001000 08:12 3937446                    /usr/lib/jvm/java-17-openjdk-amd64/lib/server/classes.jsa
793d13bc4000-793d14000000 ---p 00000000 00:00 0 
793d14000000-793d14010000 rw-p 00000000 00:00 0 
793d14010000-793d14020000 ---p 00000000 00:00 0 
793d14020000-793d14030000 rw-p 00000000 00:00 0 
793d14030000-793d14040000 ---p 00000000 00:00 0 
793d14040000-793d14080000 rw-p 00000000 00:00 0 
793d14080000-793d54000000 ---p 00000000 00:00 0 
793d54000000-793d54021000 rw-p 00000000 00:00 0 
793d54021000-793d58000000 ---p 00000000 00:00 0 
793d58000000-793d58021000 rw-p 00000000 00:00 0 
793d58021000-793d5c000000 ---p 00000000 00:00 0 
793d60000000-793d60021000 rw-p 00000000 00:00 0 
793d60021000-793d64000000 ---p 00000000 00:00 0 
793d64000000-793d64021000 rw-p 00000000 00:00 0 
793d64021000-793d68000000 ---p 00000000 00:00 0 
793d69c00000-793d6a0c8000 r-xp 00000000 08:12 3933257                    /usr/lib/libmesibo.so
793d6a0c8000-793d6a2c8000 ---p 004c8000 08:12 3933257                    /usr/lib/libmesibo.so
793d6a2c8000-793d6a2ff000 r--p 004c8000 08:12 3933257                    /usr/lib/libmesibo.so
793d6a2ff000-793d6a328000 rw-p 004ff000 08:12 3933257                    /usr/lib/libmesibo.so
793d6a328000-793d6a32d000 rw-p 00000000 00:00 0 
793d6a500000-793d6a504000 ---p 00000000 00:00 0 
793d6a504000-793d6a600000 rw-p 00000000 00:00 0 
793d6a6f9000-793d6a6fa000 ---p 00000000 00:00 0 
793d6a6fa000-793d6a7fa000 rw-p 00000000 00:00 0 
793d6a7fa000-793d6a7fe000 ---p 00000000 00:00 0 
793d6a7fe000-793d6a8fa000 rw-p 00000000 00:00 0 
793d6a8fa000-793d6a8fb000 ---p 00000000 00:00 0 
793d6a8fb000-793d6a9fb000 rw-p 00000000 00:00 0 
793d6a9fb000-793d6a9fc000 ---p 00000000 00:00 0 
793d6a9fc000-793d6aafc000 rw-p 00000000 00:00 0 
793d6aafc000-793d6aafd000 ---p 00000000 00:00 0 
793d6aafd000-793d6abfd000 rw-p 00000000 00:00 0 
793d6abfd000-793d6abfe000 ---p 00000000 00:00 0 
793d6abfe000-793d6acfe000 rw-p 00000000 00:00 0 
793d6acfe000-793d6acff000 ---p 00000000 00:00 0 
793d6acff000-793d6adff000 rw-p 00000000 00:00 0 
793d6adff000-793d6ae00000 ---p 00000000 00:00 0 
793d6ae00000-793d6af00000 rw-p 00000000 00:00 0 
793d6af00000-793d6af04000 ---p 00000000 00:00 0 
793d6af04000-793d6b000000 rw-p 00000000 00:00 0 
793d6b000000-793d6b004000 ---p 00000000 00:00 0 
793d6b004000-793d6b100000 rw-p 00000000 00:00 0 
793d6b100000-793d6b104000 ---p 00000000 00:00 0 
793d6b104000-793d6b200000 rw-p 00000000 00:00 0 
793d6b200000-793d6b204000 ---p 00000000 00:00 0 
793d6b204000-793d6b300000 rw-p 00000000 00:00 0 
793d6b300000-793d6b304000 ---p 00000000 00:00 0 
793d6b304000-793d6b400000 rw-p 00000000 00:00 0 
793d6b400000-793d6b404000 ---p 00000000 00:00 0 
793d6b404000-793d6b500000 rw-p 00000000 00:00 0 
793d6b500000-793d6b504000 ---p 00000000 00:00 0 
793d6b504000-793d6b600000 rw-p 00000000 00:00 0 
793d6b600000-793d6b604000 ---p 00000000 00:00 0 
793d6b604000-793d6b700000 rw-p 00000000 00:00 0 
793d6b700000-793d6b704000 ---p 00000000 00:00 0 
793d6b704000-793d6b800000 rw-p 00000000 00:00 0 
793d6b800000-793d6b804000 ---p 00000000 00:00 0 
793d6b804000-793d6b900000 rw-p 00000000 00:00 0 
793d6b900000-793d6b904000 ---p 00000000 00:00 0 
793d6b904000-793d6ba00000 rw-p 00000000 00:00 0 
793d6ba00000-793d6bf73000 r--p 00000000 08:12 3932386                    /usr/lib/locale/locale-archive
793d6c000000-793d6c021000 rw-p 00000000 00:00 0 
793d6c021000-793d70000000 ---p 00000000 00:00 0 
793d70025000-793d70029000 ---p 00000000 00:00 0 
793d70029000-793d70125000 rw-p 00000000 00:00 0 
793d70125000-793d70129000 ---p 00000000 00:00 0 
793d70129000-793d70225000 rw-p 00000000 00:00 0 
793d70225000-793d70229000 ---p 00000000 00:00 0 
793d70229000-793d70325000 rw-p 00000000 00:00 0 
793d70325000-793d70326000 ---p 00000000 00:00 0 
793d70326000-793d70426000 rw-p 00000000 00:00 0 
793d70426000-793d7042b000 r--p 00000000 08:12 3937430                    /usr/lib/jvm/java-17-openjdk-amd64/lib/libjsvml.so
793d7042b000-793d7046c000 r-xp 00005000 08:12 3937430                    /usr/lib/jvm/java-17-openjdk-amd64/lib/libjsvml.so
793d7046c000-793d704f5000 r--p 00046000 08:12 3937430                    /usr/lib/jvm/java-17-openjdk-amd64/lib/libjsvml.so
793d704f5000-793d704f6000 r--p 000ce000 08:12 3937430                    /usr/lib/jvm/java-17-openjdk-amd64/lib/libjsvml.so
793d704f6000-793d704f7000 rw-p 000cf000 08:12 3937430                    /usr/lib/jvm/java-17-openjdk-amd64/lib/libjsvml.so
793d704f7000-793d704f8000 ---p 00000000 00:00 0 
793d704f8000-793d705f8000 rw-p 00000000 00:00 0 
793d705f8000-793d705f9000 ---p 00000000 00:00 0 
793d705f9000-793d706f9000 rw-p 00000000 00:00 0 
793d706f9000-793d732e0000 rw-p 00000000 00:00 0 
793d732e0000-793d77b70000 ---p 00000000 00:00 0 
793d77b70000-793d77b90000 rw-p 00000000 00:00 0 
793d77c00000-793d780e0000 rw-p 00000000 00:00 0 
793d780e0000-793d7c970000 ---p 00000000 00:00 0 
793d7c970000-793d7c990000 rw-p 00000000 00:00 0 
793d7ca00000-793d7ca9c000 rw-p 00000000 00:00 0 
793d7ca9c000-793d7d3ae000 ---p 00000000 00:00 0 
793d7d3ae000-793d7d3b2000 rw-p 00000000 00:00 0 
793d7d400000-793d7d670000 rwxp 00000000 00:00 0 
793d7d670000-793d84937000 ---p 00000000 00:00 0 
793d84937000-793d84ba7000 rwxp 00000000 00:00 0 
793d84ba7000-793d84ec9000 ---p 00000000 00:00 0 
793d84ec9000-793d85139000 rwxp 00000000 00:00 0 
793d85139000-793d8c400000 ---p 00000000 00:00 0 
793d8c400000-793d93e80000 r--s 00000000 08:12 3937445                    /usr/lib/jvm/java-17-openjdk-amd64/lib/modules
793d93eff000-793d94000000 rw-p 00000000 00:00 0 
793d94000000-793d94856000 rw-p 00000000 00:00 0 
793d94856000-793d98000000 ---p 00000000 00:00 0 
793d98021000-793d980fd000 rw-p 00000000 00:00 0 
793d980fd000-793d980fe000 ---p 00000000 00:00 0 
793d980fe000-793d981fe000 rw-p 00000000 00:00 0 
793d981fe000-793d981ff000 ---p 00000000 00:00 0 
793d981ff000-793d982ff000 rw-p 00000000 00:00 0 
793d982ff000-793d98300000 ---p 00000000 00:00 0 
793d98300000-793d98400000 rw-p 00000000 00:00 0 
793d98400000-793d9849c000 rw-p 00000000 00:00 0 
793d9849c000-793d98dae000 ---p 00000000 00:00 0 
793d98dae000-793d98db2000 rw-p 00000000 00:00 0 
793d98db8000-793d98db9000 ---p 00000000 00:00 0 
793d98db9000-793d98ddc000 rw-p 00000000 00:00 0 
793d98ddc000-793d98ddd000 ---p 00000000 00:00 0 
793d98ddd000-793d98e00000 rw-p 00000000 00:00 0 
793d98e00000-793d98e9c000 rw-p 00000000 00:00 0 
793d98e9c000-793d997ae000 ---p 00000000 00:00 0 
793d997ae000-793d997b2000 rw-p 00000000 00:00 0 
793d997c2000-793d997c9000 r--p 00000000 08:13 17973360                   /home/martin/sources/za.co.ntier.twilio/src/za/ntier/mesibo/linux-x86_64/libjniMesiboLibrary.so
793d997c9000-793d997d7000 r-xp 00007000 08:13 17973360                   /home/martin/sources/za.co.ntier.twilio/src/za/ntier/mesibo/linux-x86_64/libjniMesiboLibrary.so
793d997d7000-793d997df000 r--p 00015000 08:13 17973360                   /home/martin/sources/za.co.ntier.twilio/src/za/ntier/mesibo/linux-x86_64/libjniMesiboLibrary.so
793d997df000-793d997e0000 r--p 0001c000 08:13 17973360                   /home/martin/sources/za.co.ntier.twilio/src/za/ntier/mesibo/linux-x86_64/libjniMesiboLibrary.so
793d997e0000-793d997e1000 rw-p 0001d000 08:13 17973360                   /home/martin/sources/za.co.ntier.twilio/src/za/ntier/mesibo/linux-x86_64/libjniMesiboLibrary.so
793d997e1000-793d9a02f000 rw-p 00000000 00:00 0 
793d9a02f000-793d9a115000 ---p 00000000 00:00 0 
793d9a115000-793d9a11a000 rw-p 00000000 00:00 0 
793d9a11a000-793d9a200000 ---p 00000000 00:00 0 
793d9a200000-793d9a29a000 r--p 00000000 08:12 3960894                    /usr/lib/x86_64-linux-gnu/libstdc++.so.6.0.30
793d9a29a000-793d9a3ab000 r-xp 0009a000 08:12 3960894                    /usr/lib/x86_64-linux-gnu/libstdc++.so.6.0.30
793d9a3ab000-793d9a41a000 r--p 001ab000 08:12 3960894                    /usr/lib/x86_64-linux-gnu/libstdc++.so.6.0.30
793d9a41a000-793d9a41b000 ---p 0021a000 08:12 3960894                    /usr/lib/x86_64-linux-gnu/libstdc++.so.6.0.30
793d9a41b000-793d9a426000 r--p 0021a000 08:12 3960894                    /usr/lib/x86_64-linux-gnu/libstdc++.so.6.0.30
793d9a426000-793d9a429000 rw-p 00225000 08:12 3960894                    /usr/lib/x86_64-linux-gnu/libstdc++.so.6.0.30
793d9a429000-793d9a42c000 rw-p 00000000 00:00 0 
793d9a42c000-793d9a42d000 r--p 00000000 08:12 3934385                    /usr/lib/x86_64-linux-gnu/libpthread.so.0
793d9a42d000-793d9a42e000 r-xp 00001000 08:12 3934385                    /usr/lib/x86_64-linux-gnu/libpthread.so.0
793d9a42e000-793d9a42f000 r--p 00002000 08:12 3934385                    /usr/lib/x86_64-linux-gnu/libpthread.so.0
793d9a42f000-793d9a430000 r--p 00002000 08:12 3934385                    /usr/lib/x86_64-linux-gnu/libpthread.so.0
793d9a430000-793d9a431000 rw-p 00003000 08:12 3934385                    /usr/lib/x86_64-linux-gnu/libpthread.so.0
793d9a431000-793d9a432000 r--p 00000000 08:12 3934350                    /usr/lib/x86_64-linux-gnu/libdl.so.2
793d9a432000-793d9a433000 r-xp 00001000 08:12 3934350                    /usr/lib/x86_64-linux-gnu/libdl.so.2
793d9a433000-793d9a434000 r--p 00002000 08:12 3934350                    /usr/lib/x86_64-linux-gnu/libdl.so.2
793d9a434000-793d9a435000 r--p 00002000 08:12 3934350                    /usr/lib/x86_64-linux-gnu/libdl.so.2
793d9a435000-793d9a436000 rw-p 00003000 08:12 3934350                    /usr/lib/x86_64-linux-gnu/libdl.so.2
793d9a44a000-793d9a44e000 r--p 00000000 08:12 3937443                    /usr/lib/jvm/java-17-openjdk-amd64/lib/libverify.so
793d9a44e000-793d9a455000 r-xp 00004000 08:12 3937443                    /usr/lib/jvm/java-17-openjdk-amd64/lib/libverify.so
793d9a455000-793d9a457000 r--p 0000b000 08:12 3937443                    /usr/lib/jvm/java-17-openjdk-amd64/lib/libverify.so
793d9a457000-793d9a459000 r--p 0000c000 08:12 3937443                    /usr/lib/jvm/java-17-openjdk-amd64/lib/libverify.so
793d9a459000-793d9a45a000 rw-p 0000e000 08:12 3937443                    /usr/lib/jvm/java-17-openjdk-amd64/lib/libverify.so
793d9a45a000-793d9a45e000 r--p 00000000 08:12 3937436                    /usr/lib/jvm/java-17-openjdk-amd64/lib/libnet.so
793d9a45e000-793d9a46c000 r-xp 00004000 08:12 3937436                    /usr/lib/jvm/java-17-openjdk-amd64/lib/libnet.so
793d9a46c000-793d9a470000 r--p 00012000 08:12 3937436                    /usr/lib/jvm/java-17-openjdk-amd64/lib/libnet.so
793d9a470000-793d9a471000 r--p 00015000 08:12 3937436                    /usr/lib/jvm/java-17-openjdk-amd64/lib/libnet.so
793d9a471000-793d9a472000 rw-p 00016000 08:12 3937436                    /usr/lib/jvm/java-17-openjdk-amd64/lib/libnet.so
793d9a472000-793d9a479000 r--p 00000000 08:12 3937437                    /usr/lib/jvm/java-17-openjdk-amd64/lib/libnio.so
793d9a479000-793d9a482000 r-xp 00007000 08:12 3937437                    /usr/lib/jvm/java-17-openjdk-amd64/lib/libnio.so
793d9a482000-793d9a486000 r--p 00010000 08:12 3937437                    /usr/lib/jvm/java-17-openjdk-amd64/lib/libnio.so
793d9a486000-793d9a487000 ---p 00014000 08:12 3937437                    /usr/lib/jvm/java-17-openjdk-amd64/lib/libnio.so
793d9a487000-793d9a488000 r--p 00014000 08:12 3937437                    /usr/lib/jvm/java-17-openjdk-amd64/lib/libnio.so
793d9a488000-793d9a489000 rw-p 00015000 08:12 3937437                    /usr/lib/jvm/java-17-openjdk-amd64/lib/libnio.so
793d9a489000-793d9a48b000 r--p 00000000 08:12 3937444                    /usr/lib/jvm/java-17-openjdk-amd64/lib/libzip.so
793d9a48b000-793d9a490000 r-xp 00002000 08:12 3937444                    /usr/lib/jvm/java-17-openjdk-amd64/lib/libzip.so
793d9a490000-793d9a492000 r--p 00007000 08:12 3937444                    /usr/lib/jvm/java-17-openjdk-amd64/lib/libzip.so
793d9a492000-793d9a493000 r--p 00008000 08:12 3937444                    /usr/lib/jvm/java-17-openjdk-amd64/lib/libzip.so
793d9a493000-793d9a494000 rw-p 00009000 08:12 3937444                    /usr/lib/jvm/java-17-openjdk-amd64/lib/libzip.so
793d9a494000-793d9a495000 r--p 00000000 08:12 3937415                    /usr/lib/jvm/java-17-openjdk-amd64/lib/libdt_socket.so
793d9a495000-793d9a498000 r-xp 00001000 08:12 3937415                    /usr/lib/jvm/java-17-openjdk-amd64/lib/libdt_socket.so
793d9a498000-793d9a499000 r--p 00004000 08:12 3937415                    /usr/lib/jvm/java-17-openjdk-amd64/lib/libdt_socket.so
793d9a499000-793d9a49a000 ---p 00005000 08:12 3937415                    /usr/lib/jvm/java-17-openjdk-amd64/lib/libdt_socket.so
793d9a49a000-793d9a49b000 r--p 00005000 08:12 3937415                    /usr/lib/jvm/java-17-openjdk-amd64/lib/libdt_socket.so
793d9a49b000-793d9a49c000 rw-p 00006000 08:12 3937415                    /usr/lib/jvm/java-17-openjdk-amd64/lib/libdt_socket.so
793d9a49c000-793d9a4a3000 r--s 00000000 08:12 3942277                    /usr/lib/x86_64-linux-gnu/gconv/gconv-modules.cache
793d9a4a3000-793d9a4f9000 rw-p 00000000 00:00 0 
793d9a4f9000-793d9a500000 ---p 00000000 00:00 0 
793d9a500000-793d9a504000 ---p 00000000 00:00 0 
793d9a504000-793d9a600000 rw-p 00000000 00:00 0 
793d9a600000-793d9a851000 r--p 00000000 08:12 3937449                    /usr/lib/jvm/java-17-openjdk-amd64/lib/server/libjvm.so
793d9a851000-793d9b5bb000 r-xp 00251000 08:12 3937449                    /usr/lib/jvm/java-17-openjdk-amd64/lib/server/libjvm.so
793d9b5bb000-793d9b83d000 r--p 00fbb000 08:12 3937449                    /usr/lib/jvm/java-17-openjdk-amd64/lib/server/libjvm.so
793d9b83d000-793d9b83e000 ---p 0123d000 08:12 3937449                    /usr/lib/jvm/java-17-openjdk-amd64/lib/server/libjvm.so
793d9b83e000-793d9b8f6000 r--p 0123d000 08:12 3937449                    /usr/lib/jvm/java-17-openjdk-amd64/lib/server/libjvm.so
793d9b8f6000-793d9b92b000 rw-p 012f5000 08:12 3937449                    /usr/lib/jvm/java-17-openjdk-amd64/lib/server/libjvm.so
793d9b92b000-793d9b985000 rw-p 00000000 00:00 0 
793d9b989000-793d9b98a000 r--p 00000000 08:12 3937418                    /usr/lib/jvm/java-17-openjdk-amd64/lib/libinstrument.so
793d9b98a000-793d9b990000 r-xp 00001000 08:12 3937418                    /usr/lib/jvm/java-17-openjdk-amd64/lib/libinstrument.so
793d9b990000-793d9b993000 r--p 00007000 08:12 3937418                    /usr/lib/jvm/java-17-openjdk-amd64/lib/libinstrument.so
793d9b993000-793d9b994000 r--p 00009000 08:12 3937418                    /usr/lib/jvm/java-17-openjdk-amd64/lib/libinstrument.so
793d9b994000-793d9b995000 rw-p 0000a000 08:12 3937418                    /usr/lib/jvm/java-17-openjdk-amd64/lib/libinstrument.so
793d9b995000-793d9b9a1000 r--p 00000000 08:12 3937423                    /usr/lib/jvm/java-17-openjdk-amd64/lib/libjava.so
793d9b9a1000-793d9b9b4000 r-xp 0000c000 08:12 3937423                    /usr/lib/jvm/java-17-openjdk-amd64/lib/libjava.so
793d9b9b4000-793d9b9ba000 r--p 0001f000 08:12 3937423                    /usr/lib/jvm/java-17-openjdk-amd64/lib/libjava.so
793d9b9ba000-793d9b9bb000 r--p 00024000 08:12 3937423                    /usr/lib/jvm/java-17-openjdk-amd64/lib/libjava.so
793d9b9bb000-793d9b9bc000 rw-p 00025000 08:12 3937423                    /usr/lib/jvm/java-17-openjdk-amd64/lib/libjava.so
793d9b9bc000-793d9b9bd000 rw-p 00000000 00:00 0 
793d9b9bd000-793d9b9c0000 r--p 00000000 08:12 3937425                    /usr/lib/jvm/java-17-openjdk-amd64/lib/libjdwp.so
793d9b9c0000-793d9b9ee000 r-xp 00003000 08:12 3937425                    /usr/lib/jvm/java-17-openjdk-amd64/lib/libjdwp.so
793d9b9ee000-793d9b9fc000 r--p 00031000 08:12 3937425                    /usr/lib/jvm/java-17-openjdk-amd64/lib/libjdwp.so
793d9b9fc000-793d9b9fd000 ---p 0003f000 08:12 3937425                    /usr/lib/jvm/java-17-openjdk-amd64/lib/libjdwp.so
793d9b9fd000-793d9b9fe000 r--p 0003f000 08:12 3937425                    /usr/lib/jvm/java-17-openjdk-amd64/lib/libjdwp.so
793d9b9fe000-793d9b9ff000 rw-p 00040000 08:12 3937425                    /usr/lib/jvm/java-17-openjdk-amd64/lib/libjdwp.so
793d9b9ff000-793d9ba00000 rw-p 00000000 00:00 0 
793d9ba00000-793d9ba28000 r--p 00000000 08:12 3934331                    /usr/lib/x86_64-linux-gnu/libc.so.6
793d9ba28000-793d9bbbd000 r-xp 00028000 08:12 3934331                    /usr/lib/x86_64-linux-gnu/libc.so.6
793d9bbbd000-793d9bc15000 r--p 001bd000 08:12 3934331                    /usr/lib/x86_64-linux-gnu/libc.so.6
793d9bc15000-793d9bc16000 ---p 00215000 08:12 3934331                    /usr/lib/x86_64-linux-gnu/libc.so.6
793d9bc16000-793d9bc1a000 r--p 00215000 08:12 3934331                    /usr/lib/x86_64-linux-gnu/libc.so.6
793d9bc1a000-793d9bc1c000 rw-p 00219000 08:12 3934331                    /usr/lib/x86_64-linux-gnu/libc.so.6
793d9bc1c000-793d9bc29000 rw-p 00000000 00:00 0 
793d9bc2c000-793d9bc2f000 r--p 00000000 08:12 3960106                    /usr/lib/x86_64-linux-gnu/libgcc_s.so.1
793d9bc2f000-793d9bc46000 r-xp 00003000 08:12 3960106                    /usr/lib/x86_64-linux-gnu/libgcc_s.so.1
793d9bc46000-793d9bc4a000 r--p 0001a000 08:12 3960106                    /usr/lib/x86_64-linux-gnu/libgcc_s.so.1
793d9bc4a000-793d9bc4b000 r--p 0001d000 08:12 3960106                    /usr/lib/x86_64-linux-gnu/libgcc_s.so.1
793d9bc4b000-793d9bc4c000 rw-p 0001e000 08:12 3960106                    /usr/lib/x86_64-linux-gnu/libgcc_s.so.1
793d9bc4c000-793d9bc5a000 r--p 00000000 08:12 3934354                    /usr/lib/x86_64-linux-gnu/libm.so.6
793d9bc5a000-793d9bcd6000 r-xp 0000e000 08:12 3934354                    /usr/lib/x86_64-linux-gnu/libm.so.6
793d9bcd6000-793d9bd31000 r--p 0008a000 08:12 3934354                    /usr/lib/x86_64-linux-gnu/libm.so.6
793d9bd31000-793d9bd32000 r--p 000e4000 08:12 3934354                    /usr/lib/x86_64-linux-gnu/libm.so.6
793d9bd32000-793d9bd33000 rw-p 000e5000 08:12 3934354                    /usr/lib/x86_64-linux-gnu/libm.so.6
793d9bd33000-793d9bd36000 rw-p 00000000 00:00 0 
793d9bd36000-793d9bd38000 r--p 00000000 08:12 3937427                    /usr/lib/jvm/java-17-openjdk-amd64/lib/libjli.so
793d9bd38000-793d9bd42000 r-xp 00002000 08:12 3937427                    /usr/lib/jvm/java-17-openjdk-amd64/lib/libjli.so
793d9bd42000-793d9bd45000 r--p 0000c000 08:12 3937427                    /usr/lib/jvm/java-17-openjdk-amd64/lib/libjli.so
793d9bd45000-793d9bd46000 r--p 0000e000 08:12 3937427                    /usr/lib/jvm/java-17-openjdk-amd64/lib/libjli.so
793d9bd46000-793d9bd47000 rw-p 0000f000 08:12 3937427                    /usr/lib/jvm/java-17-openjdk-amd64/lib/libjli.so
793d9bd47000-793d9bd49000 r--p 00000000 08:12 3961165                    /usr/lib/x86_64-linux-gnu/libz.so.1.2.11
793d9bd49000-793d9bd5a000 r-xp 00002000 08:12 3961165                    /usr/lib/x86_64-linux-gnu/libz.so.1.2.11
793d9bd5a000-793d9bd60000 r--p 00013000 08:12 3961165                    /usr/lib/x86_64-linux-gnu/libz.so.1.2.11
793d9bd60000-793d9bd61000 ---p 00019000 08:12 3961165                    /usr/lib/x86_64-linux-gnu/libz.so.1.2.11
793d9bd61000-793d9bd62000 r--p 00019000 08:12 3961165                    /usr/lib/x86_64-linux-gnu/libz.so.1.2.11
793d9bd62000-793d9bd63000 rw-p 0001a000 08:12 3961165                    /usr/lib/x86_64-linux-gnu/libz.so.1.2.11
793d9bd64000-793d9bd6c000 rw-s 00000000 08:12 5139758                    /tmp/hsperfdata_martin/299783
793d9bd6c000-793d9bd6d000 ---p 00000000 00:00 0 
793d9bd6d000-793d9bd6e000 r--p 00000000 00:00 0 
793d9bd6e000-793d9bd70000 r--p 00000000 08:12 3937426                    /usr/lib/jvm/java-17-openjdk-amd64/lib/libjimage.so
793d9bd70000-793d9bd73000 r-xp 00002000 08:12 3937426                    /usr/lib/jvm/java-17-openjdk-amd64/lib/libjimage.so
793d9bd73000-793d9bd74000 r--p 00005000 08:12 3937426                    /usr/lib/jvm/java-17-openjdk-amd64/lib/libjimage.so
793d9bd74000-793d9bd75000 ---p 00006000 08:12 3937426                    /usr/lib/jvm/java-17-openjdk-amd64/lib/libjimage.so
793d9bd75000-793d9bd76000 r--p 00006000 08:12 3937426                    /usr/lib/jvm/java-17-openjdk-amd64/lib/libjimage.so
793d9bd76000-793d9bd77000 rw-p 00007000 08:12 3937426                    /usr/lib/jvm/java-17-openjdk-amd64/lib/libjimage.so
793d9bd77000-793d9bd79000 rw-p 00000000 00:00 0 
793d9bd79000-793d9bd7b000 r--p 00000000 08:12 3934304                    /usr/lib/x86_64-linux-gnu/ld-linux-x86-64.so.2
793d9bd7b000-793d9bda5000 r-xp 00002000 08:12 3934304                    /usr/lib/x86_64-linux-gnu/ld-linux-x86-64.so.2
793d9bda5000-793d9bdb0000 r--p 0002c000 08:12 3934304                    /usr/lib/x86_64-linux-gnu/ld-linux-x86-64.so.2
793d9bdb0000-793d9bdb1000 ---p 00000000 00:00 0 
793d9bdb1000-793d9bdb3000 r--p 00037000 08:12 3934304                    /usr/lib/x86_64-linux-gnu/ld-linux-x86-64.so.2
793d9bdb3000-793d9bdb5000 rw-p 00039000 08:12 3934304                    /usr/lib/x86_64-linux-gnu/ld-linux-x86-64.so.2
7ffca615f000-7ffca6184000 rw-p 00000000 00:00 0                          [stack]
7ffca61a5000-7ffca61a9000 r--p 00000000 00:00 0                          [vvar]
7ffca61a9000-7ffca61ab000 r-xp 00000000 00:00 0                          [vdso]
ffffffffff600000-ffffffffff601000 --xp 00000000 00:00 0                  [vsyscall]


VM Arguments:
jvm_args: -XX:+ShowCodeDetailsInExceptionMessages -agentlib:jdwp=transport=dt_socket,suspend=y,address=localhost:35021 -Djava.library.path=/home/martin/sources/za.co.ntier.twilio/src/za/ntier/mesibo/linux-x86_64 -javaagent:/home/martin/Software/eclipse-jee-2023-12-R-linux-gtk-x86_64/eclipse/configuration/org.eclipse.osgi/428/0/.cp/lib/javaagent-shaded.jar -Dfile.encoding=UTF-8 -Dstdout.encoding=UTF-8 -Dstderr.encoding=UTF-8 
java_command: za.ntier.mesibo.MesiboExample
java_class_path (initial): /home/martin/sources/za.co.ntier.twilio/lib/javacpp.jar:/home/martin/sources/za.co.ntier.twilio/lib/gson.jar:/home/martin/sources/idempiere/.metadata/.plugins/org.eclipse.pde.core/.bundle_pool/plugins/org.osgi.annotation.versioning_1.1.2.202109301733.jar:/home/martin/sources/idempiere/.metadata/.plugins/org.eclipse.pde.core/.bundle_pool/plugins/org.osgi.annotation.bundle_2.0.0.202202082230.jar:/home/martin/sources/idempiere/.metadata/.plugins/org.eclipse.pde.core/.bundle_pool/plugins/org.osgi.service.component.annotations_1.5.1.202212101352.jar:/home/martin/sources/idempiere/.metadata/.plugins/org.eclipse.pde.core/.bundle_pool/plugins/org.osgi.service.metatype.annotations_1.4.1.202109301733.jar:/home/martin/sources/idempiere/.metadata/.plugins/org.eclipse.pde.core/.bundle_pool/plugins/org.eclipse.equinox.app_1.6.200.v20220720-2012.jar:/home/martin/.m2/repository/org/passay/passay/1.6.1/passay-1.6.1.jar:/home/martin/.m2/repository/org/cryptacular/cryptacular/1.2.4/cryptacular-1.2.4.jar:/home/martin/.m2/repository/net/sf/supercsv/super-csv/2.4.0/super-csv-2.4.0.jar:/home/martin/.m2/repository/org/bouncycastle/bcprov-jdk18on/1.72/bcprov-jdk18on-1.72.jar:/home/martin/sources/idempiere/.metadata/.plugins/org.eclipse.pde.core/.bundle_pool/plugins/org.krysalis.barcode4j_2.1.0.jar:/home/martin/.m2/repository/org/codehaus/groovy/groovy/3.0.8/groovy-3.0.8.jar:/home/martin/.m2/repository/org/codehaus/groovy/groovy-console/3.0.8/groovy-console-3.0.8.jar:/home/martin/.m2/repository/org/codehaus/groovy/groovy-datetime/3.0.8/groovy-datetime-3.0.8.jar:/home/martin/.m2/repository/org/codehaus/groovy/groovy-json/3.0.8/groovy-json-3.0.8.jar:/home/martin/.m2/repository/org/codehaus/groovy/groovy-jsr223/3.0.8/groovy-jsr223-3.0.8.jar:/home/martin/.m2/repository/org/codehaus/groovy/groovy-nio/3.0.8/groovy-nio-3.0.8.jar:/home/martin/.m2/repository/org/codehaus/groovy/groovy-sql/3.0.8/groovy-sql-3.0.8.jar:/home/martin/.m2/repository/org/codehaus/groovy/groovy-xm
Launcher Type: SUN_STANDARD

[Global flags]
     intx CICompilerCount                          = 4                                         {product} {ergonomic}
     uint ConcGCThreads                            = 2                                         {product} {ergonomic}
     uint G1ConcRefinementThreads                  = 8                                         {product} {ergonomic}
   size_t G1HeapRegionSize                         = 4194304                                   {product} {ergonomic}
    uintx GCDrainStackTargetSize                   = 64                                        {product} {ergonomic}
   size_t InitialHeapSize                          = 327155712                                 {product} {ergonomic}
   size_t MarkStackSize                            = 4194304                                   {product} {ergonomic}
   size_t MaxHeapSize                              = 5205131264                                {product} {ergonomic}
   size_t MaxNewSize                               = 3120562176                                {product} {ergonomic}
   size_t MinHeapDeltaBytes                        = 4194304                                   {product} {ergonomic}
   size_t MinHeapSize                              = 8388608                                   {product} {ergonomic}
    uintx NonNMethodCodeHeapSize                   = 5839372                                {pd product} {ergonomic}
    uintx NonProfiledCodeHeapSize                  = 122909434                              {pd product} {ergonomic}
    uintx ProfiledCodeHeapSize                     = 122909434                              {pd product} {ergonomic}
    uintx ReservedCodeCacheSize                    = 251658240                              {pd product} {ergonomic}
     bool SegmentedCodeCache                       = true                                      {product} {ergonomic}
     bool ShowCodeDetailsInExceptionMessages       = true                                   {manageable} {command line}
   size_t SoftMaxHeapSize                          = 5205131264                             {manageable} {ergonomic}
     bool UseCompressedClassPointers               = true                           {product lp64_product} {ergonomic}
     bool UseCompressedOops                        = true                           {product lp64_product} {ergonomic}
     bool UseG1GC                                  = true                                      {product} {ergonomic}

Logging:
Log output configuration:
 #0: stdout all=warning uptime,level,tags
 #1: stderr all=off uptime,level,tags

Environment Variables:
JAVA_HOME=/usr/lib/jvm/java-1.17.0-openjdk-amd64
PATH=/home/martin/.local/bin:/opt/maven/bin:/usr/local/sbin:/usr/local/bin:/usr/sbin:/usr/bin:/sbin:/bin:/usr/games:/usr/local/games:/snap/bin:/snap/bin
USERNAME=martin
SHELL=/bin/bash
DISPLAY=:1
LANG=en_ZA.UTF-8
TERM=xterm-256color

Active Locale:
LC_ALL=en_ZA.UTF-8
LC_COLLATE=en_ZA.UTF-8
LC_CTYPE=en_ZA.UTF-8
LC_MESSAGES=en_ZA.UTF-8
LC_MONETARY=en_ZA.UTF-8
LC_NUMERIC=en_ZA.UTF-8
LC_TIME=en_ZA.UTF-8

Signal Handlers:
   SIGSEGV: crash_handler in libjvm.so, mask=11100100010111111101111111111110, flags=SA_RESTART|SA_SIGINFO, unblocked
    SIGBUS: crash_handler in libjvm.so, mask=11100100010111111101111111111110, flags=SA_RESTART|SA_SIGINFO, unblocked
    SIGFPE: crash_handler in libjvm.so, mask=11100100010111111101111111111110, flags=SA_RESTART|SA_SIGINFO, unblocked
   SIGPIPE: 0x0000793d69cac51c in libmesibo.so+705820, mask=00000000000000000000000000000000, flags=none, blocked
  *** Handler was modified!
  *** Expected: javaSignalHandler in libjvm.so, mask=11100100110111111111111111111110, flags=SA_RESTART|SA_SIGINFO
   SIGXFSZ: javaSignalHandler in libjvm.so, mask=11100100010111111101111111111110, flags=SA_RESTART|SA_SIGINFO, blocked
    SIGILL: crash_handler in libjvm.so, mask=11100100010111111101111111111110, flags=SA_RESTART|SA_SIGINFO, unblocked
   SIGUSR2: 0x0000793d69cac51c in libmesibo.so+705820, mask=00000000000000000000000000000000, flags=none, blocked
  *** Handler was modified!
  *** Expected: SR_handler in libjvm.so, mask=00100000000000000000000000000000, flags=SA_RESTART|SA_SIGINFO
    SIGHUP: UserHandler in libjvm.so, mask=11100100010111111101111111111110, flags=SA_RESTART|SA_SIGINFO, blocked
    SIGINT: UserHandler in libjvm.so, mask=11100100010111111101111111111110, flags=SA_RESTART|SA_SIGINFO, blocked
   SIGTERM: UserHandler in libjvm.so, mask=11100100010111111101111111111110, flags=SA_RESTART|SA_SIGINFO, blocked
   SIGQUIT: UserHandler in libjvm.so, mask=11100100010111111101111111111110, flags=SA_RESTART|SA_SIGINFO, blocked
   SIGTRAP: crash_handler in libjvm.so, mask=11100100010111111101111111111110, flags=SA_RESTART|SA_SIGINFO, unblocked


Periodic native trim disabled


---------------  S Y S T E M  ---------------

OS:
DISTRIB_ID=Ubuntu
DISTRIB_RELEASE=22.04
DISTRIB_CODENAME=jammy
DISTRIB_DESCRIPTION="Ubuntu 22.04.4 LTS"
uname: Linux 6.8.0-48-generic #48~22.04.1-Ubuntu SMP PREEMPT_DYNAMIC Mon Oct  7 11:24:13 UTC 2 x86_64
OS uptime: 2 days 0:41 hours
libc: glibc 2.35 NPTL 2.35 
rlimit (soft/hard): STACK 8192k/infinity , CORE 0k/infinity , NPROC 79103/79103 , NOFILE 1048576/1048576 , AS infinity/infinity , CPU infinity/infinity , DATA infinity/infinity , FSIZE infinity/infinity , MEMLOCK 2541040k/2541040k
load average: 2.48 2.66 2.51

/proc/meminfo:
MemTotal:       20328344 kB
MemFree:         1138872 kB
MemAvailable:    6501164 kB
Buffers:          578388 kB
Cached:          6696540 kB
SwapCached:            0 kB
Active:         11137836 kB
Inactive:        5027420 kB
Active(anon):    9425104 kB
Inactive(anon):  1464120 kB
Active(file):    1712732 kB
Inactive(file):  3563300 kB
Unevictable:     1750716 kB
Mlocked:              80 kB
SwapTotal:             0 kB
SwapFree:              0 kB
Zswap:                 0 kB
Zswapped:              0 kB
Dirty:              8384 kB
Writeback:             0 kB
AnonPages:      10641216 kB
Mapped:          1395484 kB
Shmem:           1998868 kB
KReclaimable:     456380 kB
Slab:             788728 kB
SReclaimable:     456380 kB
SUnreclaim:       332348 kB
KernelStack:       37152 kB
PageTables:       116464 kB
SecPageTables:         0 kB
NFS_Unstable:          0 kB
Bounce:                0 kB
WritebackTmp:          0 kB
CommitLimit:    10164172 kB
Committed_AS:   36574280 kB
VmallocTotal:   34359738367 kB
VmallocUsed:      137128 kB
VmallocChunk:          0 kB
Percpu:            12320 kB
HardwareCorrupted:     0 kB
AnonHugePages:         0 kB
ShmemHugePages:  1509376 kB
ShmemPmdMapped:        0 kB
FileHugePages:         0 kB
FilePmdMapped:         0 kB
Unaccepted:            0 kB
HugePages_Total:       0
HugePages_Free:        0
HugePages_Rsvd:        0
HugePages_Surp:        0
Hugepagesize:       2048 kB
Hugetlb:               0 kB
DirectMap4k:      722596 kB
DirectMap2M:    17999872 kB
DirectMap1G:     2097152 kB

/sys/kernel/mm/transparent_hugepage/enabled: always [madvise] never
/sys/kernel/mm/transparent_hugepage/hpage_pmd_size: 2097152
/sys/kernel/mm/transparent_hugepage/defrag (defrag/compaction efforts parameter): always defer defer+madvise [madvise] never

Process Memory:
Virtual Size: 8933964K (peak: 8933964K)
Resident Set Size: 103184K (peak: 103184K) (anon: 77648K, file: 25536K, shmem: 0K)
Swapped out: 0K
C-Heap outstanding allocations: 43833K, retained: 8818K
glibc malloc tunables: (default)

/proc/sys/kernel/threads-max (system-wide limit on the number of threads): 158207
/proc/sys/vm/max_map_count (maximum number of memory map areas a process may have): 65530
/proc/sys/vm/swappiness (control to define how aggressively the kernel swaps out anonymous memory): 60
/proc/sys/kernel/pid_max (system-wide limit on number of process identifiers): 4194304

container (cgroup) information:
container_type: cgroupv2
cpu_cpuset_cpus: not supported
cpu_memory_nodes: not supported
active_processor_count: 8
cpu_quota: not supported
cpu_period: not supported
cpu_shares: not supported
memory_limit_in_bytes: unlimited
memory_and_swap_limit_in_bytes: unlimited
memory_soft_limit_in_bytes: unlimited
memory_usage_in_bytes: 3386224 k
memory_max_usage_in_bytes: not supported
memory_swap_current_in_bytes: unlimited
memory_swap_max_limit_in_bytes: unlimited
maximum number of tasks: 23731
current number of tasks: 207

Steal ticks since vm start: 0
Steal ticks percentage since vm start:  0.000

CPU: total 8 (initial active 8) (4 cores per cpu, 2 threads per core) family 6 model 142 stepping 11 microcode 0xf6, cx8, cmov, fxsr, ht, mmx, 3dnowpref, sse, sse2, sse3, ssse3, sse4.1, sse4.2, popcnt, lzcnt, tsc, tscinvbit, avx, avx2, aes, erms, clmul, bmi1, bmi2, adx, fma, vzeroupper, clflush, clflushopt
CPU Model and flags from /proc/cpuinfo:
model name	: Intel(R) Core(TM) i7-8565U CPU @ 1.80GHz
flags		: fpu vme de pse tsc msr pae mce cx8 apic sep mtrr pge mca cmov pat pse36 clflush dts acpi mmx fxsr sse sse2 ss ht tm pbe syscall nx pdpe1gb rdtscp lm constant_tsc art arch_perfmon pebs bts rep_good nopl xtopology nonstop_tsc cpuid aperfmperf pni pclmulqdq dtes64 monitor ds_cpl vmx est tm2 ssse3 sdbg fma cx16 xtpr pdcm pcid sse4_1 sse4_2 x2apic movbe popcnt tsc_deadline_timer aes xsave avx f16c rdrand lahf_lm abm 3dnowprefetch cpuid_fault epb ssbd ibrs ibpb stibp tpr_shadow flexpriority ept vpid ept_ad fsgsbase tsc_adjust bmi1 avx2 smep bmi2 erms invpcid mpx rdseed adx smap clflushopt intel_pt xsaveopt xsavec xgetbv1 xsaves dtherm ida arat pln pts hwp hwp_notify hwp_act_window hwp_epp vnmi md_clear flush_l1d arch_capabilities

Online cpus: 0-7
Offline cpus: 
BIOS frequency limitation: <Not Available>
Frequency switch latency (ns): 0
Available cpu frequencies: <Not Available>
Current governor: powersave
Core performance/turbo boost: <Not Available>

Memory: 4k page, physical 20328344k(1138872k free), swap 0k(0k free)
Page Sizes: 4k

vm_info: OpenJDK 64-Bit Server VM (17.0.12+7-Ubuntu-1ubuntu222.04) for linux-amd64 JRE (17.0.12+7-Ubuntu-1ubuntu222.04), built on Jul 21 2024 21:22:32 by "buildd" with gcc 11.4.0

END.
