#
# A fatal error has been detected by the Java Runtime Environment:
#
#  SIGSEGV (0xb) at pc=0x00007908a6865ade, pid=271074, tid=271126
#
# JRE version: OpenJDK Runtime Environment (17.0.12+7) (build 17.0.12+7-Ubuntu-1ubuntu222.04)
# Java VM: OpenJDK 64-Bit Server VM (17.0.12+7-Ubuntu-1ubuntu222.04, mixed mode, sharing, tiered, compressed oops, compressed class ptrs, g1 gc, linux-amd64)
# Problematic frame:
# C  [libmesibo.so+0x65ade]
#
# Core dump will be written. Default location: Core dumps may be processed with "/usr/share/apport/apport -p%p -s%s -c%c -d%d -P%P -u%u -g%g -- %E" (or dumping to /home/martin/sources/za.co.ntier.twilio/core.271074)
#
# If you would like to submit a bug report, please visit:
#   https://bugs.launchpad.net/ubuntu/+source/openjdk-17
#

---------------  S U M M A R Y ------------

Command Line: -XX:+ShowCodeDetailsInExceptionMessages -agentlib:jdwp=transport=dt_socket,suspend=y,address=localhost:36495 -Djava.library.path=/home/martin/sources/za.co.ntier.twilio/src/za/ntier/mesibo/linux-x86_64 -javaagent:/home/martin/Software/eclipse-jee-2023-12-R-linux-gtk-x86_64/eclipse/configuration/org.eclipse.osgi/428/0/.cp/lib/javaagent-shaded.jar -Dfile.encoding=UTF-8 -Dstdout.encoding=UTF-8 -Dstderr.encoding=UTF-8 za.ntier.mesibo.MesiboExample

Host: Intel(R) Core(TM) i7-8565U CPU @ 1.80GHz, 8 cores, 19G, Ubuntu 22.04.4 LTS
Time: Sun Nov 10 07:43:02 2024 SAST elapsed time: 3.426580 seconds (0d 0h 0m 3s)

---------------  T H R E A D  ---------------

Current thread is native thread

Stack: [0x00007908d63ff000,0x00007908d6422000],  sp=0x00007908d6420d10,  free space=135k
Native frames: (J=compiled Java code, j=interpreted, Vv=VM code, C=native code)
C  [libmesibo.so+0x65ade]
C  [libmesibo.so+0x6e4df]
C  [libmesibo.so+0xae4e5]
C  [libmesibo.so+0xafae3]
C  [libmesibo.so+0xac515]


siginfo: si_signo: 11 (SIGSEGV), si_code: 1 (SEGV_MAPERR), si_addr: 0x0000000000000000

Registers:
RAX=0x0000000000000000, RBX=0x00007908d6421640, RCX=0x0000000000000000, RDX=0x0000000000000000
RSP=0x00007908d6420d10, RBP=0x00007908d6420d30, RSI=0x0000000000000006, RDI=0x00007908d07b8770
R8 =0x0000000000000000, R9 =0x0000000000000000, R10=0x0000000000000000, R11=0x0000000000000000
R12=0x00007908d6421640, R13=0x0000000000000002, R14=0x00007908d86947d0, R15=0x00007908d71fe6b0
RIP=0x00007908a6865ade, EFLAGS=0x0000000000010293, CSGSFS=0x002b000000000033, ERR=0x0000000000000004
  TRAPNO=0x000000000000000e


Top of Stack: (sp=0x00007908d6420d10)
0x00007908d6420d10:   0000000000000000 cee07000c6ef5f00
0x00007908d6420d20:   0000000600000000 00007908d07b8770
0x00007908d6420d30:   00007908d6420d60 00007908a686e4df
0x00007908d6420d40:   0000000000000000 00007900d86e566d
0x00007908d6420d50:   0000000600000000 00007908d07c9270
0x00007908d6420d60:   00007908d6420d90 00007908a68ae4e5
0x00007908d6420d70:   0000000600000000 00007908d07c9278
0x00007908d6420d80:   00000010d6420d90 0000000000000000
0x00007908d6420d90:   00007908d6420e20 00007908a68afae3
0x00007908d6420da0:   0000000000000000 00007908d07c9278
0x00007908d6420db0:   ffffffffffffffff 0000000000000000
0x00007908d6420dc0:   0000000000000000 0000000000000000
0x00007908d6420dd0:   0000000000000000 00062688751d9ca0
0x00007908d6420de0:   00062688751d9c76 0000000000000000
0x00007908d6420df0:   00062688751d9c7d 00062688751d9c7d
0x00007908d6420e00:   0000000000000000 00007908d6421640
0x00007908d6420e10:   00007908d6421640 0000000000000002
0x00007908d6420e20:   00007908d6420e50 00007908a68ac515
0x00007908d6420e30:   0000000000000000 00007908d07c9278
0x00007908d6420e40:   0000000000000000 00007908d07c9278
0x00007908d6420e50:   0000000000000000 00007908d8694ac3
0x00007908d6420e60:   0000000000000000 00007908d6421640
0x00007908d6420e70:   00007908d71fe550 cc4b1720cb648a5c
0x00007908d6420e80:   00007908d6421640 0000000000000002
0x00007908d6420e90:   00007908d86947d0 00007908d71fe6b0
0x00007908d6420ea0:   3e5abba4d7a48a5c 3e5aa7f25ae68a5c
0x00007908d6420eb0:   0000000000000000 0000000000000000
0x00007908d6420ec0:   0000000000000000 0000000000000000
0x00007908d6420ed0:   0000000000000000 cee07097c6ef5f00
0x00007908d6420ee0:   0000000000000000 00007908d71fe550
0x00007908d6420ef0:   0000000000000000 00007908d8726850
0x00007908d6420f00:   0000000000000000 0000000000000000 

Instructions: (pc=0x00007908a6865ade)
0x00007908a68659de:   89 7d b8 48 89 75 b0 48 89 55 a8 89 4d a4 44 89
0x00007908a68659ee:   45 a0 48 8b 45 b8 48 8b 40 20 48 85 c0 75 07 bb
0x00007908a68659fe:   00 00 00 00 eb 5d 48 8b 45 b0 8b 50 3c 48 8b 4d
0x00007908a6865a0e:   a8 48 8d 45 c0 48 89 ce 48 89 c7 e8 bc 3c 00 00
0x00007908a6865a1e:   8b 45 a4 89 45 c8 8b 45 a0 89 45 cc 48 8b 45 b8
0x00007908a6865a2e:   48 8b 50 20 48 8b 45 b8 48 8b 40 20 48 8b 00 48
0x00007908a6865a3e:   83 c0 28 48 8b 00 48 8d 4d c0 48 89 ce 48 89 d7
0x00007908a6865a4e:   ff d0 bb 00 00 00 00 48 8d 45 c0 48 89 c7 e8 fb
0x00007908a6865a5e:   3c 00 00 89 d8 eb 1a 48 89 c3 48 8d 45 c0 48 89
0x00007908a6865a6e:   c7 e8 e8 3c 00 00 48 89 d8 48 89 c7 e8 c1 d3 ff
0x00007908a6865a7e:   ff 48 83 c4 58 5b 5d c3 55 48 89 e5 48 89 7d f8
0x00007908a6865a8e:   48 89 75 f0 48 89 55 e8 48 89 4d e0 4c 89 45 d8
0x00007908a6865a9e:   b8 00 00 00 00 5d c3 90 55 48 89 e5 48 83 ec 20
0x00007908a6865aae:   48 89 7d f8 89 75 f4 89 55 f0 89 c8 4c 89 45 e0
0x00007908a6865abe:   88 45 ec 83 7d f4 0b 75 07 b8 00 00 00 00 eb 25
0x00007908a6865ace:   48 8b 45 f8 48 8b 50 20 48 8b 45 f8 48 8b 40 20
0x00007908a6865ade:   48 8b 00 48 83 c0 30 48 8b 00 8b 4d f4 89 ce 48
0x00007908a6865aee:   89 d7 ff d0 90 c9 c3 90 55 48 89 e5 48 89 7d f8
0x00007908a6865afe:   89 75 f4 89 55 f0 48 89 4d e8 90 5d c3 90 55 48
0x00007908a6865b0e:   89 e5 48 83 ec 20 48 89 7d f8 48 89 75 f0 89 55
0x00007908a6865b1e:   ec 48 8b 45 f8 48 8b 48 20 48 8b 45 f8 48 8b 40
0x00007908a6865b2e:   20 48 8b 00 48 83 c0 38 48 8b 00 8b 55 ec 48 8b
0x00007908a6865b3e:   75 f0 48 89 cf ff d0 90 c9 c3 55 48 89 e5 48 89
0x00007908a6865b4e:   7d f8 48 89 75 f0 48 89 55 e8 b8 00 00 00 00 5d
0x00007908a6865b5e:   c3 90 55 48 89 e5 48 89 7d f8 89 75 f4 48 89 55
0x00007908a6865b6e:   e8 48 89 4d e0 4c 89 45 d8 44 89 4d f0 b8 00 00
0x00007908a6865b7e:   00 00 5d c3 55 48 89 e5 48 89 7d f8 48 89 75 f0
0x00007908a6865b8e:   b8 00 00 00 00 5d c3 90 55 48 89 e5 48 89 7d f8
0x00007908a6865b9e:   48 89 75 f0 b8 00 00 00 00 5d c3 90 55 48 89 e5
0x00007908a6865bae:   48 89 7d f8 48 89 75 f0 89 55 ec 89 4d e8 b8 00
0x00007908a6865bbe:   00 00 00 5d c3 90 55 48 89 e5 48 89 7d f8 89 75
0x00007908a6865bce:   f4 48 89 55 e8 48 89 4d e0 4c 89 45 d8 b8 00 00 



---------------  P R O C E S S  ---------------

VM state: not at safepoint (normal execution)

VM Mutex/Monitor currently owned by a thread: None

Heap address: 0x00000006c9c00000, size: 4964 MB, Compressed Oops mode: Zero based, Oop shift amount: 3

CDS archive(s) mapped at: [0x000079084f000000-0x000079084fbc4000-0x000079084fbc4000), size 12337152, SharedBaseAddress: 0x000079084f000000, ArchiveRelocationMode: 1.
Compressed class space mapped at: 0x0000790850000000-0x0000790890000000, reserved size: 1073741824
Narrow klass base: 0x000079084f000000, Narrow klass shift: 0, Narrow klass range: 0x100000000

GC Precious Log:
<Skipped>

Heap:
 garbage-first heap   total 327680K, used 17712K [0x00000006c9c00000, 0x0000000800000000)
  region size 4096K, 3 young (12288K), 1 survivors (4096K)
 Metaspace       used 4219K, committed 4288K, reserved 1114112K
  class space    used 374K, committed 384K, reserved 1048576K

Heap Regions: E=young(eden), S=young(survivor), O=old, HS=humongous(starts), HC=humongous(continues), CS=collection set, F=free, OA=open archive, CA=closed archive, TAMS=top-at-mark-start (previous, next)
|   0|0x00000006c9c00000, 0x00000006c9e41200, 0x00000006ca000000| 56%| O|  |TAMS 0x00000006c9c00000, 0x00000006c9c00000| Untracked 
|   1|0x00000006ca000000, 0x00000006ca000000, 0x00000006ca400000|  0%| F|  |TAMS 0x00000006ca000000, 0x00000006ca000000| Untracked 
|   2|0x00000006ca400000, 0x00000006ca400000, 0x00000006ca800000|  0%| F|  |TAMS 0x00000006ca400000, 0x00000006ca400000| Untracked 
|   3|0x00000006ca800000, 0x00000006ca800000, 0x00000006cac00000|  0%| F|  |TAMS 0x00000006ca800000, 0x00000006ca800000| Untracked 
|   4|0x00000006cac00000, 0x00000006cac00000, 0x00000006cb000000|  0%| F|  |TAMS 0x00000006cac00000, 0x00000006cac00000| Untracked 
|   5|0x00000006cb000000, 0x00000006cb000000, 0x00000006cb400000|  0%| F|  |TAMS 0x00000006cb000000, 0x00000006cb000000| Untracked 
|   6|0x00000006cb400000, 0x00000006cb400000, 0x00000006cb800000|  0%| F|  |TAMS 0x00000006cb400000, 0x00000006cb400000| Untracked 
|   7|0x00000006cb800000, 0x00000006cb800000, 0x00000006cbc00000|  0%| F|  |TAMS 0x00000006cb800000, 0x00000006cb800000| Untracked 
|   8|0x00000006cbc00000, 0x00000006cbc00000, 0x00000006cc000000|  0%| F|  |TAMS 0x00000006cbc00000, 0x00000006cbc00000| Untracked 
|   9|0x00000006cc000000, 0x00000006cc000000, 0x00000006cc400000|  0%| F|  |TAMS 0x00000006cc000000, 0x00000006cc000000| Untracked 
|  10|0x00000006cc400000, 0x00000006cc400000, 0x00000006cc800000|  0%| F|  |TAMS 0x00000006cc400000, 0x00000006cc400000| Untracked 
|  11|0x00000006cc800000, 0x00000006cc800000, 0x00000006ccc00000|  0%| F|  |TAMS 0x00000006cc800000, 0x00000006cc800000| Untracked 
|  12|0x00000006ccc00000, 0x00000006ccc00000, 0x00000006cd000000|  0%| F|  |TAMS 0x00000006ccc00000, 0x00000006ccc00000| Untracked 
|  13|0x00000006cd000000, 0x00000006cd000000, 0x00000006cd400000|  0%| F|  |TAMS 0x00000006cd000000, 0x00000006cd000000| Untracked 
|  14|0x00000006cd400000, 0x00000006cd400000, 0x00000006cd800000|  0%| F|  |TAMS 0x00000006cd400000, 0x00000006cd400000| Untracked 
|  15|0x00000006cd800000, 0x00000006cd800000, 0x00000006cdc00000|  0%| F|  |TAMS 0x00000006cd800000, 0x00000006cd800000| Untracked 
|  16|0x00000006cdc00000, 0x00000006cdc00000, 0x00000006ce000000|  0%| F|  |TAMS 0x00000006cdc00000, 0x00000006cdc00000| Untracked 
|  17|0x00000006ce000000, 0x00000006ce000000, 0x00000006ce400000|  0%| F|  |TAMS 0x00000006ce000000, 0x00000006ce000000| Untracked 
|  18|0x00000006ce400000, 0x00000006ce400000, 0x00000006ce800000|  0%| F|  |TAMS 0x00000006ce400000, 0x00000006ce400000| Untracked 
|  19|0x00000006ce800000, 0x00000006ce800000, 0x00000006cec00000|  0%| F|  |TAMS 0x00000006ce800000, 0x00000006ce800000| Untracked 
|  20|0x00000006cec00000, 0x00000006cec00000, 0x00000006cf000000|  0%| F|  |TAMS 0x00000006cec00000, 0x00000006cec00000| Untracked 
|  21|0x00000006cf000000, 0x00000006cf000000, 0x00000006cf400000|  0%| F|  |TAMS 0x00000006cf000000, 0x00000006cf000000| Untracked 
|  22|0x00000006cf400000, 0x00000006cf400000, 0x00000006cf800000|  0%| F|  |TAMS 0x00000006cf400000, 0x00000006cf400000| Untracked 
|  23|0x00000006cf800000, 0x00000006cf800000, 0x00000006cfc00000|  0%| F|  |TAMS 0x00000006cf800000, 0x00000006cf800000| Untracked 
|  24|0x00000006cfc00000, 0x00000006cfc00000, 0x00000006d0000000|  0%| F|  |TAMS 0x00000006cfc00000, 0x00000006cfc00000| Untracked 
|  25|0x00000006d0000000, 0x00000006d0000000, 0x00000006d0400000|  0%| F|  |TAMS 0x00000006d0000000, 0x00000006d0000000| Untracked 
|  26|0x00000006d0400000, 0x00000006d0400000, 0x00000006d0800000|  0%| F|  |TAMS 0x00000006d0400000, 0x00000006d0400000| Untracked 
|  27|0x00000006d0800000, 0x00000006d0800000, 0x00000006d0c00000|  0%| F|  |TAMS 0x00000006d0800000, 0x00000006d0800000| Untracked 
|  28|0x00000006d0c00000, 0x00000006d0c00000, 0x00000006d1000000|  0%| F|  |TAMS 0x00000006d0c00000, 0x00000006d0c00000| Untracked 
|  29|0x00000006d1000000, 0x00000006d1000000, 0x00000006d1400000|  0%| F|  |TAMS 0x00000006d1000000, 0x00000006d1000000| Untracked 
|  30|0x00000006d1400000, 0x00000006d1400000, 0x00000006d1800000|  0%| F|  |TAMS 0x00000006d1400000, 0x00000006d1400000| Untracked 
|  31|0x00000006d1800000, 0x00000006d1800000, 0x00000006d1c00000|  0%| F|  |TAMS 0x00000006d1800000, 0x00000006d1800000| Untracked 
|  32|0x00000006d1c00000, 0x00000006d1c00000, 0x00000006d2000000|  0%| F|  |TAMS 0x00000006d1c00000, 0x00000006d1c00000| Untracked 
|  33|0x00000006d2000000, 0x00000006d2000000, 0x00000006d2400000|  0%| F|  |TAMS 0x00000006d2000000, 0x00000006d2000000| Untracked 
|  34|0x00000006d2400000, 0x00000006d2400000, 0x00000006d2800000|  0%| F|  |TAMS 0x00000006d2400000, 0x00000006d2400000| Untracked 
|  35|0x00000006d2800000, 0x00000006d2800000, 0x00000006d2c00000|  0%| F|  |TAMS 0x00000006d2800000, 0x00000006d2800000| Untracked 
|  36|0x00000006d2c00000, 0x00000006d2c00000, 0x00000006d3000000|  0%| F|  |TAMS 0x00000006d2c00000, 0x00000006d2c00000| Untracked 
|  37|0x00000006d3000000, 0x00000006d3000000, 0x00000006d3400000|  0%| F|  |TAMS 0x00000006d3000000, 0x00000006d3000000| Untracked 
|  38|0x00000006d3400000, 0x00000006d3400000, 0x00000006d3800000|  0%| F|  |TAMS 0x00000006d3400000, 0x00000006d3400000| Untracked 
|  39|0x00000006d3800000, 0x00000006d3800000, 0x00000006d3c00000|  0%| F|  |TAMS 0x00000006d3800000, 0x00000006d3800000| Untracked 
|  40|0x00000006d3c00000, 0x00000006d3c00000, 0x00000006d4000000|  0%| F|  |TAMS 0x00000006d3c00000, 0x00000006d3c00000| Untracked 
|  41|0x00000006d4000000, 0x00000006d4000000, 0x00000006d4400000|  0%| F|  |TAMS 0x00000006d4000000, 0x00000006d4000000| Untracked 
|  42|0x00000006d4400000, 0x00000006d4400000, 0x00000006d4800000|  0%| F|  |TAMS 0x00000006d4400000, 0x00000006d4400000| Untracked 
|  43|0x00000006d4800000, 0x00000006d4800000, 0x00000006d4c00000|  0%| F|  |TAMS 0x00000006d4800000, 0x00000006d4800000| Untracked 
|  44|0x00000006d4c00000, 0x00000006d4c00000, 0x00000006d5000000|  0%| F|  |TAMS 0x00000006d4c00000, 0x00000006d4c00000| Untracked 
|  45|0x00000006d5000000, 0x00000006d5000000, 0x00000006d5400000|  0%| F|  |TAMS 0x00000006d5000000, 0x00000006d5000000| Untracked 
|  46|0x00000006d5400000, 0x00000006d5400000, 0x00000006d5800000|  0%| F|  |TAMS 0x00000006d5400000, 0x00000006d5400000| Untracked 
|  47|0x00000006d5800000, 0x00000006d5800000, 0x00000006d5c00000|  0%| F|  |TAMS 0x00000006d5800000, 0x00000006d5800000| Untracked 
|  48|0x00000006d5c00000, 0x00000006d5c00000, 0x00000006d6000000|  0%| F|  |TAMS 0x00000006d5c00000, 0x00000006d5c00000| Untracked 
|  49|0x00000006d6000000, 0x00000006d6000000, 0x00000006d6400000|  0%| F|  |TAMS 0x00000006d6000000, 0x00000006d6000000| Untracked 
|  50|0x00000006d6400000, 0x00000006d6400000, 0x00000006d6800000|  0%| F|  |TAMS 0x00000006d6400000, 0x00000006d6400000| Untracked 
|  51|0x00000006d6800000, 0x00000006d6800000, 0x00000006d6c00000|  0%| F|  |TAMS 0x00000006d6800000, 0x00000006d6800000| Untracked 
|  52|0x00000006d6c00000, 0x00000006d6c00000, 0x00000006d7000000|  0%| F|  |TAMS 0x00000006d6c00000, 0x00000006d6c00000| Untracked 
|  53|0x00000006d7000000, 0x00000006d7000000, 0x00000006d7400000|  0%| F|  |TAMS 0x00000006d7000000, 0x00000006d7000000| Untracked 
|  54|0x00000006d7400000, 0x00000006d7400000, 0x00000006d7800000|  0%| F|  |TAMS 0x00000006d7400000, 0x00000006d7400000| Untracked 
|  55|0x00000006d7800000, 0x00000006d7800000, 0x00000006d7c00000|  0%| F|  |TAMS 0x00000006d7800000, 0x00000006d7800000| Untracked 
|  56|0x00000006d7c00000, 0x00000006d7c00000, 0x00000006d8000000|  0%| F|  |TAMS 0x00000006d7c00000, 0x00000006d7c00000| Untracked 
|  57|0x00000006d8000000, 0x00000006d8000000, 0x00000006d8400000|  0%| F|  |TAMS 0x00000006d8000000, 0x00000006d8000000| Untracked 
|  58|0x00000006d8400000, 0x00000006d8400000, 0x00000006d8800000|  0%| F|  |TAMS 0x00000006d8400000, 0x00000006d8400000| Untracked 
|  59|0x00000006d8800000, 0x00000006d8800000, 0x00000006d8c00000|  0%| F|  |TAMS 0x00000006d8800000, 0x00000006d8800000| Untracked 
|  60|0x00000006d8c00000, 0x00000006d8c00000, 0x00000006d9000000|  0%| F|  |TAMS 0x00000006d8c00000, 0x00000006d8c00000| Untracked 
|  61|0x00000006d9000000, 0x00000006d9000000, 0x00000006d9400000|  0%| F|  |TAMS 0x00000006d9000000, 0x00000006d9000000| Untracked 
|  62|0x00000006d9400000, 0x00000006d9400000, 0x00000006d9800000|  0%| F|  |TAMS 0x00000006d9400000, 0x00000006d9400000| Untracked 
|  63|0x00000006d9800000, 0x00000006d9800000, 0x00000006d9c00000|  0%| F|  |TAMS 0x00000006d9800000, 0x00000006d9800000| Untracked 
|  64|0x00000006d9c00000, 0x00000006d9c00000, 0x00000006da000000|  0%| F|  |TAMS 0x00000006d9c00000, 0x00000006d9c00000| Untracked 
|  65|0x00000006da000000, 0x00000006da000000, 0x00000006da400000|  0%| F|  |TAMS 0x00000006da000000, 0x00000006da000000| Untracked 
|  66|0x00000006da400000, 0x00000006da400000, 0x00000006da800000|  0%| F|  |TAMS 0x00000006da400000, 0x00000006da400000| Untracked 
|  67|0x00000006da800000, 0x00000006da800000, 0x00000006dac00000|  0%| F|  |TAMS 0x00000006da800000, 0x00000006da800000| Untracked 
|  68|0x00000006dac00000, 0x00000006dac00000, 0x00000006db000000|  0%| F|  |TAMS 0x00000006dac00000, 0x00000006dac00000| Untracked 
|  69|0x00000006db000000, 0x00000006db000000, 0x00000006db400000|  0%| F|  |TAMS 0x00000006db000000, 0x00000006db000000| Untracked 
|  70|0x00000006db400000, 0x00000006db400000, 0x00000006db800000|  0%| F|  |TAMS 0x00000006db400000, 0x00000006db400000| Untracked 
|  71|0x00000006db800000, 0x00000006db800000, 0x00000006dbc00000|  0%| F|  |TAMS 0x00000006db800000, 0x00000006db800000| Untracked 
|  72|0x00000006dbc00000, 0x00000006dc000000, 0x00000006dc000000|100%| S|CS|TAMS 0x00000006dbc00000, 0x00000006dbc00000| Complete 
|  73|0x00000006dc000000, 0x00000006dc000000, 0x00000006dc400000|  0%| F|  |TAMS 0x00000006dc000000, 0x00000006dc000000| Untracked 
|  74|0x00000006dc400000, 0x00000006dc400000, 0x00000006dc800000|  0%| F|  |TAMS 0x00000006dc400000, 0x00000006dc400000| Untracked 
|  75|0x00000006dc800000, 0x00000006dc800000, 0x00000006dcc00000|  0%| F|  |TAMS 0x00000006dc800000, 0x00000006dc800000| Untracked 
|  76|0x00000006dcc00000, 0x00000006dcf1f110, 0x00000006dd000000| 78%| E|  |TAMS 0x00000006dcc00000, 0x00000006dcc00000| Complete 
|  77|0x00000006dd000000, 0x00000006dd400000, 0x00000006dd400000|100%| E|CS|TAMS 0x00000006dd000000, 0x00000006dd000000| Complete 
|1239|0x00000007ff800000, 0x00000007ffb75000, 0x00000007ffc00000| 86%|OA|  |TAMS 0x00000007ff800000, 0x00000007ff800000| Untracked 
|1240|0x00000007ffc00000, 0x00000007ffc77000, 0x0000000800000000| 11%|CA|  |TAMS 0x00000007ffc00000, 0x00000007ffc00000| Untracked 

Card table byte_map: [0x00007908d5000000,0x00007908d59b2000] _byte_map_base: 0x00007908d19b2000

Marking Bits (Prev, Next): (CMBitMap*) 0x00007908d00915b0, (CMBitMap*) 0x00007908d00915f0
 Prev Bits: [0x00007908b4600000, 0x00007908b9390000)
 Next Bits: [0x00007908af800000, 0x00007908b4590000)

Polling page: 0x00007908d8a5b000

Metaspace:

Usage:
  Non-class:      3.76 MB used.
      Class:    374.02 KB used.
       Both:      4.12 MB used.

Virtual space:
  Non-class space:       64.00 MB reserved,       3.81 MB (  6%) committed,  1 nodes.
      Class space:        1.00 GB reserved,     384.00 KB ( <1%) committed,  1 nodes.
             Both:        1.06 GB reserved,       4.19 MB ( <1%) committed. 

Chunk freelists:
   Non-Class:  11.34 MB
       Class:  15.56 MB
        Both:  26.91 MB

MaxMetaspaceSize: unlimited
CompressedClassSpaceSize: 1.00 GB
Initial GC threshold: 21.00 MB
Current GC threshold: 21.00 MB
CDS: on
MetaspaceReclaimPolicy: balanced
 - commit_granule_bytes: 65536.
 - commit_granule_words: 8192.
 - virtual_space_node_default_size: 8388608.
 - enlarge_chunks_in_place: 1.
 - new_chunks_are_fully_committed: 0.
 - uncommit_free_chunks: 1.
 - use_allocation_guard: 0.
 - handle_deallocations: 1.


Internal statistics:

num_allocs_failed_limit: 0.
num_arena_births: 28.
num_arena_deaths: 0.
num_vsnodes_births: 2.
num_vsnodes_deaths: 0.
num_space_committed: 67.
num_space_uncommitted: 0.
num_chunks_returned_to_freelist: 0.
num_chunks_taken_from_freelist: 64.
num_chunk_merges: 0.
num_chunk_splits: 43.
num_chunks_enlarged: 34.
num_inconsistent_stats: 0.

CodeHeap 'non-profiled nmethods': size=120028Kb used=379Kb max_used=379Kb free=119648Kb
 bounds [0x00007908c0ec9000, 0x00007908c1139000, 0x00007908c8400000]
CodeHeap 'profiled nmethods': size=120028Kb used=1888Kb max_used=1888Kb free=118139Kb
 bounds [0x00007908b9400000, 0x00007908b9670000, 0x00007908c0937000]
CodeHeap 'non-nmethods': size=5704Kb used=1186Kb max_used=1244Kb free=4517Kb
 bounds [0x00007908c0937000, 0x00007908c0ba7000, 0x00007908c0ec9000]
 total_blobs=1428 nmethods=1009 adapters=333
 compilation: enabled
              stopped_count=0, restarted_count=0
 full_count=0

Compilation events (20 events):
Event: 0.630 Thread 0x0000790818167cd0 nmethod 992 0x00007908c0f26e10 code [0x00007908c0f26fa0, 0x00007908c0f27278]
Event: 0.630 Thread 0x00007908d0154cc0 1002       3       java.util.concurrent.ConcurrentHashMap$BaseIterator::hasNext (13 bytes)
Event: 0.630 Thread 0x00007908d0154cc0 nmethod 1002 0x00007908b95cfc90 code [0x00007908b95cfe20, 0x00007908b95cff90]
Event: 0.633 Thread 0x00007908d0154cc0 1003       3       java.util.jar.JarFile::getVersionedEntry (133 bytes)
Event: 0.635 Thread 0x00007908d0154cc0 nmethod 1003 0x00007908b95d0010 code [0x00007908b95d0300, 0x00007908b95d1110]
Event: 0.635 Thread 0x00007908d0154cc0 1004       3       java.util.zip.ZipFile$1::getMetaInfVersions (5 bytes)
Event: 0.635 Thread 0x00007908d0153780 1008       4       org.eclipse.jdt.launching.internal.org.objectweb.asm.ByteVector::putShort (52 bytes)
Event: 0.635 Thread 0x00007908d0154cc0 nmethod 1004 0x00007908b95d1710 code [0x00007908b95d18e0, 0x00007908b95d1ba0]
Event: 0.635 Thread 0x00007908d0154cc0 1007       3       org.eclipse.jdt.launching.internal.org.objectweb.asm.MethodWriter::putMethodInfo (1274 bytes)
Event: 0.637 Thread 0x00007908d0153780 nmethod 1008 0x00007908c0f27510 code [0x00007908c0f276a0, 0x00007908c0f27848]
Event: 0.638 Thread 0x00007908200b57a0 

Event: 0.639 Thread 0x00007908d0154cc0 nmethod 1007 0x00007908b95d1d90 code [0x00007908b95d2460, 0x00007908b95d4d20]
Event: 0.640 Thread 0x00007908d0154cc0 1005       3       org.eclipse.jdt.launching.internal.org.objectweb.asm.MethodWriter::computeMethodInfoSize (571 bytes)
Event: 0.642 Thread 0x00007908d0154cc0 nmethod 1005 0x00007908b95d6190 code [0x00007908b95d64c0, 0x00007908b95d74e0]
Event: 0.642 Thread 0x00007908d0154cc0 1006       3       org.eclipse.jdt.launching.internal.org.objectweb.asm.MethodWriter::hasFrames (13 bytes)
Event: 0.642 Thread 0x00007908d0154cc0 nmethod 1006 0x00007908b95d7c90 code [0x00007908b95d7e20, 0x00007908b95d7f90]
Event: 0.642 Thread 0x00007908d0154cc0 1010       3       org.eclipse.jdt.launching.internal.org.objectweb.asm.SymbolTable::addConstantClass (8 bytes)
Event: 0.642 Thread 0x00007908d0154cc0 nmethod 1010 0x00007908b95d8010 code [0x00007908b95d81c0, 0x00007908b95d8300]
Event: 0.642 Thread 0x00007908d0154cc0 1009       1       sun.instrument.TransformerManager::getSnapshotTransformerList (5 bytes)
Event: 0.642 Thread 0x00007908d0154cc0 nmethod 1009 0x00007908c0f27990 code [0x00007908c0f27b20, 0x00007908c0f27bf0]

GC Heap History (2 events):
Event: 0.429 GC heap before
{Heap before GC invocations=0 (full 0):
 garbage-first heap   total 327680K, used 20400K [0x00000006c9c00000, 0x0000000800000000)
  region size 4096K, 5 young (20480K), 0 survivors (0K)
 Metaspace       used 2770K, committed 2944K, reserved 1114112K
  class space    used 240K, committed 320K, reserved 1048576K
}
Event: 0.433 GC heap after
{Heap after GC invocations=1 (full 0):
 garbage-first heap   total 327680K, used 10420K [0x00000006c9c00000, 0x0000000800000000)
  region size 4096K, 1 young (4096K), 1 survivors (4096K)
 Metaspace       used 2770K, committed 2944K, reserved 1114112K
  class space    used 240K, committed 320K, reserved 1048576K
}

Dll operation events (9 events):
Event: 0.002 Loaded shared library /usr/lib/jvm/java-17-openjdk-amd64/lib/libjava.so
Event: 0.015 Loaded shared library /usr/lib/jvm/java-17-openjdk-amd64/lib/libjsvml.so
Event: 0.118 Loaded shared library /usr/lib/jvm/java-17-openjdk-amd64/lib/libzip.so
Event: 0.119 Loaded shared library /usr/lib/jvm/java-17-openjdk-amd64/lib/libinstrument.so
Event: 0.121 Loaded shared library /usr/lib/jvm/java-17-openjdk-amd64/lib/libnio.so
Event: 0.124 Loaded shared library /usr/lib/jvm/java-17-openjdk-amd64/lib/libzip.so
Event: 0.202 Loaded shared library /usr/lib/jvm/java-17-openjdk-amd64/lib/libjimage.so
Event: 0.480 Loaded shared library /usr/lib/jvm/java-17-openjdk-amd64/lib/libverify.so
Event: 0.522 Loaded shared library /home/martin/sources/za.co.ntier.twilio/src/za/ntier/mesibo/linux-x86_64/libjniMesiboLibrary.so

Deoptimization events (20 events):
Event: 0.424 Thread 0x00007908d001ab50 DEOPT PACKING pc=0x00007908b9523934 sp=0x00007908d71fbfd0
Event: 0.424 Thread 0x00007908d001ab50 DEOPT UNPACKING pc=0x00007908c098de2f sp=0x00007908d71fb4c0 mode 1
Event: 0.451 Thread 0x00007908d001ab50 DEOPT PACKING pc=0x00007908b94db016 sp=0x00007908d71fdcd0
Event: 0.451 Thread 0x00007908d001ab50 DEOPT UNPACKING pc=0x00007908c098de2f sp=0x00007908d71fd160 mode 0
Event: 0.491 Thread 0x00007908d001ab50 DEOPT PACKING pc=0x00007908b9403df8 sp=0x00007908d71f8540
Event: 0.491 Thread 0x00007908d001ab50 DEOPT UNPACKING pc=0x00007908c098de2f sp=0x00007908d71f79c0 mode 0
Event: 0.498 Thread 0x00007908d001ab50 DEOPT PACKING pc=0x00007908b9403df8 sp=0x00007908d71f84c0
Event: 0.498 Thread 0x00007908d001ab50 DEOPT UNPACKING pc=0x00007908c098de2f sp=0x00007908d71f7940 mode 0
Event: 0.521 Thread 0x00007908d001ab50 Uncommon trap: trap_request=0xffffff6e fr.pc=0x00007908c0f15090 relative=0x0000000000000470
Event: 0.521 Thread 0x00007908d001ab50 Uncommon trap: reason=loop_limit_check action=maybe_recompile pc=0x00007908c0f15090 method=java.lang.StringLatin1.indexOf([BI[BII)I @ 37 c2
Event: 0.521 Thread 0x00007908d001ab50 DEOPT PACKING pc=0x00007908c0f15090 sp=0x00007908d71fe430
Event: 0.521 Thread 0x00007908d001ab50 DEOPT UNPACKING pc=0x00007908c098d699 sp=0x00007908d71fe3b0 mode 2
Event: 0.524 Thread 0x00007908d001ab50 Uncommon trap: trap_request=0xffffff45 fr.pc=0x00007908c0ed193c relative=0x000000000000009c
Event: 0.524 Thread 0x00007908d001ab50 Uncommon trap: reason=unstable_if action=reinterpret pc=0x00007908c0ed193c method=java.lang.String.hashCode()I @ 42 c2
Event: 0.524 Thread 0x00007908d001ab50 DEOPT PACKING pc=0x00007908c0ed193c sp=0x00007908d71fbde0
Event: 0.524 Thread 0x00007908d001ab50 DEOPT UNPACKING pc=0x00007908c098d699 sp=0x00007908d71fbd98 mode 2
Event: 0.605 Thread 0x00007908d001ab50 Uncommon trap: trap_request=0xffffff45 fr.pc=0x00007908c0f0b8bc relative=0x000000000000187c
Event: 0.605 Thread 0x00007908d001ab50 Uncommon trap: reason=unstable_if action=reinterpret pc=0x00007908c0f0b8bc method=java.util.LinkedHashMap.afterNodeInsertion(Z)V @ 1 c2
Event: 0.605 Thread 0x00007908d001ab50 DEOPT PACKING pc=0x00007908c0f0b8bc sp=0x00007908d71fd0b0
Event: 0.605 Thread 0x00007908d001ab50 DEOPT UNPACKING pc=0x00007908c098d699 sp=0x00007908d71fd040 mode 2

Classes loaded (20 events):
Event: 0.604 Loading class java/lang/reflect/Proxy$ProxyBuilder$1
Event: 0.604 Loading class java/lang/reflect/Proxy$ProxyBuilder$1 done
Event: 0.605 Loading class java/lang/annotation/Target
Event: 0.605 Loading class java/lang/annotation/Target done
Event: 0.608 Loading class java/lang/reflect/UndeclaredThrowableException
Event: 0.608 Loading class java/lang/reflect/UndeclaredThrowableException done
Event: 0.609 Loading class java/lang/Class$AnnotationData
Event: 0.609 Loading class java/lang/Class$AnnotationData done
Event: 0.618 Loading class java/lang/InstantiationException
Event: 0.618 Loading class java/lang/InstantiationException done
Event: 0.620 Loading class java/lang/ProcessEnvironment
Event: 0.620 Loading class java/lang/ProcessEnvironment done
Event: 0.620 Loading class java/lang/ProcessEnvironment$Variable
Event: 0.620 Loading class java/lang/ProcessEnvironment$ExternalData
Event: 0.620 Loading class java/lang/ProcessEnvironment$ExternalData done
Event: 0.620 Loading class java/lang/ProcessEnvironment$Variable done
Event: 0.620 Loading class java/lang/ProcessEnvironment$Value
Event: 0.620 Loading class java/lang/ProcessEnvironment$Value done
Event: 0.621 Loading class java/lang/ProcessEnvironment$StringEnvironment
Event: 0.621 Loading class java/lang/ProcessEnvironment$StringEnvironment done

Classes unloaded (0 events):
No events

Classes redefined (0 events):
No events

Internal exceptions (7 events):
Event: 0.124 Thread 0x00007908d001ab50 Implicit null exception at 0x00007908c0ed3fd5 to 0x00007908c0ed4140
Event: 0.573 Thread 0x00007908d001ab50 Exception <a 'java/lang/NoSuchMethodError'{0x00000006dcd833b8}: 'int java.lang.invoke.DirectMethodHandle$Holder.invokeStaticInit(java.lang.Object, java.lang.Object, java.lang.Object, java.lang.Object)'> (0x00000006dcd833b8) 
thrown [./src/hotspot/share/interpreter/linkResolver.cpp, line 758]
Event: 0.575 Thread 0x00007908d001ab50 Exception <a 'java/lang/NoSuchMethodError'{0x00000006dcd8d238}: 'java.lang.Object java.lang.invoke.DirectMethodHandle$Holder.invokeInterface(java.lang.Object, java.lang.Object)'> (0x00000006dcd8d238) 
thrown [./src/hotspot/share/interpreter/linkResolver.cpp, line 758]
Event: 0.575 Thread 0x00007908d001ab50 Exception <a 'java/lang/IncompatibleClassChangeError'{0x00000006dcd90788}: Found class java.lang.Object, but interface was expected> (0x00000006dcd90788) 
thrown [./src/hotspot/share/interpreter/linkResolver.cpp, line 826]
Event: 0.576 Thread 0x00007908d001ab50 Exception <a 'java/lang/NoSuchMethodError'{0x00000006dcd93dd0}: 'void java.lang.invoke.DirectMethodHandle$Holder.invokeStatic(java.lang.Object, java.lang.Object)'> (0x00000006dcd93dd0) 
thrown [./src/hotspot/share/interpreter/linkResolver.cpp, line 758]
Event: 0.577 Thread 0x00007908d001ab50 Exception <a 'java/lang/NoSuchMethodError'{0x00000006dcd97850}: 'void java.lang.invoke.DirectMethodHandle$Holder.invokeStaticInit(java.lang.Object, java.lang.Object)'> (0x00000006dcd97850) 
thrown [./src/hotspot/share/interpreter/linkResolver.cpp, line 758]
Event: 0.578 Thread 0x00007908d001ab50 Exception <a 'java/lang/NoSuchMethodError'{0x00000006dcd9f9d0}: 'int java.lang.invoke.DirectMethodHandle$Holder.invokeStaticInit(java.lang.Object, java.lang.Object)'> (0x00000006dcd9f9d0) 
thrown [./src/hotspot/share/interpreter/linkResolver.cpp, line 758]

VM Operations (20 events):
Event: 0.190 Executing VM operation: HandshakeAllThreads
Event: 0.190 Executing VM operation: HandshakeAllThreads done
Event: 0.423 Executing VM operation: HandshakeAllThreads
Event: 0.423 Executing VM operation: HandshakeAllThreads done
Event: 0.428 Executing VM operation: G1CollectForAllocation
Event: 0.433 Executing VM operation: G1CollectForAllocation done
Event: 0.516 Executing VM operation: ChangeBreakpoints
Event: 0.517 Executing VM operation: ChangeBreakpoints done
Event: 0.588 Executing VM operation: HandshakeAllThreads
Event: 0.588 Executing VM operation: HandshakeAllThreads done
Event: 1.588 Executing VM operation: Cleanup
Event: 1.588 Executing VM operation: Cleanup done
Event: 3.400 Executing VM operation: ChangeSingleStep
Event: 3.400 Executing VM operation: ChangeSingleStep done
Event: 3.411 Executing VM operation: ChangeSingleStep
Event: 3.412 Executing VM operation: ChangeSingleStep done
Event: 3.413 Executing VM operation: ChangeSingleStep
Event: 3.413 Executing VM operation: ChangeSingleStep done
Event: 3.420 Executing VM operation: ChangeSingleStep
Event: 3.420 Executing VM operation: ChangeSingleStep done

Events (20 events):
Event: 0.020 Thread 0x00007908d0154cc0 Thread added: 0x00007908d0154cc0
Event: 0.020 Protecting memory [0x00007908ac200000,0x00007908ac204000] with protection modes 0
Event: 0.020 Thread 0x00007908d015e130 Thread added: 0x00007908d015e130
Event: 0.021 Protecting memory [0x00007908ac100000,0x00007908ac104000] with protection modes 0
Event: 0.044 Thread 0x00007908d0171920 Thread added: 0x00007908d0171920
Event: 0.044 Protecting memory [0x00007908ac000000,0x00007908ac004000] with protection modes 0
Event: 0.064 Thread 0x00007908d01c0750 Thread added: 0x00007908d01c0750
Event: 0.064 Protecting memory [0x00007908a7f00000,0x00007908a7f04000] with protection modes 0
Event: 0.064 Thread 0x00007908d01c3800 Thread added: 0x00007908d01c3800
Event: 0.064 Protecting memory [0x00007908a7e00000,0x00007908a7e04000] with protection modes 0
Event: 0.065 Thread 0x0000790808001120 Thread added: 0x0000790808001120
Event: 0.065 Protecting memory [0x00007908a7d00000,0x00007908a7d04000] with protection modes 0
Event: 0.164 Thread 0x00007908200b57a0 Thread added: 0x00007908200b57a0
Event: 0.164 Protecting memory [0x00007908a7c00000,0x00007908a7c04000] with protection modes 0
Event: 0.389 Thread 0x0000790818167cd0 Thread added: 0x0000790818167cd0
Event: 0.389 Protecting memory [0x00007908a7b00000,0x00007908a7b04000] with protection modes 0
Event: 0.475 Thread 0x00007908d071aac0 Thread added: 0x00007908d071aac0
Event: 0.475 Protecting memory [0x00007908a73fa000,0x00007908a73fe000] with protection modes 0
Event: 0.569 Thread 0x00007908d0742f50 Thread added: 0x00007908d0742f50
Event: 0.569 Protecting memory [0x00007908a70ff000,0x00007908a7103000] with protection modes 0


Dynamic libraries:
6c9c00000-6dd400000 rw-p 00000000 00:00 0 
6dd400000-7ff800000 ---p 00000000 00:00 0 
7ff800000-7ffb00000 rw-p 00000000 00:00 0 
7ffb00000-7ffb75000 rw-p 00c73000 08:12 3937446                          /usr/lib/jvm/java-17-openjdk-amd64/lib/server/classes.jsa
7ffb75000-7ffc00000 rw-p 00000000 00:00 0 
7ffc00000-7ffc77000 rw-p 00bfc000 08:12 3937446                          /usr/lib/jvm/java-17-openjdk-amd64/lib/server/classes.jsa
7ffc77000-800000000 rw-p 00000000 00:00 0 
5f3e2f52a000-5f3e2f52b000 r--p 00000000 08:12 3937371                    /usr/lib/jvm/java-17-openjdk-amd64/bin/java
5f3e2f52b000-5f3e2f52c000 r-xp 00001000 08:12 3937371                    /usr/lib/jvm/java-17-openjdk-amd64/bin/java
5f3e2f52c000-5f3e2f52d000 r--p 00002000 08:12 3937371                    /usr/lib/jvm/java-17-openjdk-amd64/bin/java
5f3e2f52d000-5f3e2f52e000 r--p 00002000 08:12 3937371                    /usr/lib/jvm/java-17-openjdk-amd64/bin/java
5f3e2f52e000-5f3e2f52f000 rw-p 00003000 08:12 3937371                    /usr/lib/jvm/java-17-openjdk-amd64/bin/java
5f3e2fee1000-5f3e2ff2b000 rw-p 00000000 00:00 0                          [heap]
7907b4000000-7907b4021000 rw-p 00000000 00:00 0 
7907b4021000-7907b8000000 ---p 00000000 00:00 0 
7907b8000000-7907b8021000 rw-p 00000000 00:00 0 
7907b8021000-7907bc000000 ---p 00000000 00:00 0 
7907c0000000-7907c0021000 rw-p 00000000 00:00 0 
7907c0021000-7907c4000000 ---p 00000000 00:00 0 
7907c4000000-7907c4021000 rw-p 00000000 00:00 0 
7907c4021000-7907c8000000 ---p 00000000 00:00 0 
7907cc000000-7907cc021000 rw-p 00000000 00:00 0 
7907cc021000-7907d0000000 ---p 00000000 00:00 0 
7907d0000000-7907d0021000 rw-p 00000000 00:00 0 
7907d0021000-7907d4000000 ---p 00000000 00:00 0 
7907d8000000-7907d8021000 rw-p 00000000 00:00 0 
7907d8021000-7907dc000000 ---p 00000000 00:00 0 
7907dc000000-7907dc021000 rw-p 00000000 00:00 0 
7907dc021000-7907e0000000 ---p 00000000 00:00 0 
7907e4000000-7907e4021000 rw-p 00000000 00:00 0 
7907e4021000-7907e8000000 ---p 00000000 00:00 0 
7907e8000000-7907e8021000 rw-p 00000000 00:00 0 
7907e8021000-7907ec000000 ---p 00000000 00:00 0 
7907f0000000-7907f0319000 rw-p 00000000 00:00 0 
7907f0319000-7907f4000000 ---p 00000000 00:00 0 
7907f4000000-7907f455a000 rw-p 00000000 00:00 0 
7907f455a000-7907f8000000 ---p 00000000 00:00 0 
7907fc000000-7907fc021000 rw-p 00000000 00:00 0 
7907fc021000-790800000000 ---p 00000000 00:00 0 
790800000000-790800021000 rw-p 00000000 00:00 0 
790800021000-790804000000 ---p 00000000 00:00 0 
790808000000-790808021000 rw-p 00000000 00:00 0 
790808021000-79080c000000 ---p 00000000 00:00 0 
79080c000000-79080c021000 rw-p 00000000 00:00 0 
79080c021000-790810000000 ---p 00000000 00:00 0 
790814000000-790814021000 rw-p 00000000 00:00 0 
790814021000-790818000000 ---p 00000000 00:00 0 
790818000000-790818415000 rw-p 00000000 00:00 0 
790818415000-79081c000000 ---p 00000000 00:00 0 
790820000000-7908205b8000 rw-p 00000000 00:00 0 
7908205b8000-790824000000 ---p 00000000 00:00 0 
790824000000-790824021000 rw-p 00000000 00:00 0 
790824021000-790828000000 ---p 00000000 00:00 0 
79082c000000-79082c021000 rw-p 00000000 00:00 0 
79082c021000-790830000000 ---p 00000000 00:00 0 
790830000000-790830021000 rw-p 00000000 00:00 0 
790830021000-790834000000 ---p 00000000 00:00 0 
790838000000-790838021000 rw-p 00000000 00:00 0 
790838021000-79083c000000 ---p 00000000 00:00 0 
79083c000000-79083c021000 rw-p 00000000 00:00 0 
79083c021000-790840000000 ---p 00000000 00:00 0 
790844000000-790844021000 rw-p 00000000 00:00 0 
790844021000-790848000000 ---p 00000000 00:00 0 
79084b000000-79084b320000 rw-p 00000000 00:00 0 
79084b320000-79084b400000 ---p 00000000 00:00 0 
79084b400000-79084b4b0000 rw-p 00000000 00:00 0 
79084b4b0000-79084f000000 ---p 00000000 00:00 0 
79084f000000-79084fbc4000 rw-p 00001000 08:12 3937446                    /usr/lib/jvm/java-17-openjdk-amd64/lib/server/classes.jsa
79084fbc4000-790850000000 ---p 00000000 00:00 0 
790850000000-790850010000 rw-p 00000000 00:00 0 
790850010000-790850020000 ---p 00000000 00:00 0 
790850020000-790850030000 rw-p 00000000 00:00 0 
790850030000-790850040000 ---p 00000000 00:00 0 
790850040000-790850080000 rw-p 00000000 00:00 0 
790850080000-790890000000 ---p 00000000 00:00 0 
790890000000-790890021000 rw-p 00000000 00:00 0 
790890021000-790894000000 ---p 00000000 00:00 0 
790894000000-790894021000 rw-p 00000000 00:00 0 
790894021000-790898000000 ---p 00000000 00:00 0 
79089c000000-79089c021000 rw-p 00000000 00:00 0 
79089c021000-7908a0000000 ---p 00000000 00:00 0 
7908a0000000-7908a0021000 rw-p 00000000 00:00 0 
7908a0021000-7908a4000000 ---p 00000000 00:00 0 
7908a6800000-7908a6cc8000 r-xp 00000000 08:12 3933257                    /usr/lib/libmesibo.so
7908a6cc8000-7908a6ec8000 ---p 004c8000 08:12 3933257                    /usr/lib/libmesibo.so
7908a6ec8000-7908a6eff000 r--p 004c8000 08:12 3933257                    /usr/lib/libmesibo.so
7908a6eff000-7908a6f28000 rw-p 004ff000 08:12 3933257                    /usr/lib/libmesibo.so
7908a6f28000-7908a6f2d000 rw-p 00000000 00:00 0 
7908a70ff000-7908a7103000 ---p 00000000 00:00 0 
7908a7103000-7908a71ff000 rw-p 00000000 00:00 0 
7908a72f9000-7908a72fa000 ---p 00000000 00:00 0 
7908a72fa000-7908a73fa000 rw-p 00000000 00:00 0 
7908a73fa000-7908a73fe000 ---p 00000000 00:00 0 
7908a73fe000-7908a74fa000 rw-p 00000000 00:00 0 
7908a74fa000-7908a74fb000 ---p 00000000 00:00 0 
7908a74fb000-7908a75fb000 rw-p 00000000 00:00 0 
7908a75fb000-7908a75fc000 ---p 00000000 00:00 0 
7908a75fc000-7908a76fc000 rw-p 00000000 00:00 0 
7908a76fc000-7908a76fd000 ---p 00000000 00:00 0 
7908a76fd000-7908a77fd000 rw-p 00000000 00:00 0 
7908a77fd000-7908a77fe000 ---p 00000000 00:00 0 
7908a77fe000-7908a78fe000 rw-p 00000000 00:00 0 
7908a78fe000-7908a78ff000 ---p 00000000 00:00 0 
7908a78ff000-7908a79ff000 rw-p 00000000 00:00 0 
7908a79ff000-7908a7a00000 ---p 00000000 00:00 0 
7908a7a00000-7908a7b00000 rw-p 00000000 00:00 0 
7908a7b00000-7908a7b04000 ---p 00000000 00:00 0 
7908a7b04000-7908a7c00000 rw-p 00000000 00:00 0 
7908a7c00000-7908a7c04000 ---p 00000000 00:00 0 
7908a7c04000-7908a7d00000 rw-p 00000000 00:00 0 
7908a7d00000-7908a7d04000 ---p 00000000 00:00 0 
7908a7d04000-7908a7e00000 rw-p 00000000 00:00 0 
7908a7e00000-7908a7e04000 ---p 00000000 00:00 0 
7908a7e04000-7908a7f00000 rw-p 00000000 00:00 0 
7908a7f00000-7908a7f04000 ---p 00000000 00:00 0 
7908a7f04000-7908a8000000 rw-p 00000000 00:00 0 
7908a8000000-7908a8021000 rw-p 00000000 00:00 0 
7908a8021000-7908ac000000 ---p 00000000 00:00 0 
7908ac000000-7908ac004000 ---p 00000000 00:00 0 
7908ac004000-7908ac100000 rw-p 00000000 00:00 0 
7908ac100000-7908ac104000 ---p 00000000 00:00 0 
7908ac104000-7908ac200000 rw-p 00000000 00:00 0 
7908ac200000-7908ac204000 ---p 00000000 00:00 0 
7908ac204000-7908ac300000 rw-p 00000000 00:00 0 
7908ac300000-7908ac304000 ---p 00000000 00:00 0 
7908ac304000-7908ac400000 rw-p 00000000 00:00 0 
7908ac400000-7908ac404000 ---p 00000000 00:00 0 
7908ac404000-7908ac500000 rw-p 00000000 00:00 0 
7908ac500000-7908ac504000 ---p 00000000 00:00 0 
7908ac504000-7908ac600000 rw-p 00000000 00:00 0 
7908ac600000-7908acb73000 r--p 00000000 08:12 3932386                    /usr/lib/locale/locale-archive
7908acc27000-7908acc2b000 ---p 00000000 00:00 0 
7908acc2b000-7908acd27000 rw-p 00000000 00:00 0 
7908acd27000-7908acd2b000 ---p 00000000 00:00 0 
7908acd2b000-7908ace27000 rw-p 00000000 00:00 0 
7908ace27000-7908ace2b000 ---p 00000000 00:00 0 
7908ace2b000-7908acf27000 rw-p 00000000 00:00 0 
7908acf27000-7908acf28000 ---p 00000000 00:00 0 
7908acf28000-7908ad028000 rw-p 00000000 00:00 0 
7908ad028000-7908ad02d000 r--p 00000000 08:12 3937430                    /usr/lib/jvm/java-17-openjdk-amd64/lib/libjsvml.so
7908ad02d000-7908ad06e000 r-xp 00005000 08:12 3937430                    /usr/lib/jvm/java-17-openjdk-amd64/lib/libjsvml.so
7908ad06e000-7908ad0f7000 r--p 00046000 08:12 3937430                    /usr/lib/jvm/java-17-openjdk-amd64/lib/libjsvml.so
7908ad0f7000-7908ad0f8000 r--p 000ce000 08:12 3937430                    /usr/lib/jvm/java-17-openjdk-amd64/lib/libjsvml.so
7908ad0f8000-7908ad0f9000 rw-p 000cf000 08:12 3937430                    /usr/lib/jvm/java-17-openjdk-amd64/lib/libjsvml.so
7908ad0f9000-7908ad0fa000 ---p 00000000 00:00 0 
7908ad0fa000-7908ad1fa000 rw-p 00000000 00:00 0 
7908ad1fa000-7908ad1fb000 ---p 00000000 00:00 0 
7908ad1fb000-7908ad2fb000 rw-p 00000000 00:00 0 
7908ad2fb000-7908afce0000 rw-p 00000000 00:00 0 
7908afce0000-7908b4570000 ---p 00000000 00:00 0 
7908b4570000-7908b4590000 rw-p 00000000 00:00 0 
7908b4600000-7908b4ae0000 rw-p 00000000 00:00 0 
7908b4ae0000-7908b9370000 ---p 00000000 00:00 0 
7908b9370000-7908b9390000 rw-p 00000000 00:00 0 
7908b9400000-7908b9670000 rwxp 00000000 00:00 0 
7908b9670000-7908c0937000 ---p 00000000 00:00 0 
7908c0937000-7908c0ba7000 rwxp 00000000 00:00 0 
7908c0ba7000-7908c0ec9000 ---p 00000000 00:00 0 
7908c0ec9000-7908c1139000 rwxp 00000000 00:00 0 
7908c1139000-7908c8400000 ---p 00000000 00:00 0 
7908c8400000-7908cfe80000 r--s 00000000 08:12 3937445                    /usr/lib/jvm/java-17-openjdk-amd64/lib/modules
7908cfeff000-7908d0000000 rw-p 00000000 00:00 0 
7908d0000000-7908d082f000 rw-p 00000000 00:00 0 
7908d082f000-7908d4000000 ---p 00000000 00:00 0 
7908d407a000-7908d42fd000 rw-p 00000000 00:00 0 
7908d42fd000-7908d42fe000 ---p 00000000 00:00 0 
7908d42fe000-7908d43fe000 rw-p 00000000 00:00 0 
7908d43fe000-7908d43ff000 ---p 00000000 00:00 0 
7908d43ff000-7908d44ff000 rw-p 00000000 00:00 0 
7908d44ff000-7908d4500000 ---p 00000000 00:00 0 
7908d4500000-7908d4600000 rw-p 00000000 00:00 0 
7908d4600000-7908d469c000 rw-p 00000000 00:00 0 
7908d469c000-7908d4fae000 ---p 00000000 00:00 0 
7908d4fae000-7908d4fb2000 rw-p 00000000 00:00 0 
7908d5000000-7908d509c000 rw-p 00000000 00:00 0 
7908d509c000-7908d59ae000 ---p 00000000 00:00 0 
7908d59ae000-7908d59b2000 rw-p 00000000 00:00 0 
7908d5a00000-7908d5a9c000 rw-p 00000000 00:00 0 
7908d5a9c000-7908d63ae000 ---p 00000000 00:00 0 
7908d63ae000-7908d63b2000 rw-p 00000000 00:00 0 
7908d63fe000-7908d63ff000 ---p 00000000 00:00 0 
7908d63ff000-7908d6422000 rw-p 00000000 00:00 0 
7908d6422000-7908d6c2f000 rw-p 00000000 00:00 0 
7908d6c2f000-7908d6d15000 ---p 00000000 00:00 0 
7908d6d15000-7908d6d1a000 rw-p 00000000 00:00 0 
7908d6d1a000-7908d6e00000 ---p 00000000 00:00 0 
7908d6e00000-7908d6e9a000 r--p 00000000 08:12 3960894                    /usr/lib/x86_64-linux-gnu/libstdc++.so.6.0.30
7908d6e9a000-7908d6fab000 r-xp 0009a000 08:12 3960894                    /usr/lib/x86_64-linux-gnu/libstdc++.so.6.0.30
7908d6fab000-7908d701a000 r--p 001ab000 08:12 3960894                    /usr/lib/x86_64-linux-gnu/libstdc++.so.6.0.30
7908d701a000-7908d701b000 ---p 0021a000 08:12 3960894                    /usr/lib/x86_64-linux-gnu/libstdc++.so.6.0.30
7908d701b000-7908d7026000 r--p 0021a000 08:12 3960894                    /usr/lib/x86_64-linux-gnu/libstdc++.so.6.0.30
7908d7026000-7908d7029000 rw-p 00225000 08:12 3960894                    /usr/lib/x86_64-linux-gnu/libstdc++.so.6.0.30
7908d7029000-7908d702c000 rw-p 00000000 00:00 0 
7908d7039000-7908d703a000 ---p 00000000 00:00 0 
7908d703a000-7908d705d000 rw-p 00000000 00:00 0 
7908d705d000-7908d705e000 r--p 00000000 08:12 3934385                    /usr/lib/x86_64-linux-gnu/libpthread.so.0
7908d705e000-7908d705f000 r-xp 00001000 08:12 3934385                    /usr/lib/x86_64-linux-gnu/libpthread.so.0
7908d705f000-7908d7060000 r--p 00002000 08:12 3934385                    /usr/lib/x86_64-linux-gnu/libpthread.so.0
7908d7060000-7908d7061000 r--p 00002000 08:12 3934385                    /usr/lib/x86_64-linux-gnu/libpthread.so.0
7908d7061000-7908d7062000 rw-p 00003000 08:12 3934385                    /usr/lib/x86_64-linux-gnu/libpthread.so.0
7908d7076000-7908d707d000 r--p 00000000 08:13 17973360                   /home/martin/sources/za.co.ntier.twilio/src/za/ntier/mesibo/linux-x86_64/libjniMesiboLibrary.so
7908d707d000-7908d708b000 r-xp 00007000 08:13 17973360                   /home/martin/sources/za.co.ntier.twilio/src/za/ntier/mesibo/linux-x86_64/libjniMesiboLibrary.so
7908d708b000-7908d7093000 r--p 00015000 08:13 17973360                   /home/martin/sources/za.co.ntier.twilio/src/za/ntier/mesibo/linux-x86_64/libjniMesiboLibrary.so
7908d7093000-7908d7094000 r--p 0001c000 08:13 17973360                   /home/martin/sources/za.co.ntier.twilio/src/za/ntier/mesibo/linux-x86_64/libjniMesiboLibrary.so
7908d7094000-7908d7095000 rw-p 0001d000 08:13 17973360                   /home/martin/sources/za.co.ntier.twilio/src/za/ntier/mesibo/linux-x86_64/libjniMesiboLibrary.so
7908d7095000-7908d7099000 r--p 00000000 08:12 3937443                    /usr/lib/jvm/java-17-openjdk-amd64/lib/libverify.so
7908d7099000-7908d70a0000 r-xp 00004000 08:12 3937443                    /usr/lib/jvm/java-17-openjdk-amd64/lib/libverify.so
7908d70a0000-7908d70a2000 r--p 0000b000 08:12 3937443                    /usr/lib/jvm/java-17-openjdk-amd64/lib/libverify.so
7908d70a2000-7908d70a4000 r--p 0000c000 08:12 3937443                    /usr/lib/jvm/java-17-openjdk-amd64/lib/libverify.so
7908d70a4000-7908d70a5000 rw-p 0000e000 08:12 3937443                    /usr/lib/jvm/java-17-openjdk-amd64/lib/libverify.so
7908d70a5000-7908d7100000 rw-p 00000000 00:00 0 
7908d7100000-7908d7104000 ---p 00000000 00:00 0 
7908d7104000-7908d7200000 rw-p 00000000 00:00 0 
7908d7200000-7908d7451000 r--p 00000000 08:12 3937449                    /usr/lib/jvm/java-17-openjdk-amd64/lib/server/libjvm.so
7908d7451000-7908d81bb000 r-xp 00251000 08:12 3937449                    /usr/lib/jvm/java-17-openjdk-amd64/lib/server/libjvm.so
7908d81bb000-7908d843d000 r--p 00fbb000 08:12 3937449                    /usr/lib/jvm/java-17-openjdk-amd64/lib/server/libjvm.so
7908d843d000-7908d843e000 ---p 0123d000 08:12 3937449                    /usr/lib/jvm/java-17-openjdk-amd64/lib/server/libjvm.so
7908d843e000-7908d84f6000 r--p 0123d000 08:12 3937449                    /usr/lib/jvm/java-17-openjdk-amd64/lib/server/libjvm.so
7908d84f6000-7908d852b000 rw-p 012f5000 08:12 3937449                    /usr/lib/jvm/java-17-openjdk-amd64/lib/server/libjvm.so
7908d852b000-7908d8585000 rw-p 00000000 00:00 0 
7908d8588000-7908d85c9000 rw-p 00000000 00:00 0 
7908d85cc000-7908d85cd000 r--p 00000000 08:12 3934350                    /usr/lib/x86_64-linux-gnu/libdl.so.2
7908d85cd000-7908d85ce000 r-xp 00001000 08:12 3934350                    /usr/lib/x86_64-linux-gnu/libdl.so.2
7908d85ce000-7908d85cf000 r--p 00002000 08:12 3934350                    /usr/lib/x86_64-linux-gnu/libdl.so.2
7908d85cf000-7908d85d0000 r--p 00002000 08:12 3934350                    /usr/lib/x86_64-linux-gnu/libdl.so.2
7908d85d0000-7908d85d1000 rw-p 00003000 08:12 3934350                    /usr/lib/x86_64-linux-gnu/libdl.so.2
7908d85d1000-7908d85d5000 r--p 00000000 08:12 3937436                    /usr/lib/jvm/java-17-openjdk-amd64/lib/libnet.so
7908d85d5000-7908d85e3000 r-xp 00004000 08:12 3937436                    /usr/lib/jvm/java-17-openjdk-amd64/lib/libnet.so
7908d85e3000-7908d85e7000 r--p 00012000 08:12 3937436                    /usr/lib/jvm/java-17-openjdk-amd64/lib/libnet.so
7908d85e7000-7908d85e8000 r--p 00015000 08:12 3937436                    /usr/lib/jvm/java-17-openjdk-amd64/lib/libnet.so
7908d85e8000-7908d85e9000 rw-p 00016000 08:12 3937436                    /usr/lib/jvm/java-17-openjdk-amd64/lib/libnet.so
7908d85e9000-7908d85f0000 r--p 00000000 08:12 3937437                    /usr/lib/jvm/java-17-openjdk-amd64/lib/libnio.so
7908d85f0000-7908d85f9000 r-xp 00007000 08:12 3937437                    /usr/lib/jvm/java-17-openjdk-amd64/lib/libnio.so
7908d85f9000-7908d85fd000 r--p 00010000 08:12 3937437                    /usr/lib/jvm/java-17-openjdk-amd64/lib/libnio.so
7908d85fd000-7908d85fe000 ---p 00014000 08:12 3937437                    /usr/lib/jvm/java-17-openjdk-amd64/lib/libnio.so
7908d85fe000-7908d85ff000 r--p 00014000 08:12 3937437                    /usr/lib/jvm/java-17-openjdk-amd64/lib/libnio.so
7908d85ff000-7908d8600000 rw-p 00015000 08:12 3937437                    /usr/lib/jvm/java-17-openjdk-amd64/lib/libnio.so
7908d8600000-7908d8628000 r--p 00000000 08:12 3934331                    /usr/lib/x86_64-linux-gnu/libc.so.6
7908d8628000-7908d87bd000 r-xp 00028000 08:12 3934331                    /usr/lib/x86_64-linux-gnu/libc.so.6
7908d87bd000-7908d8815000 r--p 001bd000 08:12 3934331                    /usr/lib/x86_64-linux-gnu/libc.so.6
7908d8815000-7908d8816000 ---p 00215000 08:12 3934331                    /usr/lib/x86_64-linux-gnu/libc.so.6
7908d8816000-7908d881a000 r--p 00215000 08:12 3934331                    /usr/lib/x86_64-linux-gnu/libc.so.6
7908d881a000-7908d881c000 rw-p 00219000 08:12 3934331                    /usr/lib/x86_64-linux-gnu/libc.so.6
7908d881c000-7908d8829000 rw-p 00000000 00:00 0 
7908d882d000-7908d882f000 r--p 00000000 08:12 3937444                    /usr/lib/jvm/java-17-openjdk-amd64/lib/libzip.so
7908d882f000-7908d8834000 r-xp 00002000 08:12 3937444                    /usr/lib/jvm/java-17-openjdk-amd64/lib/libzip.so
7908d8834000-7908d8836000 r--p 00007000 08:12 3937444                    /usr/lib/jvm/java-17-openjdk-amd64/lib/libzip.so
7908d8836000-7908d8837000 r--p 00008000 08:12 3937444                    /usr/lib/jvm/java-17-openjdk-amd64/lib/libzip.so
7908d8837000-7908d8838000 rw-p 00009000 08:12 3937444                    /usr/lib/jvm/java-17-openjdk-amd64/lib/libzip.so
7908d8838000-7908d8839000 r--p 00000000 08:12 3937415                    /usr/lib/jvm/java-17-openjdk-amd64/lib/libdt_socket.so
7908d8839000-7908d883c000 r-xp 00001000 08:12 3937415                    /usr/lib/jvm/java-17-openjdk-amd64/lib/libdt_socket.so
7908d883c000-7908d883d000 r--p 00004000 08:12 3937415                    /usr/lib/jvm/java-17-openjdk-amd64/lib/libdt_socket.so
7908d883d000-7908d883e000 ---p 00005000 08:12 3937415                    /usr/lib/jvm/java-17-openjdk-amd64/lib/libdt_socket.so
7908d883e000-7908d883f000 r--p 00005000 08:12 3937415                    /usr/lib/jvm/java-17-openjdk-amd64/lib/libdt_socket.so
7908d883f000-7908d8840000 rw-p 00006000 08:12 3937415                    /usr/lib/jvm/java-17-openjdk-amd64/lib/libdt_socket.so
7908d8840000-7908d8847000 r--s 00000000 08:12 3942277                    /usr/lib/x86_64-linux-gnu/gconv/gconv-modules.cache
7908d8847000-7908d889d000 rw-p 00000000 00:00 0 
7908d889d000-7908d88a4000 ---p 00000000 00:00 0 
7908d88a4000-7908d88a5000 r--p 00000000 08:12 3937418                    /usr/lib/jvm/java-17-openjdk-amd64/lib/libinstrument.so
7908d88a5000-7908d88ab000 r-xp 00001000 08:12 3937418                    /usr/lib/jvm/java-17-openjdk-amd64/lib/libinstrument.so
7908d88ab000-7908d88ae000 r--p 00007000 08:12 3937418                    /usr/lib/jvm/java-17-openjdk-amd64/lib/libinstrument.so
7908d88ae000-7908d88af000 r--p 00009000 08:12 3937418                    /usr/lib/jvm/java-17-openjdk-amd64/lib/libinstrument.so
7908d88af000-7908d88b0000 rw-p 0000a000 08:12 3937418                    /usr/lib/jvm/java-17-openjdk-amd64/lib/libinstrument.so
7908d88b0000-7908d88bc000 r--p 00000000 08:12 3937423                    /usr/lib/jvm/java-17-openjdk-amd64/lib/libjava.so
7908d88bc000-7908d88cf000 r-xp 0000c000 08:12 3937423                    /usr/lib/jvm/java-17-openjdk-amd64/lib/libjava.so
7908d88cf000-7908d88d5000 r--p 0001f000 08:12 3937423                    /usr/lib/jvm/java-17-openjdk-amd64/lib/libjava.so
7908d88d5000-7908d88d6000 r--p 00024000 08:12 3937423                    /usr/lib/jvm/java-17-openjdk-amd64/lib/libjava.so
7908d88d6000-7908d88d7000 rw-p 00025000 08:12 3937423                    /usr/lib/jvm/java-17-openjdk-amd64/lib/libjava.so
7908d88d7000-7908d88d8000 rw-p 00000000 00:00 0 
7908d88d8000-7908d88db000 r--p 00000000 08:12 3937425                    /usr/lib/jvm/java-17-openjdk-amd64/lib/libjdwp.so
7908d88db000-7908d8909000 r-xp 00003000 08:12 3937425                    /usr/lib/jvm/java-17-openjdk-amd64/lib/libjdwp.so
7908d8909000-7908d8917000 r--p 00031000 08:12 3937425                    /usr/lib/jvm/java-17-openjdk-amd64/lib/libjdwp.so
7908d8917000-7908d8918000 ---p 0003f000 08:12 3937425                    /usr/lib/jvm/java-17-openjdk-amd64/lib/libjdwp.so
7908d8918000-7908d8919000 r--p 0003f000 08:12 3937425                    /usr/lib/jvm/java-17-openjdk-amd64/lib/libjdwp.so
7908d8919000-7908d891a000 rw-p 00040000 08:12 3937425                    /usr/lib/jvm/java-17-openjdk-amd64/lib/libjdwp.so
7908d891a000-7908d891b000 rw-p 00000000 00:00 0 
7908d891b000-7908d891e000 r--p 00000000 08:12 3960106                    /usr/lib/x86_64-linux-gnu/libgcc_s.so.1
7908d891e000-7908d8935000 r-xp 00003000 08:12 3960106                    /usr/lib/x86_64-linux-gnu/libgcc_s.so.1
7908d8935000-7908d8939000 r--p 0001a000 08:12 3960106                    /usr/lib/x86_64-linux-gnu/libgcc_s.so.1
7908d8939000-7908d893a000 r--p 0001d000 08:12 3960106                    /usr/lib/x86_64-linux-gnu/libgcc_s.so.1
7908d893a000-7908d893b000 rw-p 0001e000 08:12 3960106                    /usr/lib/x86_64-linux-gnu/libgcc_s.so.1
7908d893b000-7908d8949000 r--p 00000000 08:12 3934354                    /usr/lib/x86_64-linux-gnu/libm.so.6
7908d8949000-7908d89c5000 r-xp 0000e000 08:12 3934354                    /usr/lib/x86_64-linux-gnu/libm.so.6
7908d89c5000-7908d8a20000 r--p 0008a000 08:12 3934354                    /usr/lib/x86_64-linux-gnu/libm.so.6
7908d8a20000-7908d8a21000 r--p 000e4000 08:12 3934354                    /usr/lib/x86_64-linux-gnu/libm.so.6
7908d8a21000-7908d8a22000 rw-p 000e5000 08:12 3934354                    /usr/lib/x86_64-linux-gnu/libm.so.6
7908d8a22000-7908d8a25000 rw-p 00000000 00:00 0 
7908d8a25000-7908d8a27000 r--p 00000000 08:12 3937427                    /usr/lib/jvm/java-17-openjdk-amd64/lib/libjli.so
7908d8a27000-7908d8a31000 r-xp 00002000 08:12 3937427                    /usr/lib/jvm/java-17-openjdk-amd64/lib/libjli.so
7908d8a31000-7908d8a34000 r--p 0000c000 08:12 3937427                    /usr/lib/jvm/java-17-openjdk-amd64/lib/libjli.so
7908d8a34000-7908d8a35000 r--p 0000e000 08:12 3937427                    /usr/lib/jvm/java-17-openjdk-amd64/lib/libjli.so
7908d8a35000-7908d8a36000 rw-p 0000f000 08:12 3937427                    /usr/lib/jvm/java-17-openjdk-amd64/lib/libjli.so
7908d8a36000-7908d8a38000 r--p 00000000 08:12 3961165                    /usr/lib/x86_64-linux-gnu/libz.so.1.2.11
7908d8a38000-7908d8a49000 r-xp 00002000 08:12 3961165                    /usr/lib/x86_64-linux-gnu/libz.so.1.2.11
7908d8a49000-7908d8a4f000 r--p 00013000 08:12 3961165                    /usr/lib/x86_64-linux-gnu/libz.so.1.2.11
7908d8a4f000-7908d8a50000 ---p 00019000 08:12 3961165                    /usr/lib/x86_64-linux-gnu/libz.so.1.2.11
7908d8a50000-7908d8a51000 r--p 00019000 08:12 3961165                    /usr/lib/x86_64-linux-gnu/libz.so.1.2.11
7908d8a51000-7908d8a52000 rw-p 0001a000 08:12 3961165                    /usr/lib/x86_64-linux-gnu/libz.so.1.2.11
7908d8a53000-7908d8a5b000 rw-s 00000000 08:12 5139758                    /tmp/hsperfdata_martin/271074
7908d8a5b000-7908d8a5c000 ---p 00000000 00:00 0 
7908d8a5c000-7908d8a5d000 r--p 00000000 00:00 0 
7908d8a5d000-7908d8a5f000 r--p 00000000 08:12 3937426                    /usr/lib/jvm/java-17-openjdk-amd64/lib/libjimage.so
7908d8a5f000-7908d8a62000 r-xp 00002000 08:12 3937426                    /usr/lib/jvm/java-17-openjdk-amd64/lib/libjimage.so
7908d8a62000-7908d8a63000 r--p 00005000 08:12 3937426                    /usr/lib/jvm/java-17-openjdk-amd64/lib/libjimage.so
7908d8a63000-7908d8a64000 ---p 00006000 08:12 3937426                    /usr/lib/jvm/java-17-openjdk-amd64/lib/libjimage.so
7908d8a64000-7908d8a65000 r--p 00006000 08:12 3937426                    /usr/lib/jvm/java-17-openjdk-amd64/lib/libjimage.so
7908d8a65000-7908d8a66000 rw-p 00007000 08:12 3937426                    /usr/lib/jvm/java-17-openjdk-amd64/lib/libjimage.so
7908d8a66000-7908d8a68000 rw-p 00000000 00:00 0 
7908d8a68000-7908d8a6a000 r--p 00000000 08:12 3934304                    /usr/lib/x86_64-linux-gnu/ld-linux-x86-64.so.2
7908d8a6a000-7908d8a94000 r-xp 00002000 08:12 3934304                    /usr/lib/x86_64-linux-gnu/ld-linux-x86-64.so.2
7908d8a94000-7908d8a9f000 r--p 0002c000 08:12 3934304                    /usr/lib/x86_64-linux-gnu/ld-linux-x86-64.so.2
7908d8a9f000-7908d8aa0000 ---p 00000000 00:00 0 
7908d8aa0000-7908d8aa2000 r--p 00037000 08:12 3934304                    /usr/lib/x86_64-linux-gnu/ld-linux-x86-64.so.2
7908d8aa2000-7908d8aa4000 rw-p 00039000 08:12 3934304                    /usr/lib/x86_64-linux-gnu/ld-linux-x86-64.so.2
7ffe19160000-7ffe19185000 rw-p 00000000 00:00 0                          [stack]
7ffe19189000-7ffe1918d000 r--p 00000000 00:00 0                          [vvar]
7ffe1918d000-7ffe1918f000 r-xp 00000000 00:00 0                          [vdso]
ffffffffff600000-ffffffffff601000 --xp 00000000 00:00 0                  [vsyscall]


VM Arguments:
jvm_args: -XX:+ShowCodeDetailsInExceptionMessages -agentlib:jdwp=transport=dt_socket,suspend=y,address=localhost:36495 -Djava.library.path=/home/martin/sources/za.co.ntier.twilio/src/za/ntier/mesibo/linux-x86_64 -javaagent:/home/martin/Software/eclipse-jee-2023-12-R-linux-gtk-x86_64/eclipse/configuration/org.eclipse.osgi/428/0/.cp/lib/javaagent-shaded.jar -Dfile.encoding=UTF-8 -Dstdout.encoding=UTF-8 -Dstderr.encoding=UTF-8 
java_command: za.ntier.mesibo.MesiboExample
java_class_path (initial): /home/martin/sources/za.co.ntier.twilio/lib/javacpp.jar:/home/martin/sources/za.co.ntier.twilio/lib/gson.jar:/home/martin/sources/idempiere/.metadata/.plugins/org.eclipse.pde.core/.bundle_pool/plugins/org.osgi.annotation.versioning_1.1.2.202109301733.jar:/home/martin/sources/idempiere/.metadata/.plugins/org.eclipse.pde.core/.bundle_pool/plugins/org.osgi.annotation.bundle_2.0.0.202202082230.jar:/home/martin/sources/idempiere/.metadata/.plugins/org.eclipse.pde.core/.bundle_pool/plugins/org.osgi.service.component.annotations_1.5.1.202212101352.jar:/home/martin/sources/idempiere/.metadata/.plugins/org.eclipse.pde.core/.bundle_pool/plugins/org.osgi.service.metatype.annotations_1.4.1.202109301733.jar:/home/martin/sources/idempiere/.metadata/.plugins/org.eclipse.pde.core/.bundle_pool/plugins/org.eclipse.equinox.app_1.6.200.v20220720-2012.jar:/home/martin/.m2/repository/org/passay/passay/1.6.1/passay-1.6.1.jar:/home/martin/.m2/repository/org/cryptacular/cryptacular/1.2.4/cryptacular-1.2.4.jar:/home/martin/.m2/repository/net/sf/supercsv/super-csv/2.4.0/super-csv-2.4.0.jar:/home/martin/.m2/repository/org/bouncycastle/bcprov-jdk18on/1.72/bcprov-jdk18on-1.72.jar:/home/martin/sources/idempiere/.metadata/.plugins/org.eclipse.pde.core/.bundle_pool/plugins/org.krysalis.barcode4j_2.1.0.jar:/home/martin/.m2/repository/org/codehaus/groovy/groovy/3.0.8/groovy-3.0.8.jar:/home/martin/.m2/repository/org/codehaus/groovy/groovy-console/3.0.8/groovy-console-3.0.8.jar:/home/martin/.m2/repository/org/codehaus/groovy/groovy-datetime/3.0.8/groovy-datetime-3.0.8.jar:/home/martin/.m2/repository/org/codehaus/groovy/groovy-json/3.0.8/groovy-json-3.0.8.jar:/home/martin/.m2/repository/org/codehaus/groovy/groovy-jsr223/3.0.8/groovy-jsr223-3.0.8.jar:/home/martin/.m2/repository/org/codehaus/groovy/groovy-nio/3.0.8/groovy-nio-3.0.8.jar:/home/martin/.m2/repository/org/codehaus/groovy/groovy-sql/3.0.8/groovy-sql-3.0.8.jar:/home/martin/.m2/repository/org/codehaus/groovy/groovy-xm
Launcher Type: SUN_STANDARD

[Global flags]
     intx CICompilerCount                          = 4                                         {product} {ergonomic}
     uint ConcGCThreads                            = 2                                         {product} {ergonomic}
     uint G1ConcRefinementThreads                  = 8                                         {product} {ergonomic}
   size_t G1HeapRegionSize                         = 4194304                                   {product} {ergonomic}
    uintx GCDrainStackTargetSize                   = 64                                        {product} {ergonomic}
   size_t InitialHeapSize                          = 327155712                                 {product} {ergonomic}
   size_t MarkStackSize                            = 4194304                                   {product} {ergonomic}
   size_t MaxHeapSize                              = 5205131264                                {product} {ergonomic}
   size_t MaxNewSize                               = 3120562176                                {product} {ergonomic}
   size_t MinHeapDeltaBytes                        = 4194304                                   {product} {ergonomic}
   size_t MinHeapSize                              = 8388608                                   {product} {ergonomic}
    uintx NonNMethodCodeHeapSize                   = 5839372                                {pd product} {ergonomic}
    uintx NonProfiledCodeHeapSize                  = 122909434                              {pd product} {ergonomic}
    uintx ProfiledCodeHeapSize                     = 122909434                              {pd product} {ergonomic}
    uintx ReservedCodeCacheSize                    = 251658240                              {pd product} {ergonomic}
     bool SegmentedCodeCache                       = true                                      {product} {ergonomic}
     bool ShowCodeDetailsInExceptionMessages       = true                                   {manageable} {command line}
   size_t SoftMaxHeapSize                          = 5205131264                             {manageable} {ergonomic}
     bool UseCompressedClassPointers               = true                           {product lp64_product} {ergonomic}
     bool UseCompressedOops                        = true                           {product lp64_product} {ergonomic}
     bool UseG1GC                                  = true                                      {product} {ergonomic}

Logging:
Log output configuration:
 #0: stdout all=warning uptime,level,tags
 #1: stderr all=off uptime,level,tags

Environment Variables:
JAVA_HOME=/usr/lib/jvm/java-1.17.0-openjdk-amd64
PATH=/home/martin/.local/bin:/opt/maven/bin:/usr/local/sbin:/usr/local/bin:/usr/sbin:/usr/bin:/sbin:/bin:/usr/games:/usr/local/games:/snap/bin:/snap/bin
USERNAME=martin
SHELL=/bin/bash
DISPLAY=:1
LANG=en_ZA.UTF-8
TERM=xterm-256color

Active Locale:
LC_ALL=en_ZA.UTF-8
LC_COLLATE=en_ZA.UTF-8
LC_CTYPE=en_ZA.UTF-8
LC_MESSAGES=en_ZA.UTF-8
LC_MONETARY=en_ZA.UTF-8
LC_NUMERIC=en_ZA.UTF-8
LC_TIME=en_ZA.UTF-8

Signal Handlers:
   SIGSEGV: crash_handler in libjvm.so, mask=11100100010111111101111111111110, flags=SA_RESTART|SA_SIGINFO, unblocked
    SIGBUS: crash_handler in libjvm.so, mask=11100100010111111101111111111110, flags=SA_RESTART|SA_SIGINFO, unblocked
    SIGFPE: crash_handler in libjvm.so, mask=11100100010111111101111111111110, flags=SA_RESTART|SA_SIGINFO, unblocked
   SIGPIPE: 0x00007908a68ac51c in libmesibo.so+705820, mask=00000000000000000000000000000000, flags=none, blocked
  *** Handler was modified!
  *** Expected: javaSignalHandler in libjvm.so, mask=11100100110111111111111111111110, flags=SA_RESTART|SA_SIGINFO
   SIGXFSZ: javaSignalHandler in libjvm.so, mask=11100100010111111101111111111110, flags=SA_RESTART|SA_SIGINFO, blocked
    SIGILL: crash_handler in libjvm.so, mask=11100100010111111101111111111110, flags=SA_RESTART|SA_SIGINFO, unblocked
   SIGUSR2: 0x00007908a68ac51c in libmesibo.so+705820, mask=00000000000000000000000000000000, flags=none, blocked
  *** Handler was modified!
  *** Expected: SR_handler in libjvm.so, mask=00100000000000000000000000000000, flags=SA_RESTART|SA_SIGINFO
    SIGHUP: UserHandler in libjvm.so, mask=11100100010111111101111111111110, flags=SA_RESTART|SA_SIGINFO, blocked
    SIGINT: UserHandler in libjvm.so, mask=11100100010111111101111111111110, flags=SA_RESTART|SA_SIGINFO, blocked
   SIGTERM: UserHandler in libjvm.so, mask=11100100010111111101111111111110, flags=SA_RESTART|SA_SIGINFO, blocked
   SIGQUIT: UserHandler in libjvm.so, mask=11100100010111111101111111111110, flags=SA_RESTART|SA_SIGINFO, blocked
   SIGTRAP: crash_handler in libjvm.so, mask=11100100010111111101111111111110, flags=SA_RESTART|SA_SIGINFO, unblocked


Periodic native trim disabled


---------------  S Y S T E M  ---------------

OS:
DISTRIB_ID=Ubuntu
DISTRIB_RELEASE=22.04
DISTRIB_CODENAME=jammy
DISTRIB_DESCRIPTION="Ubuntu 22.04.4 LTS"
uname: Linux 6.8.0-48-generic #48~22.04.1-Ubuntu SMP PREEMPT_DYNAMIC Mon Oct  7 11:24:13 UTC 2 x86_64
OS uptime: 1 days 20:09 hours
libc: glibc 2.35 NPTL 2.35 
rlimit (soft/hard): STACK 8192k/infinity , CORE 0k/infinity , NPROC 79103/79103 , NOFILE 1048576/1048576 , AS infinity/infinity , CPU infinity/infinity , DATA infinity/infinity , FSIZE infinity/infinity , MEMLOCK 2541040k/2541040k
load average: 2.42 3.43 2.93

/proc/meminfo:
MemTotal:       20328344 kB
MemFree:         1184112 kB
MemAvailable:    6394712 kB
Buffers:          574952 kB
Cached:          6453292 kB
SwapCached:            0 kB
Active:         12146412 kB
Inactive:        4134792 kB
Active(anon):    9827732 kB
Inactive(anon):  1352168 kB
Active(file):    2318680 kB
Inactive(file):  2782624 kB
Unevictable:     1690388 kB
Mlocked:              80 kB
SwapTotal:             0 kB
SwapFree:              0 kB
Zswap:                 0 kB
Zswapped:              0 kB
Dirty:              1484 kB
Writeback:             0 kB
AnonPages:      10943388 kB
Mapped:          1278584 kB
Shmem:           1926932 kB
KReclaimable:     479416 kB
Slab:             812540 kB
SReclaimable:     479416 kB
SUnreclaim:       333124 kB
KernelStack:       34288 kB
PageTables:       119148 kB
SecPageTables:         0 kB
NFS_Unstable:          0 kB
Bounce:                0 kB
WritebackTmp:          0 kB
CommitLimit:    10164172 kB
Committed_AS:   43294920 kB
VmallocTotal:   34359738367 kB
VmallocUsed:      134316 kB
VmallocChunk:          0 kB
Percpu:            12320 kB
HardwareCorrupted:     0 kB
AnonHugePages:         0 kB
ShmemHugePages:  1456128 kB
ShmemPmdMapped:        0 kB
FileHugePages:         0 kB
FilePmdMapped:         0 kB
Unaccepted:            0 kB
HugePages_Total:       0
HugePages_Free:        0
HugePages_Rsvd:        0
HugePages_Surp:        0
Hugepagesize:       2048 kB
Hugetlb:               0 kB
DirectMap4k:      722596 kB
DirectMap2M:    17999872 kB
DirectMap1G:     2097152 kB

/sys/kernel/mm/transparent_hugepage/enabled: always [madvise] never
/sys/kernel/mm/transparent_hugepage/hpage_pmd_size: 2097152
/sys/kernel/mm/transparent_hugepage/defrag (defrag/compaction efforts parameter): always defer defer+madvise [madvise] never

Process Memory:
Virtual Size: 8933964K (peak: 8933964K)
Resident Set Size: 103376K (peak: 103376K) (anon: 77768K, file: 25608K, shmem: 0K)
Swapped out: 0K
C-Heap outstanding allocations: 44866K, retained: 7493K
glibc malloc tunables: (default)

/proc/sys/kernel/threads-max (system-wide limit on the number of threads): 158207
/proc/sys/vm/max_map_count (maximum number of memory map areas a process may have): 65530
/proc/sys/vm/swappiness (control to define how aggressively the kernel swaps out anonymous memory): 60
/proc/sys/kernel/pid_max (system-wide limit on number of process identifiers): 4194304

container (cgroup) information:
container_type: cgroupv2
cpu_cpuset_cpus: not supported
cpu_memory_nodes: not supported
active_processor_count: 8
cpu_quota: not supported
cpu_period: not supported
cpu_shares: not supported
memory_limit_in_bytes: unlimited
memory_and_swap_limit_in_bytes: unlimited
memory_soft_limit_in_bytes: unlimited
memory_usage_in_bytes: 2749524 k
memory_max_usage_in_bytes: not supported
memory_swap_current_in_bytes: unlimited
memory_swap_max_limit_in_bytes: unlimited
maximum number of tasks: 23731
current number of tasks: 213

Steal ticks since vm start: 0
Steal ticks percentage since vm start:  0.000

CPU: total 8 (initial active 8) (4 cores per cpu, 2 threads per core) family 6 model 142 stepping 11 microcode 0xf6, cx8, cmov, fxsr, ht, mmx, 3dnowpref, sse, sse2, sse3, ssse3, sse4.1, sse4.2, popcnt, lzcnt, tsc, tscinvbit, avx, avx2, aes, erms, clmul, bmi1, bmi2, adx, fma, vzeroupper, clflush, clflushopt
CPU Model and flags from /proc/cpuinfo:
model name	: Intel(R) Core(TM) i7-8565U CPU @ 1.80GHz
flags		: fpu vme de pse tsc msr pae mce cx8 apic sep mtrr pge mca cmov pat pse36 clflush dts acpi mmx fxsr sse sse2 ss ht tm pbe syscall nx pdpe1gb rdtscp lm constant_tsc art arch_perfmon pebs bts rep_good nopl xtopology nonstop_tsc cpuid aperfmperf pni pclmulqdq dtes64 monitor ds_cpl vmx est tm2 ssse3 sdbg fma cx16 xtpr pdcm pcid sse4_1 sse4_2 x2apic movbe popcnt tsc_deadline_timer aes xsave avx f16c rdrand lahf_lm abm 3dnowprefetch cpuid_fault epb ssbd ibrs ibpb stibp tpr_shadow flexpriority ept vpid ept_ad fsgsbase tsc_adjust bmi1 avx2 smep bmi2 erms invpcid mpx rdseed adx smap clflushopt intel_pt xsaveopt xsavec xgetbv1 xsaves dtherm ida arat pln pts hwp hwp_notify hwp_act_window hwp_epp vnmi md_clear flush_l1d arch_capabilities

Online cpus: 0-7
Offline cpus: 
BIOS frequency limitation: <Not Available>
Frequency switch latency (ns): 0
Available cpu frequencies: <Not Available>
Current governor: powersave
Core performance/turbo boost: <Not Available>

Memory: 4k page, physical 20328344k(1184112k free), swap 0k(0k free)
Page Sizes: 4k

vm_info: OpenJDK 64-Bit Server VM (17.0.12+7-Ubuntu-1ubuntu222.04) for linux-amd64 JRE (17.0.12+7-Ubuntu-1ubuntu222.04), built on Jul 21 2024 21:22:32 by "buildd" with gcc 11.4.0

END.
