#
# A fatal error has been detected by the Java Runtime Environment:
#
#  SIGSEGV (0xb) at pc=0x00007c9154c65ade, pid=268575, tid=268615
#
# JRE version: OpenJDK Runtime Environment (17.0.12+7) (build 17.0.12+7-Ubuntu-1ubuntu222.04)
# Java VM: OpenJDK 64-Bit Server VM (17.0.12+7-Ubuntu-1ubuntu222.04, mixed mode, sharing, tiered, compressed oops, compressed class ptrs, g1 gc, linux-amd64)
# Problematic frame:
# C  [libmesibo.so+0x65ade]
#
# Core dump will be written. Default location: Core dumps may be processed with "/usr/share/apport/apport -p%p -s%s -c%c -d%d -P%P -u%u -g%g -- %E" (or dumping to /home/martin/sources/za.co.ntier.twilio/core.268575)
#
# If you would like to submit a bug report, please visit:
#   https://bugs.launchpad.net/ubuntu/+source/openjdk-17
#

---------------  S U M M A R Y ------------

Command Line: -XX:+ShowCodeDetailsInExceptionMessages -agentlib:jdwp=transport=dt_socket,suspend=y,address=localhost:46663 -Djava.library.path=/home/martin/sources/za.co.ntier.twilio/src/za/ntier/mesibo/linux-x86_64 -javaagent:/home/martin/Software/eclipse-jee-2023-12-R-linux-gtk-x86_64/eclipse/configuration/org.eclipse.osgi/428/0/.cp/lib/javaagent-shaded.jar -Dfile.encoding=UTF-8 -Dstdout.encoding=UTF-8 -Dstderr.encoding=UTF-8 za.ntier.mesibo.MesiboExample

Host: Intel(R) Core(TM) i7-8565U CPU @ 1.80GHz, 8 cores, 19G, Ubuntu 22.04.4 LTS
Time: Sun Nov 10 07:17:28 2024 SAST elapsed time: 0.562510 seconds (0d 0h 0m 0s)

---------------  T H R E A D  ---------------

Current thread is native thread

Stack: [0x00007c91689dd000,0x00007c9168a00000],  sp=0x00007c91689fed10,  free space=135k
Native frames: (J=compiled Java code, j=interpreted, Vv=VM code, C=native code)
C  [libmesibo.so+0x65ade]
C  [libmesibo.so+0x6e4df]
C  [libmesibo.so+0xae4e5]
C  [libmesibo.so+0xafae3]
C  [libmesibo.so+0xac515]


siginfo: si_signo: 11 (SIGSEGV), si_code: 1 (SEGV_MAPERR), si_addr: 0x0000000000000000

Registers:
RAX=0x0000000000000000, RBX=0x00007c91689ff640, RCX=0x0000000000000000, RDX=0x0000000000000000
RSP=0x00007c91689fed10, RBP=0x00007c91689fed30, RSI=0x0000000000000006, RDI=0x00007c918070f4b0
R8 =0x0000000000000000, R9 =0x0000000000000000, R10=0x0000000000000000, R11=0x0000000000000000
R12=0x00007c91689ff640, R13=0x0000000000000002, R14=0x00007c91868947d0, R15=0x00007c91853fe690
RIP=0x00007c9154c65ade, EFLAGS=0x0000000000010293, CSGSFS=0x002b000000000033, ERR=0x0000000000000004
  TRAPNO=0x000000000000000e


Top of Stack: (sp=0x00007c91689fed10)
0x00007c91689fed10:   0000000000000000 f69f78000cc67900
0x00007c91689fed20:   0000000600000000 00007c918070f4b0
0x00007c91689fed30:   00007c91689fed60 00007c9154c6e4df
0x00007c91689fed40:   0000000000000000 00007c00868e566d
0x00007c91689fed50:   0000000600000000 00007c91807e5ba0
0x00007c91689fed60:   00007c91689fed90 00007c9154cae4e5
0x00007c91689fed70:   0000000600000000 00007c91807e5ba8
0x00007c91689fed80:   00000010689fed90 0000000000000000
0x00007c91689fed90:   00007c91689fee20 00007c9154cafae3
0x00007c91689feda0:   0000000000000000 00007c91807e5ba8
0x00007c91689fedb0:   ffffffffffffffff 0000000000000000
0x00007c91689fedc0:   0000000000000000 0000000000000000
0x00007c91689fedd0:   0000000000000000 0006268819ac3c4e
0x00007c91689fede0:   0006268819ac3c3f 0000000000000000
0x00007c91689fedf0:   0006268819ac3c42 0006268819ac3c42
0x00007c91689fee00:   0000000000000000 00007c91689ff640
0x00007c91689fee10:   00007c91689ff640 0000000000000002
0x00007c91689fee20:   00007c91689fee50 00007c9154cac515
0x00007c91689fee30:   0000000000000000 00007c91807e5ba8
0x00007c91689fee40:   0000000000000000 00007c91807e5ba8
0x00007c91689fee50:   0000000000000000 00007c9186894ac3
0x00007c91689fee60:   0000000000000000 00007c91689ff640
0x00007c91689fee70:   00007c91853fe530 2c13daae4aeadea5
0x00007c91689fee80:   00007c91689ff640 0000000000000002
0x00007c91689fee90:   00007c91868947d0 00007c91853fe690
0x00007c91689feea0:   d5310b91962adea5 d530d7bcdb68dea5
0x00007c91689feeb0:   0000000000000000 0000000000000000
0x00007c91689feec0:   0000000000000000 0000000000000000
0x00007c91689feed0:   0000000000000000 f69f78cc0cc67900
0x00007c91689feee0:   0000000000000000 00007c91853fe530
0x00007c91689feef0:   0000000000000000 00007c9186926850
0x00007c91689fef00:   0000000000000000 0000000000000000 

Instructions: (pc=0x00007c9154c65ade)
0x00007c9154c659de:   89 7d b8 48 89 75 b0 48 89 55 a8 89 4d a4 44 89
0x00007c9154c659ee:   45 a0 48 8b 45 b8 48 8b 40 20 48 85 c0 75 07 bb
0x00007c9154c659fe:   00 00 00 00 eb 5d 48 8b 45 b0 8b 50 3c 48 8b 4d
0x00007c9154c65a0e:   a8 48 8d 45 c0 48 89 ce 48 89 c7 e8 bc 3c 00 00
0x00007c9154c65a1e:   8b 45 a4 89 45 c8 8b 45 a0 89 45 cc 48 8b 45 b8
0x00007c9154c65a2e:   48 8b 50 20 48 8b 45 b8 48 8b 40 20 48 8b 00 48
0x00007c9154c65a3e:   83 c0 28 48 8b 00 48 8d 4d c0 48 89 ce 48 89 d7
0x00007c9154c65a4e:   ff d0 bb 00 00 00 00 48 8d 45 c0 48 89 c7 e8 fb
0x00007c9154c65a5e:   3c 00 00 89 d8 eb 1a 48 89 c3 48 8d 45 c0 48 89
0x00007c9154c65a6e:   c7 e8 e8 3c 00 00 48 89 d8 48 89 c7 e8 c1 d3 ff
0x00007c9154c65a7e:   ff 48 83 c4 58 5b 5d c3 55 48 89 e5 48 89 7d f8
0x00007c9154c65a8e:   48 89 75 f0 48 89 55 e8 48 89 4d e0 4c 89 45 d8
0x00007c9154c65a9e:   b8 00 00 00 00 5d c3 90 55 48 89 e5 48 83 ec 20
0x00007c9154c65aae:   48 89 7d f8 89 75 f4 89 55 f0 89 c8 4c 89 45 e0
0x00007c9154c65abe:   88 45 ec 83 7d f4 0b 75 07 b8 00 00 00 00 eb 25
0x00007c9154c65ace:   48 8b 45 f8 48 8b 50 20 48 8b 45 f8 48 8b 40 20
0x00007c9154c65ade:   48 8b 00 48 83 c0 30 48 8b 00 8b 4d f4 89 ce 48
0x00007c9154c65aee:   89 d7 ff d0 90 c9 c3 90 55 48 89 e5 48 89 7d f8
0x00007c9154c65afe:   89 75 f4 89 55 f0 48 89 4d e8 90 5d c3 90 55 48
0x00007c9154c65b0e:   89 e5 48 83 ec 20 48 89 7d f8 48 89 75 f0 89 55
0x00007c9154c65b1e:   ec 48 8b 45 f8 48 8b 48 20 48 8b 45 f8 48 8b 40
0x00007c9154c65b2e:   20 48 8b 00 48 83 c0 38 48 8b 00 8b 55 ec 48 8b
0x00007c9154c65b3e:   75 f0 48 89 cf ff d0 90 c9 c3 55 48 89 e5 48 89
0x00007c9154c65b4e:   7d f8 48 89 75 f0 48 89 55 e8 b8 00 00 00 00 5d
0x00007c9154c65b5e:   c3 90 55 48 89 e5 48 89 7d f8 89 75 f4 48 89 55
0x00007c9154c65b6e:   e8 48 89 4d e0 4c 89 45 d8 44 89 4d f0 b8 00 00
0x00007c9154c65b7e:   00 00 5d c3 55 48 89 e5 48 89 7d f8 48 89 75 f0
0x00007c9154c65b8e:   b8 00 00 00 00 5d c3 90 55 48 89 e5 48 89 7d f8
0x00007c9154c65b9e:   48 89 75 f0 b8 00 00 00 00 5d c3 90 55 48 89 e5
0x00007c9154c65bae:   48 89 7d f8 48 89 75 f0 89 55 ec 89 4d e8 b8 00
0x00007c9154c65bbe:   00 00 00 5d c3 90 55 48 89 e5 48 89 7d f8 89 75
0x00007c9154c65bce:   f4 48 89 55 e8 48 89 4d e0 4c 89 45 d8 b8 00 00 



---------------  P R O C E S S  ---------------

VM state: not at safepoint (normal execution)

VM Mutex/Monitor currently owned by a thread: None

Heap address: 0x00000006c9c00000, size: 4964 MB, Compressed Oops mode: Zero based, Oop shift amount: 3

CDS archive(s) mapped at: [0x00007c90ff000000-0x00007c90ffbc4000-0x00007c90ffbc4000), size 12337152, SharedBaseAddress: 0x00007c90ff000000, ArchiveRelocationMode: 1.
Compressed class space mapped at: 0x00007c9100000000-0x00007c9140000000, reserved size: 1073741824
Narrow klass base: 0x00007c90ff000000, Narrow klass shift: 0, Narrow klass range: 0x100000000

GC Precious Log:
<Skipped>

Heap:
 garbage-first heap   total 327680K, used 17960K [0x00000006c9c00000, 0x0000000800000000)
  region size 4096K, 3 young (12288K), 1 survivors (4096K)
 Metaspace       used 4203K, committed 4288K, reserved 1114112K
  class space    used 373K, committed 384K, reserved 1048576K

Heap Regions: E=young(eden), S=young(survivor), O=old, HS=humongous(starts), HC=humongous(continues), CS=collection set, F=free, OA=open archive, CA=closed archive, TAMS=top-at-mark-start (previous, next)
|   0|0x00000006c9c00000, 0x00000006c9e5aa00, 0x00000006ca000000| 58%| O|  |TAMS 0x00000006c9c00000, 0x00000006c9c00000| Untracked 
|   1|0x00000006ca000000, 0x00000006ca000000, 0x00000006ca400000|  0%| F|  |TAMS 0x00000006ca000000, 0x00000006ca000000| Untracked 
|   2|0x00000006ca400000, 0x00000006ca400000, 0x00000006ca800000|  0%| F|  |TAMS 0x00000006ca400000, 0x00000006ca400000| Untracked 
|   3|0x00000006ca800000, 0x00000006ca800000, 0x00000006cac00000|  0%| F|  |TAMS 0x00000006ca800000, 0x00000006ca800000| Untracked 
|   4|0x00000006cac00000, 0x00000006cac00000, 0x00000006cb000000|  0%| F|  |TAMS 0x00000006cac00000, 0x00000006cac00000| Untracked 
|   5|0x00000006cb000000, 0x00000006cb000000, 0x00000006cb400000|  0%| F|  |TAMS 0x00000006cb000000, 0x00000006cb000000| Untracked 
|   6|0x00000006cb400000, 0x00000006cb400000, 0x00000006cb800000|  0%| F|  |TAMS 0x00000006cb400000, 0x00000006cb400000| Untracked 
|   7|0x00000006cb800000, 0x00000006cb800000, 0x00000006cbc00000|  0%| F|  |TAMS 0x00000006cb800000, 0x00000006cb800000| Untracked 
|   8|0x00000006cbc00000, 0x00000006cbc00000, 0x00000006cc000000|  0%| F|  |TAMS 0x00000006cbc00000, 0x00000006cbc00000| Untracked 
|   9|0x00000006cc000000, 0x00000006cc000000, 0x00000006cc400000|  0%| F|  |TAMS 0x00000006cc000000, 0x00000006cc000000| Untracked 
|  10|0x00000006cc400000, 0x00000006cc400000, 0x00000006cc800000|  0%| F|  |TAMS 0x00000006cc400000, 0x00000006cc400000| Untracked 
|  11|0x00000006cc800000, 0x00000006cc800000, 0x00000006ccc00000|  0%| F|  |TAMS 0x00000006cc800000, 0x00000006cc800000| Untracked 
|  12|0x00000006ccc00000, 0x00000006ccc00000, 0x00000006cd000000|  0%| F|  |TAMS 0x00000006ccc00000, 0x00000006ccc00000| Untracked 
|  13|0x00000006cd000000, 0x00000006cd000000, 0x00000006cd400000|  0%| F|  |TAMS 0x00000006cd000000, 0x00000006cd000000| Untracked 
|  14|0x00000006cd400000, 0x00000006cd400000, 0x00000006cd800000|  0%| F|  |TAMS 0x00000006cd400000, 0x00000006cd400000| Untracked 
|  15|0x00000006cd800000, 0x00000006cd800000, 0x00000006cdc00000|  0%| F|  |TAMS 0x00000006cd800000, 0x00000006cd800000| Untracked 
|  16|0x00000006cdc00000, 0x00000006cdc00000, 0x00000006ce000000|  0%| F|  |TAMS 0x00000006cdc00000, 0x00000006cdc00000| Untracked 
|  17|0x00000006ce000000, 0x00000006ce000000, 0x00000006ce400000|  0%| F|  |TAMS 0x00000006ce000000, 0x00000006ce000000| Untracked 
|  18|0x00000006ce400000, 0x00000006ce400000, 0x00000006ce800000|  0%| F|  |TAMS 0x00000006ce400000, 0x00000006ce400000| Untracked 
|  19|0x00000006ce800000, 0x00000006ce800000, 0x00000006cec00000|  0%| F|  |TAMS 0x00000006ce800000, 0x00000006ce800000| Untracked 
|  20|0x00000006cec00000, 0x00000006cec00000, 0x00000006cf000000|  0%| F|  |TAMS 0x00000006cec00000, 0x00000006cec00000| Untracked 
|  21|0x00000006cf000000, 0x00000006cf000000, 0x00000006cf400000|  0%| F|  |TAMS 0x00000006cf000000, 0x00000006cf000000| Untracked 
|  22|0x00000006cf400000, 0x00000006cf400000, 0x00000006cf800000|  0%| F|  |TAMS 0x00000006cf400000, 0x00000006cf400000| Untracked 
|  23|0x00000006cf800000, 0x00000006cf800000, 0x00000006cfc00000|  0%| F|  |TAMS 0x00000006cf800000, 0x00000006cf800000| Untracked 
|  24|0x00000006cfc00000, 0x00000006cfc00000, 0x00000006d0000000|  0%| F|  |TAMS 0x00000006cfc00000, 0x00000006cfc00000| Untracked 
|  25|0x00000006d0000000, 0x00000006d0000000, 0x00000006d0400000|  0%| F|  |TAMS 0x00000006d0000000, 0x00000006d0000000| Untracked 
|  26|0x00000006d0400000, 0x00000006d0400000, 0x00000006d0800000|  0%| F|  |TAMS 0x00000006d0400000, 0x00000006d0400000| Untracked 
|  27|0x00000006d0800000, 0x00000006d0800000, 0x00000006d0c00000|  0%| F|  |TAMS 0x00000006d0800000, 0x00000006d0800000| Untracked 
|  28|0x00000006d0c00000, 0x00000006d0c00000, 0x00000006d1000000|  0%| F|  |TAMS 0x00000006d0c00000, 0x00000006d0c00000| Untracked 
|  29|0x00000006d1000000, 0x00000006d1000000, 0x00000006d1400000|  0%| F|  |TAMS 0x00000006d1000000, 0x00000006d1000000| Untracked 
|  30|0x00000006d1400000, 0x00000006d1400000, 0x00000006d1800000|  0%| F|  |TAMS 0x00000006d1400000, 0x00000006d1400000| Untracked 
|  31|0x00000006d1800000, 0x00000006d1800000, 0x00000006d1c00000|  0%| F|  |TAMS 0x00000006d1800000, 0x00000006d1800000| Untracked 
|  32|0x00000006d1c00000, 0x00000006d1c00000, 0x00000006d2000000|  0%| F|  |TAMS 0x00000006d1c00000, 0x00000006d1c00000| Untracked 
|  33|0x00000006d2000000, 0x00000006d2000000, 0x00000006d2400000|  0%| F|  |TAMS 0x00000006d2000000, 0x00000006d2000000| Untracked 
|  34|0x00000006d2400000, 0x00000006d2400000, 0x00000006d2800000|  0%| F|  |TAMS 0x00000006d2400000, 0x00000006d2400000| Untracked 
|  35|0x00000006d2800000, 0x00000006d2800000, 0x00000006d2c00000|  0%| F|  |TAMS 0x00000006d2800000, 0x00000006d2800000| Untracked 
|  36|0x00000006d2c00000, 0x00000006d2c00000, 0x00000006d3000000|  0%| F|  |TAMS 0x00000006d2c00000, 0x00000006d2c00000| Untracked 
|  37|0x00000006d3000000, 0x00000006d3000000, 0x00000006d3400000|  0%| F|  |TAMS 0x00000006d3000000, 0x00000006d3000000| Untracked 
|  38|0x00000006d3400000, 0x00000006d3400000, 0x00000006d3800000|  0%| F|  |TAMS 0x00000006d3400000, 0x00000006d3400000| Untracked 
|  39|0x00000006d3800000, 0x00000006d3800000, 0x00000006d3c00000|  0%| F|  |TAMS 0x00000006d3800000, 0x00000006d3800000| Untracked 
|  40|0x00000006d3c00000, 0x00000006d3c00000, 0x00000006d4000000|  0%| F|  |TAMS 0x00000006d3c00000, 0x00000006d3c00000| Untracked 
|  41|0x00000006d4000000, 0x00000006d4000000, 0x00000006d4400000|  0%| F|  |TAMS 0x00000006d4000000, 0x00000006d4000000| Untracked 
|  42|0x00000006d4400000, 0x00000006d4400000, 0x00000006d4800000|  0%| F|  |TAMS 0x00000006d4400000, 0x00000006d4400000| Untracked 
|  43|0x00000006d4800000, 0x00000006d4800000, 0x00000006d4c00000|  0%| F|  |TAMS 0x00000006d4800000, 0x00000006d4800000| Untracked 
|  44|0x00000006d4c00000, 0x00000006d4c00000, 0x00000006d5000000|  0%| F|  |TAMS 0x00000006d4c00000, 0x00000006d4c00000| Untracked 
|  45|0x00000006d5000000, 0x00000006d5000000, 0x00000006d5400000|  0%| F|  |TAMS 0x00000006d5000000, 0x00000006d5000000| Untracked 
|  46|0x00000006d5400000, 0x00000006d5400000, 0x00000006d5800000|  0%| F|  |TAMS 0x00000006d5400000, 0x00000006d5400000| Untracked 
|  47|0x00000006d5800000, 0x00000006d5800000, 0x00000006d5c00000|  0%| F|  |TAMS 0x00000006d5800000, 0x00000006d5800000| Untracked 
|  48|0x00000006d5c00000, 0x00000006d5c00000, 0x00000006d6000000|  0%| F|  |TAMS 0x00000006d5c00000, 0x00000006d5c00000| Untracked 
|  49|0x00000006d6000000, 0x00000006d6000000, 0x00000006d6400000|  0%| F|  |TAMS 0x00000006d6000000, 0x00000006d6000000| Untracked 
|  50|0x00000006d6400000, 0x00000006d6400000, 0x00000006d6800000|  0%| F|  |TAMS 0x00000006d6400000, 0x00000006d6400000| Untracked 
|  51|0x00000006d6800000, 0x00000006d6800000, 0x00000006d6c00000|  0%| F|  |TAMS 0x00000006d6800000, 0x00000006d6800000| Untracked 
|  52|0x00000006d6c00000, 0x00000006d6c00000, 0x00000006d7000000|  0%| F|  |TAMS 0x00000006d6c00000, 0x00000006d6c00000| Untracked 
|  53|0x00000006d7000000, 0x00000006d7000000, 0x00000006d7400000|  0%| F|  |TAMS 0x00000006d7000000, 0x00000006d7000000| Untracked 
|  54|0x00000006d7400000, 0x00000006d7400000, 0x00000006d7800000|  0%| F|  |TAMS 0x00000006d7400000, 0x00000006d7400000| Untracked 
|  55|0x00000006d7800000, 0x00000006d7800000, 0x00000006d7c00000|  0%| F|  |TAMS 0x00000006d7800000, 0x00000006d7800000| Untracked 
|  56|0x00000006d7c00000, 0x00000006d7c00000, 0x00000006d8000000|  0%| F|  |TAMS 0x00000006d7c00000, 0x00000006d7c00000| Untracked 
|  57|0x00000006d8000000, 0x00000006d8000000, 0x00000006d8400000|  0%| F|  |TAMS 0x00000006d8000000, 0x00000006d8000000| Untracked 
|  58|0x00000006d8400000, 0x00000006d8400000, 0x00000006d8800000|  0%| F|  |TAMS 0x00000006d8400000, 0x00000006d8400000| Untracked 
|  59|0x00000006d8800000, 0x00000006d8800000, 0x00000006d8c00000|  0%| F|  |TAMS 0x00000006d8800000, 0x00000006d8800000| Untracked 
|  60|0x00000006d8c00000, 0x00000006d8c00000, 0x00000006d9000000|  0%| F|  |TAMS 0x00000006d8c00000, 0x00000006d8c00000| Untracked 
|  61|0x00000006d9000000, 0x00000006d9000000, 0x00000006d9400000|  0%| F|  |TAMS 0x00000006d9000000, 0x00000006d9000000| Untracked 
|  62|0x00000006d9400000, 0x00000006d9400000, 0x00000006d9800000|  0%| F|  |TAMS 0x00000006d9400000, 0x00000006d9400000| Untracked 
|  63|0x00000006d9800000, 0x00000006d9800000, 0x00000006d9c00000|  0%| F|  |TAMS 0x00000006d9800000, 0x00000006d9800000| Untracked 
|  64|0x00000006d9c00000, 0x00000006d9c00000, 0x00000006da000000|  0%| F|  |TAMS 0x00000006d9c00000, 0x00000006d9c00000| Untracked 
|  65|0x00000006da000000, 0x00000006da000000, 0x00000006da400000|  0%| F|  |TAMS 0x00000006da000000, 0x00000006da000000| Untracked 
|  66|0x00000006da400000, 0x00000006da400000, 0x00000006da800000|  0%| F|  |TAMS 0x00000006da400000, 0x00000006da400000| Untracked 
|  67|0x00000006da800000, 0x00000006da800000, 0x00000006dac00000|  0%| F|  |TAMS 0x00000006da800000, 0x00000006da800000| Untracked 
|  68|0x00000006dac00000, 0x00000006dac00000, 0x00000006db000000|  0%| F|  |TAMS 0x00000006dac00000, 0x00000006dac00000| Untracked 
|  69|0x00000006db000000, 0x00000006db000000, 0x00000006db400000|  0%| F|  |TAMS 0x00000006db000000, 0x00000006db000000| Untracked 
|  70|0x00000006db400000, 0x00000006db400000, 0x00000006db800000|  0%| F|  |TAMS 0x00000006db400000, 0x00000006db400000| Untracked 
|  71|0x00000006db800000, 0x00000006db800000, 0x00000006dbc00000|  0%| F|  |TAMS 0x00000006db800000, 0x00000006db800000| Untracked 
|  72|0x00000006dbc00000, 0x00000006dc000000, 0x00000006dc000000|100%| S|CS|TAMS 0x00000006dbc00000, 0x00000006dbc00000| Complete 
|  73|0x00000006dc000000, 0x00000006dc000000, 0x00000006dc400000|  0%| F|  |TAMS 0x00000006dc000000, 0x00000006dc000000| Untracked 
|  74|0x00000006dc400000, 0x00000006dc400000, 0x00000006dc800000|  0%| F|  |TAMS 0x00000006dc400000, 0x00000006dc400000| Untracked 
|  75|0x00000006dc800000, 0x00000006dc800000, 0x00000006dcc00000|  0%| F|  |TAMS 0x00000006dc800000, 0x00000006dc800000| Untracked 
|  76|0x00000006dcc00000, 0x00000006dcf43640, 0x00000006dd000000| 81%| E|  |TAMS 0x00000006dcc00000, 0x00000006dcc00000| Complete 
|  77|0x00000006dd000000, 0x00000006dd400000, 0x00000006dd400000|100%| E|CS|TAMS 0x00000006dd000000, 0x00000006dd000000| Complete 
|1239|0x00000007ff800000, 0x00000007ffb75000, 0x00000007ffc00000| 86%|OA|  |TAMS 0x00000007ff800000, 0x00000007ff800000| Untracked 
|1240|0x00000007ffc00000, 0x00000007ffc77000, 0x0000000800000000| 11%|CA|  |TAMS 0x00000007ffc00000, 0x00000007ffc00000| Untracked 

Card table byte_map: [0x00007c9168000000,0x00007c91689b2000] _byte_map_base: 0x00007c91649b2000

Marking Bits (Prev, Next): (CMBitMap*) 0x00007c91800915b0, (CMBitMap*) 0x00007c91800915f0
 Prev Bits: [0x00007c9162800000, 0x00007c9167590000)
 Next Bits: [0x00007c915da00000, 0x00007c9162790000)

Polling page: 0x00007c9186b7e000

Metaspace:

Usage:
  Non-class:      3.74 MB used.
      Class:    373.04 KB used.
       Both:      4.10 MB used.

Virtual space:
  Non-class space:       64.00 MB reserved,       3.81 MB (  6%) committed,  1 nodes.
      Class space:        1.00 GB reserved,     384.00 KB ( <1%) committed,  1 nodes.
             Both:        1.06 GB reserved,       4.19 MB ( <1%) committed. 

Chunk freelists:
   Non-Class:  11.34 MB
       Class:  15.56 MB
        Both:  26.91 MB

MaxMetaspaceSize: unlimited
CompressedClassSpaceSize: 1.00 GB
Initial GC threshold: 21.00 MB
Current GC threshold: 21.00 MB
CDS: on
MetaspaceReclaimPolicy: balanced
 - commit_granule_bytes: 65536.
 - commit_granule_words: 8192.
 - virtual_space_node_default_size: 8388608.
 - enlarge_chunks_in_place: 1.
 - new_chunks_are_fully_committed: 0.
 - uncommit_free_chunks: 1.
 - use_allocation_guard: 0.
 - handle_deallocations: 1.


Internal statistics:

num_allocs_failed_limit: 0.
num_arena_births: 28.
num_arena_deaths: 0.
num_vsnodes_births: 2.
num_vsnodes_deaths: 0.
num_space_committed: 67.
num_space_uncommitted: 0.
num_chunks_returned_to_freelist: 0.
num_chunks_taken_from_freelist: 64.
num_chunk_merges: 0.
num_chunk_splits: 43.
num_chunks_enlarged: 33.
num_inconsistent_stats: 0.

CodeHeap 'non-profiled nmethods': size=120028Kb used=356Kb max_used=356Kb free=119671Kb
 bounds [0x00007c9170ec9000, 0x00007c9171139000, 0x00007c9178400000]
CodeHeap 'profiled nmethods': size=120028Kb used=1787Kb max_used=1787Kb free=118240Kb
 bounds [0x00007c9169400000, 0x00007c9169670000, 0x00007c9170937000]
CodeHeap 'non-nmethods': size=5704Kb used=1186Kb max_used=1230Kb free=4517Kb
 bounds [0x00007c9170937000, 0x00007c9170ba7000, 0x00007c9170ec9000]
 total_blobs=1398 nmethods=979 adapters=333
 compilation: enabled
              stopped_count=0, restarted_count=0
 full_count=0

Compilation events (20 events):
Event: 0.556 Thread 0x00007c9180154cc0 nmethod 973 0x00007c91695b2f10 code [0x00007c91695b3180, 0x00007c91695b3be0]
Event: 0.556 Thread 0x00007c9180154cc0  978   !   3       java.util.jar.JarFile::checkForSpecialAttributes (163 bytes)
Event: 0.557 Thread 0x00007c9180154cc0 nmethod 978 0x00007c91695b3f90 code [0x00007c91695b42c0, 0x00007c91695b5550]
Event: 0.557 Thread 0x00007c9180154cc0  970       3       jdk.internal.jimage.ImageLocation::readValue (61 bytes)
Event: 0.557 Thread 0x00007c9180154cc0 nmethod 970 0x00007c91695b5d90 code [0x00007c91695b5f60, 0x00007c91695b6330]
Event: 0.557 Thread 0x00007c9180154cc0  981       3       jdk.internal.loader.URLClassPath$JarLoader::findResource (18 bytes)
Event: 0.557 Thread 0x00007c9180154cc0 nmethod 981 0x00007c91695b6510 code [0x00007c91695b66e0, 0x00007c91695b6970]
Event: 0.557 Thread 0x00007c9180154cc0  969       3       java.nio.DirectIntBufferU::ix (10 bytes)
Event: 0.557 Thread 0x00007c9180154cc0 nmethod 969 0x00007c91695b6a90 code [0x00007c91695b6c20, 0x00007c91695b6d30]
Event: 0.557 Thread 0x00007c9180154cc0  976       3       java.util.ArrayList::iterator (9 bytes)
Event: 0.558 Thread 0x00007c9180154cc0 nmethod 976 0x00007c91695b6d90 code [0x00007c91695b6f40, 0x00007c91695b71d0]
Event: 0.558 Thread 0x00007c9180154cc0  977       3       java.util.ArrayList$Itr::<init> (26 bytes)
Event: 0.558 Thread 0x00007c9180154cc0 nmethod 977 0x00007c91695b7310 code [0x00007c91695b74c0, 0x00007c91695b7690]
Event: 0.559 Thread 0x00007c9180154cc0  982       3       java.util.zip.ZipFile$1::getMetaInfVersions (5 bytes)
Event: 0.559 Thread 0x00007c9180154cc0 nmethod 982 0x00007c91695b7790 code [0x00007c91695b7960, 0x00007c91695b7c20]
Event: 0.559 Thread 0x00007c9180154cc0  983       3       org.eclipse.jdt.launching.internal.org.objectweb.asm.ByteVector::<init> (13 bytes)
Event: 0.559 Thread 0x00007c9180154cc0 nmethod 983 0x00007c91695b7e10 code [0x00007c91695b7fc0, 0x00007c91695b8230]
Event: 0.559 Thread 0x00007c9180154cc0  984       3       org.eclipse.jdt.launching.internal.org.objectweb.asm.ClassReader::readMethod (1066 bytes)
Event: 0.561 Thread 0x00007c90c80cd7b0 nmethod 974% 0x00007c9170f21b90 code [0x00007c9170f21d20, 0x00007c9170f22158]
Event: 0.561 Thread 0x00007c90c80cd7b0  996       4       java.lang.String::startsWith (138 bytes)

GC Heap History (2 events):
Event: 0.408 GC heap before
{Heap before GC invocations=0 (full 0):
 garbage-first heap   total 327680K, used 20400K [0x00000006c9c00000, 0x0000000800000000)
  region size 4096K, 5 young (20480K), 0 survivors (0K)
 Metaspace       used 2775K, committed 2944K, reserved 1114112K
  class space    used 240K, committed 320K, reserved 1048576K
}
Event: 0.411 GC heap after
{Heap after GC invocations=1 (full 0):
 garbage-first heap   total 327680K, used 10522K [0x00000006c9c00000, 0x0000000800000000)
  region size 4096K, 1 young (4096K), 1 survivors (4096K)
 Metaspace       used 2775K, committed 2944K, reserved 1114112K
  class space    used 240K, committed 320K, reserved 1048576K
}

Dll operation events (9 events):
Event: 0.002 Loaded shared library /usr/lib/jvm/java-17-openjdk-amd64/lib/libjava.so
Event: 0.018 Loaded shared library /usr/lib/jvm/java-17-openjdk-amd64/lib/libjsvml.so
Event: 0.114 Loaded shared library /usr/lib/jvm/java-17-openjdk-amd64/lib/libzip.so
Event: 0.115 Loaded shared library /usr/lib/jvm/java-17-openjdk-amd64/lib/libinstrument.so
Event: 0.118 Loaded shared library /usr/lib/jvm/java-17-openjdk-amd64/lib/libnio.so
Event: 0.122 Loaded shared library /usr/lib/jvm/java-17-openjdk-amd64/lib/libzip.so
Event: 0.197 Loaded shared library /usr/lib/jvm/java-17-openjdk-amd64/lib/libjimage.so
Event: 0.445 Loaded shared library /usr/lib/jvm/java-17-openjdk-amd64/lib/libverify.so
Event: 0.474 Loaded shared library /home/martin/sources/za.co.ntier.twilio/src/za/ntier/mesibo/linux-x86_64/libjniMesiboLibrary.so

Deoptimization events (20 events):
Event: 0.456 Thread 0x00007c918001ab50 DEOPT PACKING pc=0x00007c9169403df8 sp=0x00007c91853f86b0
Event: 0.456 Thread 0x00007c918001ab50 DEOPT UNPACKING pc=0x00007c917098de2f sp=0x00007c91853f7b30 mode 0
Event: 0.476 Thread 0x00007c918001ab50 Uncommon trap: trap_request=0xffffff45 fr.pc=0x00007c9170ed1abc relative=0x000000000000009c
Event: 0.476 Thread 0x00007c918001ab50 Uncommon trap: reason=unstable_if action=reinterpret pc=0x00007c9170ed1abc method=java.lang.String.hashCode()I @ 42 c2
Event: 0.476 Thread 0x00007c918001ab50 DEOPT PACKING pc=0x00007c9170ed1abc sp=0x00007c91853fbdc0
Event: 0.476 Thread 0x00007c918001ab50 DEOPT UNPACKING pc=0x00007c917098d699 sp=0x00007c91853fbd78 mode 2
Event: 0.478 Thread 0x00007c918001ab50 DEOPT PACKING pc=0x00007c9169403df8 sp=0x00007c91853faba0
Event: 0.478 Thread 0x00007c918001ab50 DEOPT UNPACKING pc=0x00007c917098de2f sp=0x00007c91853fa020 mode 0
Event: 0.538 Thread 0x00007c918001ab50 Uncommon trap: trap_request=0xffffffde fr.pc=0x00007c9170f11ccc relative=0x00000000000018ec
Event: 0.538 Thread 0x00007c918001ab50 Uncommon trap: reason=class_check action=maybe_recompile pc=0x00007c9170f11ccc method=java.util.HashMap.putVal(ILjava/lang/Object;Ljava/lang/Object;ZZ)Ljava/lang/Object; @ 253 c2
Event: 0.538 Thread 0x00007c918001ab50 DEOPT PACKING pc=0x00007c9170f11ccc sp=0x00007c91853fd1a0
Event: 0.538 Thread 0x00007c918001ab50 DEOPT UNPACKING pc=0x00007c917098d699 sp=0x00007c91853fd128 mode 2
Event: 0.542 Thread 0x00007c918001ab50 Uncommon trap: trap_request=0xffffffde fr.pc=0x00007c9170f11ccc relative=0x00000000000018ec
Event: 0.542 Thread 0x00007c918001ab50 Uncommon trap: reason=class_check action=maybe_recompile pc=0x00007c9170f11ccc method=java.util.HashMap.putVal(ILjava/lang/Object;Ljava/lang/Object;ZZ)Ljava/lang/Object; @ 253 c2
Event: 0.542 Thread 0x00007c918001ab50 DEOPT PACKING pc=0x00007c9170f11ccc sp=0x00007c91853fce20
Event: 0.542 Thread 0x00007c918001ab50 DEOPT UNPACKING pc=0x00007c917098d699 sp=0x00007c91853fcda8 mode 2
Event: 0.549 Thread 0x00007c918001ab50 Uncommon trap: trap_request=0xffffff6e fr.pc=0x00007c9170f13ef8 relative=0x0000000000000458
Event: 0.549 Thread 0x00007c918001ab50 Uncommon trap: reason=loop_limit_check action=maybe_recompile pc=0x00007c9170f13ef8 method=java.lang.StringLatin1.indexOf([BI[BII)I @ 37 c2
Event: 0.549 Thread 0x00007c918001ab50 DEOPT PACKING pc=0x00007c9170f13ef8 sp=0x00007c91853fd2a0
Event: 0.549 Thread 0x00007c918001ab50 DEOPT UNPACKING pc=0x00007c917098d699 sp=0x00007c91853fd220 mode 2

Classes loaded (20 events):
Event: 0.537 Loading class java/lang/reflect/Proxy$ProxyBuilder$1
Event: 0.537 Loading class java/lang/reflect/Proxy$ProxyBuilder$1 done
Event: 0.537 Loading class java/lang/annotation/Target
Event: 0.537 Loading class java/lang/annotation/Target done
Event: 0.540 Loading class java/lang/reflect/UndeclaredThrowableException
Event: 0.540 Loading class java/lang/reflect/UndeclaredThrowableException done
Event: 0.541 Loading class java/lang/Class$AnnotationData
Event: 0.541 Loading class java/lang/Class$AnnotationData done
Event: 0.548 Loading class java/lang/InstantiationException
Event: 0.548 Loading class java/lang/InstantiationException done
Event: 0.550 Loading class java/lang/ProcessEnvironment
Event: 0.550 Loading class java/lang/ProcessEnvironment done
Event: 0.550 Loading class java/lang/ProcessEnvironment$Variable
Event: 0.550 Loading class java/lang/ProcessEnvironment$ExternalData
Event: 0.550 Loading class java/lang/ProcessEnvironment$ExternalData done
Event: 0.550 Loading class java/lang/ProcessEnvironment$Variable done
Event: 0.550 Loading class java/lang/ProcessEnvironment$Value
Event: 0.550 Loading class java/lang/ProcessEnvironment$Value done
Event: 0.550 Loading class java/lang/ProcessEnvironment$StringEnvironment
Event: 0.550 Loading class java/lang/ProcessEnvironment$StringEnvironment done

Classes unloaded (0 events):
No events

Classes redefined (0 events):
No events

Internal exceptions (7 events):
Event: 0.122 Thread 0x00007c918001ab50 Implicit null exception at 0x00007c9170ed4755 to 0x00007c9170ed48c0
Event: 0.511 Thread 0x00007c918001ab50 Exception <a 'java/lang/NoSuchMethodError'{0x00000006dcd86e78}: 'int java.lang.invoke.DirectMethodHandle$Holder.invokeStaticInit(java.lang.Object, java.lang.Object, java.lang.Object, java.lang.Object)'> (0x00000006dcd86e78) 
thrown [./src/hotspot/share/interpreter/linkResolver.cpp, line 758]
Event: 0.514 Thread 0x00007c918001ab50 Exception <a 'java/lang/NoSuchMethodError'{0x00000006dcd90cf8}: 'java.lang.Object java.lang.invoke.DirectMethodHandle$Holder.invokeInterface(java.lang.Object, java.lang.Object)'> (0x00000006dcd90cf8) 
thrown [./src/hotspot/share/interpreter/linkResolver.cpp, line 758]
Event: 0.514 Thread 0x00007c918001ab50 Exception <a 'java/lang/IncompatibleClassChangeError'{0x00000006dcd94248}: Found class java.lang.Object, but interface was expected> (0x00000006dcd94248) 
thrown [./src/hotspot/share/interpreter/linkResolver.cpp, line 826]
Event: 0.515 Thread 0x00007c918001ab50 Exception <a 'java/lang/NoSuchMethodError'{0x00000006dcd97b90}: 'void java.lang.invoke.DirectMethodHandle$Holder.invokeStatic(java.lang.Object, java.lang.Object)'> (0x00000006dcd97b90) 
thrown [./src/hotspot/share/interpreter/linkResolver.cpp, line 758]
Event: 0.516 Thread 0x00007c918001ab50 Exception <a 'java/lang/NoSuchMethodError'{0x00000006dcd9b200}: 'void java.lang.invoke.DirectMethodHandle$Holder.invokeStaticInit(java.lang.Object, java.lang.Object)'> (0x00000006dcd9b200) 
thrown [./src/hotspot/share/interpreter/linkResolver.cpp, line 758]
Event: 0.517 Thread 0x00007c918001ab50 Exception <a 'java/lang/NoSuchMethodError'{0x00000006dcda33a0}: 'int java.lang.invoke.DirectMethodHandle$Holder.invokeStaticInit(java.lang.Object, java.lang.Object)'> (0x00000006dcda33a0) 
thrown [./src/hotspot/share/interpreter/linkResolver.cpp, line 758]

VM Operations (18 events):
Event: 0.054 Executing VM operation: HandshakeAllThreads
Event: 0.054 Executing VM operation: HandshakeAllThreads done
Event: 0.066 Executing VM operation: ChangeBreakpoints
Event: 0.066 Executing VM operation: ChangeBreakpoints done
Event: 0.101 Executing VM operation: ChangeBreakpoints
Event: 0.101 Executing VM operation: ChangeBreakpoints done
Event: 0.167 Executing VM operation: HandshakeAllThreads
Event: 0.167 Executing VM operation: HandshakeAllThreads done
Event: 0.185 Executing VM operation: HandshakeAllThreads
Event: 0.185 Executing VM operation: HandshakeAllThreads done
Event: 0.185 Executing VM operation: HandshakeAllThreads
Event: 0.185 Executing VM operation: HandshakeAllThreads done
Event: 0.404 Executing VM operation: HandshakeAllThreads
Event: 0.404 Executing VM operation: HandshakeAllThreads done
Event: 0.407 Executing VM operation: G1CollectForAllocation
Event: 0.411 Executing VM operation: G1CollectForAllocation done
Event: 0.523 Executing VM operation: HandshakeAllThreads
Event: 0.523 Executing VM operation: HandshakeAllThreads done

Events (20 events):
Event: 0.023 Thread 0x00007c9180153780 Thread added: 0x00007c9180153780
Event: 0.023 Protecting memory [0x00007c915c600000,0x00007c915c604000] with protection modes 0
Event: 0.023 Thread 0x00007c9180154cc0 Thread added: 0x00007c9180154cc0
Event: 0.023 Protecting memory [0x00007c915c500000,0x00007c915c504000] with protection modes 0
Event: 0.023 Thread 0x00007c918015e130 Thread added: 0x00007c918015e130
Event: 0.023 Protecting memory [0x00007c915c400000,0x00007c915c404000] with protection modes 0
Event: 0.047 Thread 0x00007c91801698b0 Thread added: 0x00007c91801698b0
Event: 0.047 Protecting memory [0x00007c915c300000,0x00007c915c304000] with protection modes 0
Event: 0.066 Thread 0x00007c91801b87b0 Thread added: 0x00007c91801b87b0
Event: 0.066 Protecting memory [0x00007c915c200000,0x00007c915c204000] with protection modes 0
Event: 0.066 Thread 0x00007c91801bb860 Thread added: 0x00007c91801bb860
Event: 0.066 Protecting memory [0x00007c915c100000,0x00007c915c104000] with protection modes 0
Event: 0.066 Thread 0x00007c90b8001120 Thread added: 0x00007c90b8001120
Event: 0.066 Protecting memory [0x00007c915c000000,0x00007c915c004000] with protection modes 0
Event: 0.165 Thread 0x00007c90c80cd7b0 Thread added: 0x00007c90c80cd7b0
Event: 0.165 Protecting memory [0x00007c9155f00000,0x00007c9155f04000] with protection modes 0
Event: 0.441 Thread 0x00007c918070aa00 Thread added: 0x00007c918070aa00
Event: 0.441 Protecting memory [0x00007c91557fa000,0x00007c91557fe000] with protection modes 0
Event: 0.509 Thread 0x00007c91807a6700 Thread added: 0x00007c91807a6700
Event: 0.509 Protecting memory [0x00007c9155501000,0x00007c9155505000] with protection modes 0


Dynamic libraries:
6c9c00000-6dd400000 rw-p 00000000 00:00 0 
6dd400000-7ff800000 ---p 00000000 00:00 0 
7ff800000-7ffb00000 rw-p 00000000 00:00 0 
7ffb00000-7ffb75000 rw-p 00c73000 08:12 3937446                          /usr/lib/jvm/java-17-openjdk-amd64/lib/server/classes.jsa
7ffb75000-7ffc00000 rw-p 00000000 00:00 0 
7ffc00000-7ffc77000 rw-p 00bfc000 08:12 3937446                          /usr/lib/jvm/java-17-openjdk-amd64/lib/server/classes.jsa
7ffc77000-800000000 rw-p 00000000 00:00 0 
63e16b435000-63e16b436000 r--p 00000000 08:12 3937371                    /usr/lib/jvm/java-17-openjdk-amd64/bin/java
63e16b436000-63e16b437000 r-xp 00001000 08:12 3937371                    /usr/lib/jvm/java-17-openjdk-amd64/bin/java
63e16b437000-63e16b438000 r--p 00002000 08:12 3937371                    /usr/lib/jvm/java-17-openjdk-amd64/bin/java
63e16b438000-63e16b439000 r--p 00002000 08:12 3937371                    /usr/lib/jvm/java-17-openjdk-amd64/bin/java
63e16b439000-63e16b43a000 rw-p 00003000 08:12 3937371                    /usr/lib/jvm/java-17-openjdk-amd64/bin/java
63e16b525000-63e16b56f000 rw-p 00000000 00:00 0                          [heap]
7c9068000000-7c9068021000 rw-p 00000000 00:00 0 
7c9068021000-7c906c000000 ---p 00000000 00:00 0 
7c9070000000-7c9070021000 rw-p 00000000 00:00 0 
7c9070021000-7c9074000000 ---p 00000000 00:00 0 
7c9074000000-7c9074021000 rw-p 00000000 00:00 0 
7c9074021000-7c9078000000 ---p 00000000 00:00 0 
7c907c000000-7c907c021000 rw-p 00000000 00:00 0 
7c907c021000-7c9080000000 ---p 00000000 00:00 0 
7c9080000000-7c9080021000 rw-p 00000000 00:00 0 
7c9080021000-7c9084000000 ---p 00000000 00:00 0 
7c9088000000-7c9088021000 rw-p 00000000 00:00 0 
7c9088021000-7c908c000000 ---p 00000000 00:00 0 
7c908c000000-7c908c021000 rw-p 00000000 00:00 0 
7c908c021000-7c9090000000 ---p 00000000 00:00 0 
7c9094000000-7c9094021000 rw-p 00000000 00:00 0 
7c9094021000-7c9098000000 ---p 00000000 00:00 0 
7c9098000000-7c9098021000 rw-p 00000000 00:00 0 
7c9098021000-7c909c000000 ---p 00000000 00:00 0 
7c90a0000000-7c90a0021000 rw-p 00000000 00:00 0 
7c90a0021000-7c90a4000000 ---p 00000000 00:00 0 
7c90a4000000-7c90a4694000 rw-p 00000000 00:00 0 
7c90a4694000-7c90a8000000 ---p 00000000 00:00 0 
7c90ac000000-7c90ac021000 rw-p 00000000 00:00 0 
7c90ac021000-7c90b0000000 ---p 00000000 00:00 0 
7c90b0000000-7c90b0021000 rw-p 00000000 00:00 0 
7c90b0021000-7c90b4000000 ---p 00000000 00:00 0 
7c90b8000000-7c90b8021000 rw-p 00000000 00:00 0 
7c90b8021000-7c90bc000000 ---p 00000000 00:00 0 
7c90bc000000-7c90bc021000 rw-p 00000000 00:00 0 
7c90bc021000-7c90c0000000 ---p 00000000 00:00 0 
7c90c4000000-7c90c4021000 rw-p 00000000 00:00 0 
7c90c4021000-7c90c8000000 ---p 00000000 00:00 0 
7c90c8000000-7c90c8434000 rw-p 00000000 00:00 0 
7c90c8434000-7c90cc000000 ---p 00000000 00:00 0 
7c90d0000000-7c90d06f5000 rw-p 00000000 00:00 0 
7c90d06f5000-7c90d4000000 ---p 00000000 00:00 0 
7c90d4000000-7c90d4021000 rw-p 00000000 00:00 0 
7c90d4021000-7c90d8000000 ---p 00000000 00:00 0 
7c90dc000000-7c90dc021000 rw-p 00000000 00:00 0 
7c90dc021000-7c90e0000000 ---p 00000000 00:00 0 
7c90e0000000-7c90e0021000 rw-p 00000000 00:00 0 
7c90e0021000-7c90e4000000 ---p 00000000 00:00 0 
7c90e8000000-7c90e8021000 rw-p 00000000 00:00 0 
7c90e8021000-7c90ec000000 ---p 00000000 00:00 0 
7c90ec000000-7c90ec021000 rw-p 00000000 00:00 0 
7c90ec021000-7c90f0000000 ---p 00000000 00:00 0 
7c90f4000000-7c90f4021000 rw-p 00000000 00:00 0 
7c90f4021000-7c90f8000000 ---p 00000000 00:00 0 
7c90fb000000-7c90fb320000 rw-p 00000000 00:00 0 
7c90fb320000-7c90fb400000 ---p 00000000 00:00 0 
7c90fb400000-7c90fb4b0000 rw-p 00000000 00:00 0 
7c90fb4b0000-7c90ff000000 ---p 00000000 00:00 0 
7c90ff000000-7c90ffbc4000 rw-p 00001000 08:12 3937446                    /usr/lib/jvm/java-17-openjdk-amd64/lib/server/classes.jsa
7c90ffbc4000-7c9100000000 ---p 00000000 00:00 0 
7c9100000000-7c9100010000 rw-p 00000000 00:00 0 
7c9100010000-7c9100020000 ---p 00000000 00:00 0 
7c9100020000-7c9100030000 rw-p 00000000 00:00 0 
7c9100030000-7c9100040000 ---p 00000000 00:00 0 
7c9100040000-7c9100080000 rw-p 00000000 00:00 0 
7c9100080000-7c9140000000 ---p 00000000 00:00 0 
7c9140000000-7c9140021000 rw-p 00000000 00:00 0 
7c9140021000-7c9144000000 ---p 00000000 00:00 0 
7c9144000000-7c9144021000 rw-p 00000000 00:00 0 
7c9144021000-7c9148000000 ---p 00000000 00:00 0 
7c914c000000-7c914c021000 rw-p 00000000 00:00 0 
7c914c021000-7c9150000000 ---p 00000000 00:00 0 
7c9150000000-7c9150021000 rw-p 00000000 00:00 0 
7c9150021000-7c9154000000 ---p 00000000 00:00 0 
7c9154c00000-7c91550c8000 r-xp 00000000 08:12 3933257                    /usr/lib/libmesibo.so
7c91550c8000-7c91552c8000 ---p 004c8000 08:12 3933257                    /usr/lib/libmesibo.so
7c91552c8000-7c91552ff000 r--p 004c8000 08:12 3933257                    /usr/lib/libmesibo.so
7c91552ff000-7c9155328000 rw-p 004ff000 08:12 3933257                    /usr/lib/libmesibo.so
7c9155328000-7c915532d000 rw-p 00000000 00:00 0 
7c9155501000-7c9155505000 ---p 00000000 00:00 0 
7c9155505000-7c9155601000 rw-p 00000000 00:00 0 
7c91556f9000-7c91556fa000 ---p 00000000 00:00 0 
7c91556fa000-7c91557fa000 rw-p 00000000 00:00 0 
7c91557fa000-7c91557fe000 ---p 00000000 00:00 0 
7c91557fe000-7c91558fa000 rw-p 00000000 00:00 0 
7c91558fa000-7c91558fb000 ---p 00000000 00:00 0 
7c91558fb000-7c91559fb000 rw-p 00000000 00:00 0 
7c91559fb000-7c91559fc000 ---p 00000000 00:00 0 
7c91559fc000-7c9155afc000 rw-p 00000000 00:00 0 
7c9155afc000-7c9155afd000 ---p 00000000 00:00 0 
7c9155afd000-7c9155bfd000 rw-p 00000000 00:00 0 
7c9155bfd000-7c9155bfe000 ---p 00000000 00:00 0 
7c9155bfe000-7c9155cfe000 rw-p 00000000 00:00 0 
7c9155cfe000-7c9155cff000 ---p 00000000 00:00 0 
7c9155cff000-7c9155dff000 rw-p 00000000 00:00 0 
7c9155dff000-7c9155e00000 ---p 00000000 00:00 0 
7c9155e00000-7c9155f00000 rw-p 00000000 00:00 0 
7c9155f00000-7c9155f04000 ---p 00000000 00:00 0 
7c9155f04000-7c9156000000 rw-p 00000000 00:00 0 
7c9156000000-7c9158000000 rw-p 00000000 00:00 0 
7c9158000000-7c9158021000 rw-p 00000000 00:00 0 
7c9158021000-7c915c000000 ---p 00000000 00:00 0 
7c915c000000-7c915c004000 ---p 00000000 00:00 0 
7c915c004000-7c915c100000 rw-p 00000000 00:00 0 
7c915c100000-7c915c104000 ---p 00000000 00:00 0 
7c915c104000-7c915c200000 rw-p 00000000 00:00 0 
7c915c200000-7c915c204000 ---p 00000000 00:00 0 
7c915c204000-7c915c300000 rw-p 00000000 00:00 0 
7c915c300000-7c915c304000 ---p 00000000 00:00 0 
7c915c304000-7c915c400000 rw-p 00000000 00:00 0 
7c915c400000-7c915c404000 ---p 00000000 00:00 0 
7c915c404000-7c915c500000 rw-p 00000000 00:00 0 
7c915c500000-7c915c504000 ---p 00000000 00:00 0 
7c915c504000-7c915c600000 rw-p 00000000 00:00 0 
7c915c600000-7c915c604000 ---p 00000000 00:00 0 
7c915c604000-7c915c700000 rw-p 00000000 00:00 0 
7c915c700000-7c915c704000 ---p 00000000 00:00 0 
7c915c704000-7c915c800000 rw-p 00000000 00:00 0 
7c915c800000-7c915c804000 ---p 00000000 00:00 0 
7c915c804000-7c915c900000 rw-p 00000000 00:00 0 
7c915c900000-7c915c904000 ---p 00000000 00:00 0 
7c915c904000-7c915ca00000 rw-p 00000000 00:00 0 
7c915ca00000-7c915cf73000 r--p 00000000 08:12 3932386                    /usr/lib/locale/locale-archive
7c915cfa7000-7c915cfab000 ---p 00000000 00:00 0 
7c915cfab000-7c915d0a7000 rw-p 00000000 00:00 0 
7c915d0a7000-7c915d0ab000 ---p 00000000 00:00 0 
7c915d0ab000-7c915d1a7000 rw-p 00000000 00:00 0 
7c915d1a7000-7c915d1a8000 ---p 00000000 00:00 0 
7c915d1a8000-7c915d2a8000 rw-p 00000000 00:00 0 
7c915d2a8000-7c915d2ad000 r--p 00000000 08:12 3937430                    /usr/lib/jvm/java-17-openjdk-amd64/lib/libjsvml.so
7c915d2ad000-7c915d2ee000 r-xp 00005000 08:12 3937430                    /usr/lib/jvm/java-17-openjdk-amd64/lib/libjsvml.so
7c915d2ee000-7c915d377000 r--p 00046000 08:12 3937430                    /usr/lib/jvm/java-17-openjdk-amd64/lib/libjsvml.so
7c915d377000-7c915d378000 r--p 000ce000 08:12 3937430                    /usr/lib/jvm/java-17-openjdk-amd64/lib/libjsvml.so
7c915d378000-7c915d379000 rw-p 000cf000 08:12 3937430                    /usr/lib/jvm/java-17-openjdk-amd64/lib/libjsvml.so
7c915d379000-7c915d3fa000 rw-p 00000000 00:00 0 
7c915d3fa000-7c915d3fb000 ---p 00000000 00:00 0 
7c915d3fb000-7c915d4fb000 rw-p 00000000 00:00 0 
7c915d4fb000-7c915d4fc000 ---p 00000000 00:00 0 
7c915d4fc000-7c915d5fc000 rw-p 00000000 00:00 0 
7c915d5fc000-7c915dee0000 rw-p 00000000 00:00 0 
7c915dee0000-7c9162770000 ---p 00000000 00:00 0 
7c9162770000-7c9162790000 rw-p 00000000 00:00 0 
7c9162800000-7c9162ce0000 rw-p 00000000 00:00 0 
7c9162ce0000-7c9167570000 ---p 00000000 00:00 0 
7c9167570000-7c9167590000 rw-p 00000000 00:00 0 
7c9167600000-7c916769c000 rw-p 00000000 00:00 0 
7c916769c000-7c9167fae000 ---p 00000000 00:00 0 
7c9167fae000-7c9167fb2000 rw-p 00000000 00:00 0 
7c9168000000-7c916809c000 rw-p 00000000 00:00 0 
7c916809c000-7c91689ae000 ---p 00000000 00:00 0 
7c91689ae000-7c91689b2000 rw-p 00000000 00:00 0 
7c91689dc000-7c91689dd000 ---p 00000000 00:00 0 
7c91689dd000-7c9168a00000 rw-p 00000000 00:00 0 
7c9168a00000-7c9168a9c000 rw-p 00000000 00:00 0 
7c9168a9c000-7c91693ae000 ---p 00000000 00:00 0 
7c91693ae000-7c91693b2000 rw-p 00000000 00:00 0 
7c91693bd000-7c91693be000 ---p 00000000 00:00 0 
7c91693be000-7c91693e1000 rw-p 00000000 00:00 0 
7c91693e1000-7c91693e8000 r--p 00000000 08:13 17973360                   /home/martin/sources/za.co.ntier.twilio/src/za/ntier/mesibo/linux-x86_64/libjniMesiboLibrary.so
7c91693e8000-7c91693f6000 r-xp 00007000 08:13 17973360                   /home/martin/sources/za.co.ntier.twilio/src/za/ntier/mesibo/linux-x86_64/libjniMesiboLibrary.so
7c91693f6000-7c91693fe000 r--p 00015000 08:13 17973360                   /home/martin/sources/za.co.ntier.twilio/src/za/ntier/mesibo/linux-x86_64/libjniMesiboLibrary.so
7c91693fe000-7c91693ff000 r--p 0001c000 08:13 17973360                   /home/martin/sources/za.co.ntier.twilio/src/za/ntier/mesibo/linux-x86_64/libjniMesiboLibrary.so
7c91693ff000-7c9169400000 rw-p 0001d000 08:13 17973360                   /home/martin/sources/za.co.ntier.twilio/src/za/ntier/mesibo/linux-x86_64/libjniMesiboLibrary.so
7c9169400000-7c9169670000 rwxp 00000000 00:00 0 
7c9169670000-7c9170937000 ---p 00000000 00:00 0 
7c9170937000-7c9170ba7000 rwxp 00000000 00:00 0 
7c9170ba7000-7c9170ec9000 ---p 00000000 00:00 0 
7c9170ec9000-7c9171139000 rwxp 00000000 00:00 0 
7c9171139000-7c9178400000 ---p 00000000 00:00 0 
7c9178400000-7c917fe80000 r--s 00000000 08:12 3937445                    /usr/lib/jvm/java-17-openjdk-amd64/lib/modules
7c917fe94000-7c917fe98000 r--p 00000000 08:12 3937443                    /usr/lib/jvm/java-17-openjdk-amd64/lib/libverify.so
7c917fe98000-7c917fe9f000 r-xp 00004000 08:12 3937443                    /usr/lib/jvm/java-17-openjdk-amd64/lib/libverify.so
7c917fe9f000-7c917fea1000 r--p 0000b000 08:12 3937443                    /usr/lib/jvm/java-17-openjdk-amd64/lib/libverify.so
7c917fea1000-7c917fea3000 r--p 0000c000 08:12 3937443                    /usr/lib/jvm/java-17-openjdk-amd64/lib/libverify.so
7c917fea3000-7c917fea4000 rw-p 0000e000 08:12 3937443                    /usr/lib/jvm/java-17-openjdk-amd64/lib/libverify.so
7c917fea4000-7c9180000000 rw-p 00000000 00:00 0 
7c9180000000-7c9180848000 rw-p 00000000 00:00 0 
7c9180848000-7c9184000000 ---p 00000000 00:00 0 
7c9184004000-7c9184008000 r--p 00000000 08:12 3937436                    /usr/lib/jvm/java-17-openjdk-amd64/lib/libnet.so
7c9184008000-7c9184016000 r-xp 00004000 08:12 3937436                    /usr/lib/jvm/java-17-openjdk-amd64/lib/libnet.so
7c9184016000-7c918401a000 r--p 00012000 08:12 3937436                    /usr/lib/jvm/java-17-openjdk-amd64/lib/libnet.so
7c918401a000-7c918401b000 r--p 00015000 08:12 3937436                    /usr/lib/jvm/java-17-openjdk-amd64/lib/libnet.so
7c918401b000-7c918401c000 rw-p 00016000 08:12 3937436                    /usr/lib/jvm/java-17-openjdk-amd64/lib/libnet.so
7c918401c000-7c918431f000 rw-p 00000000 00:00 0 
7c918431f000-7c9184320000 ---p 00000000 00:00 0 
7c9184320000-7c9184420000 rw-p 00000000 00:00 0 
7c9184420000-7c9184421000 ---p 00000000 00:00 0 
7c9184421000-7c9184521000 rw-p 00000000 00:00 0 
7c9184521000-7c9184522000 ---p 00000000 00:00 0 
7c9184522000-7c9184622000 rw-p 00000000 00:00 0 
7c9184622000-7c9184e2f000 rw-p 00000000 00:00 0 
7c9184e2f000-7c9184f15000 ---p 00000000 00:00 0 
7c9184f15000-7c9184f1a000 rw-p 00000000 00:00 0 
7c9184f1a000-7c9185000000 ---p 00000000 00:00 0 
7c9185000000-7c918509a000 r--p 00000000 08:12 3960894                    /usr/lib/x86_64-linux-gnu/libstdc++.so.6.0.30
7c918509a000-7c91851ab000 r-xp 0009a000 08:12 3960894                    /usr/lib/x86_64-linux-gnu/libstdc++.so.6.0.30
7c91851ab000-7c918521a000 r--p 001ab000 08:12 3960894                    /usr/lib/x86_64-linux-gnu/libstdc++.so.6.0.30
7c918521a000-7c918521b000 ---p 0021a000 08:12 3960894                    /usr/lib/x86_64-linux-gnu/libstdc++.so.6.0.30
7c918521b000-7c9185226000 r--p 0021a000 08:12 3960894                    /usr/lib/x86_64-linux-gnu/libstdc++.so.6.0.30
7c9185226000-7c9185229000 rw-p 00225000 08:12 3960894                    /usr/lib/x86_64-linux-gnu/libstdc++.so.6.0.30
7c9185229000-7c918522c000 rw-p 00000000 00:00 0 
7c9185237000-7c9185278000 rw-p 00000000 00:00 0 
7c918527b000-7c918527c000 r--p 00000000 08:12 3934385                    /usr/lib/x86_64-linux-gnu/libpthread.so.0
7c918527c000-7c918527d000 r-xp 00001000 08:12 3934385                    /usr/lib/x86_64-linux-gnu/libpthread.so.0
7c918527d000-7c918527e000 r--p 00002000 08:12 3934385                    /usr/lib/x86_64-linux-gnu/libpthread.so.0
7c918527e000-7c918527f000 r--p 00002000 08:12 3934385                    /usr/lib/x86_64-linux-gnu/libpthread.so.0
7c918527f000-7c9185280000 rw-p 00003000 08:12 3934385                    /usr/lib/x86_64-linux-gnu/libpthread.so.0
7c9185280000-7c9185281000 r--p 00000000 08:12 3934350                    /usr/lib/x86_64-linux-gnu/libdl.so.2
7c9185281000-7c9185282000 r-xp 00001000 08:12 3934350                    /usr/lib/x86_64-linux-gnu/libdl.so.2
7c9185282000-7c9185283000 r--p 00002000 08:12 3934350                    /usr/lib/x86_64-linux-gnu/libdl.so.2
7c9185283000-7c9185284000 r--p 00002000 08:12 3934350                    /usr/lib/x86_64-linux-gnu/libdl.so.2
7c9185284000-7c9185285000 rw-p 00003000 08:12 3934350                    /usr/lib/x86_64-linux-gnu/libdl.so.2
7c9185285000-7c918528c000 r--p 00000000 08:12 3937437                    /usr/lib/jvm/java-17-openjdk-amd64/lib/libnio.so
7c918528c000-7c9185295000 r-xp 00007000 08:12 3937437                    /usr/lib/jvm/java-17-openjdk-amd64/lib/libnio.so
7c9185295000-7c9185299000 r--p 00010000 08:12 3937437                    /usr/lib/jvm/java-17-openjdk-amd64/lib/libnio.so
7c9185299000-7c918529a000 ---p 00014000 08:12 3937437                    /usr/lib/jvm/java-17-openjdk-amd64/lib/libnio.so
7c918529a000-7c918529b000 r--p 00014000 08:12 3937437                    /usr/lib/jvm/java-17-openjdk-amd64/lib/libnio.so
7c918529b000-7c918529c000 rw-p 00015000 08:12 3937437                    /usr/lib/jvm/java-17-openjdk-amd64/lib/libnio.so
7c918529c000-7c918529e000 r--p 00000000 08:12 3937444                    /usr/lib/jvm/java-17-openjdk-amd64/lib/libzip.so
7c918529e000-7c91852a3000 r-xp 00002000 08:12 3937444                    /usr/lib/jvm/java-17-openjdk-amd64/lib/libzip.so
7c91852a3000-7c91852a5000 r--p 00007000 08:12 3937444                    /usr/lib/jvm/java-17-openjdk-amd64/lib/libzip.so
7c91852a5000-7c91852a6000 r--p 00008000 08:12 3937444                    /usr/lib/jvm/java-17-openjdk-amd64/lib/libzip.so
7c91852a6000-7c91852a7000 rw-p 00009000 08:12 3937444                    /usr/lib/jvm/java-17-openjdk-amd64/lib/libzip.so
7c91852a7000-7c91852a8000 r--p 00000000 08:12 3937415                    /usr/lib/jvm/java-17-openjdk-amd64/lib/libdt_socket.so
7c91852a8000-7c91852ab000 r-xp 00001000 08:12 3937415                    /usr/lib/jvm/java-17-openjdk-amd64/lib/libdt_socket.so
7c91852ab000-7c91852ac000 r--p 00004000 08:12 3937415                    /usr/lib/jvm/java-17-openjdk-amd64/lib/libdt_socket.so
7c91852ac000-7c91852ad000 ---p 00005000 08:12 3937415                    /usr/lib/jvm/java-17-openjdk-amd64/lib/libdt_socket.so
7c91852ad000-7c91852ae000 r--p 00005000 08:12 3937415                    /usr/lib/jvm/java-17-openjdk-amd64/lib/libdt_socket.so
7c91852ae000-7c91852af000 rw-p 00006000 08:12 3937415                    /usr/lib/jvm/java-17-openjdk-amd64/lib/libdt_socket.so
7c91852af000-7c9185300000 rw-p 00000000 00:00 0 
7c9185300000-7c9185304000 ---p 00000000 00:00 0 
7c9185304000-7c9185400000 rw-p 00000000 00:00 0 
7c9185400000-7c9185651000 r--p 00000000 08:12 3937449                    /usr/lib/jvm/java-17-openjdk-amd64/lib/server/libjvm.so
7c9185651000-7c91863bb000 r-xp 00251000 08:12 3937449                    /usr/lib/jvm/java-17-openjdk-amd64/lib/server/libjvm.so
7c91863bb000-7c918663d000 r--p 00fbb000 08:12 3937449                    /usr/lib/jvm/java-17-openjdk-amd64/lib/server/libjvm.so
7c918663d000-7c918663e000 ---p 0123d000 08:12 3937449                    /usr/lib/jvm/java-17-openjdk-amd64/lib/server/libjvm.so
7c918663e000-7c91866f6000 r--p 0123d000 08:12 3937449                    /usr/lib/jvm/java-17-openjdk-amd64/lib/server/libjvm.so
7c91866f6000-7c918672b000 rw-p 012f5000 08:12 3937449                    /usr/lib/jvm/java-17-openjdk-amd64/lib/server/libjvm.so
7c918672b000-7c9186785000 rw-p 00000000 00:00 0 
7c9186789000-7c918678e000 rw-p 00000000 00:00 0 
7c918678e000-7c9186795000 ---p 00000000 00:00 0 
7c9186795000-7c91867a1000 r--p 00000000 08:12 3937423                    /usr/lib/jvm/java-17-openjdk-amd64/lib/libjava.so
7c91867a1000-7c91867b4000 r-xp 0000c000 08:12 3937423                    /usr/lib/jvm/java-17-openjdk-amd64/lib/libjava.so
7c91867b4000-7c91867ba000 r--p 0001f000 08:12 3937423                    /usr/lib/jvm/java-17-openjdk-amd64/lib/libjava.so
7c91867ba000-7c91867bb000 r--p 00024000 08:12 3937423                    /usr/lib/jvm/java-17-openjdk-amd64/lib/libjava.so
7c91867bb000-7c91867bc000 rw-p 00025000 08:12 3937423                    /usr/lib/jvm/java-17-openjdk-amd64/lib/libjava.so
7c91867bc000-7c91867bd000 rw-p 00000000 00:00 0 
7c91867bd000-7c91867c0000 r--p 00000000 08:12 3937425                    /usr/lib/jvm/java-17-openjdk-amd64/lib/libjdwp.so
7c91867c0000-7c91867ee000 r-xp 00003000 08:12 3937425                    /usr/lib/jvm/java-17-openjdk-amd64/lib/libjdwp.so
7c91867ee000-7c91867fc000 r--p 00031000 08:12 3937425                    /usr/lib/jvm/java-17-openjdk-amd64/lib/libjdwp.so
7c91867fc000-7c91867fd000 ---p 0003f000 08:12 3937425                    /usr/lib/jvm/java-17-openjdk-amd64/lib/libjdwp.so
7c91867fd000-7c91867fe000 r--p 0003f000 08:12 3937425                    /usr/lib/jvm/java-17-openjdk-amd64/lib/libjdwp.so
7c91867fe000-7c91867ff000 rw-p 00040000 08:12 3937425                    /usr/lib/jvm/java-17-openjdk-amd64/lib/libjdwp.so
7c91867ff000-7c9186800000 rw-p 00000000 00:00 0 
7c9186800000-7c9186828000 r--p 00000000 08:12 3934331                    /usr/lib/x86_64-linux-gnu/libc.so.6
7c9186828000-7c91869bd000 r-xp 00028000 08:12 3934331                    /usr/lib/x86_64-linux-gnu/libc.so.6
7c91869bd000-7c9186a15000 r--p 001bd000 08:12 3934331                    /usr/lib/x86_64-linux-gnu/libc.so.6
7c9186a15000-7c9186a16000 ---p 00215000 08:12 3934331                    /usr/lib/x86_64-linux-gnu/libc.so.6
7c9186a16000-7c9186a1a000 r--p 00215000 08:12 3934331                    /usr/lib/x86_64-linux-gnu/libc.so.6
7c9186a1a000-7c9186a1c000 rw-p 00219000 08:12 3934331                    /usr/lib/x86_64-linux-gnu/libc.so.6
7c9186a1c000-7c9186a29000 rw-p 00000000 00:00 0 
7c9186a2b000-7c9186a32000 r--s 00000000 08:12 3942277                    /usr/lib/x86_64-linux-gnu/gconv/gconv-modules.cache
7c9186a32000-7c9186a33000 r--p 00000000 08:12 3937418                    /usr/lib/jvm/java-17-openjdk-amd64/lib/libinstrument.so
7c9186a33000-7c9186a39000 r-xp 00001000 08:12 3937418                    /usr/lib/jvm/java-17-openjdk-amd64/lib/libinstrument.so
7c9186a39000-7c9186a3c000 r--p 00007000 08:12 3937418                    /usr/lib/jvm/java-17-openjdk-amd64/lib/libinstrument.so
7c9186a3c000-7c9186a3d000 r--p 00009000 08:12 3937418                    /usr/lib/jvm/java-17-openjdk-amd64/lib/libinstrument.so
7c9186a3d000-7c9186a3e000 rw-p 0000a000 08:12 3937418                    /usr/lib/jvm/java-17-openjdk-amd64/lib/libinstrument.so
7c9186a3e000-7c9186a41000 r--p 00000000 08:12 3960106                    /usr/lib/x86_64-linux-gnu/libgcc_s.so.1
7c9186a41000-7c9186a58000 r-xp 00003000 08:12 3960106                    /usr/lib/x86_64-linux-gnu/libgcc_s.so.1
7c9186a58000-7c9186a5c000 r--p 0001a000 08:12 3960106                    /usr/lib/x86_64-linux-gnu/libgcc_s.so.1
7c9186a5c000-7c9186a5d000 r--p 0001d000 08:12 3960106                    /usr/lib/x86_64-linux-gnu/libgcc_s.so.1
7c9186a5d000-7c9186a5e000 rw-p 0001e000 08:12 3960106                    /usr/lib/x86_64-linux-gnu/libgcc_s.so.1
7c9186a5e000-7c9186a6c000 r--p 00000000 08:12 3934354                    /usr/lib/x86_64-linux-gnu/libm.so.6
7c9186a6c000-7c9186ae8000 r-xp 0000e000 08:12 3934354                    /usr/lib/x86_64-linux-gnu/libm.so.6
7c9186ae8000-7c9186b43000 r--p 0008a000 08:12 3934354                    /usr/lib/x86_64-linux-gnu/libm.so.6
7c9186b43000-7c9186b44000 r--p 000e4000 08:12 3934354                    /usr/lib/x86_64-linux-gnu/libm.so.6
7c9186b44000-7c9186b45000 rw-p 000e5000 08:12 3934354                    /usr/lib/x86_64-linux-gnu/libm.so.6
7c9186b45000-7c9186b48000 rw-p 00000000 00:00 0 
7c9186b48000-7c9186b4a000 r--p 00000000 08:12 3937427                    /usr/lib/jvm/java-17-openjdk-amd64/lib/libjli.so
7c9186b4a000-7c9186b54000 r-xp 00002000 08:12 3937427                    /usr/lib/jvm/java-17-openjdk-amd64/lib/libjli.so
7c9186b54000-7c9186b57000 r--p 0000c000 08:12 3937427                    /usr/lib/jvm/java-17-openjdk-amd64/lib/libjli.so
7c9186b57000-7c9186b58000 r--p 0000e000 08:12 3937427                    /usr/lib/jvm/java-17-openjdk-amd64/lib/libjli.so
7c9186b58000-7c9186b59000 rw-p 0000f000 08:12 3937427                    /usr/lib/jvm/java-17-openjdk-amd64/lib/libjli.so
7c9186b59000-7c9186b5b000 r--p 00000000 08:12 3961165                    /usr/lib/x86_64-linux-gnu/libz.so.1.2.11
7c9186b5b000-7c9186b6c000 r-xp 00002000 08:12 3961165                    /usr/lib/x86_64-linux-gnu/libz.so.1.2.11
7c9186b6c000-7c9186b72000 r--p 00013000 08:12 3961165                    /usr/lib/x86_64-linux-gnu/libz.so.1.2.11
7c9186b72000-7c9186b73000 ---p 00019000 08:12 3961165                    /usr/lib/x86_64-linux-gnu/libz.so.1.2.11
7c9186b73000-7c9186b74000 r--p 00019000 08:12 3961165                    /usr/lib/x86_64-linux-gnu/libz.so.1.2.11
7c9186b74000-7c9186b75000 rw-p 0001a000 08:12 3961165                    /usr/lib/x86_64-linux-gnu/libz.so.1.2.11
7c9186b76000-7c9186b7e000 rw-s 00000000 08:12 5139758                    /tmp/hsperfdata_martin/268575
7c9186b7e000-7c9186b7f000 ---p 00000000 00:00 0 
7c9186b7f000-7c9186b80000 r--p 00000000 00:00 0 
7c9186b80000-7c9186b82000 r--p 00000000 08:12 3937426                    /usr/lib/jvm/java-17-openjdk-amd64/lib/libjimage.so
7c9186b82000-7c9186b85000 r-xp 00002000 08:12 3937426                    /usr/lib/jvm/java-17-openjdk-amd64/lib/libjimage.so
7c9186b85000-7c9186b86000 r--p 00005000 08:12 3937426                    /usr/lib/jvm/java-17-openjdk-amd64/lib/libjimage.so
7c9186b86000-7c9186b87000 ---p 00006000 08:12 3937426                    /usr/lib/jvm/java-17-openjdk-amd64/lib/libjimage.so
7c9186b87000-7c9186b88000 r--p 00006000 08:12 3937426                    /usr/lib/jvm/java-17-openjdk-amd64/lib/libjimage.so
7c9186b88000-7c9186b89000 rw-p 00007000 08:12 3937426                    /usr/lib/jvm/java-17-openjdk-amd64/lib/libjimage.so
7c9186b89000-7c9186b8b000 rw-p 00000000 00:00 0 
7c9186b8b000-7c9186b8d000 r--p 00000000 08:12 3934304                    /usr/lib/x86_64-linux-gnu/ld-linux-x86-64.so.2
7c9186b8d000-7c9186bb7000 r-xp 00002000 08:12 3934304                    /usr/lib/x86_64-linux-gnu/ld-linux-x86-64.so.2
7c9186bb7000-7c9186bc2000 r--p 0002c000 08:12 3934304                    /usr/lib/x86_64-linux-gnu/ld-linux-x86-64.so.2
7c9186bc2000-7c9186bc3000 ---p 00000000 00:00 0 
7c9186bc3000-7c9186bc5000 r--p 00037000 08:12 3934304                    /usr/lib/x86_64-linux-gnu/ld-linux-x86-64.so.2
7c9186bc5000-7c9186bc7000 rw-p 00039000 08:12 3934304                    /usr/lib/x86_64-linux-gnu/ld-linux-x86-64.so.2
7ffc34279000-7ffc3429e000 rw-p 00000000 00:00 0                          [stack]
7ffc343a4000-7ffc343a8000 r--p 00000000 00:00 0                          [vvar]
7ffc343a8000-7ffc343aa000 r-xp 00000000 00:00 0                          [vdso]
ffffffffff600000-ffffffffff601000 --xp 00000000 00:00 0                  [vsyscall]


VM Arguments:
jvm_args: -XX:+ShowCodeDetailsInExceptionMessages -agentlib:jdwp=transport=dt_socket,suspend=y,address=localhost:46663 -Djava.library.path=/home/martin/sources/za.co.ntier.twilio/src/za/ntier/mesibo/linux-x86_64 -javaagent:/home/martin/Software/eclipse-jee-2023-12-R-linux-gtk-x86_64/eclipse/configuration/org.eclipse.osgi/428/0/.cp/lib/javaagent-shaded.jar -Dfile.encoding=UTF-8 -Dstdout.encoding=UTF-8 -Dstderr.encoding=UTF-8 
java_command: za.ntier.mesibo.MesiboExample
java_class_path (initial): /home/martin/sources/za.co.ntier.twilio/lib/javacpp.jar:/home/martin/sources/za.co.ntier.twilio/lib/gson.jar:/home/martin/sources/idempiere/.metadata/.plugins/org.eclipse.pde.core/.bundle_pool/plugins/org.osgi.annotation.versioning_1.1.2.202109301733.jar:/home/martin/sources/idempiere/.metadata/.plugins/org.eclipse.pde.core/.bundle_pool/plugins/org.osgi.annotation.bundle_2.0.0.202202082230.jar:/home/martin/sources/idempiere/.metadata/.plugins/org.eclipse.pde.core/.bundle_pool/plugins/org.osgi.service.component.annotations_1.5.1.202212101352.jar:/home/martin/sources/idempiere/.metadata/.plugins/org.eclipse.pde.core/.bundle_pool/plugins/org.osgi.service.metatype.annotations_1.4.1.202109301733.jar:/home/martin/sources/idempiere/.metadata/.plugins/org.eclipse.pde.core/.bundle_pool/plugins/org.eclipse.equinox.app_1.6.200.v20220720-2012.jar:/home/martin/.m2/repository/org/passay/passay/1.6.1/passay-1.6.1.jar:/home/martin/.m2/repository/org/cryptacular/cryptacular/1.2.4/cryptacular-1.2.4.jar:/home/martin/.m2/repository/net/sf/supercsv/super-csv/2.4.0/super-csv-2.4.0.jar:/home/martin/.m2/repository/org/bouncycastle/bcprov-jdk18on/1.72/bcprov-jdk18on-1.72.jar:/home/martin/sources/idempiere/.metadata/.plugins/org.eclipse.pde.core/.bundle_pool/plugins/org.krysalis.barcode4j_2.1.0.jar:/home/martin/.m2/repository/org/codehaus/groovy/groovy/3.0.8/groovy-3.0.8.jar:/home/martin/.m2/repository/org/codehaus/groovy/groovy-console/3.0.8/groovy-console-3.0.8.jar:/home/martin/.m2/repository/org/codehaus/groovy/groovy-datetime/3.0.8/groovy-datetime-3.0.8.jar:/home/martin/.m2/repository/org/codehaus/groovy/groovy-json/3.0.8/groovy-json-3.0.8.jar:/home/martin/.m2/repository/org/codehaus/groovy/groovy-jsr223/3.0.8/groovy-jsr223-3.0.8.jar:/home/martin/.m2/repository/org/codehaus/groovy/groovy-nio/3.0.8/groovy-nio-3.0.8.jar:/home/martin/.m2/repository/org/codehaus/groovy/groovy-sql/3.0.8/groovy-sql-3.0.8.jar:/home/martin/.m2/repository/org/codehaus/groovy/groovy-xm
Launcher Type: SUN_STANDARD

[Global flags]
     intx CICompilerCount                          = 4                                         {product} {ergonomic}
     uint ConcGCThreads                            = 2                                         {product} {ergonomic}
     uint G1ConcRefinementThreads                  = 8                                         {product} {ergonomic}
   size_t G1HeapRegionSize                         = 4194304                                   {product} {ergonomic}
    uintx GCDrainStackTargetSize                   = 64                                        {product} {ergonomic}
   size_t InitialHeapSize                          = 327155712                                 {product} {ergonomic}
   size_t MarkStackSize                            = 4194304                                   {product} {ergonomic}
   size_t MaxHeapSize                              = 5205131264                                {product} {ergonomic}
   size_t MaxNewSize                               = 3120562176                                {product} {ergonomic}
   size_t MinHeapDeltaBytes                        = 4194304                                   {product} {ergonomic}
   size_t MinHeapSize                              = 8388608                                   {product} {ergonomic}
    uintx NonNMethodCodeHeapSize                   = 5839372                                {pd product} {ergonomic}
    uintx NonProfiledCodeHeapSize                  = 122909434                              {pd product} {ergonomic}
    uintx ProfiledCodeHeapSize                     = 122909434                              {pd product} {ergonomic}
    uintx ReservedCodeCacheSize                    = 251658240                              {pd product} {ergonomic}
     bool SegmentedCodeCache                       = true                                      {product} {ergonomic}
     bool ShowCodeDetailsInExceptionMessages       = true                                   {manageable} {command line}
   size_t SoftMaxHeapSize                          = 5205131264                             {manageable} {ergonomic}
     bool UseCompressedClassPointers               = true                           {product lp64_product} {ergonomic}
     bool UseCompressedOops                        = true                           {product lp64_product} {ergonomic}
     bool UseG1GC                                  = true                                      {product} {ergonomic}

Logging:
Log output configuration:
 #0: stdout all=warning uptime,level,tags
 #1: stderr all=off uptime,level,tags

Environment Variables:
JAVA_HOME=/usr/lib/jvm/java-1.17.0-openjdk-amd64
PATH=/home/martin/.local/bin:/opt/maven/bin:/usr/local/sbin:/usr/local/bin:/usr/sbin:/usr/bin:/sbin:/bin:/usr/games:/usr/local/games:/snap/bin:/snap/bin
USERNAME=martin
SHELL=/bin/bash
DISPLAY=:1
LANG=en_ZA.UTF-8
TERM=xterm-256color

Active Locale:
LC_ALL=en_ZA.UTF-8
LC_COLLATE=en_ZA.UTF-8
LC_CTYPE=en_ZA.UTF-8
LC_MESSAGES=en_ZA.UTF-8
LC_MONETARY=en_ZA.UTF-8
LC_NUMERIC=en_ZA.UTF-8
LC_TIME=en_ZA.UTF-8

Signal Handlers:
   SIGSEGV: crash_handler in libjvm.so, mask=11100100010111111101111111111110, flags=SA_RESTART|SA_SIGINFO, unblocked
    SIGBUS: crash_handler in libjvm.so, mask=11100100010111111101111111111110, flags=SA_RESTART|SA_SIGINFO, unblocked
    SIGFPE: crash_handler in libjvm.so, mask=11100100010111111101111111111110, flags=SA_RESTART|SA_SIGINFO, unblocked
   SIGPIPE: 0x00007c9154cac51c in libmesibo.so+705820, mask=00000000000000000000000000000000, flags=none, blocked
  *** Handler was modified!
  *** Expected: javaSignalHandler in libjvm.so, mask=11100100110111111111111111111110, flags=SA_RESTART|SA_SIGINFO
   SIGXFSZ: javaSignalHandler in libjvm.so, mask=11100100010111111101111111111110, flags=SA_RESTART|SA_SIGINFO, blocked
    SIGILL: crash_handler in libjvm.so, mask=11100100010111111101111111111110, flags=SA_RESTART|SA_SIGINFO, unblocked
   SIGUSR2: 0x00007c9154cac51c in libmesibo.so+705820, mask=00000000000000000000000000000000, flags=none, blocked
  *** Handler was modified!
  *** Expected: SR_handler in libjvm.so, mask=00100000000000000000000000000000, flags=SA_RESTART|SA_SIGINFO
    SIGHUP: UserHandler in libjvm.so, mask=11100100010111111101111111111110, flags=SA_RESTART|SA_SIGINFO, blocked
    SIGINT: UserHandler in libjvm.so, mask=11100100010111111101111111111110, flags=SA_RESTART|SA_SIGINFO, blocked
   SIGTERM: UserHandler in libjvm.so, mask=11100100010111111101111111111110, flags=SA_RESTART|SA_SIGINFO, blocked
   SIGQUIT: UserHandler in libjvm.so, mask=11100100010111111101111111111110, flags=SA_RESTART|SA_SIGINFO, blocked
   SIGTRAP: crash_handler in libjvm.so, mask=11100100010111111101111111111110, flags=SA_RESTART|SA_SIGINFO, unblocked


Periodic native trim disabled


---------------  S Y S T E M  ---------------

OS:
DISTRIB_ID=Ubuntu
DISTRIB_RELEASE=22.04
DISTRIB_CODENAME=jammy
DISTRIB_DESCRIPTION="Ubuntu 22.04.4 LTS"
uname: Linux 6.8.0-48-generic #48~22.04.1-Ubuntu SMP PREEMPT_DYNAMIC Mon Oct  7 11:24:13 UTC 2 x86_64
OS uptime: 1 days 19:43 hours
libc: glibc 2.35 NPTL 2.35 
rlimit (soft/hard): STACK 8192k/infinity , CORE 0k/infinity , NPROC 79103/79103 , NOFILE 1048576/1048576 , AS infinity/infinity , CPU infinity/infinity , DATA infinity/infinity , FSIZE infinity/infinity , MEMLOCK 2541040k/2541040k
load average: 7.09 2.91 1.47

/proc/meminfo:
MemTotal:       20328344 kB
MemFree:          532364 kB
MemAvailable:    7745632 kB
Buffers:          781728 kB
Cached:          8157500 kB
SwapCached:            0 kB
Active:         10529056 kB
Inactive:        6404608 kB
Active(anon):    8627860 kB
Inactive(anon):  1236912 kB
Active(file):    1901196 kB
Inactive(file):  5167696 kB
Unevictable:     1646640 kB
Mlocked:              80 kB
SwapTotal:             0 kB
SwapFree:              0 kB
Zswap:                 0 kB
Zswapped:              0 kB
Dirty:              1108 kB
Writeback:             0 kB
AnonPages:       9641280 kB
Mapped:          1341212 kB
Shmem:           1870336 kB
KReclaimable:     514496 kB
Slab:             840872 kB
SReclaimable:     514496 kB
SUnreclaim:       326376 kB
KernelStack:       33436 kB
PageTables:       108640 kB
SecPageTables:         0 kB
NFS_Unstable:          0 kB
Bounce:                0 kB
WritebackTmp:          0 kB
CommitLimit:    10164172 kB
Committed_AS:   38404216 kB
VmallocTotal:   34359738367 kB
VmallocUsed:      133356 kB
VmallocChunk:          0 kB
Percpu:            12320 kB
HardwareCorrupted:     0 kB
AnonHugePages:         0 kB
ShmemHugePages:  1443840 kB
ShmemPmdMapped:        0 kB
FileHugePages:         0 kB
FilePmdMapped:         0 kB
Unaccepted:            0 kB
HugePages_Total:       0
HugePages_Free:        0
HugePages_Rsvd:        0
HugePages_Surp:        0
Hugepagesize:       2048 kB
Hugetlb:               0 kB
DirectMap4k:      722596 kB
DirectMap2M:    17999872 kB
DirectMap1G:     2097152 kB

/sys/kernel/mm/transparent_hugepage/enabled: always [madvise] never
/sys/kernel/mm/transparent_hugepage/hpage_pmd_size: 2097152
/sys/kernel/mm/transparent_hugepage/defrag (defrag/compaction efforts parameter): always defer defer+madvise [madvise] never

Process Memory:
Virtual Size: 8867404K (peak: 8928820K)
Resident Set Size: 102580K (peak: 102580K) (anon: 77020K, file: 25560K, shmem: 0K)
Swapped out: 0K
C-Heap outstanding allocations: 44437K, retained: 7498K
glibc malloc tunables: (default)

/proc/sys/kernel/threads-max (system-wide limit on the number of threads): 158207
/proc/sys/vm/max_map_count (maximum number of memory map areas a process may have): 65530
/proc/sys/vm/swappiness (control to define how aggressively the kernel swaps out anonymous memory): 60
/proc/sys/kernel/pid_max (system-wide limit on number of process identifiers): 4194304

container (cgroup) information:
container_type: cgroupv2
cpu_cpuset_cpus: not supported
cpu_memory_nodes: not supported
active_processor_count: 8
cpu_quota: not supported
cpu_period: not supported
cpu_shares: not supported
memory_limit_in_bytes: unlimited
memory_and_swap_limit_in_bytes: unlimited
memory_soft_limit_in_bytes: unlimited
memory_usage_in_bytes: 2926416 k
memory_max_usage_in_bytes: not supported
memory_swap_current_in_bytes: unlimited
memory_swap_max_limit_in_bytes: unlimited
maximum number of tasks: 23731
current number of tasks: 210

Steal ticks since vm start: 0
Steal ticks percentage since vm start:  0.000

CPU: total 8 (initial active 8) (4 cores per cpu, 2 threads per core) family 6 model 142 stepping 11 microcode 0xf6, cx8, cmov, fxsr, ht, mmx, 3dnowpref, sse, sse2, sse3, ssse3, sse4.1, sse4.2, popcnt, lzcnt, tsc, tscinvbit, avx, avx2, aes, erms, clmul, bmi1, bmi2, adx, fma, vzeroupper, clflush, clflushopt
CPU Model and flags from /proc/cpuinfo:
model name	: Intel(R) Core(TM) i7-8565U CPU @ 1.80GHz
flags		: fpu vme de pse tsc msr pae mce cx8 apic sep mtrr pge mca cmov pat pse36 clflush dts acpi mmx fxsr sse sse2 ss ht tm pbe syscall nx pdpe1gb rdtscp lm constant_tsc art arch_perfmon pebs bts rep_good nopl xtopology nonstop_tsc cpuid aperfmperf pni pclmulqdq dtes64 monitor ds_cpl vmx est tm2 ssse3 sdbg fma cx16 xtpr pdcm pcid sse4_1 sse4_2 x2apic movbe popcnt tsc_deadline_timer aes xsave avx f16c rdrand lahf_lm abm 3dnowprefetch cpuid_fault epb ssbd ibrs ibpb stibp tpr_shadow flexpriority ept vpid ept_ad fsgsbase tsc_adjust bmi1 avx2 smep bmi2 erms invpcid mpx rdseed adx smap clflushopt intel_pt xsaveopt xsavec xgetbv1 xsaves dtherm ida arat pln pts hwp hwp_notify hwp_act_window hwp_epp vnmi md_clear flush_l1d arch_capabilities

Online cpus: 0-7
Offline cpus: 
BIOS frequency limitation: <Not Available>
Frequency switch latency (ns): 0
Available cpu frequencies: <Not Available>
Current governor: powersave
Core performance/turbo boost: <Not Available>

Memory: 4k page, physical 20328344k(532364k free), swap 0k(0k free)
Page Sizes: 4k

vm_info: OpenJDK 64-Bit Server VM (17.0.12+7-Ubuntu-1ubuntu222.04) for linux-amd64 JRE (17.0.12+7-Ubuntu-1ubuntu222.04), built on Jul 21 2024 21:22:32 by "buildd" with gcc 11.4.0

END.
