#
# A fatal error has been detected by the Java Runtime Environment:
#
#  SIGSEGV (0xb) at pc=0x000076e93d265ade, pid=268480, tid=268486
#
# JRE version: OpenJDK Runtime Environment (17.0.12+7) (build 17.0.12+7-Ubuntu-1ubuntu222.04)
# Java VM: OpenJDK 64-Bit Server VM (17.0.12+7-Ubuntu-1ubuntu222.04, mixed mode, sharing, tiered, compressed oops, compressed class ptrs, g1 gc, linux-amd64)
# Problematic frame:
# C  [libmesibo.so+0x65ade]
#
# Core dump will be written. Default location: Core dumps may be processed with "/usr/share/apport/apport -p%p -s%s -c%c -d%d -P%P -u%u -g%g -- %E" (or dumping to /home/martin/sources/za.co.ntier.twilio/core.268480)
#
# If you would like to submit a bug report, please visit:
#   https://bugs.launchpad.net/ubuntu/+source/openjdk-17
# The crash happened outside the Java Virtual Machine in native code.
# See problematic frame for where to report the bug.
#

---------------  S U M M A R Y ------------

Command Line: -XX:+ShowCodeDetailsInExceptionMessages -agentlib:jdwp=transport=dt_socket,suspend=y,address=localhost:42047 -Djava.library.path=/home/martin/sources/za.co.ntier.twilio/src/za/ntier/mesibo/linux-x86_64 -javaagent:/home/martin/Software/eclipse-jee-2023-12-R-linux-gtk-x86_64/eclipse/configuration/org.eclipse.osgi/428/0/.cp/lib/javaagent-shaded.jar -Dfile.encoding=UTF-8 -Dstdout.encoding=UTF-8 -Dstderr.encoding=UTF-8 za.ntier.mesibo.MesiboExample

Host: Intel(R) Core(TM) i7-8565U CPU @ 1.80GHz, 8 cores, 19G, Ubuntu 22.04.4 LTS
Time: Sun Nov 10 07:17:00 2024 SAST elapsed time: 0.516930 seconds (0d 0h 0m 0s)

---------------  T H R E A D  ---------------

Current thread (0x000076e96801ab50):  JavaThread "main" [_thread_in_native, id=268486, stack(0x000076e96db00000,0x000076e96dc00000)]

Stack: [0x000076e96db00000,0x000076e96dc00000],  sp=0x000076e96dbfe750,  free space=1017k
Native frames: (J=compiled Java code, j=interpreted, Vv=VM code, C=native code)
C  [libmesibo.so+0x65ade]
C  [libmesibo.so+0x6e4df]
C  [libmesibo.so+0xae4e5]
C  [libmesibo.so+0xb719c]
C  [libmesibo.so+0x666ea]

Java frames: (J=compiled Java code, j=interpreted, Vv=VM code)
j  za.ntier.mesibo.MesiboLibrary$Mesibo.start()I+0
j  za.ntier.mesibo.MesiboExample.main([Ljava/lang/String;)V+48
v  ~StubRoutines::call_stub

siginfo: si_signo: 11 (SIGSEGV), si_code: 1 (SEGV_MAPERR), si_addr: 0x0000000000000000

Registers:
RAX=0x0000000000000000, RBX=0x00000000000418c6, RCX=0x0000000000000000, RDX=0x0000000000000000
RSP=0x000076e96dbfe750, RBP=0x000076e96dbfe770, RSI=0x0000000000000004, RDI=0x000076e968852310
R8 =0x0000000000000000, R9 =0x0000000000000000, R10=0x0000000000000000, R11=0x0000000000000000
R12=0x00000000000418c6, R13=0x000076e8e349bd60, R14=0x000076e96dbfe8f8, R15=0x000076e96801ab50
RIP=0x000076e93d265ade, EFLAGS=0x0000000000010297, CSGSFS=0x002b000000000033, ERR=0x0000000000000004
  TRAPNO=0x000000000000000e


Register to memory mapping:

RAX=0x0 is NULL
RBX=0x00000000000418c6 is an unknown value
RCX=0x0 is NULL
RDX=0x0 is NULL
RSP=0x000076e96dbfe750 is pointing into the stack for thread: 0x000076e96801ab50
RBP=0x000076e96dbfe770 is pointing into the stack for thread: 0x000076e96801ab50
RSI=0x0000000000000004 is an unknown value
RDI=0x000076e968852310 points into unknown readable memory: 0x000076e93d8eec70 | 70 ec 8e 3d e9 76 00 00
R8 =0x0 is NULL
R9 =0x0 is NULL
R10=0x0 is NULL
R11=0x0 is NULL
R12=0x00000000000418c6 is an unknown value
R13={method} {0x000076e8e349bd60} 'start' '()I' in 'za/ntier/mesibo/MesiboLibrary$Mesibo'
R14=0x000076e96dbfe8f8 is pointing into the stack for thread: 0x000076e96801ab50
R15=0x000076e96801ab50 is a thread


Top of Stack: (sp=0x000076e96dbfe750)
0x000076e96dbfe750:   0000000000000000 000076003d2de407
0x000076e96dbfe760:   0000000400000000 000076e968852310
0x000076e96dbfe770:   000076e96dbfe7a0 000076e93d26e4df
0x000076e96dbfe780:   0000000000000000 0000760068864838
0x000076e96dbfe790:   0000000400000000 000076e968864830
0x000076e96dbfe7a0:   000076e96dbfe7d0 000076e93d2ae4e5
0x000076e96dbfe7b0:   0000760400000000 000076e968864838
0x000076e96dbfe7c0:   000000106dbfe7d0 0000000000000000
0x000076e96dbfe7d0:   000076e96dbfe830 000076e93d2b719c
0x000076e96dbfe7e0:   000076e96801ab50 000076e968864838
0x000076e96dbfe7f0:   000076e96dbfe840 000076e96801a840
0x000076e96dbfe800:   0000001c00000053 000076e9673041cc
0x000076e96dbfe810:   000076e96dbfe8f8 000076e968852320
0x000076e96dbfe820:   000076e96dbfe8f8 000076e8e349bd60
0x000076e96dbfe830:   000076e96dbfe850 000076e93d2666ea
0x000076e96dbfe840:   000076e96dbfe870 000076e968852310
0x000076e96dbfe850:   000076e96801ae00 000076e96da3d09a
0x000076e96dbfe860:   000076e8e349bd60 000076e96dbfe8d8
0x000076e96dbfe870:   0000000000000000 000076e9589479c7
0x000076e96dbfe880:   0000000000000000 000076e958947416
0x000076e96dbfe890:   000076e96dbfe890 000076e8e349bd60
0x000076e96dbfe8a0:   000076e96dbfe8f8 000076e8e34a50c8
0x000076e96dbfe8b0:   0000000000000000 00000006dcf01fa0
0x000076e96dbfe8c0:   000076e8e349bd60 0000000000000000
0x000076e96dbfe8d0:   000076e96dbfe8f8 000076e96dbfe948
0x000076e96dbfe8e0:   000076e958940d44 0000000000000000
0x000076e96dbfe8f0:   000076e958944016 00000006dcf0a320
0x000076e96dbfe900:   000076e96dbfe900 000076e8e343e990
0x000076e96dbfe910:   000076e96dbfe988 000076e8e343eb50
0x000076e96dbfe920:   0000000000000000 00000006dd33a6d0
0x000076e96dbfe930:   000076e8e343ea58 000076e96dbfe8f8
0x000076e96dbfe940:   000076e96dbfe988 000076e96dbfe9f0 

Instructions: (pc=0x000076e93d265ade)
0x000076e93d2659de:   89 7d b8 48 89 75 b0 48 89 55 a8 89 4d a4 44 89
0x000076e93d2659ee:   45 a0 48 8b 45 b8 48 8b 40 20 48 85 c0 75 07 bb
0x000076e93d2659fe:   00 00 00 00 eb 5d 48 8b 45 b0 8b 50 3c 48 8b 4d
0x000076e93d265a0e:   a8 48 8d 45 c0 48 89 ce 48 89 c7 e8 bc 3c 00 00
0x000076e93d265a1e:   8b 45 a4 89 45 c8 8b 45 a0 89 45 cc 48 8b 45 b8
0x000076e93d265a2e:   48 8b 50 20 48 8b 45 b8 48 8b 40 20 48 8b 00 48
0x000076e93d265a3e:   83 c0 28 48 8b 00 48 8d 4d c0 48 89 ce 48 89 d7
0x000076e93d265a4e:   ff d0 bb 00 00 00 00 48 8d 45 c0 48 89 c7 e8 fb
0x000076e93d265a5e:   3c 00 00 89 d8 eb 1a 48 89 c3 48 8d 45 c0 48 89
0x000076e93d265a6e:   c7 e8 e8 3c 00 00 48 89 d8 48 89 c7 e8 c1 d3 ff
0x000076e93d265a7e:   ff 48 83 c4 58 5b 5d c3 55 48 89 e5 48 89 7d f8
0x000076e93d265a8e:   48 89 75 f0 48 89 55 e8 48 89 4d e0 4c 89 45 d8
0x000076e93d265a9e:   b8 00 00 00 00 5d c3 90 55 48 89 e5 48 83 ec 20
0x000076e93d265aae:   48 89 7d f8 89 75 f4 89 55 f0 89 c8 4c 89 45 e0
0x000076e93d265abe:   88 45 ec 83 7d f4 0b 75 07 b8 00 00 00 00 eb 25
0x000076e93d265ace:   48 8b 45 f8 48 8b 50 20 48 8b 45 f8 48 8b 40 20
0x000076e93d265ade:   48 8b 00 48 83 c0 30 48 8b 00 8b 4d f4 89 ce 48
0x000076e93d265aee:   89 d7 ff d0 90 c9 c3 90 55 48 89 e5 48 89 7d f8
0x000076e93d265afe:   89 75 f4 89 55 f0 48 89 4d e8 90 5d c3 90 55 48
0x000076e93d265b0e:   89 e5 48 83 ec 20 48 89 7d f8 48 89 75 f0 89 55
0x000076e93d265b1e:   ec 48 8b 45 f8 48 8b 48 20 48 8b 45 f8 48 8b 40
0x000076e93d265b2e:   20 48 8b 00 48 83 c0 38 48 8b 00 8b 55 ec 48 8b
0x000076e93d265b3e:   75 f0 48 89 cf ff d0 90 c9 c3 55 48 89 e5 48 89
0x000076e93d265b4e:   7d f8 48 89 75 f0 48 89 55 e8 b8 00 00 00 00 5d
0x000076e93d265b5e:   c3 90 55 48 89 e5 48 89 7d f8 89 75 f4 48 89 55
0x000076e93d265b6e:   e8 48 89 4d e0 4c 89 45 d8 44 89 4d f0 b8 00 00
0x000076e93d265b7e:   00 00 5d c3 55 48 89 e5 48 89 7d f8 48 89 75 f0
0x000076e93d265b8e:   b8 00 00 00 00 5d c3 90 55 48 89 e5 48 89 7d f8
0x000076e93d265b9e:   48 89 75 f0 b8 00 00 00 00 5d c3 90 55 48 89 e5
0x000076e93d265bae:   48 89 7d f8 48 89 75 f0 89 55 ec 89 4d e8 b8 00
0x000076e93d265bbe:   00 00 00 5d c3 90 55 48 89 e5 48 89 7d f8 89 75
0x000076e93d265bce:   f4 48 89 55 e8 48 89 4d e0 4c 89 45 d8 b8 00 00 


Stack slot to memory mapping:
stack at sp + 0 slots: 0x0 is NULL
stack at sp + 1 slots: 0x000076003d2de407 is an unknown value
stack at sp + 2 slots: 0x0000000400000000 is an unknown value
stack at sp + 3 slots: 0x000076e968852310 points into unknown readable memory: 0x000076e93d8eec70 | 70 ec 8e 3d e9 76 00 00
stack at sp + 4 slots: 0x000076e96dbfe7a0 is pointing into the stack for thread: 0x000076e96801ab50
stack at sp + 5 slots: 0x000076e93d26e4df: <offset 0x000000000006e4df> in /lib/libmesibo.so at 0x000076e93d200000
stack at sp + 6 slots: 0x0 is NULL
stack at sp + 7 slots: 0x0000760068864838 is an unknown value


---------------  P R O C E S S  ---------------

Threads class SMR info:
_java_thread_list=0x000076e9687e7920, length=16, elements={
0x000076e96801ab50, 0x000076e968148a40, 0x000076e968149e30, 0x000076e96814f4c0,
0x000076e968150880, 0x000076e968151ca0, 0x000076e968153660, 0x000076e968154ba0,
0x000076e96815e010, 0x000076e968171830, 0x000076e9681b87f0, 0x000076e9681bb8a0,
0x000076e8a0001120, 0x000076e8b00b50a0, 0x000076e96873b540, 0x000076e9687e6df0
}

Java Threads: ( => current thread )
=>0x000076e96801ab50 JavaThread "main" [_thread_in_native, id=268486, stack(0x000076e96db00000,0x000076e96dc00000)]
  0x000076e968148a40 JavaThread "Reference Handler" daemon [_thread_blocked, id=268493, stack(0x000076e93f7f9000,0x000076e93f8f9000)]
  0x000076e968149e30 JavaThread "Finalizer" daemon [_thread_blocked, id=268494, stack(0x000076e93f6f9000,0x000076e93f7f9000)]
  0x000076e96814f4c0 JavaThread "Signal Dispatcher" daemon [_thread_blocked, id=268495, stack(0x000076e93f5f9000,0x000076e93f6f9000)]
  0x000076e968150880 JavaThread "Service Thread" daemon [_thread_blocked, id=268496, stack(0x000076e93ef00000,0x000076e93f000000)]
  0x000076e968151ca0 JavaThread "Monitor Deflation Thread" daemon [_thread_blocked, id=268497, stack(0x000076e93ee00000,0x000076e93ef00000)]
  0x000076e968153660 JavaThread "C2 CompilerThread0" daemon [_thread_in_native, id=268498, stack(0x000076e93ed00000,0x000076e93ee00000)]
  0x000076e968154ba0 JavaThread "C1 CompilerThread0" daemon [_thread_in_native, id=268499, stack(0x000076e93ec00000,0x000076e93ed00000)]
  0x000076e96815e010 JavaThread "Sweeper thread" daemon [_thread_blocked, id=268500, stack(0x000076e93eb00000,0x000076e93ec00000)]
  0x000076e968171830 JavaThread "Common-Cleaner" daemon [_thread_blocked, id=268501, stack(0x000076e93ea00000,0x000076e93eb00000)]
  0x000076e9681b87f0 JavaThread "JDWP Transport Listener: dt_socket" daemon [_thread_blocked, id=268503, stack(0x000076e93e900000,0x000076e93ea00000)]
  0x000076e9681bb8a0 JavaThread "JDWP Event Helper Thread" daemon [_thread_blocked, id=268506, stack(0x000076e93e800000,0x000076e93e900000)]
  0x000076e8a0001120 JavaThread "JDWP Command Reader" daemon [_thread_in_native, id=268507, stack(0x000076e93e700000,0x000076e93e800000)]
  0x000076e8b00b50a0 JavaThread "C2 CompilerThread1" daemon [_thread_in_native, id=268509, stack(0x000076e93e600000,0x000076e93e700000)]
  0x000076e96873b540 JavaThread "Notification Thread" daemon [_thread_blocked, id=268516, stack(0x000076e93defa000,0x000076e93dffa000)]
  0x000076e9687e6df0 JavaThread "JavaCPP Deallocator" daemon [_thread_blocked, id=268518, stack(0x000076e93dcf9000,0x000076e93ddf9000)]

Other Threads:
  0x000076e968144980 VMThread "VM Thread" [stack: 0x000076e93f8fa000,0x000076e93f9fa000] [id=268492]
  0x000076e96801d410 WatcherThread [stack: 0x000076e93ddfa000,0x000076e93defa000] [id=268517]
  0x000076e968090b20 GCTaskThread "GC Thread#0" [stack: 0x000076e96c300000,0x000076e96c400000] [id=268487]
  0x000076e8dc005f30 GCTaskThread "GC Thread#1" [stack: 0x000076e93e500000,0x000076e93e600000] [id=268510]
  0x000076e8dc006940 GCTaskThread "GC Thread#2" [stack: 0x000076e93e3ff000,0x000076e93e4ff000] [id=268511]
  0x000076e8dc007740 GCTaskThread "GC Thread#3" [stack: 0x000076e93e2fe000,0x000076e93e3fe000] [id=268512]
  0x000076e8dc008540 GCTaskThread "GC Thread#4" [stack: 0x000076e93e1fd000,0x000076e93e2fd000] [id=268513]
  0x000076e8dc009340 GCTaskThread "GC Thread#5" [stack: 0x000076e93e0fc000,0x000076e93e1fc000] [id=268514]
  0x000076e8dc00a170 GCTaskThread "GC Thread#6" [stack: 0x000076e93dffb000,0x000076e93e0fb000] [id=268515]
  0x000076e96809bc40 ConcurrentGCThread "G1 Main Marker" [stack: 0x000076e96c1ff000,0x000076e96c2ff000] [id=268488]
  0x000076e96809cbb0 ConcurrentGCThread "G1 Conc#0" [stack: 0x000076e96c0fe000,0x000076e96c1fe000] [id=268489]
  0x000076e96811ac90 ConcurrentGCThread "G1 Refine#0" [stack: 0x000076e93fafc000,0x000076e93fbfc000] [id=268490]
  0x000076e96811bb90 ConcurrentGCThread "G1 Service" [stack: 0x000076e93f9fb000,0x000076e93fafb000] [id=268491]

Threads with active compile tasks:
C2 CompilerThread0      519  941       4       org.eclipse.jdt.launching.internal.org.objectweb.asm.ClassReader::readUtf (44 bytes)
C1 CompilerThread0      519  964       3       org.eclipse.jdt.launching.internal.org.objectweb.asm.ClassReader::readMethod (1066 bytes)
C2 CompilerThread1      519  946       4       java.util.HashMap::put (13 bytes)

VM state: not at safepoint (normal execution)

VM Mutex/Monitor currently owned by a thread: None

Heap address: 0x00000006c9c00000, size: 4964 MB, Compressed Oops mode: Zero based, Oop shift amount: 3

CDS archive(s) mapped at: [0x000076e8e7000000-0x000076e8e7bc4000-0x000076e8e7bc4000), size 12337152, SharedBaseAddress: 0x000076e8e7000000, ArchiveRelocationMode: 1.
Compressed class space mapped at: 0x000076e8e8000000-0x000076e928000000, reserved size: 1073741824
Narrow klass base: 0x000076e8e7000000, Narrow klass shift: 0, Narrow klass range: 0x100000000

GC Precious Log:
 CPUs: 8 total, 8 available
 Memory: 19851M
 Large Page Support: Disabled
 NUMA Support: Disabled
 Compressed Oops: Enabled (Zero based)
 Heap Region Size: 4M
 Heap Min Capacity: 8M
 Heap Initial Capacity: 312M
 Heap Max Capacity: 4964M
 Pre-touch: Disabled
 Parallel Workers: 8
 Concurrent Workers: 2
 Concurrent Refinement Workers: 8
 Periodic GC: Disabled

Heap:
 garbage-first heap   total 327680K, used 14520K [0x00000006c9c00000, 0x0000000800000000)
  region size 4096K, 3 young (12288K), 1 survivors (4096K)
 Metaspace       used 4175K, committed 4288K, reserved 1114112K
  class space    used 373K, committed 384K, reserved 1048576K

Heap Regions: E=young(eden), S=young(survivor), O=old, HS=humongous(starts), HC=humongous(continues), CS=collection set, F=free, OA=open archive, CA=closed archive, TAMS=top-at-mark-start (previous, next)
|   0|0x00000006c9c00000, 0x00000006c9e42000, 0x00000006ca000000| 56%| O|  |TAMS 0x00000006c9c00000, 0x00000006c9c00000| Untracked 
|   1|0x00000006ca000000, 0x00000006ca000000, 0x00000006ca400000|  0%| F|  |TAMS 0x00000006ca000000, 0x00000006ca000000| Untracked 
|   2|0x00000006ca400000, 0x00000006ca400000, 0x00000006ca800000|  0%| F|  |TAMS 0x00000006ca400000, 0x00000006ca400000| Untracked 
|   3|0x00000006ca800000, 0x00000006ca800000, 0x00000006cac00000|  0%| F|  |TAMS 0x00000006ca800000, 0x00000006ca800000| Untracked 
|   4|0x00000006cac00000, 0x00000006cac00000, 0x00000006cb000000|  0%| F|  |TAMS 0x00000006cac00000, 0x00000006cac00000| Untracked 
|   5|0x00000006cb000000, 0x00000006cb000000, 0x00000006cb400000|  0%| F|  |TAMS 0x00000006cb000000, 0x00000006cb000000| Untracked 
|   6|0x00000006cb400000, 0x00000006cb400000, 0x00000006cb800000|  0%| F|  |TAMS 0x00000006cb400000, 0x00000006cb400000| Untracked 
|   7|0x00000006cb800000, 0x00000006cb800000, 0x00000006cbc00000|  0%| F|  |TAMS 0x00000006cb800000, 0x00000006cb800000| Untracked 
|   8|0x00000006cbc00000, 0x00000006cbc00000, 0x00000006cc000000|  0%| F|  |TAMS 0x00000006cbc00000, 0x00000006cbc00000| Untracked 
|   9|0x00000006cc000000, 0x00000006cc000000, 0x00000006cc400000|  0%| F|  |TAMS 0x00000006cc000000, 0x00000006cc000000| Untracked 
|  10|0x00000006cc400000, 0x00000006cc400000, 0x00000006cc800000|  0%| F|  |TAMS 0x00000006cc400000, 0x00000006cc400000| Untracked 
|  11|0x00000006cc800000, 0x00000006cc800000, 0x00000006ccc00000|  0%| F|  |TAMS 0x00000006cc800000, 0x00000006cc800000| Untracked 
|  12|0x00000006ccc00000, 0x00000006ccc00000, 0x00000006cd000000|  0%| F|  |TAMS 0x00000006ccc00000, 0x00000006ccc00000| Untracked 
|  13|0x00000006cd000000, 0x00000006cd000000, 0x00000006cd400000|  0%| F|  |TAMS 0x00000006cd000000, 0x00000006cd000000| Untracked 
|  14|0x00000006cd400000, 0x00000006cd400000, 0x00000006cd800000|  0%| F|  |TAMS 0x00000006cd400000, 0x00000006cd400000| Untracked 
|  15|0x00000006cd800000, 0x00000006cd800000, 0x00000006cdc00000|  0%| F|  |TAMS 0x00000006cd800000, 0x00000006cd800000| Untracked 
|  16|0x00000006cdc00000, 0x00000006cdc00000, 0x00000006ce000000|  0%| F|  |TAMS 0x00000006cdc00000, 0x00000006cdc00000| Untracked 
|  17|0x00000006ce000000, 0x00000006ce000000, 0x00000006ce400000|  0%| F|  |TAMS 0x00000006ce000000, 0x00000006ce000000| Untracked 
|  18|0x00000006ce400000, 0x00000006ce400000, 0x00000006ce800000|  0%| F|  |TAMS 0x00000006ce400000, 0x00000006ce400000| Untracked 
|  19|0x00000006ce800000, 0x00000006ce800000, 0x00000006cec00000|  0%| F|  |TAMS 0x00000006ce800000, 0x00000006ce800000| Untracked 
|  20|0x00000006cec00000, 0x00000006cec00000, 0x00000006cf000000|  0%| F|  |TAMS 0x00000006cec00000, 0x00000006cec00000| Untracked 
|  21|0x00000006cf000000, 0x00000006cf000000, 0x00000006cf400000|  0%| F|  |TAMS 0x00000006cf000000, 0x00000006cf000000| Untracked 
|  22|0x00000006cf400000, 0x00000006cf400000, 0x00000006cf800000|  0%| F|  |TAMS 0x00000006cf400000, 0x00000006cf400000| Untracked 
|  23|0x00000006cf800000, 0x00000006cf800000, 0x00000006cfc00000|  0%| F|  |TAMS 0x00000006cf800000, 0x00000006cf800000| Untracked 
|  24|0x00000006cfc00000, 0x00000006cfc00000, 0x00000006d0000000|  0%| F|  |TAMS 0x00000006cfc00000, 0x00000006cfc00000| Untracked 
|  25|0x00000006d0000000, 0x00000006d0000000, 0x00000006d0400000|  0%| F|  |TAMS 0x00000006d0000000, 0x00000006d0000000| Untracked 
|  26|0x00000006d0400000, 0x00000006d0400000, 0x00000006d0800000|  0%| F|  |TAMS 0x00000006d0400000, 0x00000006d0400000| Untracked 
|  27|0x00000006d0800000, 0x00000006d0800000, 0x00000006d0c00000|  0%| F|  |TAMS 0x00000006d0800000, 0x00000006d0800000| Untracked 
|  28|0x00000006d0c00000, 0x00000006d0c00000, 0x00000006d1000000|  0%| F|  |TAMS 0x00000006d0c00000, 0x00000006d0c00000| Untracked 
|  29|0x00000006d1000000, 0x00000006d1000000, 0x00000006d1400000|  0%| F|  |TAMS 0x00000006d1000000, 0x00000006d1000000| Untracked 
|  30|0x00000006d1400000, 0x00000006d1400000, 0x00000006d1800000|  0%| F|  |TAMS 0x00000006d1400000, 0x00000006d1400000| Untracked 
|  31|0x00000006d1800000, 0x00000006d1800000, 0x00000006d1c00000|  0%| F|  |TAMS 0x00000006d1800000, 0x00000006d1800000| Untracked 
|  32|0x00000006d1c00000, 0x00000006d1c00000, 0x00000006d2000000|  0%| F|  |TAMS 0x00000006d1c00000, 0x00000006d1c00000| Untracked 
|  33|0x00000006d2000000, 0x00000006d2000000, 0x00000006d2400000|  0%| F|  |TAMS 0x00000006d2000000, 0x00000006d2000000| Untracked 
|  34|0x00000006d2400000, 0x00000006d2400000, 0x00000006d2800000|  0%| F|  |TAMS 0x00000006d2400000, 0x00000006d2400000| Untracked 
|  35|0x00000006d2800000, 0x00000006d2800000, 0x00000006d2c00000|  0%| F|  |TAMS 0x00000006d2800000, 0x00000006d2800000| Untracked 
|  36|0x00000006d2c00000, 0x00000006d2c00000, 0x00000006d3000000|  0%| F|  |TAMS 0x00000006d2c00000, 0x00000006d2c00000| Untracked 
|  37|0x00000006d3000000, 0x00000006d3000000, 0x00000006d3400000|  0%| F|  |TAMS 0x00000006d3000000, 0x00000006d3000000| Untracked 
|  38|0x00000006d3400000, 0x00000006d3400000, 0x00000006d3800000|  0%| F|  |TAMS 0x00000006d3400000, 0x00000006d3400000| Untracked 
|  39|0x00000006d3800000, 0x00000006d3800000, 0x00000006d3c00000|  0%| F|  |TAMS 0x00000006d3800000, 0x00000006d3800000| Untracked 
|  40|0x00000006d3c00000, 0x00000006d3c00000, 0x00000006d4000000|  0%| F|  |TAMS 0x00000006d3c00000, 0x00000006d3c00000| Untracked 
|  41|0x00000006d4000000, 0x00000006d4000000, 0x00000006d4400000|  0%| F|  |TAMS 0x00000006d4000000, 0x00000006d4000000| Untracked 
|  42|0x00000006d4400000, 0x00000006d4400000, 0x00000006d4800000|  0%| F|  |TAMS 0x00000006d4400000, 0x00000006d4400000| Untracked 
|  43|0x00000006d4800000, 0x00000006d4800000, 0x00000006d4c00000|  0%| F|  |TAMS 0x00000006d4800000, 0x00000006d4800000| Untracked 
|  44|0x00000006d4c00000, 0x00000006d4c00000, 0x00000006d5000000|  0%| F|  |TAMS 0x00000006d4c00000, 0x00000006d4c00000| Untracked 
|  45|0x00000006d5000000, 0x00000006d5000000, 0x00000006d5400000|  0%| F|  |TAMS 0x00000006d5000000, 0x00000006d5000000| Untracked 
|  46|0x00000006d5400000, 0x00000006d5400000, 0x00000006d5800000|  0%| F|  |TAMS 0x00000006d5400000, 0x00000006d5400000| Untracked 
|  47|0x00000006d5800000, 0x00000006d5800000, 0x00000006d5c00000|  0%| F|  |TAMS 0x00000006d5800000, 0x00000006d5800000| Untracked 
|  48|0x00000006d5c00000, 0x00000006d5c00000, 0x00000006d6000000|  0%| F|  |TAMS 0x00000006d5c00000, 0x00000006d5c00000| Untracked 
|  49|0x00000006d6000000, 0x00000006d6000000, 0x00000006d6400000|  0%| F|  |TAMS 0x00000006d6000000, 0x00000006d6000000| Untracked 
|  50|0x00000006d6400000, 0x00000006d6400000, 0x00000006d6800000|  0%| F|  |TAMS 0x00000006d6400000, 0x00000006d6400000| Untracked 
|  51|0x00000006d6800000, 0x00000006d6800000, 0x00000006d6c00000|  0%| F|  |TAMS 0x00000006d6800000, 0x00000006d6800000| Untracked 
|  52|0x00000006d6c00000, 0x00000006d6c00000, 0x00000006d7000000|  0%| F|  |TAMS 0x00000006d6c00000, 0x00000006d6c00000| Untracked 
|  53|0x00000006d7000000, 0x00000006d7000000, 0x00000006d7400000|  0%| F|  |TAMS 0x00000006d7000000, 0x00000006d7000000| Untracked 
|  54|0x00000006d7400000, 0x00000006d7400000, 0x00000006d7800000|  0%| F|  |TAMS 0x00000006d7400000, 0x00000006d7400000| Untracked 
|  55|0x00000006d7800000, 0x00000006d7800000, 0x00000006d7c00000|  0%| F|  |TAMS 0x00000006d7800000, 0x00000006d7800000| Untracked 
|  56|0x00000006d7c00000, 0x00000006d7c00000, 0x00000006d8000000|  0%| F|  |TAMS 0x00000006d7c00000, 0x00000006d7c00000| Untracked 
|  57|0x00000006d8000000, 0x00000006d8000000, 0x00000006d8400000|  0%| F|  |TAMS 0x00000006d8000000, 0x00000006d8000000| Untracked 
|  58|0x00000006d8400000, 0x00000006d8400000, 0x00000006d8800000|  0%| F|  |TAMS 0x00000006d8400000, 0x00000006d8400000| Untracked 
|  59|0x00000006d8800000, 0x00000006d8800000, 0x00000006d8c00000|  0%| F|  |TAMS 0x00000006d8800000, 0x00000006d8800000| Untracked 
|  60|0x00000006d8c00000, 0x00000006d8c00000, 0x00000006d9000000|  0%| F|  |TAMS 0x00000006d8c00000, 0x00000006d8c00000| Untracked 
|  61|0x00000006d9000000, 0x00000006d9000000, 0x00000006d9400000|  0%| F|  |TAMS 0x00000006d9000000, 0x00000006d9000000| Untracked 
|  62|0x00000006d9400000, 0x00000006d9400000, 0x00000006d9800000|  0%| F|  |TAMS 0x00000006d9400000, 0x00000006d9400000| Untracked 
|  63|0x00000006d9800000, 0x00000006d9800000, 0x00000006d9c00000|  0%| F|  |TAMS 0x00000006d9800000, 0x00000006d9800000| Untracked 
|  64|0x00000006d9c00000, 0x00000006d9c00000, 0x00000006da000000|  0%| F|  |TAMS 0x00000006d9c00000, 0x00000006d9c00000| Untracked 
|  65|0x00000006da000000, 0x00000006da000000, 0x00000006da400000|  0%| F|  |TAMS 0x00000006da000000, 0x00000006da000000| Untracked 
|  66|0x00000006da400000, 0x00000006da400000, 0x00000006da800000|  0%| F|  |TAMS 0x00000006da400000, 0x00000006da400000| Untracked 
|  67|0x00000006da800000, 0x00000006da800000, 0x00000006dac00000|  0%| F|  |TAMS 0x00000006da800000, 0x00000006da800000| Untracked 
|  68|0x00000006dac00000, 0x00000006dac00000, 0x00000006db000000|  0%| F|  |TAMS 0x00000006dac00000, 0x00000006dac00000| Untracked 
|  69|0x00000006db000000, 0x00000006db000000, 0x00000006db400000|  0%| F|  |TAMS 0x00000006db000000, 0x00000006db000000| Untracked 
|  70|0x00000006db400000, 0x00000006db400000, 0x00000006db800000|  0%| F|  |TAMS 0x00000006db400000, 0x00000006db400000| Untracked 
|  71|0x00000006db800000, 0x00000006db800000, 0x00000006dbc00000|  0%| F|  |TAMS 0x00000006db800000, 0x00000006db800000| Untracked 
|  72|0x00000006dbc00000, 0x00000006dc000000, 0x00000006dc000000|100%| S|CS|TAMS 0x00000006dbc00000, 0x00000006dbc00000| Complete 
|  73|0x00000006dc000000, 0x00000006dc000000, 0x00000006dc400000|  0%| F|  |TAMS 0x00000006dc000000, 0x00000006dc000000| Untracked 
|  74|0x00000006dc400000, 0x00000006dc400000, 0x00000006dc800000|  0%| F|  |TAMS 0x00000006dc400000, 0x00000006dc400000| Untracked 
|  75|0x00000006dc800000, 0x00000006dc800000, 0x00000006dcc00000|  0%| F|  |TAMS 0x00000006dc800000, 0x00000006dc800000| Untracked 
|  76|0x00000006dcc00000, 0x00000006dcf281b0, 0x00000006dd000000| 78%| E|  |TAMS 0x00000006dcc00000, 0x00000006dcc00000| Complete 
|  77|0x00000006dd000000, 0x00000006dd400000, 0x00000006dd400000|100%| E|CS|TAMS 0x00000006dd000000, 0x00000006dd000000| Complete 
|1239|0x00000007ff800000, 0x00000007ffb75000, 0x00000007ffc00000| 86%|OA|  |TAMS 0x00000007ff800000, 0x00000007ff800000| Untracked 
|1240|0x00000007ffc00000, 0x00000007ffc77000, 0x0000000800000000| 11%|CA|  |TAMS 0x00000007ffc00000, 0x00000007ffc00000| Untracked 

Card table byte_map: [0x000076e950a00000,0x000076e9513b2000] _byte_map_base: 0x000076e94d3b2000

Marking Bits (Prev, Next): (CMBitMap*) 0x000076e9680915b0, (CMBitMap*) 0x000076e9680915f0
 Prev Bits: [0x000076e94b200000, 0x000076e94ff90000)
 Next Bits: [0x000076e946400000, 0x000076e94b190000)

Polling page: 0x000076e96f374000

Metaspace:

Usage:
  Non-class:      3.71 MB used.
      Class:    373.04 KB used.
       Both:      4.08 MB used.

Virtual space:
  Non-class space:       64.00 MB reserved,       3.81 MB (  6%) committed,  1 nodes.
      Class space:        1.00 GB reserved,     384.00 KB ( <1%) committed,  1 nodes.
             Both:        1.06 GB reserved,       4.19 MB ( <1%) committed. 

Chunk freelists:
   Non-Class:  11.34 MB
       Class:  15.56 MB
        Both:  26.91 MB

MaxMetaspaceSize: unlimited
CompressedClassSpaceSize: 1.00 GB
Initial GC threshold: 21.00 MB
Current GC threshold: 21.00 MB
CDS: on
MetaspaceReclaimPolicy: balanced
 - commit_granule_bytes: 65536.
 - commit_granule_words: 8192.
 - virtual_space_node_default_size: 8388608.
 - enlarge_chunks_in_place: 1.
 - new_chunks_are_fully_committed: 0.
 - uncommit_free_chunks: 1.
 - use_allocation_guard: 0.
 - handle_deallocations: 1.


Internal statistics:

num_allocs_failed_limit: 0.
num_arena_births: 28.
num_arena_deaths: 0.
num_vsnodes_births: 2.
num_vsnodes_deaths: 0.
num_space_committed: 67.
num_space_uncommitted: 0.
num_chunks_returned_to_freelist: 0.
num_chunks_taken_from_freelist: 64.
num_chunk_merges: 0.
num_chunk_splits: 43.
num_chunks_enlarged: 33.
num_inconsistent_stats: 0.

CodeHeap 'non-profiled nmethods': size=120028Kb used=338Kb max_used=338Kb free=119689Kb
 bounds [0x000076e958ec9000, 0x000076e959139000, 0x000076e960400000]
CodeHeap 'profiled nmethods': size=120028Kb used=1715Kb max_used=1715Kb free=118312Kb
 bounds [0x000076e951400000, 0x000076e951670000, 0x000076e958937000]
CodeHeap 'non-nmethods': size=5704Kb used=1186Kb max_used=1229Kb free=4517Kb
 bounds [0x000076e958937000, 0x000076e958ba7000, 0x000076e958ec9000]
 total_blobs=1367 nmethods=947 adapters=333
 compilation: enabled
              stopped_count=0, restarted_count=0
 full_count=0

Compilation events (20 events):
Event: 0.511 Thread 0x000076e968154ba0 nmethod 958 0x000076e95159d510 code [0x000076e95159d9c0, 0x000076e95159faf0]
Event: 0.511 Thread 0x000076e968154ba0  953   !   3       jdk.internal.loader.URLClassPath$JarLoader::getResource (65 bytes)
Event: 0.511 Thread 0x000076e968154ba0 nmethod 953 0x000076e9515a0f90 code [0x000076e9515a1200, 0x000076e9515a1c60]
Event: 0.511 Thread 0x000076e968154ba0  957   !   3       java.util.jar.JarFile::checkForSpecialAttributes (163 bytes)
Event: 0.512 Thread 0x000076e968154ba0 nmethod 957 0x000076e9515a2010 code [0x000076e9515a2340, 0x000076e9515a35d0]
Event: 0.512 Thread 0x000076e968154ba0  950       3       jdk.internal.jimage.ImageLocation::readValue (61 bytes)
Event: 0.513 Thread 0x000076e968154ba0 nmethod 950 0x000076e9515a3e10 code [0x000076e9515a3fe0, 0x000076e9515a43b0]
Event: 0.513 Thread 0x000076e968154ba0  959       3       jdk.internal.loader.URLClassPath$JarLoader::findResource (18 bytes)
Event: 0.513 Thread 0x000076e968154ba0 nmethod 959 0x000076e9515a4590 code [0x000076e9515a4760, 0x000076e9515a49f0]
Event: 0.513 Thread 0x000076e968154ba0  949       3       java.nio.DirectIntBufferU::ix (10 bytes)
Event: 0.513 Thread 0x000076e968154ba0 nmethod 949 0x000076e9515a4b10 code [0x000076e9515a4ca0, 0x000076e9515a4db0]
Event: 0.513 Thread 0x000076e968154ba0  955       3       java.util.ArrayList::iterator (9 bytes)
Event: 0.513 Thread 0x000076e968154ba0 nmethod 955 0x000076e9515a4e10 code [0x000076e9515a4fc0, 0x000076e9515a5250]
Event: 0.513 Thread 0x000076e968154ba0  956       3       java.util.ArrayList$Itr::<init> (26 bytes)
Event: 0.513 Thread 0x000076e968154ba0 nmethod 956 0x000076e9515a5390 code [0x000076e9515a5540, 0x000076e9515a5710]
Event: 0.514 Thread 0x000076e968154ba0  960       3       java.util.zip.ZipFile$1::getMetaInfVersions (5 bytes)
Event: 0.514 Thread 0x000076e968154ba0 nmethod 960 0x000076e9515a5810 code [0x000076e9515a59e0, 0x000076e9515a5ca0]
Event: 0.514 Thread 0x000076e968154ba0  963       3       org.eclipse.jdt.launching.internal.org.objectweb.asm.ByteVector::<init> (13 bytes)
Event: 0.514 Thread 0x000076e968154ba0 nmethod 963 0x000076e9515a5e90 code [0x000076e9515a6040, 0x000076e9515a62b0]
Event: 0.514 Thread 0x000076e968154ba0  964       3       org.eclipse.jdt.launching.internal.org.objectweb.asm.ClassReader::readMethod (1066 bytes)

GC Heap History (2 events):
Event: 0.375 GC heap before
{Heap before GC invocations=0 (full 0):
 garbage-first heap   total 327680K, used 20400K [0x00000006c9c00000, 0x0000000800000000)
  region size 4096K, 5 young (20480K), 0 survivors (0K)
 Metaspace       used 2767K, committed 2944K, reserved 1114112K
  class space    used 240K, committed 320K, reserved 1048576K
}
Event: 0.377 GC heap after
{Heap after GC invocations=1 (full 0):
 garbage-first heap   total 327680K, used 10424K [0x00000006c9c00000, 0x0000000800000000)
  region size 4096K, 1 young (4096K), 1 survivors (4096K)
 Metaspace       used 2767K, committed 2944K, reserved 1114112K
  class space    used 240K, committed 320K, reserved 1048576K
}

Dll operation events (9 events):
Event: 0.002 Loaded shared library /usr/lib/jvm/java-17-openjdk-amd64/lib/libjava.so
Event: 0.016 Loaded shared library /usr/lib/jvm/java-17-openjdk-amd64/lib/libjsvml.so
Event: 0.112 Loaded shared library /usr/lib/jvm/java-17-openjdk-amd64/lib/libzip.so
Event: 0.114 Loaded shared library /usr/lib/jvm/java-17-openjdk-amd64/lib/libinstrument.so
Event: 0.116 Loaded shared library /usr/lib/jvm/java-17-openjdk-amd64/lib/libnio.so
Event: 0.119 Loaded shared library /usr/lib/jvm/java-17-openjdk-amd64/lib/libzip.so
Event: 0.189 Loaded shared library /usr/lib/jvm/java-17-openjdk-amd64/lib/libjimage.so
Event: 0.407 Loaded shared library /usr/lib/jvm/java-17-openjdk-amd64/lib/libverify.so
Event: 0.433 Loaded shared library /home/martin/sources/za.co.ntier.twilio/src/za/ntier/mesibo/linux-x86_64/libjniMesiboLibrary.so

Deoptimization events (20 events):
Event: 0.398 Thread 0x000076e96801ab50 DEOPT PACKING pc=0x000076e951403df8 sp=0x000076e96dbf9450
Event: 0.398 Thread 0x000076e96801ab50 DEOPT UNPACKING pc=0x000076e95898de2f sp=0x000076e96dbf88d0 mode 0
Event: 0.432 Thread 0x000076e96801ab50 Uncommon trap: trap_request=0xffffff6e fr.pc=0x000076e958f0d028 relative=0x0000000000000488
Event: 0.432 Thread 0x000076e96801ab50 Uncommon trap: reason=loop_limit_check action=maybe_recompile pc=0x000076e958f0d028 method=java.lang.StringLatin1.indexOf([BI[BII)I @ 37 c2
Event: 0.432 Thread 0x000076e96801ab50 DEOPT PACKING pc=0x000076e958f0d028 sp=0x000076e96dbfe410
Event: 0.432 Thread 0x000076e96801ab50 DEOPT UNPACKING pc=0x000076e95898d699 sp=0x000076e96dbfe390 mode 2
Event: 0.435 Thread 0x000076e96801ab50 Uncommon trap: trap_request=0xffffff45 fr.pc=0x000076e958ed133c relative=0x000000000000009c
Event: 0.435 Thread 0x000076e96801ab50 Uncommon trap: reason=unstable_if action=reinterpret pc=0x000076e958ed133c method=java.lang.String.hashCode()I @ 42 c2
Event: 0.435 Thread 0x000076e96801ab50 DEOPT PACKING pc=0x000076e958ed133c sp=0x000076e96dbfbdc0
Event: 0.435 Thread 0x000076e96801ab50 DEOPT UNPACKING pc=0x000076e95898d699 sp=0x000076e96dbfbd78 mode 2
Event: 0.447 Thread 0x000076e96801ab50 DEOPT PACKING pc=0x000076e95155feb0 sp=0x000076e96dbf99f0
Event: 0.447 Thread 0x000076e96801ab50 DEOPT UNPACKING pc=0x000076e95898de2f sp=0x000076e96dbf8e60 mode 0
Event: 0.494 Thread 0x000076e96801ab50 Uncommon trap: trap_request=0xffffffde fr.pc=0x000076e958f1564c relative=0x00000000000018ec
Event: 0.494 Thread 0x000076e96801ab50 Uncommon trap: reason=class_check action=maybe_recompile pc=0x000076e958f1564c method=java.util.HashMap.putVal(ILjava/lang/Object;Ljava/lang/Object;ZZ)Ljava/lang/Object; @ 253 c2
Event: 0.494 Thread 0x000076e96801ab50 DEOPT PACKING pc=0x000076e958f1564c sp=0x000076e96dbfd1a0
Event: 0.494 Thread 0x000076e96801ab50 DEOPT UNPACKING pc=0x000076e95898d699 sp=0x000076e96dbfd128 mode 2
Event: 0.498 Thread 0x000076e96801ab50 Uncommon trap: trap_request=0xffffffde fr.pc=0x000076e958f1564c relative=0x00000000000018ec
Event: 0.498 Thread 0x000076e96801ab50 Uncommon trap: reason=class_check action=maybe_recompile pc=0x000076e958f1564c method=java.util.HashMap.putVal(ILjava/lang/Object;Ljava/lang/Object;ZZ)Ljava/lang/Object; @ 253 c2
Event: 0.498 Thread 0x000076e96801ab50 DEOPT PACKING pc=0x000076e958f1564c sp=0x000076e96dbfce20
Event: 0.498 Thread 0x000076e96801ab50 DEOPT UNPACKING pc=0x000076e95898d699 sp=0x000076e96dbfcda8 mode 2

Classes loaded (20 events):
Event: 0.493 Loading class java/lang/reflect/Proxy$ProxyBuilder$1
Event: 0.493 Loading class java/lang/reflect/Proxy$ProxyBuilder$1 done
Event: 0.493 Loading class java/lang/annotation/Target
Event: 0.493 Loading class java/lang/annotation/Target done
Event: 0.496 Loading class java/lang/reflect/UndeclaredThrowableException
Event: 0.496 Loading class java/lang/reflect/UndeclaredThrowableException done
Event: 0.496 Loading class java/lang/Class$AnnotationData
Event: 0.496 Loading class java/lang/Class$AnnotationData done
Event: 0.505 Loading class java/lang/InstantiationException
Event: 0.505 Loading class java/lang/InstantiationException done
Event: 0.506 Loading class java/lang/ProcessEnvironment
Event: 0.506 Loading class java/lang/ProcessEnvironment done
Event: 0.506 Loading class java/lang/ProcessEnvironment$Variable
Event: 0.506 Loading class java/lang/ProcessEnvironment$ExternalData
Event: 0.506 Loading class java/lang/ProcessEnvironment$ExternalData done
Event: 0.506 Loading class java/lang/ProcessEnvironment$Variable done
Event: 0.506 Loading class java/lang/ProcessEnvironment$Value
Event: 0.506 Loading class java/lang/ProcessEnvironment$Value done
Event: 0.506 Loading class java/lang/ProcessEnvironment$StringEnvironment
Event: 0.506 Loading class java/lang/ProcessEnvironment$StringEnvironment done

Classes unloaded (0 events):
No events

Classes redefined (0 events):
No events

Internal exceptions (7 events):
Event: 0.118 Thread 0x000076e96801ab50 Implicit null exception at 0x000076e958ed4755 to 0x000076e958ed48c0
Event: 0.470 Thread 0x000076e96801ab50 Exception <a 'java/lang/NoSuchMethodError'{0x00000006dcd87040}: 'int java.lang.invoke.DirectMethodHandle$Holder.invokeStaticInit(java.lang.Object, java.lang.Object, java.lang.Object, java.lang.Object)'> (0x00000006dcd87040) 
thrown [./src/hotspot/share/interpreter/linkResolver.cpp, line 758]
Event: 0.472 Thread 0x000076e96801ab50 Exception <a 'java/lang/NoSuchMethodError'{0x00000006dcd90ec0}: 'java.lang.Object java.lang.invoke.DirectMethodHandle$Holder.invokeInterface(java.lang.Object, java.lang.Object)'> (0x00000006dcd90ec0) 
thrown [./src/hotspot/share/interpreter/linkResolver.cpp, line 758]
Event: 0.473 Thread 0x000076e96801ab50 Exception <a 'java/lang/IncompatibleClassChangeError'{0x00000006dcd94410}: Found class java.lang.Object, but interface was expected> (0x00000006dcd94410) 
thrown [./src/hotspot/share/interpreter/linkResolver.cpp, line 826]
Event: 0.473 Thread 0x000076e96801ab50 Exception <a 'java/lang/NoSuchMethodError'{0x00000006dcd97d58}: 'void java.lang.invoke.DirectMethodHandle$Holder.invokeStatic(java.lang.Object, java.lang.Object)'> (0x00000006dcd97d58) 
thrown [./src/hotspot/share/interpreter/linkResolver.cpp, line 758]
Event: 0.474 Thread 0x000076e96801ab50 Exception <a 'java/lang/NoSuchMethodError'{0x00000006dcd9b3c8}: 'void java.lang.invoke.DirectMethodHandle$Holder.invokeStaticInit(java.lang.Object, java.lang.Object)'> (0x00000006dcd9b3c8) 
thrown [./src/hotspot/share/interpreter/linkResolver.cpp, line 758]
Event: 0.475 Thread 0x000076e96801ab50 Exception <a 'java/lang/NoSuchMethodError'{0x00000006dcda3548}: 'int java.lang.invoke.DirectMethodHandle$Holder.invokeStaticInit(java.lang.Object, java.lang.Object)'> (0x00000006dcda3548) 
thrown [./src/hotspot/share/interpreter/linkResolver.cpp, line 758]

VM Operations (16 events):
Event: 0.071 Executing VM operation: ChangeBreakpoints
Event: 0.072 Executing VM operation: ChangeBreakpoints done
Event: 0.102 Executing VM operation: ChangeBreakpoints
Event: 0.102 Executing VM operation: ChangeBreakpoints done
Event: 0.163 Executing VM operation: HandshakeAllThreads
Event: 0.163 Executing VM operation: HandshakeAllThreads done
Event: 0.177 Executing VM operation: HandshakeAllThreads
Event: 0.177 Executing VM operation: HandshakeAllThreads done
Event: 0.177 Executing VM operation: HandshakeAllThreads
Event: 0.177 Executing VM operation: HandshakeAllThreads done
Event: 0.371 Executing VM operation: HandshakeAllThreads
Event: 0.371 Executing VM operation: HandshakeAllThreads done
Event: 0.374 Executing VM operation: G1CollectForAllocation
Event: 0.377 Executing VM operation: G1CollectForAllocation done
Event: 0.481 Executing VM operation: HandshakeAllThreads
Event: 0.481 Executing VM operation: HandshakeAllThreads done

Events (20 events):
Event: 0.020 Thread 0x000076e968153660 Thread added: 0x000076e968153660
Event: 0.020 Protecting memory [0x000076e93ed00000,0x000076e93ed04000] with protection modes 0
Event: 0.020 Thread 0x000076e968154ba0 Thread added: 0x000076e968154ba0
Event: 0.020 Protecting memory [0x000076e93ec00000,0x000076e93ec04000] with protection modes 0
Event: 0.021 Thread 0x000076e96815e010 Thread added: 0x000076e96815e010
Event: 0.021 Protecting memory [0x000076e93eb00000,0x000076e93eb04000] with protection modes 0
Event: 0.046 Thread 0x000076e968171830 Thread added: 0x000076e968171830
Event: 0.046 Protecting memory [0x000076e93ea00000,0x000076e93ea04000] with protection modes 0
Event: 0.071 Thread 0x000076e9681b87f0 Thread added: 0x000076e9681b87f0
Event: 0.071 Protecting memory [0x000076e93e900000,0x000076e93e904000] with protection modes 0
Event: 0.071 Thread 0x000076e9681bb8a0 Thread added: 0x000076e9681bb8a0
Event: 0.071 Protecting memory [0x000076e93e800000,0x000076e93e804000] with protection modes 0
Event: 0.071 Thread 0x000076e8a0001120 Thread added: 0x000076e8a0001120
Event: 0.071 Protecting memory [0x000076e93e700000,0x000076e93e704000] with protection modes 0
Event: 0.161 Thread 0x000076e8b00b50a0 Thread added: 0x000076e8b00b50a0
Event: 0.161 Protecting memory [0x000076e93e600000,0x000076e93e604000] with protection modes 0
Event: 0.404 Thread 0x000076e96873b540 Thread added: 0x000076e96873b540
Event: 0.404 Protecting memory [0x000076e93defa000,0x000076e93defe000] with protection modes 0
Event: 0.467 Thread 0x000076e9687e6df0 Thread added: 0x000076e9687e6df0
Event: 0.467 Protecting memory [0x000076e93dcf9000,0x000076e93dcfd000] with protection modes 0


Dynamic libraries:
6c9c00000-6dd400000 rw-p 00000000 00:00 0 
6dd400000-7ff800000 ---p 00000000 00:00 0 
7ff800000-7ffb00000 rw-p 00000000 00:00 0 
7ffb00000-7ffb75000 rw-p 00c73000 08:12 3937446                          /usr/lib/jvm/java-17-openjdk-amd64/lib/server/classes.jsa
7ffb75000-7ffc00000 rw-p 00000000 00:00 0 
7ffc00000-7ffc77000 rw-p 00bfc000 08:12 3937446                          /usr/lib/jvm/java-17-openjdk-amd64/lib/server/classes.jsa
7ffc77000-800000000 rw-p 00000000 00:00 0 
5ca9e91fc000-5ca9e91fd000 r--p 00000000 08:12 3937371                    /usr/lib/jvm/java-17-openjdk-amd64/bin/java
5ca9e91fd000-5ca9e91fe000 r-xp 00001000 08:12 3937371                    /usr/lib/jvm/java-17-openjdk-amd64/bin/java
5ca9e91fe000-5ca9e91ff000 r--p 00002000 08:12 3937371                    /usr/lib/jvm/java-17-openjdk-amd64/bin/java
5ca9e91ff000-5ca9e9200000 r--p 00002000 08:12 3937371                    /usr/lib/jvm/java-17-openjdk-amd64/bin/java
5ca9e9200000-5ca9e9201000 rw-p 00003000 08:12 3937371                    /usr/lib/jvm/java-17-openjdk-amd64/bin/java
5ca9eae36000-5ca9eae80000 rw-p 00000000 00:00 0                          [heap]
76e850000000-76e850021000 rw-p 00000000 00:00 0 
76e850021000-76e854000000 ---p 00000000 00:00 0 
76e858000000-76e858021000 rw-p 00000000 00:00 0 
76e858021000-76e85c000000 ---p 00000000 00:00 0 
76e85c000000-76e85c021000 rw-p 00000000 00:00 0 
76e85c021000-76e860000000 ---p 00000000 00:00 0 
76e864000000-76e864021000 rw-p 00000000 00:00 0 
76e864021000-76e868000000 ---p 00000000 00:00 0 
76e868000000-76e868021000 rw-p 00000000 00:00 0 
76e868021000-76e86c000000 ---p 00000000 00:00 0 
76e870000000-76e870021000 rw-p 00000000 00:00 0 
76e870021000-76e874000000 ---p 00000000 00:00 0 
76e874000000-76e874021000 rw-p 00000000 00:00 0 
76e874021000-76e878000000 ---p 00000000 00:00 0 
76e87c000000-76e87c021000 rw-p 00000000 00:00 0 
76e87c021000-76e880000000 ---p 00000000 00:00 0 
76e880000000-76e880021000 rw-p 00000000 00:00 0 
76e880021000-76e884000000 ---p 00000000 00:00 0 
76e888000000-76e888021000 rw-p 00000000 00:00 0 
76e888021000-76e88c000000 ---p 00000000 00:00 0 
76e88c000000-76e88c4f7000 rw-p 00000000 00:00 0 
76e88c4f7000-76e890000000 ---p 00000000 00:00 0 
76e894000000-76e894021000 rw-p 00000000 00:00 0 
76e894021000-76e898000000 ---p 00000000 00:00 0 
76e898000000-76e898021000 rw-p 00000000 00:00 0 
76e898021000-76e89c000000 ---p 00000000 00:00 0 
76e8a0000000-76e8a0021000 rw-p 00000000 00:00 0 
76e8a0021000-76e8a4000000 ---p 00000000 00:00 0 
76e8a4000000-76e8a4021000 rw-p 00000000 00:00 0 
76e8a4021000-76e8a8000000 ---p 00000000 00:00 0 
76e8ac000000-76e8ac021000 rw-p 00000000 00:00 0 
76e8ac021000-76e8b0000000 ---p 00000000 00:00 0 
76e8b0000000-76e8b0472000 rw-p 00000000 00:00 0 
76e8b0472000-76e8b4000000 ---p 00000000 00:00 0 
76e8b8000000-76e8b87e5000 rw-p 00000000 00:00 0 
76e8b87e5000-76e8bc000000 ---p 00000000 00:00 0 
76e8bc000000-76e8bc021000 rw-p 00000000 00:00 0 
76e8bc021000-76e8c0000000 ---p 00000000 00:00 0 
76e8c4000000-76e8c4021000 rw-p 00000000 00:00 0 
76e8c4021000-76e8c8000000 ---p 00000000 00:00 0 
76e8c8000000-76e8c8021000 rw-p 00000000 00:00 0 
76e8c8021000-76e8cc000000 ---p 00000000 00:00 0 
76e8d0000000-76e8d0021000 rw-p 00000000 00:00 0 
76e8d0021000-76e8d4000000 ---p 00000000 00:00 0 
76e8d4000000-76e8d4021000 rw-p 00000000 00:00 0 
76e8d4021000-76e8d8000000 ---p 00000000 00:00 0 
76e8dc000000-76e8dc021000 rw-p 00000000 00:00 0 
76e8dc021000-76e8e0000000 ---p 00000000 00:00 0 
76e8e3000000-76e8e3320000 rw-p 00000000 00:00 0 
76e8e3320000-76e8e3400000 ---p 00000000 00:00 0 
76e8e3400000-76e8e34b0000 rw-p 00000000 00:00 0 
76e8e34b0000-76e8e7000000 ---p 00000000 00:00 0 
76e8e7000000-76e8e7bc4000 rw-p 00001000 08:12 3937446                    /usr/lib/jvm/java-17-openjdk-amd64/lib/server/classes.jsa
76e8e7bc4000-76e8e8000000 ---p 00000000 00:00 0 
76e8e8000000-76e8e8010000 rw-p 00000000 00:00 0 
76e8e8010000-76e8e8020000 ---p 00000000 00:00 0 
76e8e8020000-76e8e8030000 rw-p 00000000 00:00 0 
76e8e8030000-76e8e8040000 ---p 00000000 00:00 0 
76e8e8040000-76e8e8080000 rw-p 00000000 00:00 0 
76e8e8080000-76e928000000 ---p 00000000 00:00 0 
76e928000000-76e928021000 rw-p 00000000 00:00 0 
76e928021000-76e92c000000 ---p 00000000 00:00 0 
76e92c000000-76e92c021000 rw-p 00000000 00:00 0 
76e92c021000-76e930000000 ---p 00000000 00:00 0 
76e934000000-76e934021000 rw-p 00000000 00:00 0 
76e934021000-76e938000000 ---p 00000000 00:00 0 
76e938000000-76e938021000 rw-p 00000000 00:00 0 
76e938021000-76e93c000000 ---p 00000000 00:00 0 
76e93d200000-76e93d6c8000 r-xp 00000000 08:12 3933257                    /usr/lib/libmesibo.so
76e93d6c8000-76e93d8c8000 ---p 004c8000 08:12 3933257                    /usr/lib/libmesibo.so
76e93d8c8000-76e93d8ff000 r--p 004c8000 08:12 3933257                    /usr/lib/libmesibo.so
76e93d8ff000-76e93d928000 rw-p 004ff000 08:12 3933257                    /usr/lib/libmesibo.so
76e93d928000-76e93d92d000 rw-p 00000000 00:00 0 
76e93dcf9000-76e93dcfd000 ---p 00000000 00:00 0 
76e93dcfd000-76e93ddf9000 rw-p 00000000 00:00 0 
76e93ddf9000-76e93ddfa000 ---p 00000000 00:00 0 
76e93ddfa000-76e93defa000 rw-p 00000000 00:00 0 
76e93defa000-76e93defe000 ---p 00000000 00:00 0 
76e93defe000-76e93dffa000 rw-p 00000000 00:00 0 
76e93dffa000-76e93dffb000 ---p 00000000 00:00 0 
76e93dffb000-76e93e0fb000 rw-p 00000000 00:00 0 
76e93e0fb000-76e93e0fc000 ---p 00000000 00:00 0 
76e93e0fc000-76e93e1fc000 rw-p 00000000 00:00 0 
76e93e1fc000-76e93e1fd000 ---p 00000000 00:00 0 
76e93e1fd000-76e93e2fd000 rw-p 00000000 00:00 0 
76e93e2fd000-76e93e2fe000 ---p 00000000 00:00 0 
76e93e2fe000-76e93e3fe000 rw-p 00000000 00:00 0 
76e93e3fe000-76e93e3ff000 ---p 00000000 00:00 0 
76e93e3ff000-76e93e4ff000 rw-p 00000000 00:00 0 
76e93e4ff000-76e93e500000 ---p 00000000 00:00 0 
76e93e500000-76e93e600000 rw-p 00000000 00:00 0 
76e93e600000-76e93e604000 ---p 00000000 00:00 0 
76e93e604000-76e93e700000 rw-p 00000000 00:00 0 
76e93e700000-76e93e704000 ---p 00000000 00:00 0 
76e93e704000-76e93e800000 rw-p 00000000 00:00 0 
76e93e800000-76e93e804000 ---p 00000000 00:00 0 
76e93e804000-76e93e900000 rw-p 00000000 00:00 0 
76e93e900000-76e93e904000 ---p 00000000 00:00 0 
76e93e904000-76e93ea00000 rw-p 00000000 00:00 0 
76e93ea00000-76e93ea04000 ---p 00000000 00:00 0 
76e93ea04000-76e93eb00000 rw-p 00000000 00:00 0 
76e93eb00000-76e93eb04000 ---p 00000000 00:00 0 
76e93eb04000-76e93ec00000 rw-p 00000000 00:00 0 
76e93ec00000-76e93ec04000 ---p 00000000 00:00 0 
76e93ec04000-76e93ed00000 rw-p 00000000 00:00 0 
76e93ed00000-76e93ed04000 ---p 00000000 00:00 0 
76e93ed04000-76e93ee00000 rw-p 00000000 00:00 0 
76e93ee00000-76e93ee04000 ---p 00000000 00:00 0 
76e93ee04000-76e93ef00000 rw-p 00000000 00:00 0 
76e93ef00000-76e93ef04000 ---p 00000000 00:00 0 
76e93ef04000-76e93f000000 rw-p 00000000 00:00 0 
76e93f000000-76e93f573000 r--p 00000000 08:12 3932386                    /usr/lib/locale/locale-archive
76e93f5f9000-76e93f5fd000 ---p 00000000 00:00 0 
76e93f5fd000-76e93f6f9000 rw-p 00000000 00:00 0 
76e93f6f9000-76e93f6fd000 ---p 00000000 00:00 0 
76e93f6fd000-76e93f7f9000 rw-p 00000000 00:00 0 
76e93f7f9000-76e93f7fd000 ---p 00000000 00:00 0 
76e93f7fd000-76e93f8f9000 rw-p 00000000 00:00 0 
76e93f8f9000-76e93f8fa000 ---p 00000000 00:00 0 
76e93f8fa000-76e93f9fa000 rw-p 00000000 00:00 0 
76e93f9fa000-76e93f9fb000 ---p 00000000 00:00 0 
76e93f9fb000-76e93fafb000 rw-p 00000000 00:00 0 
76e93fafb000-76e93fafc000 ---p 00000000 00:00 0 
76e93fafc000-76e93fbfc000 rw-p 00000000 00:00 0 
76e93fbfc000-76e940000000 rw-p 00000000 00:00 0 
76e940000000-76e940021000 rw-p 00000000 00:00 0 
76e940021000-76e944000000 ---p 00000000 00:00 0 
76e94402c000-76e944031000 r--p 00000000 08:12 3937430                    /usr/lib/jvm/java-17-openjdk-amd64/lib/libjsvml.so
76e944031000-76e944072000 r-xp 00005000 08:12 3937430                    /usr/lib/jvm/java-17-openjdk-amd64/lib/libjsvml.so
76e944072000-76e9440fb000 r--p 00046000 08:12 3937430                    /usr/lib/jvm/java-17-openjdk-amd64/lib/libjsvml.so
76e9440fb000-76e9440fc000 r--p 000ce000 08:12 3937430                    /usr/lib/jvm/java-17-openjdk-amd64/lib/libjsvml.so
76e9440fc000-76e9440fd000 rw-p 000cf000 08:12 3937430                    /usr/lib/jvm/java-17-openjdk-amd64/lib/libjsvml.so
76e9440fd000-76e9468e0000 rw-p 00000000 00:00 0 
76e9468e0000-76e94b170000 ---p 00000000 00:00 0 
76e94b170000-76e94b190000 rw-p 00000000 00:00 0 
76e94b200000-76e94b6e0000 rw-p 00000000 00:00 0 
76e94b6e0000-76e94ff70000 ---p 00000000 00:00 0 
76e94ff70000-76e94ff90000 rw-p 00000000 00:00 0 
76e950000000-76e95009c000 rw-p 00000000 00:00 0 
76e95009c000-76e9509ae000 ---p 00000000 00:00 0 
76e9509ae000-76e9509b2000 rw-p 00000000 00:00 0 
76e950a00000-76e950a9c000 rw-p 00000000 00:00 0 
76e950a9c000-76e9513ae000 ---p 00000000 00:00 0 
76e9513ae000-76e9513b2000 rw-p 00000000 00:00 0 
76e951400000-76e951670000 rwxp 00000000 00:00 0 
76e951670000-76e958937000 ---p 00000000 00:00 0 
76e958937000-76e958ba7000 rwxp 00000000 00:00 0 
76e958ba7000-76e958ec9000 ---p 00000000 00:00 0 
76e958ec9000-76e959139000 rwxp 00000000 00:00 0 
76e959139000-76e960400000 ---p 00000000 00:00 0 
76e960400000-76e967e80000 r--s 00000000 08:12 3937445                    /usr/lib/jvm/java-17-openjdk-amd64/lib/modules
76e967edb000-76e967edc000 ---p 00000000 00:00 0 
76e967edc000-76e967eff000 rw-p 00000000 00:00 0 
76e967eff000-76e968000000 rw-p 00000000 00:00 0 
76e968000000-76e9688ca000 rw-p 00000000 00:00 0 
76e9688ca000-76e96c000000 ---p 00000000 00:00 0 
76e96c021000-76e96c0fd000 rw-p 00000000 00:00 0 
76e96c0fd000-76e96c0fe000 ---p 00000000 00:00 0 
76e96c0fe000-76e96c1fe000 rw-p 00000000 00:00 0 
76e96c1fe000-76e96c1ff000 ---p 00000000 00:00 0 
76e96c1ff000-76e96c2ff000 rw-p 00000000 00:00 0 
76e96c2ff000-76e96c300000 ---p 00000000 00:00 0 
76e96c300000-76e96c400000 rw-p 00000000 00:00 0 
76e96c400000-76e96c49c000 rw-p 00000000 00:00 0 
76e96c49c000-76e96cdae000 ---p 00000000 00:00 0 
76e96cdae000-76e96cdb2000 rw-p 00000000 00:00 0 
76e96cdc8000-76e96cdc9000 r--p 00000000 08:12 3934385                    /usr/lib/x86_64-linux-gnu/libpthread.so.0
76e96cdc9000-76e96cdca000 r-xp 00001000 08:12 3934385                    /usr/lib/x86_64-linux-gnu/libpthread.so.0
76e96cdca000-76e96cdcb000 r--p 00002000 08:12 3934385                    /usr/lib/x86_64-linux-gnu/libpthread.so.0
76e96cdcb000-76e96cdcc000 r--p 00002000 08:12 3934385                    /usr/lib/x86_64-linux-gnu/libpthread.so.0
76e96cdcc000-76e96cdcd000 rw-p 00003000 08:12 3934385                    /usr/lib/x86_64-linux-gnu/libpthread.so.0
76e96cde1000-76e96d62f000 rw-p 00000000 00:00 0 
76e96d62f000-76e96d715000 ---p 00000000 00:00 0 
76e96d715000-76e96d71a000 rw-p 00000000 00:00 0 
76e96d71a000-76e96d800000 ---p 00000000 00:00 0 
76e96d800000-76e96d89a000 r--p 00000000 08:12 3960894                    /usr/lib/x86_64-linux-gnu/libstdc++.so.6.0.30
76e96d89a000-76e96d9ab000 r-xp 0009a000 08:12 3960894                    /usr/lib/x86_64-linux-gnu/libstdc++.so.6.0.30
76e96d9ab000-76e96da1a000 r--p 001ab000 08:12 3960894                    /usr/lib/x86_64-linux-gnu/libstdc++.so.6.0.30
76e96da1a000-76e96da1b000 ---p 0021a000 08:12 3960894                    /usr/lib/x86_64-linux-gnu/libstdc++.so.6.0.30
76e96da1b000-76e96da26000 r--p 0021a000 08:12 3960894                    /usr/lib/x86_64-linux-gnu/libstdc++.so.6.0.30
76e96da26000-76e96da29000 rw-p 00225000 08:12 3960894                    /usr/lib/x86_64-linux-gnu/libstdc++.so.6.0.30
76e96da29000-76e96da2c000 rw-p 00000000 00:00 0 
76e96da2d000-76e96da2e000 r--p 00000000 08:12 3934350                    /usr/lib/x86_64-linux-gnu/libdl.so.2
76e96da2e000-76e96da2f000 r-xp 00001000 08:12 3934350                    /usr/lib/x86_64-linux-gnu/libdl.so.2
76e96da2f000-76e96da30000 r--p 00002000 08:12 3934350                    /usr/lib/x86_64-linux-gnu/libdl.so.2
76e96da30000-76e96da31000 r--p 00002000 08:12 3934350                    /usr/lib/x86_64-linux-gnu/libdl.so.2
76e96da31000-76e96da32000 rw-p 00003000 08:12 3934350                    /usr/lib/x86_64-linux-gnu/libdl.so.2
76e96da32000-76e96da39000 r--p 00000000 08:13 17973360                   /home/martin/sources/za.co.ntier.twilio/src/za/ntier/mesibo/linux-x86_64/libjniMesiboLibrary.so
76e96da39000-76e96da47000 r-xp 00007000 08:13 17973360                   /home/martin/sources/za.co.ntier.twilio/src/za/ntier/mesibo/linux-x86_64/libjniMesiboLibrary.so
76e96da47000-76e96da4f000 r--p 00015000 08:13 17973360                   /home/martin/sources/za.co.ntier.twilio/src/za/ntier/mesibo/linux-x86_64/libjniMesiboLibrary.so
76e96da4f000-76e96da50000 r--p 0001c000 08:13 17973360                   /home/martin/sources/za.co.ntier.twilio/src/za/ntier/mesibo/linux-x86_64/libjniMesiboLibrary.so
76e96da50000-76e96da51000 rw-p 0001d000 08:13 17973360                   /home/martin/sources/za.co.ntier.twilio/src/za/ntier/mesibo/linux-x86_64/libjniMesiboLibrary.so
76e96da51000-76e96da55000 r--p 00000000 08:12 3937443                    /usr/lib/jvm/java-17-openjdk-amd64/lib/libverify.so
76e96da55000-76e96da5c000 r-xp 00004000 08:12 3937443                    /usr/lib/jvm/java-17-openjdk-amd64/lib/libverify.so
76e96da5c000-76e96da5e000 r--p 0000b000 08:12 3937443                    /usr/lib/jvm/java-17-openjdk-amd64/lib/libverify.so
76e96da5e000-76e96da60000 r--p 0000c000 08:12 3937443                    /usr/lib/jvm/java-17-openjdk-amd64/lib/libverify.so
76e96da60000-76e96da61000 rw-p 0000e000 08:12 3937443                    /usr/lib/jvm/java-17-openjdk-amd64/lib/libverify.so
76e96da61000-76e96da65000 r--p 00000000 08:12 3937436                    /usr/lib/jvm/java-17-openjdk-amd64/lib/libnet.so
76e96da65000-76e96da73000 r-xp 00004000 08:12 3937436                    /usr/lib/jvm/java-17-openjdk-amd64/lib/libnet.so
76e96da73000-76e96da77000 r--p 00012000 08:12 3937436                    /usr/lib/jvm/java-17-openjdk-amd64/lib/libnet.so
76e96da77000-76e96da78000 r--p 00015000 08:12 3937436                    /usr/lib/jvm/java-17-openjdk-amd64/lib/libnet.so
76e96da78000-76e96da79000 rw-p 00016000 08:12 3937436                    /usr/lib/jvm/java-17-openjdk-amd64/lib/libnet.so
76e96da79000-76e96da80000 r--p 00000000 08:12 3937437                    /usr/lib/jvm/java-17-openjdk-amd64/lib/libnio.so
76e96da80000-76e96da89000 r-xp 00007000 08:12 3937437                    /usr/lib/jvm/java-17-openjdk-amd64/lib/libnio.so
76e96da89000-76e96da8d000 r--p 00010000 08:12 3937437                    /usr/lib/jvm/java-17-openjdk-amd64/lib/libnio.so
76e96da8d000-76e96da8e000 ---p 00014000 08:12 3937437                    /usr/lib/jvm/java-17-openjdk-amd64/lib/libnio.so
76e96da8e000-76e96da8f000 r--p 00014000 08:12 3937437                    /usr/lib/jvm/java-17-openjdk-amd64/lib/libnio.so
76e96da8f000-76e96da90000 rw-p 00015000 08:12 3937437                    /usr/lib/jvm/java-17-openjdk-amd64/lib/libnio.so
76e96da90000-76e96da92000 r--p 00000000 08:12 3937444                    /usr/lib/jvm/java-17-openjdk-amd64/lib/libzip.so
76e96da92000-76e96da97000 r-xp 00002000 08:12 3937444                    /usr/lib/jvm/java-17-openjdk-amd64/lib/libzip.so
76e96da97000-76e96da99000 r--p 00007000 08:12 3937444                    /usr/lib/jvm/java-17-openjdk-amd64/lib/libzip.so
76e96da99000-76e96da9a000 r--p 00008000 08:12 3937444                    /usr/lib/jvm/java-17-openjdk-amd64/lib/libzip.so
76e96da9a000-76e96da9b000 rw-p 00009000 08:12 3937444                    /usr/lib/jvm/java-17-openjdk-amd64/lib/libzip.so
76e96da9b000-76e96da9c000 r--p 00000000 08:12 3937415                    /usr/lib/jvm/java-17-openjdk-amd64/lib/libdt_socket.so
76e96da9c000-76e96da9f000 r-xp 00001000 08:12 3937415                    /usr/lib/jvm/java-17-openjdk-amd64/lib/libdt_socket.so
76e96da9f000-76e96daa0000 r--p 00004000 08:12 3937415                    /usr/lib/jvm/java-17-openjdk-amd64/lib/libdt_socket.so
76e96daa0000-76e96daa1000 ---p 00005000 08:12 3937415                    /usr/lib/jvm/java-17-openjdk-amd64/lib/libdt_socket.so
76e96daa1000-76e96daa2000 r--p 00005000 08:12 3937415                    /usr/lib/jvm/java-17-openjdk-amd64/lib/libdt_socket.so
76e96daa2000-76e96daa3000 rw-p 00006000 08:12 3937415                    /usr/lib/jvm/java-17-openjdk-amd64/lib/libdt_socket.so
76e96daa3000-76e96daf9000 rw-p 00000000 00:00 0 
76e96daf9000-76e96db00000 ---p 00000000 00:00 0 
76e96db00000-76e96db04000 ---p 00000000 00:00 0 
76e96db04000-76e96dc00000 rw-p 00000000 00:00 0 
76e96dc00000-76e96de51000 r--p 00000000 08:12 3937449                    /usr/lib/jvm/java-17-openjdk-amd64/lib/server/libjvm.so
76e96de51000-76e96ebbb000 r-xp 00251000 08:12 3937449                    /usr/lib/jvm/java-17-openjdk-amd64/lib/server/libjvm.so
76e96ebbb000-76e96ee3d000 r--p 00fbb000 08:12 3937449                    /usr/lib/jvm/java-17-openjdk-amd64/lib/server/libjvm.so
76e96ee3d000-76e96ee3e000 ---p 0123d000 08:12 3937449                    /usr/lib/jvm/java-17-openjdk-amd64/lib/server/libjvm.so
76e96ee3e000-76e96eef6000 r--p 0123d000 08:12 3937449                    /usr/lib/jvm/java-17-openjdk-amd64/lib/server/libjvm.so
76e96eef6000-76e96ef2b000 rw-p 012f5000 08:12 3937449                    /usr/lib/jvm/java-17-openjdk-amd64/lib/server/libjvm.so
76e96ef2b000-76e96ef85000 rw-p 00000000 00:00 0 
76e96ef89000-76e96ef8a000 r--p 00000000 08:12 3937418                    /usr/lib/jvm/java-17-openjdk-amd64/lib/libinstrument.so
76e96ef8a000-76e96ef90000 r-xp 00001000 08:12 3937418                    /usr/lib/jvm/java-17-openjdk-amd64/lib/libinstrument.so
76e96ef90000-76e96ef93000 r--p 00007000 08:12 3937418                    /usr/lib/jvm/java-17-openjdk-amd64/lib/libinstrument.so
76e96ef93000-76e96ef94000 r--p 00009000 08:12 3937418                    /usr/lib/jvm/java-17-openjdk-amd64/lib/libinstrument.so
76e96ef94000-76e96ef95000 rw-p 0000a000 08:12 3937418                    /usr/lib/jvm/java-17-openjdk-amd64/lib/libinstrument.so
76e96ef95000-76e96efa1000 r--p 00000000 08:12 3937423                    /usr/lib/jvm/java-17-openjdk-amd64/lib/libjava.so
76e96efa1000-76e96efb4000 r-xp 0000c000 08:12 3937423                    /usr/lib/jvm/java-17-openjdk-amd64/lib/libjava.so
76e96efb4000-76e96efba000 r--p 0001f000 08:12 3937423                    /usr/lib/jvm/java-17-openjdk-amd64/lib/libjava.so
76e96efba000-76e96efbb000 r--p 00024000 08:12 3937423                    /usr/lib/jvm/java-17-openjdk-amd64/lib/libjava.so
76e96efbb000-76e96efbc000 rw-p 00025000 08:12 3937423                    /usr/lib/jvm/java-17-openjdk-amd64/lib/libjava.so
76e96efbc000-76e96efbd000 rw-p 00000000 00:00 0 
76e96efbd000-76e96efc0000 r--p 00000000 08:12 3937425                    /usr/lib/jvm/java-17-openjdk-amd64/lib/libjdwp.so
76e96efc0000-76e96efee000 r-xp 00003000 08:12 3937425                    /usr/lib/jvm/java-17-openjdk-amd64/lib/libjdwp.so
76e96efee000-76e96effc000 r--p 00031000 08:12 3937425                    /usr/lib/jvm/java-17-openjdk-amd64/lib/libjdwp.so
76e96effc000-76e96effd000 ---p 0003f000 08:12 3937425                    /usr/lib/jvm/java-17-openjdk-amd64/lib/libjdwp.so
76e96effd000-76e96effe000 r--p 0003f000 08:12 3937425                    /usr/lib/jvm/java-17-openjdk-amd64/lib/libjdwp.so
76e96effe000-76e96efff000 rw-p 00040000 08:12 3937425                    /usr/lib/jvm/java-17-openjdk-amd64/lib/libjdwp.so
76e96efff000-76e96f000000 rw-p 00000000 00:00 0 
76e96f000000-76e96f028000 r--p 00000000 08:12 3934331                    /usr/lib/x86_64-linux-gnu/libc.so.6
76e96f028000-76e96f1bd000 r-xp 00028000 08:12 3934331                    /usr/lib/x86_64-linux-gnu/libc.so.6
76e96f1bd000-76e96f215000 r--p 001bd000 08:12 3934331                    /usr/lib/x86_64-linux-gnu/libc.so.6
76e96f215000-76e96f216000 ---p 00215000 08:12 3934331                    /usr/lib/x86_64-linux-gnu/libc.so.6
76e96f216000-76e96f21a000 r--p 00215000 08:12 3934331                    /usr/lib/x86_64-linux-gnu/libc.so.6
76e96f21a000-76e96f21c000 rw-p 00219000 08:12 3934331                    /usr/lib/x86_64-linux-gnu/libc.so.6
76e96f21c000-76e96f229000 rw-p 00000000 00:00 0 
76e96f22d000-76e96f234000 r--s 00000000 08:12 3942277                    /usr/lib/x86_64-linux-gnu/gconv/gconv-modules.cache
76e96f234000-76e96f237000 r--p 00000000 08:12 3960106                    /usr/lib/x86_64-linux-gnu/libgcc_s.so.1
76e96f237000-76e96f24e000 r-xp 00003000 08:12 3960106                    /usr/lib/x86_64-linux-gnu/libgcc_s.so.1
76e96f24e000-76e96f252000 r--p 0001a000 08:12 3960106                    /usr/lib/x86_64-linux-gnu/libgcc_s.so.1
76e96f252000-76e96f253000 r--p 0001d000 08:12 3960106                    /usr/lib/x86_64-linux-gnu/libgcc_s.so.1
76e96f253000-76e96f254000 rw-p 0001e000 08:12 3960106                    /usr/lib/x86_64-linux-gnu/libgcc_s.so.1
76e96f254000-76e96f262000 r--p 00000000 08:12 3934354                    /usr/lib/x86_64-linux-gnu/libm.so.6
76e96f262000-76e96f2de000 r-xp 0000e000 08:12 3934354                    /usr/lib/x86_64-linux-gnu/libm.so.6
76e96f2de000-76e96f339000 r--p 0008a000 08:12 3934354                    /usr/lib/x86_64-linux-gnu/libm.so.6
76e96f339000-76e96f33a000 r--p 000e4000 08:12 3934354                    /usr/lib/x86_64-linux-gnu/libm.so.6
76e96f33a000-76e96f33b000 rw-p 000e5000 08:12 3934354                    /usr/lib/x86_64-linux-gnu/libm.so.6
76e96f33b000-76e96f33e000 rw-p 00000000 00:00 0 
76e96f33e000-76e96f340000 r--p 00000000 08:12 3937427                    /usr/lib/jvm/java-17-openjdk-amd64/lib/libjli.so
76e96f340000-76e96f34a000 r-xp 00002000 08:12 3937427                    /usr/lib/jvm/java-17-openjdk-amd64/lib/libjli.so
76e96f34a000-76e96f34d000 r--p 0000c000 08:12 3937427                    /usr/lib/jvm/java-17-openjdk-amd64/lib/libjli.so
76e96f34d000-76e96f34e000 r--p 0000e000 08:12 3937427                    /usr/lib/jvm/java-17-openjdk-amd64/lib/libjli.so
76e96f34e000-76e96f34f000 rw-p 0000f000 08:12 3937427                    /usr/lib/jvm/java-17-openjdk-amd64/lib/libjli.so
76e96f34f000-76e96f351000 r--p 00000000 08:12 3961165                    /usr/lib/x86_64-linux-gnu/libz.so.1.2.11
76e96f351000-76e96f362000 r-xp 00002000 08:12 3961165                    /usr/lib/x86_64-linux-gnu/libz.so.1.2.11
76e96f362000-76e96f368000 r--p 00013000 08:12 3961165                    /usr/lib/x86_64-linux-gnu/libz.so.1.2.11
76e96f368000-76e96f369000 ---p 00019000 08:12 3961165                    /usr/lib/x86_64-linux-gnu/libz.so.1.2.11
76e96f369000-76e96f36a000 r--p 00019000 08:12 3961165                    /usr/lib/x86_64-linux-gnu/libz.so.1.2.11
76e96f36a000-76e96f36b000 rw-p 0001a000 08:12 3961165                    /usr/lib/x86_64-linux-gnu/libz.so.1.2.11
76e96f36c000-76e96f374000 rw-s 00000000 08:12 5139758                    /tmp/hsperfdata_martin/268480
76e96f374000-76e96f375000 ---p 00000000 00:00 0 
76e96f375000-76e96f376000 r--p 00000000 00:00 0 
76e96f376000-76e96f378000 r--p 00000000 08:12 3937426                    /usr/lib/jvm/java-17-openjdk-amd64/lib/libjimage.so
76e96f378000-76e96f37b000 r-xp 00002000 08:12 3937426                    /usr/lib/jvm/java-17-openjdk-amd64/lib/libjimage.so
76e96f37b000-76e96f37c000 r--p 00005000 08:12 3937426                    /usr/lib/jvm/java-17-openjdk-amd64/lib/libjimage.so
76e96f37c000-76e96f37d000 ---p 00006000 08:12 3937426                    /usr/lib/jvm/java-17-openjdk-amd64/lib/libjimage.so
76e96f37d000-76e96f37e000 r--p 00006000 08:12 3937426                    /usr/lib/jvm/java-17-openjdk-amd64/lib/libjimage.so
76e96f37e000-76e96f37f000 rw-p 00007000 08:12 3937426                    /usr/lib/jvm/java-17-openjdk-amd64/lib/libjimage.so
76e96f37f000-76e96f381000 rw-p 00000000 00:00 0 
76e96f381000-76e96f383000 r--p 00000000 08:12 3934304                    /usr/lib/x86_64-linux-gnu/ld-linux-x86-64.so.2
76e96f383000-76e96f3ad000 r-xp 00002000 08:12 3934304                    /usr/lib/x86_64-linux-gnu/ld-linux-x86-64.so.2
76e96f3ad000-76e96f3b8000 r--p 0002c000 08:12 3934304                    /usr/lib/x86_64-linux-gnu/ld-linux-x86-64.so.2
76e96f3b8000-76e96f3b9000 ---p 00000000 00:00 0 
76e96f3b9000-76e96f3bb000 r--p 00037000 08:12 3934304                    /usr/lib/x86_64-linux-gnu/ld-linux-x86-64.so.2
76e96f3bb000-76e96f3bd000 rw-p 00039000 08:12 3934304                    /usr/lib/x86_64-linux-gnu/ld-linux-x86-64.so.2
7ffedb12e000-7ffedb153000 rw-p 00000000 00:00 0                          [stack]
7ffedb1f0000-7ffedb1f4000 r--p 00000000 00:00 0                          [vvar]
7ffedb1f4000-7ffedb1f6000 r-xp 00000000 00:00 0                          [vdso]
ffffffffff600000-ffffffffff601000 --xp 00000000 00:00 0                  [vsyscall]


VM Arguments:
jvm_args: -XX:+ShowCodeDetailsInExceptionMessages -agentlib:jdwp=transport=dt_socket,suspend=y,address=localhost:42047 -Djava.library.path=/home/martin/sources/za.co.ntier.twilio/src/za/ntier/mesibo/linux-x86_64 -javaagent:/home/martin/Software/eclipse-jee-2023-12-R-linux-gtk-x86_64/eclipse/configuration/org.eclipse.osgi/428/0/.cp/lib/javaagent-shaded.jar -Dfile.encoding=UTF-8 -Dstdout.encoding=UTF-8 -Dstderr.encoding=UTF-8 
java_command: za.ntier.mesibo.MesiboExample
java_class_path (initial): /home/martin/sources/za.co.ntier.twilio/lib/javacpp.jar:/home/martin/sources/za.co.ntier.twilio/lib/gson.jar:/home/martin/sources/idempiere/.metadata/.plugins/org.eclipse.pde.core/.bundle_pool/plugins/org.osgi.annotation.versioning_1.1.2.202109301733.jar:/home/martin/sources/idempiere/.metadata/.plugins/org.eclipse.pde.core/.bundle_pool/plugins/org.osgi.annotation.bundle_2.0.0.202202082230.jar:/home/martin/sources/idempiere/.metadata/.plugins/org.eclipse.pde.core/.bundle_pool/plugins/org.osgi.service.component.annotations_1.5.1.202212101352.jar:/home/martin/sources/idempiere/.metadata/.plugins/org.eclipse.pde.core/.bundle_pool/plugins/org.osgi.service.metatype.annotations_1.4.1.202109301733.jar:/home/martin/sources/idempiere/.metadata/.plugins/org.eclipse.pde.core/.bundle_pool/plugins/org.eclipse.equinox.app_1.6.200.v20220720-2012.jar:/home/martin/.m2/repository/org/passay/passay/1.6.1/passay-1.6.1.jar:/home/martin/.m2/repository/org/cryptacular/cryptacular/1.2.4/cryptacular-1.2.4.jar:/home/martin/.m2/repository/net/sf/supercsv/super-csv/2.4.0/super-csv-2.4.0.jar:/home/martin/.m2/repository/org/bouncycastle/bcprov-jdk18on/1.72/bcprov-jdk18on-1.72.jar:/home/martin/sources/idempiere/.metadata/.plugins/org.eclipse.pde.core/.bundle_pool/plugins/org.krysalis.barcode4j_2.1.0.jar:/home/martin/.m2/repository/org/codehaus/groovy/groovy/3.0.8/groovy-3.0.8.jar:/home/martin/.m2/repository/org/codehaus/groovy/groovy-console/3.0.8/groovy-console-3.0.8.jar:/home/martin/.m2/repository/org/codehaus/groovy/groovy-datetime/3.0.8/groovy-datetime-3.0.8.jar:/home/martin/.m2/repository/org/codehaus/groovy/groovy-json/3.0.8/groovy-json-3.0.8.jar:/home/martin/.m2/repository/org/codehaus/groovy/groovy-jsr223/3.0.8/groovy-jsr223-3.0.8.jar:/home/martin/.m2/repository/org/codehaus/groovy/groovy-nio/3.0.8/groovy-nio-3.0.8.jar:/home/martin/.m2/repository/org/codehaus/groovy/groovy-sql/3.0.8/groovy-sql-3.0.8.jar:/home/martin/.m2/repository/org/codehaus/groovy/groovy-xm
Launcher Type: SUN_STANDARD

[Global flags]
     intx CICompilerCount                          = 4                                         {product} {ergonomic}
     uint ConcGCThreads                            = 2                                         {product} {ergonomic}
     uint G1ConcRefinementThreads                  = 8                                         {product} {ergonomic}
   size_t G1HeapRegionSize                         = 4194304                                   {product} {ergonomic}
    uintx GCDrainStackTargetSize                   = 64                                        {product} {ergonomic}
   size_t InitialHeapSize                          = 327155712                                 {product} {ergonomic}
   size_t MarkStackSize                            = 4194304                                   {product} {ergonomic}
   size_t MaxHeapSize                              = 5205131264                                {product} {ergonomic}
   size_t MaxNewSize                               = 3120562176                                {product} {ergonomic}
   size_t MinHeapDeltaBytes                        = 4194304                                   {product} {ergonomic}
   size_t MinHeapSize                              = 8388608                                   {product} {ergonomic}
    uintx NonNMethodCodeHeapSize                   = 5839372                                {pd product} {ergonomic}
    uintx NonProfiledCodeHeapSize                  = 122909434                              {pd product} {ergonomic}
    uintx ProfiledCodeHeapSize                     = 122909434                              {pd product} {ergonomic}
    uintx ReservedCodeCacheSize                    = 251658240                              {pd product} {ergonomic}
     bool SegmentedCodeCache                       = true                                      {product} {ergonomic}
     bool ShowCodeDetailsInExceptionMessages       = true                                   {manageable} {command line}
   size_t SoftMaxHeapSize                          = 5205131264                             {manageable} {ergonomic}
     bool UseCompressedClassPointers               = true                           {product lp64_product} {ergonomic}
     bool UseCompressedOops                        = true                           {product lp64_product} {ergonomic}
     bool UseG1GC                                  = true                                      {product} {ergonomic}

Logging:
Log output configuration:
 #0: stdout all=warning uptime,level,tags
 #1: stderr all=off uptime,level,tags

Environment Variables:
JAVA_HOME=/usr/lib/jvm/java-1.17.0-openjdk-amd64
PATH=/home/martin/.local/bin:/opt/maven/bin:/usr/local/sbin:/usr/local/bin:/usr/sbin:/usr/bin:/sbin:/bin:/usr/games:/usr/local/games:/snap/bin:/snap/bin
USERNAME=martin
SHELL=/bin/bash
DISPLAY=:1
LANG=en_ZA.UTF-8
TERM=xterm-256color

Active Locale:
LC_ALL=en_ZA.UTF-8
LC_COLLATE=en_ZA.UTF-8
LC_CTYPE=en_ZA.UTF-8
LC_MESSAGES=en_ZA.UTF-8
LC_MONETARY=en_ZA.UTF-8
LC_NUMERIC=en_ZA.UTF-8
LC_TIME=en_ZA.UTF-8

Signal Handlers:
   SIGSEGV: crash_handler in libjvm.so, mask=11100100010111111101111111111110, flags=SA_RESTART|SA_SIGINFO, unblocked
    SIGBUS: crash_handler in libjvm.so, mask=11100100010111111101111111111110, flags=SA_RESTART|SA_SIGINFO, unblocked
    SIGFPE: crash_handler in libjvm.so, mask=11100100010111111101111111111110, flags=SA_RESTART|SA_SIGINFO, unblocked
   SIGPIPE: 0x000076e93d2ac51c in libmesibo.so+705820, mask=00000000000000000000000000000000, flags=none, blocked
  *** Handler was modified!
  *** Expected: javaSignalHandler in libjvm.so, mask=11100100110111111111111111111110, flags=SA_RESTART|SA_SIGINFO
   SIGXFSZ: javaSignalHandler in libjvm.so, mask=11100100010111111101111111111110, flags=SA_RESTART|SA_SIGINFO, blocked
    SIGILL: crash_handler in libjvm.so, mask=11100100010111111101111111111110, flags=SA_RESTART|SA_SIGINFO, unblocked
   SIGUSR2: 0x000076e93d2ac51c in libmesibo.so+705820, mask=00000000000000000000000000000000, flags=none, blocked
  *** Handler was modified!
  *** Expected: SR_handler in libjvm.so, mask=00100000000000000000000000000000, flags=SA_RESTART|SA_SIGINFO
    SIGHUP: UserHandler in libjvm.so, mask=11100100010111111101111111111110, flags=SA_RESTART|SA_SIGINFO, blocked
    SIGINT: UserHandler in libjvm.so, mask=11100100010111111101111111111110, flags=SA_RESTART|SA_SIGINFO, blocked
   SIGTERM: UserHandler in libjvm.so, mask=11100100010111111101111111111110, flags=SA_RESTART|SA_SIGINFO, blocked
   SIGQUIT: UserHandler in libjvm.so, mask=11100100010111111101111111111110, flags=SA_RESTART|SA_SIGINFO, blocked
   SIGTRAP: crash_handler in libjvm.so, mask=11100100010111111101111111111110, flags=SA_RESTART|SA_SIGINFO, unblocked


Periodic native trim disabled


---------------  S Y S T E M  ---------------

OS:
DISTRIB_ID=Ubuntu
DISTRIB_RELEASE=22.04
DISTRIB_CODENAME=jammy
DISTRIB_DESCRIPTION="Ubuntu 22.04.4 LTS"
uname: Linux 6.8.0-48-generic #48~22.04.1-Ubuntu SMP PREEMPT_DYNAMIC Mon Oct  7 11:24:13 UTC 2 x86_64
OS uptime: 1 days 19:43 hours
libc: glibc 2.35 NPTL 2.35 
rlimit (soft/hard): STACK 8192k/infinity , CORE 0k/infinity , NPROC 79103/79103 , NOFILE 1048576/1048576 , AS infinity/infinity , CPU infinity/infinity , DATA infinity/infinity , FSIZE infinity/infinity , MEMLOCK 2541040k/2541040k
load average: 4.43 2.00 1.14

/proc/meminfo:
MemTotal:       20328344 kB
MemFree:          553364 kB
MemAvailable:    7765388 kB
Buffers:          781496 kB
Cached:          8162140 kB
SwapCached:            0 kB
Active:         10522284 kB
Inactive:        6403020 kB
Active(anon):    8621088 kB
Inactive(anon):  1236912 kB
Active(file):    1901196 kB
Inactive(file):  5166108 kB
Unevictable:     1652772 kB
Mlocked:              80 kB
SwapTotal:             0 kB
SwapFree:              0 kB
Zswap:                 0 kB
Zswapped:              0 kB
Dirty:              1080 kB
Writeback:             0 kB
AnonPages:       9634224 kB
Mapped:          1339968 kB
Shmem:           1876332 kB
KReclaimable:     514840 kB
Slab:             841236 kB
SReclaimable:     514840 kB
SUnreclaim:       326396 kB
KernelStack:       33784 kB
PageTables:       109064 kB
SecPageTables:         0 kB
NFS_Unstable:          0 kB
Bounce:                0 kB
WritebackTmp:          0 kB
CommitLimit:    10164172 kB
Committed_AS:   38467408 kB
VmallocTotal:   34359738367 kB
VmallocUsed:      133764 kB
VmallocChunk:          0 kB
Percpu:            12320 kB
HardwareCorrupted:     0 kB
AnonHugePages:         0 kB
ShmemHugePages:  1447936 kB
ShmemPmdMapped:        0 kB
FileHugePages:         0 kB
FilePmdMapped:         0 kB
Unaccepted:            0 kB
HugePages_Total:       0
HugePages_Free:        0
HugePages_Rsvd:        0
HugePages_Surp:        0
Hugepagesize:       2048 kB
Hugetlb:               0 kB
DirectMap4k:      722596 kB
DirectMap2M:    17999872 kB
DirectMap1G:     2097152 kB

/sys/kernel/mm/transparent_hugepage/enabled: always [madvise] never
/sys/kernel/mm/transparent_hugepage/hpage_pmd_size: 2097152
/sys/kernel/mm/transparent_hugepage/defrag (defrag/compaction efforts parameter): always defer defer+madvise [madvise] never

Process Memory:
Virtual Size: 8867260K (peak: 8928820K)
Resident Set Size: 101812K (peak: 101812K) (anon: 76916K, file: 24896K, shmem: 0K)
Swapped out: 0K
C-Heap outstanding allocations: 43849K, retained: 8187K
glibc malloc tunables: (default)

/proc/sys/kernel/threads-max (system-wide limit on the number of threads): 158207
/proc/sys/vm/max_map_count (maximum number of memory map areas a process may have): 65530
/proc/sys/vm/swappiness (control to define how aggressively the kernel swaps out anonymous memory): 60
/proc/sys/kernel/pid_max (system-wide limit on number of process identifiers): 4194304

container (cgroup) information:
container_type: cgroupv2
cpu_cpuset_cpus: not supported
cpu_memory_nodes: not supported
active_processor_count: 8
cpu_quota: not supported
cpu_period: not supported
cpu_shares: not supported
memory_limit_in_bytes: unlimited
memory_and_swap_limit_in_bytes: unlimited
memory_soft_limit_in_bytes: unlimited
memory_usage_in_bytes: 2917088 k
memory_max_usage_in_bytes: not supported
memory_swap_current_in_bytes: unlimited
memory_swap_max_limit_in_bytes: unlimited
maximum number of tasks: 23731
current number of tasks: 214

Steal ticks since vm start: 0
Steal ticks percentage since vm start:  0.000

CPU: total 8 (initial active 8) (4 cores per cpu, 2 threads per core) family 6 model 142 stepping 11 microcode 0xf6, cx8, cmov, fxsr, ht, mmx, 3dnowpref, sse, sse2, sse3, ssse3, sse4.1, sse4.2, popcnt, lzcnt, tsc, tscinvbit, avx, avx2, aes, erms, clmul, bmi1, bmi2, adx, fma, vzeroupper, clflush, clflushopt
CPU Model and flags from /proc/cpuinfo:
model name	: Intel(R) Core(TM) i7-8565U CPU @ 1.80GHz
flags		: fpu vme de pse tsc msr pae mce cx8 apic sep mtrr pge mca cmov pat pse36 clflush dts acpi mmx fxsr sse sse2 ss ht tm pbe syscall nx pdpe1gb rdtscp lm constant_tsc art arch_perfmon pebs bts rep_good nopl xtopology nonstop_tsc cpuid aperfmperf pni pclmulqdq dtes64 monitor ds_cpl vmx est tm2 ssse3 sdbg fma cx16 xtpr pdcm pcid sse4_1 sse4_2 x2apic movbe popcnt tsc_deadline_timer aes xsave avx f16c rdrand lahf_lm abm 3dnowprefetch cpuid_fault epb ssbd ibrs ibpb stibp tpr_shadow flexpriority ept vpid ept_ad fsgsbase tsc_adjust bmi1 avx2 smep bmi2 erms invpcid mpx rdseed adx smap clflushopt intel_pt xsaveopt xsavec xgetbv1 xsaves dtherm ida arat pln pts hwp hwp_notify hwp_act_window hwp_epp vnmi md_clear flush_l1d arch_capabilities

Online cpus: 0-7
Offline cpus: 
BIOS frequency limitation: <Not Available>
Frequency switch latency (ns): 0
Available cpu frequencies: <Not Available>
Current governor: powersave
Core performance/turbo boost: <Not Available>

Memory: 4k page, physical 20328344k(553364k free), swap 0k(0k free)
Page Sizes: 4k

vm_info: OpenJDK 64-Bit Server VM (17.0.12+7-Ubuntu-1ubuntu222.04) for linux-amd64 JRE (17.0.12+7-Ubuntu-1ubuntu222.04), built on Jul 21 2024 21:22:32 by "buildd" with gcc 11.4.0

END.
