#
# A fatal error has been detected by the Java Runtime Environment:
#
#  SIGSEGV (0xb) at pc=0x000076a8ddc65ade, pid=270151, tid=270194
#
# JRE version: OpenJDK Runtime Environment (17.0.12+7) (build 17.0.12+7-Ubuntu-1ubuntu222.04)
# Java VM: OpenJDK 64-Bit Server VM (17.0.12+7-Ubuntu-1ubuntu222.04, mixed mode, sharing, tiered, compressed oops, compressed class ptrs, g1 gc, linux-amd64)
# Problematic frame:
# C  [libmesibo.so+0x65ade]
#
# Core dump will be written. Default location: Core dumps may be processed with "/usr/share/apport/apport -p%p -s%s -c%c -d%d -P%P -u%u -g%g -- %E" (or dumping to /home/martin/sources/za.co.ntier.twilio/core.270151)
#
# If you would like to submit a bug report, please visit:
#   https://bugs.launchpad.net/ubuntu/+source/openjdk-17
#

---------------  S U M M A R Y ------------

Command Line: -XX:+ShowCodeDetailsInExceptionMessages -agentlib:jdwp=transport=dt_socket,suspend=y,address=localhost:35847 -Djava.library.path=/home/martin/sources/za.co.ntier.twilio/src/za/ntier/mesibo/linux-x86_64 -javaagent:/home/martin/Software/eclipse-jee-2023-12-R-linux-gtk-x86_64/eclipse/configuration/org.eclipse.osgi/428/0/.cp/lib/javaagent-shaded.jar -Dfile.encoding=UTF-8 -Dstdout.encoding=UTF-8 -Dstderr.encoding=UTF-8 za.ntier.mesibo.MesiboExample

Host: Intel(R) Core(TM) i7-8565U CPU @ 1.80GHz, 8 cores, 19G, Ubuntu 22.04.4 LTS
Time: Sun Nov 10 07:35:55 2024 SAST elapsed time: 0.552193 seconds (0d 0h 0m 0s)

---------------  T H R E A D  ---------------

Current thread is native thread

Stack: [0x000076a90cdb9000,0x000076a90cddc000],  sp=0x000076a90cddad10,  free space=135k
Native frames: (J=compiled Java code, j=interpreted, Vv=VM code, C=native code)
C  [libmesibo.so+0x65ade]
C  [libmesibo.so+0x6e4df]
C  [libmesibo.so+0xae4e5]
C  [libmesibo.so+0xafae3]
C  [libmesibo.so+0xac515]


siginfo: si_signo: 11 (SIGSEGV), si_code: 1 (SEGV_MAPERR), si_addr: 0x0000000000000000

Registers:
RAX=0x0000000000000000, RBX=0x000076a90cddb640, RCX=0x0000000000000000, RDX=0x0000000000000000
RSP=0x000076a90cddad10, RBP=0x000076a90cddad30, RSI=0x0000000000000006, RDI=0x000076a90876bbb0
R8 =0x0000000000000000, R9 =0x0000000000000000, R10=0x0000000000000000, R11=0x0000000000000000
R12=0x000076a90cddb640, R13=0x0000000000000002, R14=0x000076a90fa947d0, R15=0x000076a90e5fe6a0
RIP=0x000076a8ddc65ade, EFLAGS=0x0000000000010293, CSGSFS=0x002b000000000033, ERR=0x0000000000000004
  TRAPNO=0x000000000000000e


Top of Stack: (sp=0x000076a90cddad10)
0x000076a90cddad10:   0000000000000000 66516c0006512800
0x000076a90cddad20:   0000000600000000 000076a90876bbb0
0x000076a90cddad30:   000076a90cddad60 000076a8ddc6e4df
0x000076a90cddad40:   0000000000000000 000076000fae566d
0x000076a90cddad50:   0000000600000000 000076a9087ad220
0x000076a90cddad60:   000076a90cddad90 000076a8ddcae4e5
0x000076a90cddad70:   0000000600000000 000076a9087ad228
0x000076a90cddad80:   000000100cddad90 0000000000000000
0x000076a90cddad90:   000076a90cddae20 000076a8ddcafae3
0x000076a90cddada0:   0000000000000000 000076a9087ad228
0x000076a90cddadb0:   ffffffffffffffff 0000000000000000
0x000076a90cddadc0:   0000000000000000 0000000000000000
0x000076a90cddadd0:   0000000000000000 000626885ba9958a
0x000076a90cddade0:   000626885ba9957d 0000000000000000
0x000076a90cddadf0:   000626885ba99581 000626885ba99581
0x000076a90cddae00:   0000000000000000 000076a90cddb640
0x000076a90cddae10:   000076a90cddb640 0000000000000002
0x000076a90cddae20:   000076a90cddae50 000076a8ddcac515
0x000076a90cddae30:   0000000000000000 000076a9087ad228
0x000076a90cddae40:   0000000000000000 000076a9087ad228
0x000076a90cddae50:   0000000000000000 000076a90fa94ac3
0x000076a90cddae60:   0000000000000000 000076a90cddb640
0x000076a90cddae70:   000076a90e5fe540 24c2991fbfa3121a
0x000076a90cddae80:   000076a90cddb640 0000000000000002
0x000076a90cddae90:   000076a90fa947d0 000076a90e5fe6a0
0x000076a90cddaea0:   c99080a4e363121a c990864d2e21121a
0x000076a90cddaeb0:   0000000000000000 0000000000000000
0x000076a90cddaec0:   0000000000000000 0000000000000000
0x000076a90cddaed0:   0000000000000000 66516c4206512800
0x000076a90cddaee0:   0000000000000000 000076a90e5fe540
0x000076a90cddaef0:   0000000000000000 000076a90fb26850
0x000076a90cddaf00:   0000000000000000 0000000000000000 

Instructions: (pc=0x000076a8ddc65ade)
0x000076a8ddc659de:   89 7d b8 48 89 75 b0 48 89 55 a8 89 4d a4 44 89
0x000076a8ddc659ee:   45 a0 48 8b 45 b8 48 8b 40 20 48 85 c0 75 07 bb
0x000076a8ddc659fe:   00 00 00 00 eb 5d 48 8b 45 b0 8b 50 3c 48 8b 4d
0x000076a8ddc65a0e:   a8 48 8d 45 c0 48 89 ce 48 89 c7 e8 bc 3c 00 00
0x000076a8ddc65a1e:   8b 45 a4 89 45 c8 8b 45 a0 89 45 cc 48 8b 45 b8
0x000076a8ddc65a2e:   48 8b 50 20 48 8b 45 b8 48 8b 40 20 48 8b 00 48
0x000076a8ddc65a3e:   83 c0 28 48 8b 00 48 8d 4d c0 48 89 ce 48 89 d7
0x000076a8ddc65a4e:   ff d0 bb 00 00 00 00 48 8d 45 c0 48 89 c7 e8 fb
0x000076a8ddc65a5e:   3c 00 00 89 d8 eb 1a 48 89 c3 48 8d 45 c0 48 89
0x000076a8ddc65a6e:   c7 e8 e8 3c 00 00 48 89 d8 48 89 c7 e8 c1 d3 ff
0x000076a8ddc65a7e:   ff 48 83 c4 58 5b 5d c3 55 48 89 e5 48 89 7d f8
0x000076a8ddc65a8e:   48 89 75 f0 48 89 55 e8 48 89 4d e0 4c 89 45 d8
0x000076a8ddc65a9e:   b8 00 00 00 00 5d c3 90 55 48 89 e5 48 83 ec 20
0x000076a8ddc65aae:   48 89 7d f8 89 75 f4 89 55 f0 89 c8 4c 89 45 e0
0x000076a8ddc65abe:   88 45 ec 83 7d f4 0b 75 07 b8 00 00 00 00 eb 25
0x000076a8ddc65ace:   48 8b 45 f8 48 8b 50 20 48 8b 45 f8 48 8b 40 20
0x000076a8ddc65ade:   48 8b 00 48 83 c0 30 48 8b 00 8b 4d f4 89 ce 48
0x000076a8ddc65aee:   89 d7 ff d0 90 c9 c3 90 55 48 89 e5 48 89 7d f8
0x000076a8ddc65afe:   89 75 f4 89 55 f0 48 89 4d e8 90 5d c3 90 55 48
0x000076a8ddc65b0e:   89 e5 48 83 ec 20 48 89 7d f8 48 89 75 f0 89 55
0x000076a8ddc65b1e:   ec 48 8b 45 f8 48 8b 48 20 48 8b 45 f8 48 8b 40
0x000076a8ddc65b2e:   20 48 8b 00 48 83 c0 38 48 8b 00 8b 55 ec 48 8b
0x000076a8ddc65b3e:   75 f0 48 89 cf ff d0 90 c9 c3 55 48 89 e5 48 89
0x000076a8ddc65b4e:   7d f8 48 89 75 f0 48 89 55 e8 b8 00 00 00 00 5d
0x000076a8ddc65b5e:   c3 90 55 48 89 e5 48 89 7d f8 89 75 f4 48 89 55
0x000076a8ddc65b6e:   e8 48 89 4d e0 4c 89 45 d8 44 89 4d f0 b8 00 00
0x000076a8ddc65b7e:   00 00 5d c3 55 48 89 e5 48 89 7d f8 48 89 75 f0
0x000076a8ddc65b8e:   b8 00 00 00 00 5d c3 90 55 48 89 e5 48 89 7d f8
0x000076a8ddc65b9e:   48 89 75 f0 b8 00 00 00 00 5d c3 90 55 48 89 e5
0x000076a8ddc65bae:   48 89 7d f8 48 89 75 f0 89 55 ec 89 4d e8 b8 00
0x000076a8ddc65bbe:   00 00 00 5d c3 90 55 48 89 e5 48 89 7d f8 89 75
0x000076a8ddc65bce:   f4 48 89 55 e8 48 89 4d e0 4c 89 45 d8 b8 00 00 



---------------  P R O C E S S  ---------------

VM state: not at safepoint (normal execution)

VM Mutex/Monitor currently owned by a thread: None

Heap address: 0x00000006c9c00000, size: 4964 MB, Compressed Oops mode: Zero based, Oop shift amount: 3

CDS archive(s) mapped at: [0x000076a887000000-0x000076a887bc4000-0x000076a887bc4000), size 12337152, SharedBaseAddress: 0x000076a887000000, ArchiveRelocationMode: 1.
Compressed class space mapped at: 0x000076a888000000-0x000076a8c8000000, reserved size: 1073741824
Narrow klass base: 0x000076a887000000, Narrow klass shift: 0, Narrow klass range: 0x100000000

GC Precious Log:
<Skipped>

Heap:
 garbage-first heap   total 327680K, used 18095K [0x00000006c9c00000, 0x0000000800000000)
  region size 4096K, 3 young (12288K), 1 survivors (4096K)
 Metaspace       used 4206K, committed 4288K, reserved 1114112K
  class space    used 374K, committed 384K, reserved 1048576K

Heap Regions: E=young(eden), S=young(survivor), O=old, HS=humongous(starts), HC=humongous(continues), CS=collection set, F=free, OA=open archive, CA=closed archive, TAMS=top-at-mark-start (previous, next)
|   0|0x00000006c9c00000, 0x00000006c9e82600, 0x00000006ca000000| 62%| O|  |TAMS 0x00000006c9c00000, 0x00000006c9c00000| Untracked 
|   1|0x00000006ca000000, 0x00000006ca000000, 0x00000006ca400000|  0%| F|  |TAMS 0x00000006ca000000, 0x00000006ca000000| Untracked 
|   2|0x00000006ca400000, 0x00000006ca400000, 0x00000006ca800000|  0%| F|  |TAMS 0x00000006ca400000, 0x00000006ca400000| Untracked 
|   3|0x00000006ca800000, 0x00000006ca800000, 0x00000006cac00000|  0%| F|  |TAMS 0x00000006ca800000, 0x00000006ca800000| Untracked 
|   4|0x00000006cac00000, 0x00000006cac00000, 0x00000006cb000000|  0%| F|  |TAMS 0x00000006cac00000, 0x00000006cac00000| Untracked 
|   5|0x00000006cb000000, 0x00000006cb000000, 0x00000006cb400000|  0%| F|  |TAMS 0x00000006cb000000, 0x00000006cb000000| Untracked 
|   6|0x00000006cb400000, 0x00000006cb400000, 0x00000006cb800000|  0%| F|  |TAMS 0x00000006cb400000, 0x00000006cb400000| Untracked 
|   7|0x00000006cb800000, 0x00000006cb800000, 0x00000006cbc00000|  0%| F|  |TAMS 0x00000006cb800000, 0x00000006cb800000| Untracked 
|   8|0x00000006cbc00000, 0x00000006cbc00000, 0x00000006cc000000|  0%| F|  |TAMS 0x00000006cbc00000, 0x00000006cbc00000| Untracked 
|   9|0x00000006cc000000, 0x00000006cc000000, 0x00000006cc400000|  0%| F|  |TAMS 0x00000006cc000000, 0x00000006cc000000| Untracked 
|  10|0x00000006cc400000, 0x00000006cc400000, 0x00000006cc800000|  0%| F|  |TAMS 0x00000006cc400000, 0x00000006cc400000| Untracked 
|  11|0x00000006cc800000, 0x00000006cc800000, 0x00000006ccc00000|  0%| F|  |TAMS 0x00000006cc800000, 0x00000006cc800000| Untracked 
|  12|0x00000006ccc00000, 0x00000006ccc00000, 0x00000006cd000000|  0%| F|  |TAMS 0x00000006ccc00000, 0x00000006ccc00000| Untracked 
|  13|0x00000006cd000000, 0x00000006cd000000, 0x00000006cd400000|  0%| F|  |TAMS 0x00000006cd000000, 0x00000006cd000000| Untracked 
|  14|0x00000006cd400000, 0x00000006cd400000, 0x00000006cd800000|  0%| F|  |TAMS 0x00000006cd400000, 0x00000006cd400000| Untracked 
|  15|0x00000006cd800000, 0x00000006cd800000, 0x00000006cdc00000|  0%| F|  |TAMS 0x00000006cd800000, 0x00000006cd800000| Untracked 
|  16|0x00000006cdc00000, 0x00000006cdc00000, 0x00000006ce000000|  0%| F|  |TAMS 0x00000006cdc00000, 0x00000006cdc00000| Untracked 
|  17|0x00000006ce000000, 0x00000006ce000000, 0x00000006ce400000|  0%| F|  |TAMS 0x00000006ce000000, 0x00000006ce000000| Untracked 
|  18|0x00000006ce400000, 0x00000006ce400000, 0x00000006ce800000|  0%| F|  |TAMS 0x00000006ce400000, 0x00000006ce400000| Untracked 
|  19|0x00000006ce800000, 0x00000006ce800000, 0x00000006cec00000|  0%| F|  |TAMS 0x00000006ce800000, 0x00000006ce800000| Untracked 
|  20|0x00000006cec00000, 0x00000006cec00000, 0x00000006cf000000|  0%| F|  |TAMS 0x00000006cec00000, 0x00000006cec00000| Untracked 
|  21|0x00000006cf000000, 0x00000006cf000000, 0x00000006cf400000|  0%| F|  |TAMS 0x00000006cf000000, 0x00000006cf000000| Untracked 
|  22|0x00000006cf400000, 0x00000006cf400000, 0x00000006cf800000|  0%| F|  |TAMS 0x00000006cf400000, 0x00000006cf400000| Untracked 
|  23|0x00000006cf800000, 0x00000006cf800000, 0x00000006cfc00000|  0%| F|  |TAMS 0x00000006cf800000, 0x00000006cf800000| Untracked 
|  24|0x00000006cfc00000, 0x00000006cfc00000, 0x00000006d0000000|  0%| F|  |TAMS 0x00000006cfc00000, 0x00000006cfc00000| Untracked 
|  25|0x00000006d0000000, 0x00000006d0000000, 0x00000006d0400000|  0%| F|  |TAMS 0x00000006d0000000, 0x00000006d0000000| Untracked 
|  26|0x00000006d0400000, 0x00000006d0400000, 0x00000006d0800000|  0%| F|  |TAMS 0x00000006d0400000, 0x00000006d0400000| Untracked 
|  27|0x00000006d0800000, 0x00000006d0800000, 0x00000006d0c00000|  0%| F|  |TAMS 0x00000006d0800000, 0x00000006d0800000| Untracked 
|  28|0x00000006d0c00000, 0x00000006d0c00000, 0x00000006d1000000|  0%| F|  |TAMS 0x00000006d0c00000, 0x00000006d0c00000| Untracked 
|  29|0x00000006d1000000, 0x00000006d1000000, 0x00000006d1400000|  0%| F|  |TAMS 0x00000006d1000000, 0x00000006d1000000| Untracked 
|  30|0x00000006d1400000, 0x00000006d1400000, 0x00000006d1800000|  0%| F|  |TAMS 0x00000006d1400000, 0x00000006d1400000| Untracked 
|  31|0x00000006d1800000, 0x00000006d1800000, 0x00000006d1c00000|  0%| F|  |TAMS 0x00000006d1800000, 0x00000006d1800000| Untracked 
|  32|0x00000006d1c00000, 0x00000006d1c00000, 0x00000006d2000000|  0%| F|  |TAMS 0x00000006d1c00000, 0x00000006d1c00000| Untracked 
|  33|0x00000006d2000000, 0x00000006d2000000, 0x00000006d2400000|  0%| F|  |TAMS 0x00000006d2000000, 0x00000006d2000000| Untracked 
|  34|0x00000006d2400000, 0x00000006d2400000, 0x00000006d2800000|  0%| F|  |TAMS 0x00000006d2400000, 0x00000006d2400000| Untracked 
|  35|0x00000006d2800000, 0x00000006d2800000, 0x00000006d2c00000|  0%| F|  |TAMS 0x00000006d2800000, 0x00000006d2800000| Untracked 
|  36|0x00000006d2c00000, 0x00000006d2c00000, 0x00000006d3000000|  0%| F|  |TAMS 0x00000006d2c00000, 0x00000006d2c00000| Untracked 
|  37|0x00000006d3000000, 0x00000006d3000000, 0x00000006d3400000|  0%| F|  |TAMS 0x00000006d3000000, 0x00000006d3000000| Untracked 
|  38|0x00000006d3400000, 0x00000006d3400000, 0x00000006d3800000|  0%| F|  |TAMS 0x00000006d3400000, 0x00000006d3400000| Untracked 
|  39|0x00000006d3800000, 0x00000006d3800000, 0x00000006d3c00000|  0%| F|  |TAMS 0x00000006d3800000, 0x00000006d3800000| Untracked 
|  40|0x00000006d3c00000, 0x00000006d3c00000, 0x00000006d4000000|  0%| F|  |TAMS 0x00000006d3c00000, 0x00000006d3c00000| Untracked 
|  41|0x00000006d4000000, 0x00000006d4000000, 0x00000006d4400000|  0%| F|  |TAMS 0x00000006d4000000, 0x00000006d4000000| Untracked 
|  42|0x00000006d4400000, 0x00000006d4400000, 0x00000006d4800000|  0%| F|  |TAMS 0x00000006d4400000, 0x00000006d4400000| Untracked 
|  43|0x00000006d4800000, 0x00000006d4800000, 0x00000006d4c00000|  0%| F|  |TAMS 0x00000006d4800000, 0x00000006d4800000| Untracked 
|  44|0x00000006d4c00000, 0x00000006d4c00000, 0x00000006d5000000|  0%| F|  |TAMS 0x00000006d4c00000, 0x00000006d4c00000| Untracked 
|  45|0x00000006d5000000, 0x00000006d5000000, 0x00000006d5400000|  0%| F|  |TAMS 0x00000006d5000000, 0x00000006d5000000| Untracked 
|  46|0x00000006d5400000, 0x00000006d5400000, 0x00000006d5800000|  0%| F|  |TAMS 0x00000006d5400000, 0x00000006d5400000| Untracked 
|  47|0x00000006d5800000, 0x00000006d5800000, 0x00000006d5c00000|  0%| F|  |TAMS 0x00000006d5800000, 0x00000006d5800000| Untracked 
|  48|0x00000006d5c00000, 0x00000006d5c00000, 0x00000006d6000000|  0%| F|  |TAMS 0x00000006d5c00000, 0x00000006d5c00000| Untracked 
|  49|0x00000006d6000000, 0x00000006d6000000, 0x00000006d6400000|  0%| F|  |TAMS 0x00000006d6000000, 0x00000006d6000000| Untracked 
|  50|0x00000006d6400000, 0x00000006d6400000, 0x00000006d6800000|  0%| F|  |TAMS 0x00000006d6400000, 0x00000006d6400000| Untracked 
|  51|0x00000006d6800000, 0x00000006d6800000, 0x00000006d6c00000|  0%| F|  |TAMS 0x00000006d6800000, 0x00000006d6800000| Untracked 
|  52|0x00000006d6c00000, 0x00000006d6c00000, 0x00000006d7000000|  0%| F|  |TAMS 0x00000006d6c00000, 0x00000006d6c00000| Untracked 
|  53|0x00000006d7000000, 0x00000006d7000000, 0x00000006d7400000|  0%| F|  |TAMS 0x00000006d7000000, 0x00000006d7000000| Untracked 
|  54|0x00000006d7400000, 0x00000006d7400000, 0x00000006d7800000|  0%| F|  |TAMS 0x00000006d7400000, 0x00000006d7400000| Untracked 
|  55|0x00000006d7800000, 0x00000006d7800000, 0x00000006d7c00000|  0%| F|  |TAMS 0x00000006d7800000, 0x00000006d7800000| Untracked 
|  56|0x00000006d7c00000, 0x00000006d7c00000, 0x00000006d8000000|  0%| F|  |TAMS 0x00000006d7c00000, 0x00000006d7c00000| Untracked 
|  57|0x00000006d8000000, 0x00000006d8000000, 0x00000006d8400000|  0%| F|  |TAMS 0x00000006d8000000, 0x00000006d8000000| Untracked 
|  58|0x00000006d8400000, 0x00000006d8400000, 0x00000006d8800000|  0%| F|  |TAMS 0x00000006d8400000, 0x00000006d8400000| Untracked 
|  59|0x00000006d8800000, 0x00000006d8800000, 0x00000006d8c00000|  0%| F|  |TAMS 0x00000006d8800000, 0x00000006d8800000| Untracked 
|  60|0x00000006d8c00000, 0x00000006d8c00000, 0x00000006d9000000|  0%| F|  |TAMS 0x00000006d8c00000, 0x00000006d8c00000| Untracked 
|  61|0x00000006d9000000, 0x00000006d9000000, 0x00000006d9400000|  0%| F|  |TAMS 0x00000006d9000000, 0x00000006d9000000| Untracked 
|  62|0x00000006d9400000, 0x00000006d9400000, 0x00000006d9800000|  0%| F|  |TAMS 0x00000006d9400000, 0x00000006d9400000| Untracked 
|  63|0x00000006d9800000, 0x00000006d9800000, 0x00000006d9c00000|  0%| F|  |TAMS 0x00000006d9800000, 0x00000006d9800000| Untracked 
|  64|0x00000006d9c00000, 0x00000006d9c00000, 0x00000006da000000|  0%| F|  |TAMS 0x00000006d9c00000, 0x00000006d9c00000| Untracked 
|  65|0x00000006da000000, 0x00000006da000000, 0x00000006da400000|  0%| F|  |TAMS 0x00000006da000000, 0x00000006da000000| Untracked 
|  66|0x00000006da400000, 0x00000006da400000, 0x00000006da800000|  0%| F|  |TAMS 0x00000006da400000, 0x00000006da400000| Untracked 
|  67|0x00000006da800000, 0x00000006da800000, 0x00000006dac00000|  0%| F|  |TAMS 0x00000006da800000, 0x00000006da800000| Untracked 
|  68|0x00000006dac00000, 0x00000006dac00000, 0x00000006db000000|  0%| F|  |TAMS 0x00000006dac00000, 0x00000006dac00000| Untracked 
|  69|0x00000006db000000, 0x00000006db000000, 0x00000006db400000|  0%| F|  |TAMS 0x00000006db000000, 0x00000006db000000| Untracked 
|  70|0x00000006db400000, 0x00000006db400000, 0x00000006db800000|  0%| F|  |TAMS 0x00000006db400000, 0x00000006db400000| Untracked 
|  71|0x00000006db800000, 0x00000006db800000, 0x00000006dbc00000|  0%| F|  |TAMS 0x00000006db800000, 0x00000006db800000| Untracked 
|  72|0x00000006dbc00000, 0x00000006dc000000, 0x00000006dc000000|100%| S|CS|TAMS 0x00000006dbc00000, 0x00000006dbc00000| Complete 
|  73|0x00000006dc000000, 0x00000006dc000000, 0x00000006dc400000|  0%| F|  |TAMS 0x00000006dc000000, 0x00000006dc000000| Untracked 
|  74|0x00000006dc400000, 0x00000006dc400000, 0x00000006dc800000|  0%| F|  |TAMS 0x00000006dc400000, 0x00000006dc400000| Untracked 
|  75|0x00000006dc800000, 0x00000006dc800000, 0x00000006dcc00000|  0%| F|  |TAMS 0x00000006dc800000, 0x00000006dc800000| Untracked 
|  76|0x00000006dcc00000, 0x00000006dcf3d658, 0x00000006dd000000| 80%| E|  |TAMS 0x00000006dcc00000, 0x00000006dcc00000| Complete 
|  77|0x00000006dd000000, 0x00000006dd400000, 0x00000006dd400000|100%| E|CS|TAMS 0x00000006dd000000, 0x00000006dd000000| Complete 
|1239|0x00000007ff800000, 0x00000007ffb75000, 0x00000007ffc00000| 86%|OA|  |TAMS 0x00000007ff800000, 0x00000007ff800000| Untracked 
|1240|0x00000007ffc00000, 0x00000007ffc77000, 0x0000000800000000| 11%|CA|  |TAMS 0x00000007ffc00000, 0x00000007ffc00000| Untracked 

Card table byte_map: [0x000076a90c400000,0x000076a90cdb2000] _byte_map_base: 0x000076a908db2000

Marking Bits (Prev, Next): (CMBitMap*) 0x000076a9080915b0, (CMBitMap*) 0x000076a9080915f0
 Prev Bits: [0x000076a8ebc00000, 0x000076a8f0990000)
 Next Bits: [0x000076a8e6e00000, 0x000076a8ebb90000)

Polling page: 0x000076a90fd70000

Metaspace:

Usage:
  Non-class:      3.74 MB used.
      Class:    374.02 KB used.
       Both:      4.11 MB used.

Virtual space:
  Non-class space:       64.00 MB reserved,       3.81 MB (  6%) committed,  1 nodes.
      Class space:        1.00 GB reserved,     384.00 KB ( <1%) committed,  1 nodes.
             Both:        1.06 GB reserved,       4.19 MB ( <1%) committed. 

Chunk freelists:
   Non-Class:  11.34 MB
       Class:  15.56 MB
        Both:  26.91 MB

MaxMetaspaceSize: unlimited
CompressedClassSpaceSize: 1.00 GB
Initial GC threshold: 21.00 MB
Current GC threshold: 21.00 MB
CDS: on
MetaspaceReclaimPolicy: balanced
 - commit_granule_bytes: 65536.
 - commit_granule_words: 8192.
 - virtual_space_node_default_size: 8388608.
 - enlarge_chunks_in_place: 1.
 - new_chunks_are_fully_committed: 0.
 - uncommit_free_chunks: 1.
 - use_allocation_guard: 0.
 - handle_deallocations: 1.


Internal statistics:

num_allocs_failed_limit: 0.
num_arena_births: 28.
num_arena_deaths: 0.
num_vsnodes_births: 2.
num_vsnodes_deaths: 0.
num_space_committed: 67.
num_space_uncommitted: 0.
num_chunks_returned_to_freelist: 0.
num_chunks_taken_from_freelist: 64.
num_chunk_merges: 0.
num_chunk_splits: 43.
num_chunks_enlarged: 33.
num_inconsistent_stats: 0.

CodeHeap 'non-profiled nmethods': size=120028Kb used=425Kb max_used=425Kb free=119602Kb
 bounds [0x000076a8f8ec9000, 0x000076a8f9139000, 0x000076a900400000]
CodeHeap 'profiled nmethods': size=120028Kb used=1819Kb max_used=1819Kb free=118208Kb
 bounds [0x000076a8f1400000, 0x000076a8f1670000, 0x000076a8f8937000]
CodeHeap 'non-nmethods': size=5704Kb used=1187Kb max_used=1241Kb free=4516Kb
 bounds [0x000076a8f8937000, 0x000076a8f8ba7000, 0x000076a8f8ec9000]
 total_blobs=1418 nmethods=999 adapters=333
 compilation: enabled
              stopped_count=0, restarted_count=0
 full_count=0

Compilation events (20 events):
Event: 0.541 Thread 0x000076a908154ba0 nmethod 989 0x000076a8f15ba690 code [0x000076a8f15ba860, 0x000076a8f15baaf0]
Event: 0.541 Thread 0x000076a908154ba0  982   !   3       java.nio.DirectIntBufferU::get (34 bytes)
Event: 0.542 Thread 0x000076a908154ba0 nmethod 982 0x000076a8f15bac10 code [0x000076a8f15bae60, 0x000076a8f15bb6b0]
Event: 0.542 Thread 0x000076a908154ba0  992       3       java.nio.DirectIntBufferU::ix (10 bytes)
Event: 0.542 Thread 0x000076a908154ba0 nmethod 992 0x000076a8f15bbb90 code [0x000076a8f15bbd20, 0x000076a8f15bbe30]
Event: 0.542 Thread 0x000076a908154ba0  993   !   3       jdk.internal.misc.ScopedMemoryAccess::getInt (20 bytes)
Event: 0.542 Thread 0x000076a908154ba0 nmethod 993 0x000076a8f15bbe90 code [0x000076a8f15bc080, 0x000076a8f15bc530]
Event: 0.543 Thread 0x000076a908154ba0  994   !   3       jdk.internal.misc.ScopedMemoryAccess::getIntInternal (36 bytes)
Event: 0.543 Thread 0x000076a908154ba0 nmethod 994 0x000076a8f15bc790 code [0x000076a8f15bc960, 0x000076a8f15bcc00]
Event: 0.543 Thread 0x000076a908154ba0  981       1       jdk.internal.jimage.ImageHeader::getTableLength (5 bytes)
Event: 0.543 Thread 0x000076a908154ba0 nmethod 981 0x000076a8f8f2fd90 code [0x000076a8f8f2ff20, 0x000076a8f8f2fff0]
Event: 0.543 Thread 0x000076a908154ba0  995       3       java.util.zip.ZipFile$1::getMetaInfVersions (5 bytes)
Event: 0.543 Thread 0x000076a908154ba0 nmethod 995 0x000076a8f15bcd90 code [0x000076a8f15bcf60, 0x000076a8f15bd220]
Event: 0.544 Thread 0x000076a908154ba0  996       3       org.eclipse.jdt.launching.internal.org.objectweb.asm.ClassReader::readMethod (1066 bytes)
Event: 0.545 Thread 0x000076a8501bfb30 1008       4       org.eclipse.jdt.launching.internal.org.objectweb.asm.ByteVector::putShort (52 bytes)
Event: 0.546 Thread 0x000076a8501bfb30 nmethod 1008 0x000076a8f8f30090 code [0x000076a8f8f30220, 0x000076a8f8f303c8]
Event: 0.550 Thread 0x000076a908154ba0 nmethod 996 0x000076a8f15bd410 code [0x000076a8f15bdb60, 0x000076a8f15c1fa0]
Event: 0.550 Thread 0x000076a908154ba0 1006       3       java.util.jar.JarFile::getVersionedEntry (133 bytes)
Event: 0.551 Thread 0x000076a908154ba0 nmethod 1006 0x000076a8f15c4010 code [0x000076a8f15c4300, 0x000076a8f15c5110]
Event: 0.551 Thread 0x000076a908154ba0  999       3       org.eclipse.jdt.launching.internal.org.objectweb.asm.MethodWriter::<init> (232 bytes)

GC Heap History (2 events):
Event: 0.395 GC heap before
{Heap before GC invocations=0 (full 0):
 garbage-first heap   total 327680K, used 20400K [0x00000006c9c00000, 0x0000000800000000)
  region size 4096K, 5 young (20480K), 0 survivors (0K)
 Metaspace       used 2775K, committed 2944K, reserved 1114112K
  class space    used 240K, committed 320K, reserved 1048576K
}
Event: 0.402 GC heap after
{Heap after GC invocations=1 (full 0):
 garbage-first heap   total 327680K, used 10681K [0x00000006c9c00000, 0x0000000800000000)
  region size 4096K, 1 young (4096K), 1 survivors (4096K)
 Metaspace       used 2775K, committed 2944K, reserved 1114112K
  class space    used 240K, committed 320K, reserved 1048576K
}

Dll operation events (9 events):
Event: 0.002 Loaded shared library /usr/lib/jvm/java-17-openjdk-amd64/lib/libjava.so
Event: 0.016 Loaded shared library /usr/lib/jvm/java-17-openjdk-amd64/lib/libjsvml.so
Event: 0.116 Loaded shared library /usr/lib/jvm/java-17-openjdk-amd64/lib/libzip.so
Event: 0.117 Loaded shared library /usr/lib/jvm/java-17-openjdk-amd64/lib/libinstrument.so
Event: 0.119 Loaded shared library /usr/lib/jvm/java-17-openjdk-amd64/lib/libnio.so
Event: 0.122 Loaded shared library /usr/lib/jvm/java-17-openjdk-amd64/lib/libzip.so
Event: 0.204 Loaded shared library /usr/lib/jvm/java-17-openjdk-amd64/lib/libjimage.so
Event: 0.434 Loaded shared library /usr/lib/jvm/java-17-openjdk-amd64/lib/libverify.so
Event: 0.463 Loaded shared library /home/martin/sources/za.co.ntier.twilio/src/za/ntier/mesibo/linux-x86_64/libjniMesiboLibrary.so

Deoptimization events (20 events):
Event: 0.414 Thread 0x000076a90801ab50 DEOPT PACKING pc=0x000076a8f14de716 sp=0x000076a90e5fdcd0
Event: 0.414 Thread 0x000076a90801ab50 DEOPT UNPACKING pc=0x000076a8f898de2f sp=0x000076a90e5fd160 mode 0
Event: 0.453 Thread 0x000076a90801ab50 DEOPT PACKING pc=0x000076a8f1403df8 sp=0x000076a90e5fb7a0
Event: 0.453 Thread 0x000076a90801ab50 DEOPT UNPACKING pc=0x000076a8f898de2f sp=0x000076a90e5fac20 mode 0
Event: 0.465 Thread 0x000076a90801ab50 Uncommon trap: trap_request=0xffffff45 fr.pc=0x000076a8f8ed193c relative=0x000000000000009c
Event: 0.465 Thread 0x000076a90801ab50 Uncommon trap: reason=unstable_if action=reinterpret pc=0x000076a8f8ed193c method=java.lang.String.hashCode()I @ 42 c2
Event: 0.465 Thread 0x000076a90801ab50 DEOPT PACKING pc=0x000076a8f8ed193c sp=0x000076a90e5fbdd0
Event: 0.465 Thread 0x000076a90801ab50 DEOPT UNPACKING pc=0x000076a8f898d699 sp=0x000076a90e5fbd88 mode 2
Event: 0.523 Thread 0x000076a90801ab50 Uncommon trap: trap_request=0xffffffde fr.pc=0x000076a8f8f03b80 relative=0x00000000000019a0
Event: 0.523 Thread 0x000076a90801ab50 Uncommon trap: reason=class_check action=maybe_recompile pc=0x000076a8f8f03b80 method=java.util.HashMap.putVal(ILjava/lang/Object;Ljava/lang/Object;ZZ)Ljava/lang/Object; @ 253 c2
Event: 0.523 Thread 0x000076a90801ab50 DEOPT PACKING pc=0x000076a8f8f03b80 sp=0x000076a90e5fd190
Event: 0.523 Thread 0x000076a90801ab50 DEOPT UNPACKING pc=0x000076a8f898d699 sp=0x000076a90e5fd138 mode 2
Event: 0.527 Thread 0x000076a90801ab50 Uncommon trap: trap_request=0xffffffde fr.pc=0x000076a8f8f03b80 relative=0x00000000000019a0
Event: 0.527 Thread 0x000076a90801ab50 Uncommon trap: reason=class_check action=maybe_recompile pc=0x000076a8f8f03b80 method=java.util.HashMap.putVal(ILjava/lang/Object;Ljava/lang/Object;ZZ)Ljava/lang/Object; @ 253 c2
Event: 0.527 Thread 0x000076a90801ab50 DEOPT PACKING pc=0x000076a8f8f03b80 sp=0x000076a90e5fce10
Event: 0.527 Thread 0x000076a90801ab50 DEOPT UNPACKING pc=0x000076a8f898d699 sp=0x000076a90e5fcdb8 mode 2
Event: 0.533 Thread 0x000076a90801ab50 Uncommon trap: trap_request=0xffffff6e fr.pc=0x000076a8f8f1ff10 relative=0x0000000000000470
Event: 0.533 Thread 0x000076a90801ab50 Uncommon trap: reason=loop_limit_check action=maybe_recompile pc=0x000076a8f8f1ff10 method=java.lang.StringLatin1.indexOf([BI[BII)I @ 37 c2
Event: 0.533 Thread 0x000076a90801ab50 DEOPT PACKING pc=0x000076a8f8f1ff10 sp=0x000076a90e5fd2b0
Event: 0.533 Thread 0x000076a90801ab50 DEOPT UNPACKING pc=0x000076a8f898d699 sp=0x000076a90e5fd230 mode 2

Classes loaded (20 events):
Event: 0.522 Loading class java/lang/reflect/Proxy$ProxyBuilder$1
Event: 0.522 Loading class java/lang/reflect/Proxy$ProxyBuilder$1 done
Event: 0.522 Loading class java/lang/annotation/Target
Event: 0.522 Loading class java/lang/annotation/Target done
Event: 0.525 Loading class java/lang/reflect/UndeclaredThrowableException
Event: 0.525 Loading class java/lang/reflect/UndeclaredThrowableException done
Event: 0.526 Loading class java/lang/Class$AnnotationData
Event: 0.526 Loading class java/lang/Class$AnnotationData done
Event: 0.532 Loading class java/lang/InstantiationException
Event: 0.533 Loading class java/lang/InstantiationException done
Event: 0.533 Loading class java/lang/ProcessEnvironment
Event: 0.533 Loading class java/lang/ProcessEnvironment done
Event: 0.533 Loading class java/lang/ProcessEnvironment$Variable
Event: 0.533 Loading class java/lang/ProcessEnvironment$ExternalData
Event: 0.534 Loading class java/lang/ProcessEnvironment$ExternalData done
Event: 0.534 Loading class java/lang/ProcessEnvironment$Variable done
Event: 0.534 Loading class java/lang/ProcessEnvironment$Value
Event: 0.534 Loading class java/lang/ProcessEnvironment$Value done
Event: 0.534 Loading class java/lang/ProcessEnvironment$StringEnvironment
Event: 0.534 Loading class java/lang/ProcessEnvironment$StringEnvironment done

Classes unloaded (0 events):
No events

Classes redefined (0 events):
No events

Internal exceptions (7 events):
Event: 0.121 Thread 0x000076a90801ab50 Implicit null exception at 0x000076a8f8ed39d5 to 0x000076a8f8ed3b40
Event: 0.498 Thread 0x000076a90801ab50 Exception <a 'java/lang/NoSuchMethodError'{0x00000006dcd840c0}: 'int java.lang.invoke.DirectMethodHandle$Holder.invokeStaticInit(java.lang.Object, java.lang.Object, java.lang.Object, java.lang.Object)'> (0x00000006dcd840c0) 
thrown [./src/hotspot/share/interpreter/linkResolver.cpp, line 758]
Event: 0.501 Thread 0x000076a90801ab50 Exception <a 'java/lang/NoSuchMethodError'{0x00000006dcd8df40}: 'java.lang.Object java.lang.invoke.DirectMethodHandle$Holder.invokeInterface(java.lang.Object, java.lang.Object)'> (0x00000006dcd8df40) 
thrown [./src/hotspot/share/interpreter/linkResolver.cpp, line 758]
Event: 0.501 Thread 0x000076a90801ab50 Exception <a 'java/lang/IncompatibleClassChangeError'{0x00000006dcd91490}: Found class java.lang.Object, but interface was expected> (0x00000006dcd91490) 
thrown [./src/hotspot/share/interpreter/linkResolver.cpp, line 826]
Event: 0.502 Thread 0x000076a90801ab50 Exception <a 'java/lang/NoSuchMethodError'{0x00000006dcd94ad8}: 'void java.lang.invoke.DirectMethodHandle$Holder.invokeStatic(java.lang.Object, java.lang.Object)'> (0x00000006dcd94ad8) 
thrown [./src/hotspot/share/interpreter/linkResolver.cpp, line 758]
Event: 0.503 Thread 0x000076a90801ab50 Exception <a 'java/lang/NoSuchMethodError'{0x00000006dcd983b0}: 'void java.lang.invoke.DirectMethodHandle$Holder.invokeStaticInit(java.lang.Object, java.lang.Object)'> (0x00000006dcd983b0) 
thrown [./src/hotspot/share/interpreter/linkResolver.cpp, line 758]
Event: 0.503 Thread 0x000076a90801ab50 Exception <a 'java/lang/NoSuchMethodError'{0x00000006dcda0750}: 'int java.lang.invoke.DirectMethodHandle$Holder.invokeStaticInit(java.lang.Object, java.lang.Object)'> (0x00000006dcda0750) 
thrown [./src/hotspot/share/interpreter/linkResolver.cpp, line 758]

VM Operations (20 events):
Event: 0.050 Executing VM operation: HandshakeAllThreads
Event: 0.050 Executing VM operation: HandshakeAllThreads done
Event: 0.063 Executing VM operation: ChangeBreakpoints
Event: 0.063 Executing VM operation: ChangeBreakpoints done
Event: 0.101 Executing VM operation: ChangeBreakpoints
Event: 0.101 Executing VM operation: ChangeBreakpoints done
Event: 0.177 Executing VM operation: HandshakeAllThreads
Event: 0.177 Executing VM operation: HandshakeAllThreads done
Event: 0.191 Executing VM operation: HandshakeAllThreads
Event: 0.191 Executing VM operation: HandshakeAllThreads done
Event: 0.191 Executing VM operation: HandshakeAllThreads
Event: 0.191 Executing VM operation: HandshakeAllThreads done
Event: 0.390 Executing VM operation: HandshakeAllThreads
Event: 0.390 Executing VM operation: HandshakeAllThreads done
Event: 0.394 Executing VM operation: G1CollectForAllocation
Event: 0.402 Executing VM operation: G1CollectForAllocation done
Event: 0.494 Executing VM operation: HandshakeAllThreads
Event: 0.494 Executing VM operation: HandshakeAllThreads done
Event: 0.511 Executing VM operation: HandshakeAllThreads
Event: 0.511 Executing VM operation: HandshakeAllThreads done

Events (20 events):
Event: 0.021 Thread 0x000076a908154ba0 Thread added: 0x000076a908154ba0
Event: 0.021 Protecting memory [0x000076a8df600000,0x000076a8df604000] with protection modes 0
Event: 0.021 Thread 0x000076a90815e010 Thread added: 0x000076a90815e010
Event: 0.021 Protecting memory [0x000076a8df500000,0x000076a8df504000] with protection modes 0
Event: 0.043 Thread 0x000076a9081698a0 Thread added: 0x000076a9081698a0
Event: 0.043 Protecting memory [0x000076a8df400000,0x000076a8df404000] with protection modes 0
Event: 0.062 Thread 0x000076a9081b0660 Thread added: 0x000076a9081b0660
Event: 0.062 Protecting memory [0x000076a8df300000,0x000076a8df304000] with protection modes 0
Event: 0.062 Thread 0x000076a9081b3710 Thread added: 0x000076a9081b3710
Event: 0.062 Protecting memory [0x000076a8df200000,0x000076a8df204000] with protection modes 0
Event: 0.063 Thread 0x000076a840001120 Thread added: 0x000076a840001120
Event: 0.063 Protecting memory [0x000076a8df100000,0x000076a8df104000] with protection modes 0
Event: 0.138 Thread 0x000076a8580a6500 Thread added: 0x000076a8580a6500
Event: 0.138 Protecting memory [0x000076a8df000000,0x000076a8df004000] with protection modes 0
Event: 0.366 Thread 0x000076a8501bfb30 Thread added: 0x000076a8501bfb30
Event: 0.366 Protecting memory [0x000076a8def00000,0x000076a8def04000] with protection modes 0
Event: 0.430 Thread 0x000076a90875a880 Thread added: 0x000076a90875a880
Event: 0.430 Protecting memory [0x000076a8de766000,0x000076a8de76a000] with protection modes 0
Event: 0.496 Thread 0x000076a908782d30 Thread added: 0x000076a908782d30
Event: 0.496 Protecting memory [0x000076a8de565000,0x000076a8de569000] with protection modes 0


Dynamic libraries:
6c9c00000-6dd400000 rw-p 00000000 00:00 0 
6dd400000-7ff800000 ---p 00000000 00:00 0 
7ff800000-7ffb00000 rw-p 00000000 00:00 0 
7ffb00000-7ffb75000 rw-p 00c73000 08:12 3937446                          /usr/lib/jvm/java-17-openjdk-amd64/lib/server/classes.jsa
7ffb75000-7ffc00000 rw-p 00000000 00:00 0 
7ffc00000-7ffc77000 rw-p 00bfc000 08:12 3937446                          /usr/lib/jvm/java-17-openjdk-amd64/lib/server/classes.jsa
7ffc77000-800000000 rw-p 00000000 00:00 0 
5dc47f3f6000-5dc47f3f7000 r--p 00000000 08:12 3937371                    /usr/lib/jvm/java-17-openjdk-amd64/bin/java
5dc47f3f7000-5dc47f3f8000 r-xp 00001000 08:12 3937371                    /usr/lib/jvm/java-17-openjdk-amd64/bin/java
5dc47f3f8000-5dc47f3f9000 r--p 00002000 08:12 3937371                    /usr/lib/jvm/java-17-openjdk-amd64/bin/java
5dc47f3f9000-5dc47f3fa000 r--p 00002000 08:12 3937371                    /usr/lib/jvm/java-17-openjdk-amd64/bin/java
5dc47f3fa000-5dc47f3fb000 rw-p 00003000 08:12 3937371                    /usr/lib/jvm/java-17-openjdk-amd64/bin/java
5dc48108e000-5dc4810d8000 rw-p 00000000 00:00 0                          [heap]
76a7ec000000-76a7ec021000 rw-p 00000000 00:00 0 
76a7ec021000-76a7f0000000 ---p 00000000 00:00 0 
76a7f0000000-76a7f0021000 rw-p 00000000 00:00 0 
76a7f0021000-76a7f4000000 ---p 00000000 00:00 0 
76a7f8000000-76a7f8021000 rw-p 00000000 00:00 0 
76a7f8021000-76a7fc000000 ---p 00000000 00:00 0 
76a7fc000000-76a7fc021000 rw-p 00000000 00:00 0 
76a7fc021000-76a800000000 ---p 00000000 00:00 0 
76a804000000-76a804021000 rw-p 00000000 00:00 0 
76a804021000-76a808000000 ---p 00000000 00:00 0 
76a808000000-76a808021000 rw-p 00000000 00:00 0 
76a808021000-76a80c000000 ---p 00000000 00:00 0 
76a810000000-76a810021000 rw-p 00000000 00:00 0 
76a810021000-76a814000000 ---p 00000000 00:00 0 
76a814000000-76a814021000 rw-p 00000000 00:00 0 
76a814021000-76a818000000 ---p 00000000 00:00 0 
76a81c000000-76a81c021000 rw-p 00000000 00:00 0 
76a81c021000-76a820000000 ---p 00000000 00:00 0 
76a820000000-76a820021000 rw-p 00000000 00:00 0 
76a820021000-76a824000000 ---p 00000000 00:00 0 
76a828000000-76a8281a5000 rw-p 00000000 00:00 0 
76a8281a5000-76a82c000000 ---p 00000000 00:00 0 
76a82c000000-76a82c2e3000 rw-p 00000000 00:00 0 
76a82c2e3000-76a830000000 ---p 00000000 00:00 0 
76a834000000-76a834021000 rw-p 00000000 00:00 0 
76a834021000-76a838000000 ---p 00000000 00:00 0 
76a838000000-76a838021000 rw-p 00000000 00:00 0 
76a838021000-76a83c000000 ---p 00000000 00:00 0 
76a840000000-76a840021000 rw-p 00000000 00:00 0 
76a840021000-76a844000000 ---p 00000000 00:00 0 
76a844000000-76a844021000 rw-p 00000000 00:00 0 
76a844021000-76a848000000 ---p 00000000 00:00 0 
76a84c000000-76a84c021000 rw-p 00000000 00:00 0 
76a84c021000-76a850000000 ---p 00000000 00:00 0 
76a850000000-76a850264000 rw-p 00000000 00:00 0 
76a850264000-76a854000000 ---p 00000000 00:00 0 
76a858000000-76a858417000 rw-p 00000000 00:00 0 
76a858417000-76a85c000000 ---p 00000000 00:00 0 
76a85c000000-76a85c021000 rw-p 00000000 00:00 0 
76a85c021000-76a860000000 ---p 00000000 00:00 0 
76a864000000-76a864021000 rw-p 00000000 00:00 0 
76a864021000-76a868000000 ---p 00000000 00:00 0 
76a868000000-76a868021000 rw-p 00000000 00:00 0 
76a868021000-76a86c000000 ---p 00000000 00:00 0 
76a870000000-76a870021000 rw-p 00000000 00:00 0 
76a870021000-76a874000000 ---p 00000000 00:00 0 
76a874000000-76a874021000 rw-p 00000000 00:00 0 
76a874021000-76a878000000 ---p 00000000 00:00 0 
76a87c000000-76a87c021000 rw-p 00000000 00:00 0 
76a87c021000-76a880000000 ---p 00000000 00:00 0 
76a883000000-76a883320000 rw-p 00000000 00:00 0 
76a883320000-76a883400000 ---p 00000000 00:00 0 
76a883400000-76a8834b0000 rw-p 00000000 00:00 0 
76a8834b0000-76a887000000 ---p 00000000 00:00 0 
76a887000000-76a887bc4000 rw-p 00001000 08:12 3937446                    /usr/lib/jvm/java-17-openjdk-amd64/lib/server/classes.jsa
76a887bc4000-76a888000000 ---p 00000000 00:00 0 
76a888000000-76a888010000 rw-p 00000000 00:00 0 
76a888010000-76a888020000 ---p 00000000 00:00 0 
76a888020000-76a888030000 rw-p 00000000 00:00 0 
76a888030000-76a888040000 ---p 00000000 00:00 0 
76a888040000-76a888080000 rw-p 00000000 00:00 0 
76a888080000-76a8c8000000 ---p 00000000 00:00 0 
76a8c8000000-76a8c8021000 rw-p 00000000 00:00 0 
76a8c8021000-76a8cc000000 ---p 00000000 00:00 0 
76a8cc000000-76a8cc021000 rw-p 00000000 00:00 0 
76a8cc021000-76a8d0000000 ---p 00000000 00:00 0 
76a8d4000000-76a8d4021000 rw-p 00000000 00:00 0 
76a8d4021000-76a8d8000000 ---p 00000000 00:00 0 
76a8d8000000-76a8d8021000 rw-p 00000000 00:00 0 
76a8d8021000-76a8dc000000 ---p 00000000 00:00 0 
76a8ddc00000-76a8de0c8000 r-xp 00000000 08:12 3933257                    /usr/lib/libmesibo.so
76a8de0c8000-76a8de2c8000 ---p 004c8000 08:12 3933257                    /usr/lib/libmesibo.so
76a8de2c8000-76a8de2ff000 r--p 004c8000 08:12 3933257                    /usr/lib/libmesibo.so
76a8de2ff000-76a8de328000 rw-p 004ff000 08:12 3933257                    /usr/lib/libmesibo.so
76a8de328000-76a8de32d000 rw-p 00000000 00:00 0 
76a8de565000-76a8de569000 ---p 00000000 00:00 0 
76a8de569000-76a8de665000 rw-p 00000000 00:00 0 
76a8de665000-76a8de666000 ---p 00000000 00:00 0 
76a8de666000-76a8de766000 rw-p 00000000 00:00 0 
76a8de766000-76a8de76a000 ---p 00000000 00:00 0 
76a8de76a000-76a8de866000 rw-p 00000000 00:00 0 
76a8de8fa000-76a8de8fb000 ---p 00000000 00:00 0 
76a8de8fb000-76a8de9fb000 rw-p 00000000 00:00 0 
76a8de9fb000-76a8de9fc000 ---p 00000000 00:00 0 
76a8de9fc000-76a8deafc000 rw-p 00000000 00:00 0 
76a8deafc000-76a8deafd000 ---p 00000000 00:00 0 
76a8deafd000-76a8debfd000 rw-p 00000000 00:00 0 
76a8debfd000-76a8debfe000 ---p 00000000 00:00 0 
76a8debfe000-76a8decfe000 rw-p 00000000 00:00 0 
76a8decfe000-76a8decff000 ---p 00000000 00:00 0 
76a8decff000-76a8dedff000 rw-p 00000000 00:00 0 
76a8dedff000-76a8dee00000 ---p 00000000 00:00 0 
76a8dee00000-76a8def00000 rw-p 00000000 00:00 0 
76a8def00000-76a8def04000 ---p 00000000 00:00 0 
76a8def04000-76a8df000000 rw-p 00000000 00:00 0 
76a8df000000-76a8df004000 ---p 00000000 00:00 0 
76a8df004000-76a8df100000 rw-p 00000000 00:00 0 
76a8df100000-76a8df104000 ---p 00000000 00:00 0 
76a8df104000-76a8df200000 rw-p 00000000 00:00 0 
76a8df200000-76a8df204000 ---p 00000000 00:00 0 
76a8df204000-76a8df300000 rw-p 00000000 00:00 0 
76a8df300000-76a8df304000 ---p 00000000 00:00 0 
76a8df304000-76a8df400000 rw-p 00000000 00:00 0 
76a8df400000-76a8df404000 ---p 00000000 00:00 0 
76a8df404000-76a8df500000 rw-p 00000000 00:00 0 
76a8df500000-76a8df504000 ---p 00000000 00:00 0 
76a8df504000-76a8df600000 rw-p 00000000 00:00 0 
76a8df600000-76a8df604000 ---p 00000000 00:00 0 
76a8df604000-76a8df700000 rw-p 00000000 00:00 0 
76a8df700000-76a8df704000 ---p 00000000 00:00 0 
76a8df704000-76a8df800000 rw-p 00000000 00:00 0 
76a8df800000-76a8df804000 ---p 00000000 00:00 0 
76a8df804000-76a8df900000 rw-p 00000000 00:00 0 
76a8df900000-76a8df904000 ---p 00000000 00:00 0 
76a8df904000-76a8dfa00000 rw-p 00000000 00:00 0 
76a8dfa00000-76a8dff73000 r--p 00000000 08:12 3932386                    /usr/lib/locale/locale-archive
76a8e0000000-76a8e0021000 rw-p 00000000 00:00 0 
76a8e0021000-76a8e4000000 ---p 00000000 00:00 0 
76a8e4025000-76a8e4029000 ---p 00000000 00:00 0 
76a8e4029000-76a8e4125000 rw-p 00000000 00:00 0 
76a8e4125000-76a8e4129000 ---p 00000000 00:00 0 
76a8e4129000-76a8e4225000 rw-p 00000000 00:00 0 
76a8e4225000-76a8e4229000 ---p 00000000 00:00 0 
76a8e4229000-76a8e4325000 rw-p 00000000 00:00 0 
76a8e4325000-76a8e4326000 ---p 00000000 00:00 0 
76a8e4326000-76a8e4426000 rw-p 00000000 00:00 0 
76a8e4426000-76a8e442b000 r--p 00000000 08:12 3937430                    /usr/lib/jvm/java-17-openjdk-amd64/lib/libjsvml.so
76a8e442b000-76a8e446c000 r-xp 00005000 08:12 3937430                    /usr/lib/jvm/java-17-openjdk-amd64/lib/libjsvml.so
76a8e446c000-76a8e44f5000 r--p 00046000 08:12 3937430                    /usr/lib/jvm/java-17-openjdk-amd64/lib/libjsvml.so
76a8e44f5000-76a8e44f6000 r--p 000ce000 08:12 3937430                    /usr/lib/jvm/java-17-openjdk-amd64/lib/libjsvml.so
76a8e44f6000-76a8e44f7000 rw-p 000cf000 08:12 3937430                    /usr/lib/jvm/java-17-openjdk-amd64/lib/libjsvml.so
76a8e44f7000-76a8e44f8000 ---p 00000000 00:00 0 
76a8e44f8000-76a8e45f8000 rw-p 00000000 00:00 0 
76a8e45f8000-76a8e45f9000 ---p 00000000 00:00 0 
76a8e45f9000-76a8e46f9000 rw-p 00000000 00:00 0 
76a8e46f9000-76a8e72e0000 rw-p 00000000 00:00 0 
76a8e72e0000-76a8ebb70000 ---p 00000000 00:00 0 
76a8ebb70000-76a8ebb90000 rw-p 00000000 00:00 0 
76a8ebc00000-76a8ec0e0000 rw-p 00000000 00:00 0 
76a8ec0e0000-76a8f0970000 ---p 00000000 00:00 0 
76a8f0970000-76a8f0990000 rw-p 00000000 00:00 0 
76a8f0a00000-76a8f0a9c000 rw-p 00000000 00:00 0 
76a8f0a9c000-76a8f13ae000 ---p 00000000 00:00 0 
76a8f13ae000-76a8f13b2000 rw-p 00000000 00:00 0 
76a8f1400000-76a8f1670000 rwxp 00000000 00:00 0 
76a8f1670000-76a8f8937000 ---p 00000000 00:00 0 
76a8f8937000-76a8f8ba7000 rwxp 00000000 00:00 0 
76a8f8ba7000-76a8f8ec9000 ---p 00000000 00:00 0 
76a8f8ec9000-76a8f9139000 rwxp 00000000 00:00 0 
76a8f9139000-76a900400000 ---p 00000000 00:00 0 
76a900400000-76a907e80000 r--s 00000000 08:12 3937445                    /usr/lib/jvm/java-17-openjdk-amd64/lib/modules
76a907eff000-76a908000000 rw-p 00000000 00:00 0 
76a908000000-76a90881f000 rw-p 00000000 00:00 0 
76a90881f000-76a90c000000 ---p 00000000 00:00 0 
76a90c021000-76a90c0fd000 rw-p 00000000 00:00 0 
76a90c0fd000-76a90c0fe000 ---p 00000000 00:00 0 
76a90c0fe000-76a90c1fe000 rw-p 00000000 00:00 0 
76a90c1fe000-76a90c1ff000 ---p 00000000 00:00 0 
76a90c1ff000-76a90c2ff000 rw-p 00000000 00:00 0 
76a90c2ff000-76a90c300000 ---p 00000000 00:00 0 
76a90c300000-76a90c400000 rw-p 00000000 00:00 0 
76a90c400000-76a90c49c000 rw-p 00000000 00:00 0 
76a90c49c000-76a90cdae000 ---p 00000000 00:00 0 
76a90cdae000-76a90cdb2000 rw-p 00000000 00:00 0 
76a90cdb8000-76a90cdb9000 ---p 00000000 00:00 0 
76a90cdb9000-76a90cddc000 rw-p 00000000 00:00 0 
76a90cddc000-76a90cddd000 ---p 00000000 00:00 0 
76a90cddd000-76a90ce00000 rw-p 00000000 00:00 0 
76a90ce00000-76a90ce9c000 rw-p 00000000 00:00 0 
76a90ce9c000-76a90d7ae000 ---p 00000000 00:00 0 
76a90d7ae000-76a90d7b2000 rw-p 00000000 00:00 0 
76a90d7c8000-76a90d7c9000 r--p 00000000 08:12 3934385                    /usr/lib/x86_64-linux-gnu/libpthread.so.0
76a90d7c9000-76a90d7ca000 r-xp 00001000 08:12 3934385                    /usr/lib/x86_64-linux-gnu/libpthread.so.0
76a90d7ca000-76a90d7cb000 r--p 00002000 08:12 3934385                    /usr/lib/x86_64-linux-gnu/libpthread.so.0
76a90d7cb000-76a90d7cc000 r--p 00002000 08:12 3934385                    /usr/lib/x86_64-linux-gnu/libpthread.so.0
76a90d7cc000-76a90d7cd000 rw-p 00003000 08:12 3934385                    /usr/lib/x86_64-linux-gnu/libpthread.so.0
76a90d7e1000-76a90e02f000 rw-p 00000000 00:00 0 
76a90e02f000-76a90e115000 ---p 00000000 00:00 0 
76a90e115000-76a90e11a000 rw-p 00000000 00:00 0 
76a90e11a000-76a90e200000 ---p 00000000 00:00 0 
76a90e200000-76a90e29a000 r--p 00000000 08:12 3960894                    /usr/lib/x86_64-linux-gnu/libstdc++.so.6.0.30
76a90e29a000-76a90e3ab000 r-xp 0009a000 08:12 3960894                    /usr/lib/x86_64-linux-gnu/libstdc++.so.6.0.30
76a90e3ab000-76a90e41a000 r--p 001ab000 08:12 3960894                    /usr/lib/x86_64-linux-gnu/libstdc++.so.6.0.30
76a90e41a000-76a90e41b000 ---p 0021a000 08:12 3960894                    /usr/lib/x86_64-linux-gnu/libstdc++.so.6.0.30
76a90e41b000-76a90e426000 r--p 0021a000 08:12 3960894                    /usr/lib/x86_64-linux-gnu/libstdc++.so.6.0.30
76a90e426000-76a90e429000 rw-p 00225000 08:12 3960894                    /usr/lib/x86_64-linux-gnu/libstdc++.so.6.0.30
76a90e429000-76a90e42c000 rw-p 00000000 00:00 0 
76a90e42d000-76a90e42e000 r--p 00000000 08:12 3934350                    /usr/lib/x86_64-linux-gnu/libdl.so.2
76a90e42e000-76a90e42f000 r-xp 00001000 08:12 3934350                    /usr/lib/x86_64-linux-gnu/libdl.so.2
76a90e42f000-76a90e430000 r--p 00002000 08:12 3934350                    /usr/lib/x86_64-linux-gnu/libdl.so.2
76a90e430000-76a90e431000 r--p 00002000 08:12 3934350                    /usr/lib/x86_64-linux-gnu/libdl.so.2
76a90e431000-76a90e432000 rw-p 00003000 08:12 3934350                    /usr/lib/x86_64-linux-gnu/libdl.so.2
76a90e432000-76a90e439000 r--p 00000000 08:13 17973360                   /home/martin/sources/za.co.ntier.twilio/src/za/ntier/mesibo/linux-x86_64/libjniMesiboLibrary.so
76a90e439000-76a90e447000 r-xp 00007000 08:13 17973360                   /home/martin/sources/za.co.ntier.twilio/src/za/ntier/mesibo/linux-x86_64/libjniMesiboLibrary.so
76a90e447000-76a90e44f000 r--p 00015000 08:13 17973360                   /home/martin/sources/za.co.ntier.twilio/src/za/ntier/mesibo/linux-x86_64/libjniMesiboLibrary.so
76a90e44f000-76a90e450000 r--p 0001c000 08:13 17973360                   /home/martin/sources/za.co.ntier.twilio/src/za/ntier/mesibo/linux-x86_64/libjniMesiboLibrary.so
76a90e450000-76a90e451000 rw-p 0001d000 08:13 17973360                   /home/martin/sources/za.co.ntier.twilio/src/za/ntier/mesibo/linux-x86_64/libjniMesiboLibrary.so
76a90e451000-76a90e455000 r--p 00000000 08:12 3937443                    /usr/lib/jvm/java-17-openjdk-amd64/lib/libverify.so
76a90e455000-76a90e45c000 r-xp 00004000 08:12 3937443                    /usr/lib/jvm/java-17-openjdk-amd64/lib/libverify.so
76a90e45c000-76a90e45e000 r--p 0000b000 08:12 3937443                    /usr/lib/jvm/java-17-openjdk-amd64/lib/libverify.so
76a90e45e000-76a90e460000 r--p 0000c000 08:12 3937443                    /usr/lib/jvm/java-17-openjdk-amd64/lib/libverify.so
76a90e460000-76a90e461000 rw-p 0000e000 08:12 3937443                    /usr/lib/jvm/java-17-openjdk-amd64/lib/libverify.so
76a90e461000-76a90e465000 r--p 00000000 08:12 3937436                    /usr/lib/jvm/java-17-openjdk-amd64/lib/libnet.so
76a90e465000-76a90e473000 r-xp 00004000 08:12 3937436                    /usr/lib/jvm/java-17-openjdk-amd64/lib/libnet.so
76a90e473000-76a90e477000 r--p 00012000 08:12 3937436                    /usr/lib/jvm/java-17-openjdk-amd64/lib/libnet.so
76a90e477000-76a90e478000 r--p 00015000 08:12 3937436                    /usr/lib/jvm/java-17-openjdk-amd64/lib/libnet.so
76a90e478000-76a90e479000 rw-p 00016000 08:12 3937436                    /usr/lib/jvm/java-17-openjdk-amd64/lib/libnet.so
76a90e479000-76a90e480000 r--p 00000000 08:12 3937437                    /usr/lib/jvm/java-17-openjdk-amd64/lib/libnio.so
76a90e480000-76a90e489000 r-xp 00007000 08:12 3937437                    /usr/lib/jvm/java-17-openjdk-amd64/lib/libnio.so
76a90e489000-76a90e48d000 r--p 00010000 08:12 3937437                    /usr/lib/jvm/java-17-openjdk-amd64/lib/libnio.so
76a90e48d000-76a90e48e000 ---p 00014000 08:12 3937437                    /usr/lib/jvm/java-17-openjdk-amd64/lib/libnio.so
76a90e48e000-76a90e48f000 r--p 00014000 08:12 3937437                    /usr/lib/jvm/java-17-openjdk-amd64/lib/libnio.so
76a90e48f000-76a90e490000 rw-p 00015000 08:12 3937437                    /usr/lib/jvm/java-17-openjdk-amd64/lib/libnio.so
76a90e490000-76a90e492000 r--p 00000000 08:12 3937444                    /usr/lib/jvm/java-17-openjdk-amd64/lib/libzip.so
76a90e492000-76a90e497000 r-xp 00002000 08:12 3937444                    /usr/lib/jvm/java-17-openjdk-amd64/lib/libzip.so
76a90e497000-76a90e499000 r--p 00007000 08:12 3937444                    /usr/lib/jvm/java-17-openjdk-amd64/lib/libzip.so
76a90e499000-76a90e49a000 r--p 00008000 08:12 3937444                    /usr/lib/jvm/java-17-openjdk-amd64/lib/libzip.so
76a90e49a000-76a90e49b000 rw-p 00009000 08:12 3937444                    /usr/lib/jvm/java-17-openjdk-amd64/lib/libzip.so
76a90e49b000-76a90e49c000 r--p 00000000 08:12 3937415                    /usr/lib/jvm/java-17-openjdk-amd64/lib/libdt_socket.so
76a90e49c000-76a90e49f000 r-xp 00001000 08:12 3937415                    /usr/lib/jvm/java-17-openjdk-amd64/lib/libdt_socket.so
76a90e49f000-76a90e4a0000 r--p 00004000 08:12 3937415                    /usr/lib/jvm/java-17-openjdk-amd64/lib/libdt_socket.so
76a90e4a0000-76a90e4a1000 ---p 00005000 08:12 3937415                    /usr/lib/jvm/java-17-openjdk-amd64/lib/libdt_socket.so
76a90e4a1000-76a90e4a2000 r--p 00005000 08:12 3937415                    /usr/lib/jvm/java-17-openjdk-amd64/lib/libdt_socket.so
76a90e4a2000-76a90e4a3000 rw-p 00006000 08:12 3937415                    /usr/lib/jvm/java-17-openjdk-amd64/lib/libdt_socket.so
76a90e4a3000-76a90e4f9000 rw-p 00000000 00:00 0 
76a90e4f9000-76a90e500000 ---p 00000000 00:00 0 
76a90e500000-76a90e504000 ---p 00000000 00:00 0 
76a90e504000-76a90e600000 rw-p 00000000 00:00 0 
76a90e600000-76a90e851000 r--p 00000000 08:12 3937449                    /usr/lib/jvm/java-17-openjdk-amd64/lib/server/libjvm.so
76a90e851000-76a90f5bb000 r-xp 00251000 08:12 3937449                    /usr/lib/jvm/java-17-openjdk-amd64/lib/server/libjvm.so
76a90f5bb000-76a90f83d000 r--p 00fbb000 08:12 3937449                    /usr/lib/jvm/java-17-openjdk-amd64/lib/server/libjvm.so
76a90f83d000-76a90f83e000 ---p 0123d000 08:12 3937449                    /usr/lib/jvm/java-17-openjdk-amd64/lib/server/libjvm.so
76a90f83e000-76a90f8f6000 r--p 0123d000 08:12 3937449                    /usr/lib/jvm/java-17-openjdk-amd64/lib/server/libjvm.so
76a90f8f6000-76a90f92b000 rw-p 012f5000 08:12 3937449                    /usr/lib/jvm/java-17-openjdk-amd64/lib/server/libjvm.so
76a90f92b000-76a90f985000 rw-p 00000000 00:00 0 
76a90f989000-76a90f98a000 r--p 00000000 08:12 3937418                    /usr/lib/jvm/java-17-openjdk-amd64/lib/libinstrument.so
76a90f98a000-76a90f990000 r-xp 00001000 08:12 3937418                    /usr/lib/jvm/java-17-openjdk-amd64/lib/libinstrument.so
76a90f990000-76a90f993000 r--p 00007000 08:12 3937418                    /usr/lib/jvm/java-17-openjdk-amd64/lib/libinstrument.so
76a90f993000-76a90f994000 r--p 00009000 08:12 3937418                    /usr/lib/jvm/java-17-openjdk-amd64/lib/libinstrument.so
76a90f994000-76a90f995000 rw-p 0000a000 08:12 3937418                    /usr/lib/jvm/java-17-openjdk-amd64/lib/libinstrument.so
76a90f995000-76a90f9a1000 r--p 00000000 08:12 3937423                    /usr/lib/jvm/java-17-openjdk-amd64/lib/libjava.so
76a90f9a1000-76a90f9b4000 r-xp 0000c000 08:12 3937423                    /usr/lib/jvm/java-17-openjdk-amd64/lib/libjava.so
76a90f9b4000-76a90f9ba000 r--p 0001f000 08:12 3937423                    /usr/lib/jvm/java-17-openjdk-amd64/lib/libjava.so
76a90f9ba000-76a90f9bb000 r--p 00024000 08:12 3937423                    /usr/lib/jvm/java-17-openjdk-amd64/lib/libjava.so
76a90f9bb000-76a90f9bc000 rw-p 00025000 08:12 3937423                    /usr/lib/jvm/java-17-openjdk-amd64/lib/libjava.so
76a90f9bc000-76a90f9bd000 rw-p 00000000 00:00 0 
76a90f9bd000-76a90f9c0000 r--p 00000000 08:12 3937425                    /usr/lib/jvm/java-17-openjdk-amd64/lib/libjdwp.so
76a90f9c0000-76a90f9ee000 r-xp 00003000 08:12 3937425                    /usr/lib/jvm/java-17-openjdk-amd64/lib/libjdwp.so
76a90f9ee000-76a90f9fc000 r--p 00031000 08:12 3937425                    /usr/lib/jvm/java-17-openjdk-amd64/lib/libjdwp.so
76a90f9fc000-76a90f9fd000 ---p 0003f000 08:12 3937425                    /usr/lib/jvm/java-17-openjdk-amd64/lib/libjdwp.so
76a90f9fd000-76a90f9fe000 r--p 0003f000 08:12 3937425                    /usr/lib/jvm/java-17-openjdk-amd64/lib/libjdwp.so
76a90f9fe000-76a90f9ff000 rw-p 00040000 08:12 3937425                    /usr/lib/jvm/java-17-openjdk-amd64/lib/libjdwp.so
76a90f9ff000-76a90fa00000 rw-p 00000000 00:00 0 
76a90fa00000-76a90fa28000 r--p 00000000 08:12 3934331                    /usr/lib/x86_64-linux-gnu/libc.so.6
76a90fa28000-76a90fbbd000 r-xp 00028000 08:12 3934331                    /usr/lib/x86_64-linux-gnu/libc.so.6
76a90fbbd000-76a90fc15000 r--p 001bd000 08:12 3934331                    /usr/lib/x86_64-linux-gnu/libc.so.6
76a90fc15000-76a90fc16000 ---p 00215000 08:12 3934331                    /usr/lib/x86_64-linux-gnu/libc.so.6
76a90fc16000-76a90fc1a000 r--p 00215000 08:12 3934331                    /usr/lib/x86_64-linux-gnu/libc.so.6
76a90fc1a000-76a90fc1c000 rw-p 00219000 08:12 3934331                    /usr/lib/x86_64-linux-gnu/libc.so.6
76a90fc1c000-76a90fc29000 rw-p 00000000 00:00 0 
76a90fc29000-76a90fc30000 r--s 00000000 08:12 3942277                    /usr/lib/x86_64-linux-gnu/gconv/gconv-modules.cache
76a90fc30000-76a90fc33000 r--p 00000000 08:12 3960106                    /usr/lib/x86_64-linux-gnu/libgcc_s.so.1
76a90fc33000-76a90fc4a000 r-xp 00003000 08:12 3960106                    /usr/lib/x86_64-linux-gnu/libgcc_s.so.1
76a90fc4a000-76a90fc4e000 r--p 0001a000 08:12 3960106                    /usr/lib/x86_64-linux-gnu/libgcc_s.so.1
76a90fc4e000-76a90fc4f000 r--p 0001d000 08:12 3960106                    /usr/lib/x86_64-linux-gnu/libgcc_s.so.1
76a90fc4f000-76a90fc50000 rw-p 0001e000 08:12 3960106                    /usr/lib/x86_64-linux-gnu/libgcc_s.so.1
76a90fc50000-76a90fc5e000 r--p 00000000 08:12 3934354                    /usr/lib/x86_64-linux-gnu/libm.so.6
76a90fc5e000-76a90fcda000 r-xp 0000e000 08:12 3934354                    /usr/lib/x86_64-linux-gnu/libm.so.6
76a90fcda000-76a90fd35000 r--p 0008a000 08:12 3934354                    /usr/lib/x86_64-linux-gnu/libm.so.6
76a90fd35000-76a90fd36000 r--p 000e4000 08:12 3934354                    /usr/lib/x86_64-linux-gnu/libm.so.6
76a90fd36000-76a90fd37000 rw-p 000e5000 08:12 3934354                    /usr/lib/x86_64-linux-gnu/libm.so.6
76a90fd37000-76a90fd3a000 rw-p 00000000 00:00 0 
76a90fd3a000-76a90fd3c000 r--p 00000000 08:12 3937427                    /usr/lib/jvm/java-17-openjdk-amd64/lib/libjli.so
76a90fd3c000-76a90fd46000 r-xp 00002000 08:12 3937427                    /usr/lib/jvm/java-17-openjdk-amd64/lib/libjli.so
76a90fd46000-76a90fd49000 r--p 0000c000 08:12 3937427                    /usr/lib/jvm/java-17-openjdk-amd64/lib/libjli.so
76a90fd49000-76a90fd4a000 r--p 0000e000 08:12 3937427                    /usr/lib/jvm/java-17-openjdk-amd64/lib/libjli.so
76a90fd4a000-76a90fd4b000 rw-p 0000f000 08:12 3937427                    /usr/lib/jvm/java-17-openjdk-amd64/lib/libjli.so
76a90fd4b000-76a90fd4d000 r--p 00000000 08:12 3961165                    /usr/lib/x86_64-linux-gnu/libz.so.1.2.11
76a90fd4d000-76a90fd5e000 r-xp 00002000 08:12 3961165                    /usr/lib/x86_64-linux-gnu/libz.so.1.2.11
76a90fd5e000-76a90fd64000 r--p 00013000 08:12 3961165                    /usr/lib/x86_64-linux-gnu/libz.so.1.2.11
76a90fd64000-76a90fd65000 ---p 00019000 08:12 3961165                    /usr/lib/x86_64-linux-gnu/libz.so.1.2.11
76a90fd65000-76a90fd66000 r--p 00019000 08:12 3961165                    /usr/lib/x86_64-linux-gnu/libz.so.1.2.11
76a90fd66000-76a90fd67000 rw-p 0001a000 08:12 3961165                    /usr/lib/x86_64-linux-gnu/libz.so.1.2.11
76a90fd68000-76a90fd70000 rw-s 00000000 08:12 5139758                    /tmp/hsperfdata_martin/270151
76a90fd70000-76a90fd71000 ---p 00000000 00:00 0 
76a90fd71000-76a90fd72000 r--p 00000000 00:00 0 
76a90fd72000-76a90fd74000 r--p 00000000 08:12 3937426                    /usr/lib/jvm/java-17-openjdk-amd64/lib/libjimage.so
76a90fd74000-76a90fd77000 r-xp 00002000 08:12 3937426                    /usr/lib/jvm/java-17-openjdk-amd64/lib/libjimage.so
76a90fd77000-76a90fd78000 r--p 00005000 08:12 3937426                    /usr/lib/jvm/java-17-openjdk-amd64/lib/libjimage.so
76a90fd78000-76a90fd79000 ---p 00006000 08:12 3937426                    /usr/lib/jvm/java-17-openjdk-amd64/lib/libjimage.so
76a90fd79000-76a90fd7a000 r--p 00006000 08:12 3937426                    /usr/lib/jvm/java-17-openjdk-amd64/lib/libjimage.so
76a90fd7a000-76a90fd7b000 rw-p 00007000 08:12 3937426                    /usr/lib/jvm/java-17-openjdk-amd64/lib/libjimage.so
76a90fd7b000-76a90fd7d000 rw-p 00000000 00:00 0 
76a90fd7d000-76a90fd7f000 r--p 00000000 08:12 3934304                    /usr/lib/x86_64-linux-gnu/ld-linux-x86-64.so.2
76a90fd7f000-76a90fda9000 r-xp 00002000 08:12 3934304                    /usr/lib/x86_64-linux-gnu/ld-linux-x86-64.so.2
76a90fda9000-76a90fdb4000 r--p 0002c000 08:12 3934304                    /usr/lib/x86_64-linux-gnu/ld-linux-x86-64.so.2
76a90fdb4000-76a90fdb5000 ---p 00000000 00:00 0 
76a90fdb5000-76a90fdb7000 r--p 00037000 08:12 3934304                    /usr/lib/x86_64-linux-gnu/ld-linux-x86-64.so.2
76a90fdb7000-76a90fdb9000 rw-p 00039000 08:12 3934304                    /usr/lib/x86_64-linux-gnu/ld-linux-x86-64.so.2
7ffdab12b000-7ffdab150000 rw-p 00000000 00:00 0                          [stack]
7ffdab1d7000-7ffdab1db000 r--p 00000000 00:00 0                          [vvar]
7ffdab1db000-7ffdab1dd000 r-xp 00000000 00:00 0                          [vdso]
ffffffffff600000-ffffffffff601000 --xp 00000000 00:00 0                  [vsyscall]


VM Arguments:
jvm_args: -XX:+ShowCodeDetailsInExceptionMessages -agentlib:jdwp=transport=dt_socket,suspend=y,address=localhost:35847 -Djava.library.path=/home/martin/sources/za.co.ntier.twilio/src/za/ntier/mesibo/linux-x86_64 -javaagent:/home/martin/Software/eclipse-jee-2023-12-R-linux-gtk-x86_64/eclipse/configuration/org.eclipse.osgi/428/0/.cp/lib/javaagent-shaded.jar -Dfile.encoding=UTF-8 -Dstdout.encoding=UTF-8 -Dstderr.encoding=UTF-8 
java_command: za.ntier.mesibo.MesiboExample
java_class_path (initial): /home/martin/sources/za.co.ntier.twilio/lib/javacpp.jar:/home/martin/sources/za.co.ntier.twilio/lib/gson.jar:/home/martin/sources/idempiere/.metadata/.plugins/org.eclipse.pde.core/.bundle_pool/plugins/org.osgi.annotation.versioning_1.1.2.202109301733.jar:/home/martin/sources/idempiere/.metadata/.plugins/org.eclipse.pde.core/.bundle_pool/plugins/org.osgi.annotation.bundle_2.0.0.202202082230.jar:/home/martin/sources/idempiere/.metadata/.plugins/org.eclipse.pde.core/.bundle_pool/plugins/org.osgi.service.component.annotations_1.5.1.202212101352.jar:/home/martin/sources/idempiere/.metadata/.plugins/org.eclipse.pde.core/.bundle_pool/plugins/org.osgi.service.metatype.annotations_1.4.1.202109301733.jar:/home/martin/sources/idempiere/.metadata/.plugins/org.eclipse.pde.core/.bundle_pool/plugins/org.eclipse.equinox.app_1.6.200.v20220720-2012.jar:/home/martin/.m2/repository/org/passay/passay/1.6.1/passay-1.6.1.jar:/home/martin/.m2/repository/org/cryptacular/cryptacular/1.2.4/cryptacular-1.2.4.jar:/home/martin/.m2/repository/net/sf/supercsv/super-csv/2.4.0/super-csv-2.4.0.jar:/home/martin/.m2/repository/org/bouncycastle/bcprov-jdk18on/1.72/bcprov-jdk18on-1.72.jar:/home/martin/sources/idempiere/.metadata/.plugins/org.eclipse.pde.core/.bundle_pool/plugins/org.krysalis.barcode4j_2.1.0.jar:/home/martin/.m2/repository/org/codehaus/groovy/groovy/3.0.8/groovy-3.0.8.jar:/home/martin/.m2/repository/org/codehaus/groovy/groovy-console/3.0.8/groovy-console-3.0.8.jar:/home/martin/.m2/repository/org/codehaus/groovy/groovy-datetime/3.0.8/groovy-datetime-3.0.8.jar:/home/martin/.m2/repository/org/codehaus/groovy/groovy-json/3.0.8/groovy-json-3.0.8.jar:/home/martin/.m2/repository/org/codehaus/groovy/groovy-jsr223/3.0.8/groovy-jsr223-3.0.8.jar:/home/martin/.m2/repository/org/codehaus/groovy/groovy-nio/3.0.8/groovy-nio-3.0.8.jar:/home/martin/.m2/repository/org/codehaus/groovy/groovy-sql/3.0.8/groovy-sql-3.0.8.jar:/home/martin/.m2/repository/org/codehaus/groovy/groovy-xm
Launcher Type: SUN_STANDARD

[Global flags]
     intx CICompilerCount                          = 4                                         {product} {ergonomic}
     uint ConcGCThreads                            = 2                                         {product} {ergonomic}
     uint G1ConcRefinementThreads                  = 8                                         {product} {ergonomic}
   size_t G1HeapRegionSize                         = 4194304                                   {product} {ergonomic}
    uintx GCDrainStackTargetSize                   = 64                                        {product} {ergonomic}
   size_t InitialHeapSize                          = 327155712                                 {product} {ergonomic}
   size_t MarkStackSize                            = 4194304                                   {product} {ergonomic}
   size_t MaxHeapSize                              = 5205131264                                {product} {ergonomic}
   size_t MaxNewSize                               = 3120562176                                {product} {ergonomic}
   size_t MinHeapDeltaBytes                        = 4194304                                   {product} {ergonomic}
   size_t MinHeapSize                              = 8388608                                   {product} {ergonomic}
    uintx NonNMethodCodeHeapSize                   = 5839372                                {pd product} {ergonomic}
    uintx NonProfiledCodeHeapSize                  = 122909434                              {pd product} {ergonomic}
    uintx ProfiledCodeHeapSize                     = 122909434                              {pd product} {ergonomic}
    uintx ReservedCodeCacheSize                    = 251658240                              {pd product} {ergonomic}
     bool SegmentedCodeCache                       = true                                      {product} {ergonomic}
     bool ShowCodeDetailsInExceptionMessages       = true                                   {manageable} {command line}
   size_t SoftMaxHeapSize                          = 5205131264                             {manageable} {ergonomic}
     bool UseCompressedClassPointers               = true                           {product lp64_product} {ergonomic}
     bool UseCompressedOops                        = true                           {product lp64_product} {ergonomic}
     bool UseG1GC                                  = true                                      {product} {ergonomic}

Logging:
Log output configuration:
 #0: stdout all=warning uptime,level,tags
 #1: stderr all=off uptime,level,tags

Environment Variables:
JAVA_HOME=/usr/lib/jvm/java-1.17.0-openjdk-amd64
PATH=/home/martin/.local/bin:/opt/maven/bin:/usr/local/sbin:/usr/local/bin:/usr/sbin:/usr/bin:/sbin:/bin:/usr/games:/usr/local/games:/snap/bin:/snap/bin
USERNAME=martin
SHELL=/bin/bash
DISPLAY=:1
LANG=en_ZA.UTF-8
TERM=xterm-256color

Active Locale:
LC_ALL=en_ZA.UTF-8
LC_COLLATE=en_ZA.UTF-8
LC_CTYPE=en_ZA.UTF-8
LC_MESSAGES=en_ZA.UTF-8
LC_MONETARY=en_ZA.UTF-8
LC_NUMERIC=en_ZA.UTF-8
LC_TIME=en_ZA.UTF-8

Signal Handlers:
   SIGSEGV: crash_handler in libjvm.so, mask=11100100010111111101111111111110, flags=SA_RESTART|SA_SIGINFO, unblocked
    SIGBUS: crash_handler in libjvm.so, mask=11100100010111111101111111111110, flags=SA_RESTART|SA_SIGINFO, unblocked
    SIGFPE: crash_handler in libjvm.so, mask=11100100010111111101111111111110, flags=SA_RESTART|SA_SIGINFO, unblocked
   SIGPIPE: 0x000076a8ddcac51c in libmesibo.so+705820, mask=00000000000000000000000000000000, flags=none, blocked
  *** Handler was modified!
  *** Expected: javaSignalHandler in libjvm.so, mask=11100100110111111111111111111110, flags=SA_RESTART|SA_SIGINFO
   SIGXFSZ: javaSignalHandler in libjvm.so, mask=11100100010111111101111111111110, flags=SA_RESTART|SA_SIGINFO, blocked
    SIGILL: crash_handler in libjvm.so, mask=11100100010111111101111111111110, flags=SA_RESTART|SA_SIGINFO, unblocked
   SIGUSR2: 0x000076a8ddcac51c in libmesibo.so+705820, mask=00000000000000000000000000000000, flags=none, blocked
  *** Handler was modified!
  *** Expected: SR_handler in libjvm.so, mask=00100000000000000000000000000000, flags=SA_RESTART|SA_SIGINFO
    SIGHUP: UserHandler in libjvm.so, mask=11100100010111111101111111111110, flags=SA_RESTART|SA_SIGINFO, blocked
    SIGINT: UserHandler in libjvm.so, mask=11100100010111111101111111111110, flags=SA_RESTART|SA_SIGINFO, blocked
   SIGTERM: UserHandler in libjvm.so, mask=11100100010111111101111111111110, flags=SA_RESTART|SA_SIGINFO, blocked
   SIGQUIT: UserHandler in libjvm.so, mask=11100100010111111101111111111110, flags=SA_RESTART|SA_SIGINFO, blocked
   SIGTRAP: crash_handler in libjvm.so, mask=11100100010111111101111111111110, flags=SA_RESTART|SA_SIGINFO, unblocked


Periodic native trim disabled


---------------  S Y S T E M  ---------------

OS:
DISTRIB_ID=Ubuntu
DISTRIB_RELEASE=22.04
DISTRIB_CODENAME=jammy
DISTRIB_DESCRIPTION="Ubuntu 22.04.4 LTS"
uname: Linux 6.8.0-48-generic #48~22.04.1-Ubuntu SMP PREEMPT_DYNAMIC Mon Oct  7 11:24:13 UTC 2 x86_64
OS uptime: 1 days 20:02 hours
libc: glibc 2.35 NPTL 2.35 
rlimit (soft/hard): STACK 8192k/infinity , CORE 0k/infinity , NPROC 79103/79103 , NOFILE 1048576/1048576 , AS infinity/infinity , CPU infinity/infinity , DATA infinity/infinity , FSIZE infinity/infinity , MEMLOCK 2541040k/2541040k
load average: 3.71 3.20 2.37

/proc/meminfo:
MemTotal:       20328344 kB
MemFree:         1428340 kB
MemAvailable:    6236452 kB
Buffers:          570912 kB
Cached:          6078136 kB
SwapCached:            0 kB
Active:         12199628 kB
Inactive:        3733224 kB
Active(anon):    9882032 kB
Inactive(anon):  1352352 kB
Active(file):    2317596 kB
Inactive(file):  2380872 kB
Unevictable:     1701776 kB
Mlocked:              80 kB
SwapTotal:             0 kB
SwapFree:              0 kB
Zswap:                 0 kB
Zswapped:              0 kB
Dirty:             10336 kB
Writeback:             0 kB
AnonPages:      10985856 kB
Mapped:          1279216 kB
Shmem:           1950576 kB
KReclaimable:     479764 kB
Slab:             813224 kB
SReclaimable:     479764 kB
SUnreclaim:       333460 kB
KernelStack:       34768 kB
PageTables:       119572 kB
SecPageTables:         0 kB
NFS_Unstable:          0 kB
Bounce:                0 kB
WritebackTmp:          0 kB
CommitLimit:    10164172 kB
Committed_AS:   43348744 kB
VmallocTotal:   34359738367 kB
VmallocUsed:      134772 kB
VmallocChunk:          0 kB
Percpu:            12320 kB
HardwareCorrupted:     0 kB
AnonHugePages:         0 kB
ShmemHugePages:  1464320 kB
ShmemPmdMapped:        0 kB
FileHugePages:         0 kB
FilePmdMapped:         0 kB
Unaccepted:            0 kB
HugePages_Total:       0
HugePages_Free:        0
HugePages_Rsvd:        0
HugePages_Surp:        0
Hugepagesize:       2048 kB
Hugetlb:               0 kB
DirectMap4k:      722596 kB
DirectMap2M:    17999872 kB
DirectMap1G:     2097152 kB

/sys/kernel/mm/transparent_hugepage/enabled: always [madvise] never
/sys/kernel/mm/transparent_hugepage/hpage_pmd_size: 2097152
/sys/kernel/mm/transparent_hugepage/defrag (defrag/compaction efforts parameter): always defer defer+madvise [madvise] never

Process Memory:
Virtual Size: 8933964K (peak: 8933964K)
Resident Set Size: 95976K (peak: 95976K) (anon: 70568K, file: 25408K, shmem: 0K)
Swapped out: 0K
C-Heap outstanding allocations: 38484K, retained: 6399K
glibc malloc tunables: (default)

/proc/sys/kernel/threads-max (system-wide limit on the number of threads): 158207
/proc/sys/vm/max_map_count (maximum number of memory map areas a process may have): 65530
/proc/sys/vm/swappiness (control to define how aggressively the kernel swaps out anonymous memory): 60
/proc/sys/kernel/pid_max (system-wide limit on number of process identifiers): 4194304

container (cgroup) information:
container_type: cgroupv2
cpu_cpuset_cpus: not supported
cpu_memory_nodes: not supported
active_processor_count: 8
cpu_quota: not supported
cpu_period: not supported
cpu_shares: not supported
memory_limit_in_bytes: unlimited
memory_and_swap_limit_in_bytes: unlimited
memory_soft_limit_in_bytes: unlimited
memory_usage_in_bytes: 2692032 k
memory_max_usage_in_bytes: not supported
memory_swap_current_in_bytes: unlimited
memory_swap_max_limit_in_bytes: unlimited
maximum number of tasks: 23731
current number of tasks: 206

Steal ticks since vm start: 0
Steal ticks percentage since vm start:  0.000

CPU: total 8 (initial active 8) (4 cores per cpu, 2 threads per core) family 6 model 142 stepping 11 microcode 0xf6, cx8, cmov, fxsr, ht, mmx, 3dnowpref, sse, sse2, sse3, ssse3, sse4.1, sse4.2, popcnt, lzcnt, tsc, tscinvbit, avx, avx2, aes, erms, clmul, bmi1, bmi2, adx, fma, vzeroupper, clflush, clflushopt
CPU Model and flags from /proc/cpuinfo:
model name	: Intel(R) Core(TM) i7-8565U CPU @ 1.80GHz
flags		: fpu vme de pse tsc msr pae mce cx8 apic sep mtrr pge mca cmov pat pse36 clflush dts acpi mmx fxsr sse sse2 ss ht tm pbe syscall nx pdpe1gb rdtscp lm constant_tsc art arch_perfmon pebs bts rep_good nopl xtopology nonstop_tsc cpuid aperfmperf pni pclmulqdq dtes64 monitor ds_cpl vmx est tm2 ssse3 sdbg fma cx16 xtpr pdcm pcid sse4_1 sse4_2 x2apic movbe popcnt tsc_deadline_timer aes xsave avx f16c rdrand lahf_lm abm 3dnowprefetch cpuid_fault epb ssbd ibrs ibpb stibp tpr_shadow flexpriority ept vpid ept_ad fsgsbase tsc_adjust bmi1 avx2 smep bmi2 erms invpcid mpx rdseed adx smap clflushopt intel_pt xsaveopt xsavec xgetbv1 xsaves dtherm ida arat pln pts hwp hwp_notify hwp_act_window hwp_epp vnmi md_clear flush_l1d arch_capabilities

Online cpus: 0-7
Offline cpus: 
BIOS frequency limitation: <Not Available>
Frequency switch latency (ns): 0
Available cpu frequencies: <Not Available>
Current governor: powersave
Core performance/turbo boost: <Not Available>

Memory: 4k page, physical 20328344k(1428340k free), swap 0k(0k free)
Page Sizes: 4k

vm_info: OpenJDK 64-Bit Server VM (17.0.12+7-Ubuntu-1ubuntu222.04) for linux-amd64 JRE (17.0.12+7-Ubuntu-1ubuntu222.04), built on Jul 21 2024 21:22:32 by "buildd" with gcc 11.4.0

END.
